1.000000,0.206000,2671.623744,739.215560,31.725808,-0.031235,-0.001800,-0.014538
1.000000,0.264000,2671.893701,738.927303,31.569673,-0.031496,-0.003194,-0.013731
1.000000,0.320000,2671.817754,738.755406,31.531641,-0.031545,-0.003193,-0.013301
1.000000,0.449000,2671.864944,739.186730,31.705067,-0.031238,-0.002244,-0.014403
1.000000,0.495000,2672.020956,738.951006,31.597083,-0.031700,-0.001878,-0.014738
1.000000,0.513000,2671.971297,738.811529,31.527285,-0.032408,-0.001571,-0.014189
1.000000,0.535000,2671.862615,739.145677,31.623037,-0.031804,-0.002012,-0.013897
1.000000,0.557000,2671.514501,738.943702,31.704150,-0.032225,-0.001929,-0.014678
1.000000,0.579000,2671.677710,739.272475,31.582462,-0.031555,-0.002689,-0.014102
1.000000,0.603000,2672.154289,739.051060,31.460479,-0.031924,-0.002148,-0.014133
1.000000,0.624000,2672.080135,739.039869,31.534742,-0.031171,-0.001599,-0.014382
1.000000,0.640000,2671.731715,739.148626,31.687319,-0.031364,-0.002310,-0.014301
1.000000,0.657000,2671.446624,739.062986,31.558769,-0.032598,-0.002280,-0.014201
1.000000,0.677000,2671.695863,738.855058,31.576357,-0.033161,-0.003143,-0.014154
1.000000,0.694000,2671.921981,738.831404,31.605313,-0.032602,-0.003619,-0.014582
1.000000,0.713000,2671.915055,739.153647,31.455918,-0.031642,-0.001693,-0.014191
1.000000,0.732000,2672.018155,739.039351,31.483038,-0.032193,-0.001347,-0.014167
1.000000,0.750000,2671.919998,739.064838,31.699126,-0.031959,-0.002585,-0.014355
1.000000,0.775000,2671.595434,739.276397,31.763436,-0.031379,-0.001121,-0.014407
1.000000,0.799000,2671.657228,739.146702,31.679424,-0.031336,-0.002642,-0.013943
1.000000,0.820000,2671.846892,739.035263,31.503842,-0.031843,-0.002445,-0.014152
1.000000,0.841000,2672.051304,739.119705,31.552875,-0.032112,-0.002116,-0.014419
1.000000,0.863000,2671.973314,739.033615,31.653718,-0.032192,-0.002388,-0.014594
1.000000,0.883000,2671.720466,738.941882,31.569822,-0.032549,-0.001845,-0.014373
1.000000,0.903000,2671.515121,739.323767,31.657015,-0.031660,-0.001584,-0.014112
1.000000,0.925000,2671.794628,739.104738,31.804337,-0.031466,-0.002087,-0.014221
1.000000,0.947000,2671.978090,739.104919,31.575862,-0.031351,-0.003020,-0.014429
1.000000,0.968000,2671.778181,738.901772,31.358678,-0.034087,-0.003454,-0.013749
1.000000,0.988000,2671.803479,738.848262,31.532624,-0.033997,-0.002475,-0.013977
1.000000,1.009000,2671.760280,738.754840,31.424492,-0.034666,-0.003311,-0.013785
1.000000,1.031000,2671.830984,738.387389,31.283500,-0.035297,-0.003789,-0.013979
1.000000,1.053000,2672.026826,738.283658,31.272207,-0.035784,-0.004543,-0.014393
1.000000,1.072000,2671.812502,739.257959,31.530101,-0.033013,-0.002326,-0.014118
1.000000,1.091000,2671.902910,739.043455,31.518351,-0.032310,-0.002613,-0.014624
1.000000,1.106000,2671.935409,738.738232,31.548486,-0.032355,-0.002678,-0.013879
1.000000,1.126000,2671.912837,739.046714,31.606962,-0.031920,-0.002672,-0.013639
1.000000,1.152000,2671.449836,739.306930,31.721038,-0.031170,-0.001927,-0.014450
1.000000,1.168000,2671.686131,739.180347,31.872432,-0.031969,-0.002022,-0.014650
1.000000,1.186000,2672.009806,738.925238,31.434712,-0.032292,-0.002801,-0.014519
1.000000,1.203000,2672.111527,738.924355,31.427403,-0.032294,-0.002613,-0.014287
1.000000,1.219000,2672.001897,739.060449,31.563381,-0.031626,-0.002119,-0.014001
1.000000,1.236000,2671.720946,739.037915,31.708437,-0.031735,-0.002293,-0.014392
1.000000,1.253000,2671.525432,739.198916,31.839737,-0.031576,-0.001900,-0.014292
1.000000,1.269000,2671.449644,739.285414,31.879465,-0.031229,-0.003100,-0.014503
1.000000,1.292000,2671.852618,739.180499,31.712777,-0.031058,-0.002883,-0.014210
1.000000,1.317000,2672.042929,739.079047,31.448652,-0.031157,-0.002108,-0.014265
1.000000,1.341000,2671.909879,739.067871,31.697942,-0.031758,-0.002549,-0.014350
1.000000,1.362000,2671.664330,739.140961,31.764033,-0.031765,-0.003119,-0.014732
1.000000,1.381000,2671.625679,738.917116,31.717746,-0.032205,-0.004056,-0.014739
1.000000,1.401000,2671.910128,738.625795,31.484789,-0.032890,-0.004297,-0.014712
1.000000,1.422000,2672.169327,738.514357,31.374490,-0.033418,-0.004448,-0.015091
1.000000,1.442000,2672.309165,738.323855,31.446202,-0.033518,-0.004977,-0.015623
1.000000,1.489000,2671.891307,738.360805,31.313784,-0.034029,-0.005912,-0.015379
1.000000,1.534000,2672.168777,738.238044,31.415839,-0.033993,-0.005144,-0.015440
1.000000,1.555000,2672.261892,738.232576,31.315399,-0.033920,-0.005514,-0.015314
1.000000,1.574000,2672.126260,738.224278,31.370346,-0.033905,-0.005458,-0.015530
1.000000,1.591000,2671.618980,739.292700,31.809700,-0.030598,-0.002018,-0.014633
1.000000,1.608000,2671.642705,739.187220,31.786315,-0.030593,-0.001937,-0.014369
1.000000,1.626000,2671.861974,739.141724,31.738877,-0.031260,-0.002450,-0.014180
1.000000,1.643000,2671.825394,739.055065,31.679691,-0.031264,-0.002701,-0.014190
1.000000,1.665000,2671.877447,739.247800,31.607258,-0.031401,-0.002713,-0.014604
1.000000,1.685000,2672.009023,738.917247,31.601609,-0.032085,-0.002787,-0.015076
1.000000,1.702000,2671.990472,738.775704,31.647177,-0.032177,-0.003128,-0.014849
1.000000,1.720000,2671.643377,739.301224,31.653061,-0.030798,-0.001924,-0.014125
1.000000,1.734000,2671.578864,739.183674,31.809142,-0.030957,-0.002550,-0.014316
1.000000,1.752000,2671.599659,739.116314,31.804705,-0.031261,-0.002646,-0.014575
1.000000,1.766000,2671.802914,739.115998,31.442792,-0.032967,-0.003259,-0.014285
1.000000,1.782000,2671.932803,739.026896,31.581981,-0.031799,-0.002930,-0.014719
1.000000,1.797000,2672.081329,738.914001,31.566344,-0.031968,-0.001971,-0.014416
1.000000,1.813000,2671.962336,738.938598,31.529426,-0.032142,-0.001629,-0.014269
1.000000,1.830000,2671.655476,739.200081,31.663725,-0.031773,-0.001698,-0.013931
1.000000,1.847000,2671.498383,739.240931,31.811215,-0.031443,-0.002002,-0.014494
1.000000,1.863000,2671.589680,739.167431,31.885605,-0.031659,-0.001799,-0.014360
1.000000,1.880000,2671.921184,739.110451,31.616215,-0.031572,-0.002429,-0.014259
1.000000,1.896000,2672.001251,739.085793,31.432553,-0.031676,-0.001755,-0.014236
1.000000,1.913000,2672.031941,739.038134,31.577026,-0.031583,-0.002058,-0.014360
1.000000,1.931000,2672.003853,739.000127,31.682046,-0.031939,-0.003255,-0.014463
1.000000,1.948000,2671.783496,738.940514,31.588547,-0.032104,-0.003270,-0.014812
1.000000,1.962000,2671.604613,739.250652,31.787192,-0.030832,-0.001903,-0.014234
1.000000,1.980000,2671.662393,739.177068,31.750109,-0.031090,-0.002746,-0.014034
1.000000,1.996000,2671.872135,739.154498,31.569704,-0.031541,-0.002891,-0.014281
1.000000,2.012000,2671.888727,739.126054,31.631922,-0.031387,-0.002359,-0.014578
1.000000,2.026000,2672.067124,739.086619,31.656145,-0.031456,-0.002497,-0.014512
1.000000,2.042000,2672.030933,739.053665,31.692147,-0.031605,-0.003064,-0.014443
1.000000,2.058000,2671.767912,738.915819,31.572070,-0.031831,-0.003222,-0.014649
1.000000,2.073000,2671.550821,739.271776,31.753952,-0.031086,-0.002801,-0.014196
1.000000,2.090000,2671.569358,739.264154,31.834864,-0.031300,-0.002644,-0.014239
1.000000,2.106000,2671.840251,739.185872,31.782014,-0.030861,-0.002649,-0.014539
1.000000,2.121000,2671.957369,739.120794,31.669417,-0.031291,-0.002363,-0.014457
1.000000,2.134000,2672.069057,739.074310,31.586727,-0.031195,-0.002591,-0.014310
1.000000,2.150000,2671.983468,739.051610,31.641832,-0.031304,-0.002880,-0.014295
1.000000,2.164000,2671.878936,739.058762,31.615190,-0.031161,-0.002137,-0.014347
1.000000,2.181000,2671.675430,739.281768,31.749071,-0.031084,-0.002021,-0.014518
1.000000,2.199000,2671.656204,739.246555,31.851140,-0.030979,-0.002927,-0.014458
1.000000,2.212000,2671.710373,739.166697,31.830136,-0.030990,-0.002653,-0.014387
1.000000,2.228000,2671.902559,739.141316,31.619653,-0.031210,-0.002688,-0.014280
1.000000,2.242000,2671.886580,739.112121,31.585143,-0.031135,-0.002918,-0.014243
1.000000,2.258000,2671.957717,739.111942,31.519068,-0.031309,-0.002696,-0.014861
1.000000,2.277000,2671.999065,738.906125,31.642829,-0.031795,-0.002696,-0.015128
1.000000,2.294000,2671.951492,738.748040,31.639194,-0.032018,-0.003211,-0.014908
1.000000,2.314000,2671.731526,739.340621,31.671473,-0.030899,-0.001720,-0.014004
1.000000,2.330000,2671.621832,739.227582,31.755250,-0.030948,-0.002006,-0.014127
1.000000,2.343000,2671.673344,739.157848,31.742431,-0.031370,-0.002345,-0.014389
1.000000,2.359000,2671.902473,739.206277,31.678158,-0.031359,-0.003292,-0.014782
1.000000,2.374000,2672.040904,739.012714,31.574952,-0.031256,-0.002687,-0.014873
1.000000,2.390000,2672.142050,739.006589,31.496003,-0.031584,-0.002177,-0.014659
1.000000,2.405000,2671.871946,739.106953,31.567149,-0.031271,-0.002479,-0.014441
1.000000,2.421000,2671.782477,739.115961,31.599447,-0.031302,-0.002653,-0.014640
1.000000,2.436000,2671.600202,739.308606,31.742139,-0.031017,-0.002023,-0.014614
1.000000,2.451000,2671.604015,739.254080,31.832934,-0.031083,-0.002374,-0.014393
1.000000,2.468000,2671.903539,739.167387,31.692401,-0.031136,-0.002527,-0.014179
1.000000,2.483000,2671.963627,739.130106,31.593653,-0.031174,-0.002642,-0.014266
1.000000,2.498000,2672.054088,739.037625,31.475255,-0.031560,-0.002624,-0.014483
1.000000,2.548000,2671.838831,738.934951,31.637266,-0.032033,-0.003091,-0.015044
1.000000,2.562000,2671.593546,739.313073,31.794582,-0.030984,-0.002313,-0.014245
1.000000,2.579000,2671.780715,739.161140,31.702484,-0.031033,-0.002638,-0.014110
1.000000,2.592000,2671.844658,739.094150,31.622514,-0.031170,-0.002500,-0.014344
1.000000,2.609000,2671.963155,739.141782,31.617412,-0.031295,-0.002267,-0.014794
1.000000,2.624000,2672.030538,739.071782,31.704762,-0.031602,-0.002521,-0.014576
1.000000,2.641000,2671.959677,739.016489,31.669719,-0.031594,-0.003011,-0.014459
1.000000,2.654000,2671.720163,738.987311,31.551367,-0.031533,-0.003102,-0.014500
1.000000,2.668000,2671.698581,738.948345,31.544415,-0.032060,-0.003482,-0.014641
1.000000,2.683000,2671.811131,738.839819,31.533155,-0.032631,-0.003623,-0.014744
1.000000,2.699000,2672.008753,738.545165,31.511316,-0.032930,-0.003973,-0.015465
1.000000,2.713000,2672.119469,738.460230,31.485552,-0.033080,-0.004428,-0.015647
1.000000,2.729000,2672.233800,738.321664,31.325418,-0.033518,-0.004830,-0.015411
1.000000,2.747000,2672.144132,738.193030,31.279107,-0.033599,-0.005377,-0.015408
1.000000,2.766000,2672.023587,738.257402,31.295471,-0.034191,-0.005348,-0.015147
1.000000,2.785000,2671.967534,738.337381,31.409645,-0.033860,-0.005532,-0.015510
1.000000,2.806000,2672.018072,738.266407,31.398667,-0.033846,-0.005420,-0.015462
1.000000,2.825000,2672.164200,738.225541,31.315818,-0.033844,-0.005448,-0.015300
1.000000,2.840000,2672.179633,738.228230,31.251625,-0.034041,-0.005042,-0.015521
1.000000,2.856000,2672.133258,738.217366,31.308281,-0.033958,-0.004831,-0.015797
1.000000,2.872000,2672.172665,738.221101,31.457555,-0.033922,-0.005295,-0.015682
1.000000,2.888000,2672.088234,738.297518,31.354290,-0.034244,-0.005036,-0.015220
1.000000,2.904000,2671.998611,738.312026,31.260267,-0.034126,-0.005073,-0.015241
1.000000,2.919000,2671.970642,738.252926,31.344126,-0.034162,-0.004994,-0.015237
1.000000,2.933000,2672.022098,738.229613,31.340519,-0.033835,-0.005242,-0.015648
1.000000,2.950000,2672.157473,738.285451,31.376423,-0.033885,-0.005661,-0.015689
1.000000,2.965000,2672.224247,738.234493,31.344553,-0.034021,-0.005193,-0.015466
1.000000,2.982000,2672.267817,738.235859,31.331498,-0.034034,-0.005157,-0.015428
1.000000,2.998000,2672.105218,738.275634,31.330768,-0.033739,-0.005152,-0.015443
1.000000,3.016000,2671.964481,738.279869,31.315232,-0.033939,-0.005081,-0.015566
1.000000,3.034000,2671.952708,738.299944,31.360715,-0.033893,-0.004966,-0.015653
1.000000,3.049000,2672.048086,738.271054,31.419911,-0.034103,-0.005138,-0.015346
1.000000,3.064000,2672.141672,738.263822,31.311840,-0.033693,-0.005503,-0.015483
1.000000,3.082000,2672.165448,738.226287,31.286386,-0.033766,-0.005303,-0.015553
1.000000,3.097000,2672.197319,738.210705,31.353780,-0.033888,-0.005072,-0.015487
1.000000,3.113000,2672.162290,738.281075,31.379801,-0.033758,-0.005015,-0.015430
1.000000,3.128000,2671.983997,738.301897,31.361011,-0.033774,-0.004844,-0.015629
1.000000,3.143000,2671.978173,738.293832,31.368492,-0.033710,-0.004888,-0.015651
1.000000,3.159000,2672.007988,738.234240,31.337531,-0.034004,-0.005220,-0.015351
1.000000,3.174000,2672.032137,738.270699,31.298571,-0.033855,-0.005211,-0.015335
1.000000,3.188000,2672.136038,738.262810,31.304887,-0.033882,-0.005308,-0.015512
1.000000,3.204000,2672.186776,738.273259,31.371278,-0.033878,-0.004948,-0.015609
1.000000,3.221000,2672.203286,738.232815,31.405673,-0.033807,-0.005344,-0.015616
1.000000,3.240000,2672.051853,738.225617,31.326519,-0.033664,-0.005455,-0.015635
1.000000,3.256000,2671.950841,738.312414,31.279435,-0.033765,-0.005120,-0.015567
1.000000,3.271000,2671.979768,738.285687,31.351962,-0.033660,-0.005258,-0.015558
1.000000,3.285000,2672.088169,738.259529,31.431874,-0.033529,-0.005257,-0.015719
1.000000,3.301000,2672.128375,738.279242,31.395404,-0.033686,-0.005317,-0.015627
1.000000,3.317000,2672.190609,738.263520,31.339084,-0.033710,-0.005386,-0.015460
1.000000,3.330000,2672.215584,738.185913,31.319882,-0.033691,-0.005414,-0.015511
1.000000,3.347000,2672.093402,738.189975,31.293354,-0.033891,-0.005438,-0.015581
1.000000,3.363000,2672.021630,738.207880,31.316725,-0.034034,-0.005245,-0.015692
1.000000,3.379000,2672.006614,738.319293,31.381882,-0.033824,-0.005130,-0.015580
1.000000,3.396000,2672.069636,738.279848,31.358207,-0.033770,-0.005183,-0.015473
1.000000,3.411000,2672.084151,738.263974,31.360789,-0.033662,-0.005232,-0.015564
1.000000,3.427000,2672.154785,738.301024,31.324486,-0.033680,-0.005273,-0.015485
1.000000,3.445000,2672.153444,738.240495,31.278853,-0.033986,-0.005138,-0.015418
1.000000,3.463000,2672.100823,738.213527,31.379050,-0.033848,-0.005133,-0.015656
1.000000,3.480000,2672.080826,738.250529,31.390884,-0.033660,-0.005380,-0.015558
1.000000,3.498000,2672.028740,738.290401,31.336989,-0.033735,-0.005348,-0.015440
1.000000,3.515000,2672.008037,738.311246,31.323334,-0.033629,-0.005467,-0.015487
1.000000,3.533000,2672.068289,738.301687,31.363925,-0.033770,-0.005637,-0.015460
1.000000,3.550000,2672.147306,738.314250,31.396461,-0.033581,-0.005354,-0.015692
1.000000,3.563000,2672.139325,738.211266,31.353230,-0.033694,-0.005077,-0.015597
1.000000,3.578000,2672.167760,738.201464,31.331619,-0.033922,-0.005096,-0.015485
1.000000,3.594000,2672.056875,738.256186,31.298725,-0.033723,-0.005219,-0.015364
1.000000,3.612000,2671.674747,739.205269,31.675347,-0.031092,-0.001863,-0.014205
1.000000,3.625000,2671.737972,739.211718,31.782417,-0.031214,-0.001628,-0.014373
1.000000,3.641000,2671.767764,739.255479,31.775143,-0.031274,-0.002050,-0.014502
1.000000,3.658000,2671.857402,739.196938,31.664055,-0.031192,-0.002584,-0.014443
1.000000,3.673000,2671.896345,739.087935,31.565050,-0.031184,-0.002845,-0.014471
1.000000,3.688000,2671.986144,738.985643,31.550896,-0.031595,-0.002530,-0.014470
1.000000,3.703000,2671.925822,738.997021,31.531749,-0.031579,-0.002654,-0.014568
1.000000,3.717000,2671.829869,738.931896,31.547285,-0.032167,-0.003326,-0.014865
1.000000,3.732000,2671.700200,739.258405,31.758968,-0.030990,-0.002100,-0.014430
1.000000,3.746000,2671.724089,739.232638,31.682413,-0.031390,-0.002636,-0.014153
1.000000,3.759000,2671.780172,739.202242,31.678974,-0.030879,-0.002879,-0.014456
1.000000,3.775000,2671.899073,739.089769,31.585880,-0.031201,-0.002458,-0.014476
1.000000,3.793000,2671.946661,739.122586,31.552298,-0.031303,-0.002277,-0.014593
1.000000,3.811000,2671.932797,739.076780,31.639746,-0.031489,-0.002374,-0.014588
1.000000,3.827000,2671.859068,738.959756,31.621037,-0.031899,-0.002867,-0.014671
1.000000,3.843000,2671.819576,738.928438,31.534792,-0.032149,-0.003307,-0.014806
1.000000,3.860000,2671.697664,739.269483,31.671856,-0.030948,-0.001947,-0.014247
1.000000,3.878000,2671.818532,739.115212,31.674764,-0.031012,-0.002059,-0.014439
1.000000,3.893000,2671.890843,739.109828,31.659525,-0.031248,-0.002080,-0.014647
1.000000,3.912000,2671.936078,739.071365,31.562932,-0.031546,-0.002774,-0.014437
1.000000,3.931000,2671.923062,739.069878,31.578951,-0.031312,-0.002759,-0.014525
1.000000,3.949000,2671.836311,739.004433,31.627708,-0.031886,-0.003463,-0.014651
1.000000,3.970000,2671.890471,738.804910,31.523910,-0.032530,-0.003622,-0.014903
1.000000,3.990000,2671.982820,738.548374,31.415371,-0.033045,-0.004198,-0.015323
1.000000,4.010000,2672.089438,738.379105,31.376666,-0.033328,-0.004874,-0.015409
1.000000,4.028000,2672.155301,738.326387,31.339699,-0.033476,-0.005026,-0.015518
1.000000,4.050000,2672.069008,738.299764,31.364273,-0.033740,-0.005236,-0.015431
1.000000,4.071000,2672.062855,738.275109,31.384684,-0.033735,-0.005576,-0.015520
1.000000,4.090000,2672.065405,738.238271,31.373431,-0.033927,-0.005022,-0.015383
1.000000,4.110000,2672.076226,738.233992,31.277490,-0.033917,-0.004963,-0.015477
1.000000,4.128000,2672.152253,738.231605,31.330281,-0.034089,-0.005218,-0.015264
1.000000,4.149000,2672.133668,738.276359,31.411572,-0.033805,-0.005257,-0.015629
1.000000,4.170000,2672.087245,738.281042,31.326625,-0.033874,-0.005453,-0.015410
1.000000,4.192000,2672.049850,738.246459,31.311358,-0.033853,-0.005399,-0.015318
1.000000,4.211000,2672.040213,738.172675,31.295671,-0.034198,-0.005425,-0.015289
1.000000,4.227000,2672.118986,738.253085,31.389843,-0.033717,-0.005086,-0.015486
1.000000,4.243000,2672.108417,738.286425,31.380002,-0.033756,-0.004968,-0.015442
1.000000,4.258000,2672.088211,738.285265,31.357477,-0.033753,-0.005204,-0.015577
1.000000,4.273000,2672.137602,738.285047,31.389760,-0.033638,-0.005288,-0.015662
1.000000,4.286000,2672.129993,738.247891,31.354769,-0.033819,-0.005131,-0.015486
1.000000,4.302000,2672.075150,738.285071,31.347066,-0.033845,-0.005137,-0.015472
1.000000,4.315000,2672.032167,738.243289,31.369915,-0.033651,-0.005053,-0.015469
1.000000,4.332000,2672.070886,738.223606,31.380636,-0.033691,-0.005052,-0.015420
1.000000,4.349000,2672.092984,738.268146,31.345230,-0.033754,-0.005435,-0.015377
1.000000,4.362000,2672.099238,738.272346,31.341210,-0.033818,-0.005322,-0.015381
1.000000,4.378000,2672.117772,738.278820,31.345716,-0.033814,-0.005223,-0.015492
1.000000,4.393000,2672.130844,738.304470,31.372548,-0.033669,-0.005216,-0.015488
1.000000,4.410000,2672.093921,738.239931,31.355384,-0.033715,-0.005577,-0.015511
1.000000,4.424000,2672.042730,738.274607,31.330504,-0.033874,-0.004796,-0.015518
1.000000,4.440000,2672.041263,738.293653,31.343803,-0.033896,-0.004876,-0.015465
1.000000,4.454000,2672.073517,738.261643,31.347567,-0.034003,-0.005044,-0.015476
1.000000,4.470000,2672.085934,738.252133,31.356415,-0.033954,-0.005238,-0.015490
1.000000,4.485000,2672.128029,738.261040,31.328559,-0.033824,-0.005603,-0.015532
1.000000,4.501000,2672.138172,738.254355,31.375453,-0.033896,-0.005225,-0.015473
1.000000,4.515000,2672.116650,738.261257,31.352518,-0.033735,-0.005071,-0.015524
1.000000,4.529000,2672.099754,738.270908,31.314935,-0.033827,-0.004882,-0.015553
1.000000,4.544000,2672.040826,738.253801,31.314299,-0.034263,-0.004999,-0.015268
1.000000,4.558000,2672.055119,738.276193,31.375464,-0.033794,-0.005166,-0.015527
1.000000,4.572000,2672.048613,738.265165,31.371017,-0.034061,-0.005233,-0.015396
1.000000,4.585000,2672.105425,738.285417,31.375071,-0.033835,-0.005001,-0.015519
1.000000,4.601000,2672.126666,738.287139,31.369954,-0.033808,-0.004955,-0.015440
1.000000,4.620000,2672.132802,738.259435,31.316976,-0.033992,-0.005296,-0.015469
1.000000,4.635000,2672.096193,738.241991,31.371998,-0.033702,-0.005510,-0.015390
1.000000,4.649000,2672.033163,738.395346,31.456422,-0.033383,-0.005105,-0.014500
1.000000,4.665000,2671.844772,738.831508,31.657725,-0.031307,-0.003150,-0.012777
1.000000,4.682000,2671.694566,739.222071,31.711653,-0.031298,-0.002526,-0.014390
1.000000,4.697000,2671.716803,739.147549,31.683882,-0.031249,-0.002190,-0.014293
1.000000,4.713000,2671.755475,739.135319,31.698270,-0.031342,-0.002310,-0.014223
1.000000,4.729000,2671.778150,739.065143,31.658702,-0.031622,-0.002922,-0.014276
1.000000,4.748000,2671.689679,739.086782,31.665565,-0.031632,-0.002507,-0.014456
1.000000,4.767000,2671.661776,739.121111,31.733244,-0.031531,-0.002465,-0.014123
1.000000,4.791000,2671.632092,739.130025,31.747880,-0.031522,-0.002773,-0.014123
1.000000,4.808000,2671.685648,739.160904,31.704169,-0.031127,-0.002238,-0.014295
1.000000,4.871000,2671.714206,739.110623,31.677213,-0.031213,-0.002547,-0.014452
1.000000,4.885000,2671.685923,739.167175,31.732225,-0.031139,-0.002199,-0.014315
1.000000,4.900000,2671.699821,739.165121,31.790238,-0.031084,-0.002162,-0.014301
1.000000,4.913000,2671.699087,739.112547,31.772833,-0.031068,-0.002610,-0.014232
1.000000,4.928000,2671.723881,739.160918,31.621459,-0.031564,-0.002650,-0.014055
1.000000,4.942000,2671.741600,739.195662,31.693054,-0.031208,-0.002070,-0.014332
1.000000,4.959000,2671.772987,739.084040,31.679376,-0.031628,-0.002074,-0.014418
1.000000,4.975000,2671.765821,739.124448,31.661458,-0.031657,-0.002497,-0.014312
1.000000,4.991000,2671.732164,739.171849,31.715878,-0.031093,-0.002597,-0.014371
1.000000,5.004000,2671.691665,739.137328,31.652302,-0.031540,-0.002389,-0.014125
1.000000,5.020000,2671.696075,739.144494,31.663503,-0.031397,-0.002174,-0.014149
1.000000,5.036000,2671.738750,739.173006,31.727230,-0.031055,-0.002230,-0.014327
1.000000,5.054000,2671.746971,739.166832,31.746011,-0.031230,-0.002384,-0.014313
1.000000,5.067000,2671.802317,739.145895,31.677140,-0.031268,-0.002186,-0.014378
1.000000,5.084000,2671.791522,739.130318,31.662869,-0.031310,-0.002630,-0.014373
1.000000,5.100000,2671.755376,739.149738,31.699339,-0.031162,-0.002667,-0.014482
1.000000,5.120000,2671.748400,739.184501,31.683900,-0.031302,-0.002304,-0.014219
1.000000,5.135000,2671.724319,739.170261,31.718555,-0.031024,-0.002332,-0.014323
1.000000,5.150000,2671.719904,739.141454,31.722562,-0.031239,-0.002270,-0.014399
1.000000,5.165000,2671.725504,739.116013,31.657088,-0.031604,-0.002510,-0.014409
1.000000,5.181000,2671.716235,739.178929,31.694590,-0.031213,-0.001849,-0.014489
1.000000,5.196000,2671.772625,739.146789,31.682236,-0.031189,-0.002752,-0.014376
1.000000,5.212000,2671.812725,739.128472,31.677026,-0.031195,-0.002396,-0.014262
1.000000,5.229000,2671.748715,739.132904,31.699490,-0.030933,-0.002068,-0.014375
1.000000,5.243000,2671.690640,739.189478,31.713560,-0.030997,-0.002266,-0.014477
1.000000,5.257000,2671.648070,739.189826,31.719450,-0.031132,-0.002277,-0.014586
1.000000,5.272000,2671.681567,739.174367,31.725745,-0.030978,-0.002053,-0.014523
1.000000,5.289000,2671.735222,739.118085,31.675415,-0.031227,-0.001984,-0.014348
1.000000,5.307000,2671.786730,739.125679,31.657391,-0.031119,-0.002535,-0.014485
1.000000,5.325000,2671.787419,739.151543,31.668828,-0.031231,-0.002289,-0.014511
1.000000,5.343000,2671.721341,739.160187,31.743960,-0.031292,-0.002336,-0.014422
1.000000,5.360000,2671.667040,739.164842,31.744590,-0.031195,-0.002292,-0.014371
1.000000,5.373000,2671.655663,739.158190,31.713495,-0.031099,-0.002319,-0.014429
1.000000,5.389000,2671.659178,739.113105,31.713607,-0.031260,-0.002623,-0.014537
1.000000,5.404000,2671.716329,739.099054,31.731565,-0.031355,-0.002630,-0.014604
1.000000,5.420000,2671.794729,739.132300,31.681889,-0.031296,-0.002290,-0.014307
1.000000,5.434000,2671.744978,739.193929,31.677617,-0.031146,-0.001632,-0.014098
1.000000,5.451000,2671.735156,739.143368,31.689264,-0.030047,-0.001061,-0.014154
1.000000,5.464000,2671.793607,738.958373,31.727719,-0.030188,-0.002258,-0.014601
1.000000,5.481000,2671.789408,738.969919,31.676693,-0.030145,-0.001433,-0.014508
1.000000,5.497000,2671.716959,739.021975,31.662373,-0.029346,-0.000685,-0.014393
1.000000,5.511000,2671.730109,739.029537,31.671476,-0.029793,-0.001496,-0.014402
1.000000,5.524000,2671.893527,739.015800,31.633103,-0.029158,-0.000958,-0.014235
1.000000,5.540000,2671.951902,738.983993,31.634314,-0.029024,-0.000730,-0.014383
1.000000,5.561000,2671.932133,738.984517,31.631673,-0.029521,-0.001247,-0.014967
1.000000,5.578000,2671.874818,739.081099,31.666514,-0.029555,-0.000751,-0.013984
1.000000,5.593000,2671.867990,739.092837,31.673997,-0.029880,-0.000584,-0.013589
1.000000,5.609000,2671.831437,739.058656,31.624589,-0.029724,-0.000816,-0.014053
1.000000,5.623000,2671.879764,739.030000,31.665338,-0.030036,-0.001382,-0.014154
1.000000,5.640000,2671.920850,739.101537,31.691775,-0.030020,-0.001076,-0.013558
1.000000,5.655000,2671.991909,739.248606,31.675493,-0.030675,-0.000713,-0.012617
1.000000,5.670000,2671.958532,739.268457,31.654472,-0.030859,-0.001100,-0.012720
1.000000,5.686000,2671.945222,739.288770,31.732315,-0.030533,-0.000722,-0.012416
1.000000,5.701000,2671.925972,739.287459,31.696419,-0.030401,-0.000885,-0.012427
1.000000,5.720000,2671.878151,739.228692,31.672172,-0.030779,-0.000872,-0.013198
1.000000,5.735000,2671.867838,739.171491,31.675550,-0.030562,-0.000934,-0.013641
1.000000,5.751000,2671.880952,739.183346,31.698316,-0.030784,-0.001298,-0.013590
1.000000,5.765000,2671.950539,739.289110,31.667626,-0.030548,-0.000702,-0.012852
1.000000,5.781000,2672.004387,739.317780,31.688515,-0.030748,-0.000815,-0.012474
1.000000,5.794000,2672.051337,739.289749,31.718252,-0.031049,-0.000730,-0.012466
1.000000,5.809000,2671.970820,739.158862,31.686777,-0.030532,-0.000797,-0.013082
1.000000,5.824000,2671.820979,739.193772,31.648851,-0.030864,-0.001305,-0.013827
1.000000,5.840000,2671.789100,739.221330,31.690864,-0.030818,-0.001276,-0.013950
1.000000,5.855000,2671.833212,739.232344,31.803264,-0.031010,-0.001302,-0.014164
1.000000,5.870000,2671.828185,739.216653,31.750753,-0.030895,-0.001412,-0.014307
1.000000,5.884000,2671.840219,739.126097,31.632936,-0.030734,-0.001540,-0.014624
1.000000,5.899000,2671.875437,739.108716,31.645481,-0.030834,-0.001711,-0.014631
1.000000,5.914000,2671.901656,739.146443,31.726333,-0.031211,-0.001579,-0.014484
1.000000,5.930000,2671.818324,739.172649,31.730098,-0.031174,-0.001776,-0.014492
1.000000,5.943000,2671.728367,739.205803,31.695867,-0.030875,-0.002028,-0.014616
1.000000,5.958000,2671.740316,739.190270,31.713938,-0.030727,-0.002084,-0.014585
1.000000,5.972000,2671.748053,739.166071,31.772587,-0.030907,-0.001788,-0.014519
1.000000,5.986000,2671.787195,739.242384,31.734325,-0.031117,-0.001839,-0.014018
1.000000,6.001000,2671.813697,739.292984,31.636566,-0.031393,-0.001766,-0.013655
1.000000,6.019000,2671.919931,739.319567,31.675688,-0.031681,-0.002330,-0.013038
1.000000,6.035000,2671.929049,739.229311,31.742164,-0.031544,-0.001750,-0.013045
1.000000,6.050000,2671.893964,739.252027,31.697582,-0.031070,-0.001421,-0.013056
1.000000,6.066000,2671.839207,739.344867,31.678871,-0.030127,-0.001038,-0.012279
1.000000,6.080000,2671.861556,739.398897,31.727601,-0.030149,-0.000940,-0.011330
1.000000,6.096000,2672.028122,739.388454,31.727357,-0.030232,-0.000589,-0.010131
1.000000,6.114000,2672.090457,739.361775,31.670192,-0.030263,-0.000431,-0.009511
1.000000,6.136000,2672.136386,739.421701,31.639612,-0.029728,-0.000403,-0.008764
1.000000,6.154000,2672.083366,739.408356,31.703753,-0.029782,-0.000451,-0.008904
1.000000,6.174000,2671.972784,739.394930,31.738698,-0.030248,-0.000649,-0.009506
1.000000,6.193000,2671.918536,739.372625,31.751924,-0.030463,-0.001117,-0.009639
1.000000,6.209000,2671.888078,739.332982,31.716686,-0.030220,-0.000928,-0.009677
1.000000,6.225000,2672.007790,739.341805,31.697895,-0.030069,-0.000507,-0.008930
1.000000,6.242000,2672.049712,739.374386,31.706924,-0.029786,-0.000765,-0.008460
1.000000,6.259000,2671.990124,739.383015,31.700076,-0.029954,-0.000482,-0.008174
1.000000,6.274000,2671.811025,739.372934,31.721681,-0.029968,-0.001501,-0.008613
1.000000,6.290000,2671.721578,739.397736,31.769363,-0.029941,-0.001439,-0.009284
1.000000,6.306000,2671.529102,739.398012,31.741601,-0.030249,-0.000243,-0.010857
1.000000,6.322000,2671.464515,739.359997,31.649938,-0.030913,-0.000145,-0.011589
1.000000,6.337000,2671.391049,739.302603,31.705047,-0.030414,-0.000900,-0.012332
1.000000,6.352000,2671.370192,739.290816,31.692325,-0.031079,-0.001557,-0.012581
1.000000,6.367000,2671.288157,739.420488,31.690461,-0.031937,-0.001207,-0.013288
1.000000,6.382000,2671.249485,739.417885,31.669317,-0.032422,-0.001415,-0.013645
1.000000,6.398000,2671.208569,739.400788,31.643463,-0.032417,-0.001358,-0.013720
1.000000,6.412000,2671.224484,739.404965,31.690946,-0.032082,-0.002008,-0.013008
1.000000,6.428000,2671.379558,739.470952,31.748225,-0.031727,-0.001459,-0.011673
1.000000,6.441000,2671.370985,739.500053,31.751761,-0.031745,-0.001567,-0.011914
1.000000,6.456000,2671.250307,739.466529,31.674838,-0.032564,-0.001751,-0.012960
1.000000,6.472000,2671.221272,739.407011,31.693710,-0.032273,-0.001785,-0.013332
1.000000,6.490000,2671.308295,739.524435,31.717648,-0.032029,-0.002139,-0.012526
1.000000,6.504000,2671.612750,739.614291,31.690751,-0.032040,-0.001436,-0.010346
1.000000,6.521000,2671.759749,739.559718,31.753138,-0.031960,-0.001808,-0.009296
1.000000,6.537000,2671.990837,739.549910,31.906502,-0.030405,-0.001604,-0.007454
1.000000,6.553000,2672.039070,739.622120,31.857764,-0.030696,-0.000579,-0.006414
1.000000,6.568000,2671.900902,739.877493,31.723523,-0.032438,-0.001772,-0.004519
1.000000,6.584000,2671.773614,740.261185,31.822199,-0.034267,-0.003514,-0.002493
1.000000,6.602000,2671.772426,740.527991,31.925648,-0.035547,-0.004673,-0.000959
1.000000,6.619000,2671.644172,740.878431,31.874911,-0.037355,-0.005389,0.001702
1.000000,6.633000,2671.559847,741.047564,31.921195,-0.037530,-0.005603,0.002410
1.000000,6.649000,2671.534447,741.156708,32.169805,-0.038613,-0.007955,0.002667
1.000000,6.665000,2671.662317,741.270862,32.315077,-0.042620,-0.010830,0.000663
1.000000,6.683000,2671.769274,741.309111,32.465824,-0.044697,-0.013109,-0.000887
1.000000,6.700000,2672.084623,741.418642,32.784454,-0.048960,-0.019603,-0.004309
1.000000,6.716000,2672.725096,741.814500,33.183729,-0.053351,-0.022888,-0.010700
1.000000,6.734000,2673.115439,742.125663,33.337149,-0.055732,-0.025115,-0.015334
1.000000,6.799000,2674.151571,742.455966,35.012251,-0.063918,-0.040309,-0.020434
1.000000,6.814000,2674.042712,741.979662,35.736481,-0.062500,-0.046866,-0.019569
1.000000,6.829000,2673.858937,741.636455,36.056661,-0.060887,-0.051881,-0.018438
1.000000,6.844000,2673.593386,741.177614,36.364923,-0.058267,-0.056387,-0.016668
1.000000,6.858000,2672.845682,739.948583,37.281994,-0.052442,-0.064079,-0.011413
1.000000,6.872000,2672.374955,739.259913,37.792002,-0.050596,-0.069349,-0.007698
1.000000,6.887000,2671.477966,737.883252,38.851262,-0.045794,-0.080707,-0.000311
1.000000,6.901000,2671.094312,737.267430,39.532520,-0.043418,-0.085871,0.002443
1.000000,6.916000,2670.681557,735.753421,41.100488,-0.035514,-0.096619,0.005227
1.000000,6.931000,2670.494145,735.112891,41.896999,-0.032786,-0.102819,0.006962
1.000000,6.943000,2670.244445,734.592002,42.827834,-0.030605,-0.106852,0.008236
1.000000,6.959000,2669.592613,733.432146,44.855605,-0.027324,-0.113640,0.010080
1.000000,6.974000,2668.844018,731.730999,47.666378,-0.024913,-0.112047,0.016018
1.000000,6.989000,2668.765708,730.849381,49.398871,-0.024899,-0.109386,0.015426
1.000000,7.002000,2668.546437,730.020250,51.153319,-0.024599,-0.108568,0.015893
1.000000,7.027000,2667.972808,727.990070,57.721024,-0.024421,-0.100997,0.013794
1.000000,7.041000,2667.759236,727.433612,60.145563,-0.027098,-0.098306,0.013135
1.000000,7.056000,2667.347758,726.150961,65.566628,-0.036003,-0.090007,0.012651
1.000000,7.070000,2667.108585,725.537800,68.617452,-0.037162,-0.086159,0.013531
1.000000,7.084000,2666.762699,724.238014,75.114791,-0.039979,-0.077365,0.016758
1.000000,7.100000,2666.543481,723.732653,78.639196,-0.041829,-0.074910,0.019361
1.000000,7.116000,2665.873894,722.685718,86.178719,-0.040159,-0.070614,0.025742
1.000000,7.131000,2665.489878,722.051465,89.983712,-0.037853,-0.071761,0.030038
1.000000,7.144000,2664.647098,720.418927,98.043345,-0.035157,-0.083252,0.035934
1.000000,7.158000,2664.150385,719.560477,102.434634,-0.031339,-0.091113,0.040049
1.000000,7.173000,2663.610567,718.658648,106.962704,-0.026995,-0.099907,0.043327
1.000000,7.188000,2662.361149,716.824852,116.262286,-0.010224,-0.126338,0.049816
1.000000,7.203000,2661.589971,715.652195,121.202694,-0.005159,-0.136905,0.052607
1.000000,7.219000,2660.064762,712.428818,132.331215,-0.001662,-0.141756,0.059095
1.000000,7.234000,2659.341325,710.825987,138.272010,0.003584,-0.149632,0.064457
1.000000,7.251000,2657.792545,707.175849,151.068890,0.009808,-0.162691,0.068886
1.000000,7.267000,2656.574035,703.462816,164.557554,0.006352,-0.166687,0.064600
1.000000,7.285000,2655.696148,701.387966,171.890769,0.006246,-0.167423,0.064832
1.000000,7.301000,2654.049822,697.081804,187.524764,0.003967,-0.163612,0.063828
1.000000,7.315000,2652.687732,691.949710,204.211126,0.002613,-0.155912,0.068033
1.000000,7.331000,2652.094723,689.595071,213.067566,0.002781,-0.151696,0.070058
1.000000,7.347000,2650.889457,684.431260,231.023679,0.000817,-0.139985,0.072364
1.000000,7.361000,2650.127982,681.861003,240.477801,-0.004003,-0.140934,0.070757
1.000000,7.376000,2648.490780,676.281144,259.550544,-0.004904,-0.147579,0.066883
1.000000,7.391000,2647.764452,673.632761,268.911992,-0.011035,-0.152201,0.062100
1.000000,7.406000,2646.177675,666.878609,288.947821,-0.022314,-0.146429,0.059006
1.000000,7.421000,2645.447433,663.343838,299.050705,-0.031631,-0.139841,0.053657
1.000000,7.434000,2644.241334,655.710228,319.091342,-0.044117,-0.138691,0.049903
1.000000,7.449000,2643.635124,652.017749,330.182636,-0.051470,-0.125842,0.046319
1.000000,7.463000,2643.068560,647.761833,340.626238,-0.057367,-0.119321,0.042520
1.000000,7.478000,2642.232392,638.817946,361.861120,-0.064786,-0.118187,0.034433
1.000000,7.491000,2642.061343,633.934257,372.416452,-0.067363,-0.116506,0.028790
1.000000,7.507000,2641.409041,624.098518,393.923166,-0.074505,-0.109455,0.025011
1.000000,7.521000,2641.131716,619.356684,404.221102,-0.067604,-0.086059,0.024970
1.000000,7.536000,2640.534516,613.275377,415.424733,-0.074868,-0.101265,0.017537
1.000000,7.551000,2639.579465,602.467774,437.184646,-0.076623,-0.103114,0.012404
1.000000,7.563000,2639.166908,596.855580,448.132112,-0.078117,-0.104763,0.012011
1.000000,7.578000,2638.262664,585.299716,469.777714,-0.080889,-0.110800,0.011736
1.000000,7.593000,2637.678279,579.430949,480.578099,-0.082169,-0.114471,0.013132
1.000000,7.608000,2636.024502,567.220907,502.630436,-0.084157,-0.114114,0.019466
1.000000,7.623000,2635.725870,561.580887,513.350662,-0.080133,-0.120666,0.021078
1.000000,7.639000,2634.592497,549.487033,535.694173,-0.081458,-0.123680,0.025052
1.000000,7.656000,2634.195647,537.732133,558.691855,-0.086619,-0.136775,0.033853
1.000000,7.668000,2633.528144,531.716142,570.107500,-0.088487,-0.133248,0.038619
1.000000,7.681000,2632.627275,525.984034,582.051615,-0.087571,-0.132878,0.042481
1.000000,7.694000,2630.671108,515.129493,606.297289,-0.095947,-0.126370,0.046910
1.000000,7.709000,2629.913884,509.579787,618.726700,-0.103658,-0.136036,0.048970
1.000000,7.721000,2628.759864,504.257862,631.196287,-0.109960,-0.126467,0.053846
1.000000,7.737000,2626.979744,494.608977,656.171131,-0.129797,-0.118418,0.057031
1.000000,7.750000,2625.932305,490.248171,668.973292,-0.141362,-0.106502,0.061062
1.000000,7.765000,2623.629708,482.347165,694.069495,-0.164052,-0.093511,0.065534
1.000000,7.782000,2622.206795,478.924547,706.562673,-0.170381,-0.094201,0.067175
1.000000,7.798000,2618.971797,472.708146,731.934816,-0.180689,-0.085326,0.070665
1.000000,7.813000,2617.431646,470.206528,743.781892,-0.191237,-0.082974,0.072309
1.000000,7.828000,2613.772144,465.838226,768.386218,-0.198731,-0.090827,0.076990
1.000000,7.842000,2611.700701,463.903968,780.494948,-0.204642,-0.093939,0.078997
1.000000,7.856000,2607.405137,460.728963,804.261298,-0.199957,-0.097350,0.079968
1.000000,7.870000,2605.320092,459.633939,816.032223,-0.202014,-0.104254,0.082934
1.000000,7.886000,2601.191024,458.221620,839.646521,-0.203167,-0.106279,0.084343
1.000000,7.899000,2598.986473,458.062545,850.674776,-0.207025,-0.108836,0.084306
1.000000,7.913000,2597.134904,457.907923,863.250999,-0.197912,-0.111119,0.082011
1.000000,7.928000,2593.290174,459.572956,885.957204,-0.198199,-0.102002,0.085524
1.000000,7.942000,2591.635223,460.732654,897.267530,-0.198875,-0.095974,0.086517
1.000000,7.957000,2588.365310,464.100023,919.609330,-0.201594,-0.076462,0.081952
1.000000,7.974000,2586.998489,466.466275,930.820797,-0.204475,-0.067267,0.081272
1.000000,7.988000,2584.844537,472.171190,952.661838,-0.217403,-0.043625,0.077605
1.000000,8.003000,2583.943211,475.095635,963.108430,-0.215639,-0.022893,0.074248
1.000000,8.017000,2582.180038,481.712290,983.442296,-0.227788,0.017047,0.074254
1.000000,8.033000,2581.367456,485.672184,993.473838,-0.223931,0.033002,0.072841
1.000000,8.048000,2579.362976,494.016254,1012.677675,-0.222658,0.061266,0.065928
1.000000,8.063000,2578.394128,498.525144,1021.926657,-0.216876,0.072879,0.065689
1.000000,8.077000,2576.756292,507.835650,1039.530983,-0.209596,0.088166,0.064442
1.000000,8.093000,2576.093387,512.117422,1047.604006,-0.212115,0.092169,0.062269
1.000000,8.112000,2574.581762,522.161027,1063.436321,-0.202370,0.100456,0.058872
1.000000,8.128000,2573.027042,532.957830,1078.325667,-0.195950,0.098355,0.056014
1.000000,8.142000,2572.293112,538.579242,1085.569044,-0.190375,0.096813,0.054826
1.000000,8.157000,2570.826600,550.383400,1099.727026,-0.173389,0.099513,0.053147
1.000000,8.173000,2570.485928,556.999392,1106.785126,-0.166984,0.105681,0.049910
1.000000,8.189000,2569.138266,569.788678,1119.256264,-0.155357,0.102553,0.041469
1.000000,8.204000,2568.603088,583.488824,1131.469476,-0.144491,0.112997,0.031520
1.000000,8.219000,2568.479095,590.639247,1137.452964,-0.139306,0.118476,0.025451
1.000000,8.235000,2568.449784,605.182652,1148.759858,-0.132522,0.131408,0.012361
1.000000,8.248000,2568.551174,612.765722,1154.135772,-0.127475,0.139585,0.005243
1.000000,8.264000,2568.854871,628.332836,1164.414091,-0.121100,0.152849,-0.002378
1.000000,8.281000,2568.815437,636.545199,1169.021796,-0.116364,0.157060,-0.008372
1.000000,8.296000,2569.263345,653.273220,1178.067273,-0.104633,0.169714,-0.022595
1.000000,8.310000,2569.442187,661.930865,1182.246574,-0.094232,0.175894,-0.033362
1.000000,8.324000,2569.722609,670.772366,1185.944899,-0.087228,0.183578,-0.042374
1.000000,8.337000,2570.957616,688.477791,1192.578739,-0.076592,0.186930,-0.060432
1.000000,8.352000,2571.536730,697.346344,1195.603059,-0.071330,0.188218,-0.067745
1.000000,8.368000,2572.509707,715.897240,1201.124865,-0.052837,0.192872,-0.077443
1.000000,8.384000,2572.937726,725.058281,1203.654621,-0.046734,0.196308,-0.083754
1.000000,8.401000,2574.865758,743.494721,1208.272198,-0.037737,0.204234,-0.100626
1.000000,8.415000,2576.082289,752.838665,1210.345349,-0.030388,0.211234,-0.107386
1.000000,8.428000,2578.965824,771.509852,1214.434690,-0.011574,0.226223,-0.119590
1.000000,8.442000,2580.292717,780.828749,1215.916337,-0.011044,0.247480,-0.118319
1.000000,8.459000,2584.139976,799.389656,1218.868117,-0.001130,0.260679,-0.134572
1.000000,8.474000,2588.219741,818.253375,1221.359090,0.017376,0.280108,-0.151307
1.000000,8.491000,2590.221725,827.446750,1222.313242,0.023650,0.287069,-0.157971
1.000000,8.507000,2594.091019,845.468470,1223.733333,0.038782,0.296682,-0.172886
1.000000,8.525000,2596.058611,854.112178,1224.565643,0.052120,0.300058,-0.184340
1.000000,8.542000,2600.266286,872.408200,1223.520641,0.047364,0.300743,-0.199160
1.000000,8.559000,2604.033796,890.011626,1223.239439,0.072029,0.289275,-0.215919
1.000000,8.574000,2607.224125,907.339908,1220.828220,0.074052,0.281946,-0.225238
1.000000,8.590000,2608.703541,915.225308,1219.731570,0.080660,0.275569,-0.232120
1.000000,8.604000,2611.341340,931.095816,1216.408023,0.091954,0.258508,-0.245313
1.000000,8.619000,2612.477513,938.664286,1214.460502,0.096420,0.249745,-0.251878
1.000000,8.633000,2613.569689,946.112153,1212.253597,0.100463,0.240969,-0.257777
1.000000,8.650000,2615.875938,960.273427,1207.227071,0.107963,0.221163,-0.272571
1.000000,8.666000,2617.965803,973.899813,1200.954388,0.108523,0.198319,-0.284537
1.000000,8.681000,2619.132405,980.301395,1197.623059,0.108354,0.198434,-0.290688
1.000000,8.698000,2621.019560,992.649471,1190.450435,0.109657,0.199614,-0.298590
1.000000,8.711000,2621.974255,998.191656,1186.419760,0.103868,0.191689,-0.307801
1.000000,8.726000,2623.691460,1008.864489,1178.229016,0.097536,0.196169,-0.315279
1.000000,8.747000,2625.436874,1018.122468,1169.514923,0.095036,0.193208,-0.324213
1.000000,8.767000,2626.056420,1022.992678,1164.019683,0.085336,0.200455,-0.324741
1.000000,8.786000,2627.372680,1030.877893,1154.305184,0.083378,0.196781,-0.331337
1.000000,8.804000,2628.832071,1038.139557,1143.387813,0.073784,0.194712,-0.343769
1.000000,8.822000,2630.073308,1045.103006,1131.296954,0.061854,0.184859,-0.346460
1.000000,8.842000,2630.853149,1050.186540,1118.976126,0.059696,0.179842,-0.344258
1.000000,8.858000,2631.645661,1054.140094,1105.782492,0.054670,0.169637,-0.349222
1.000000,8.874000,2632.012539,1057.574427,1091.602183,0.052706,0.158435,-0.347025
1.000000,8.891000,2632.032458,1058.775425,1084.585710,0.053332,0.151526,-0.348441
1.000000,8.908000,2632.462268,1060.362872,1069.415308,0.043072,0.130872,-0.353025
1.000000,8.923000,2632.676177,1060.780235,1054.014489,0.041903,0.114274,-0.350639
1.000000,8.941000,2632.647506,1060.689660,1045.984971,0.043130,0.111682,-0.345783
1.000000,8.960000,2632.699186,1059.465677,1028.924379,0.038482,0.096788,-0.344001
1.000000,8.979000,2632.435424,1056.636356,1011.986372,0.039006,0.084153,-0.339977
1.000000,8.997000,2632.123997,1052.834829,994.059041,0.033983,0.069884,-0.336873
1.000000,9.012000,2632.192752,1050.355679,984.905857,0.029189,0.059165,-0.334946
1.000000,9.028000,2632.135394,1045.784817,966.076528,0.042727,0.048882,-0.325597
1.000000,9.043000,2632.046040,1042.412473,956.455079,0.038341,0.042130,-0.325132
1.000000,9.058000,2631.651883,1035.180972,936.827111,0.034949,0.026915,-0.322742
1.000000,9.073000,2631.442013,1031.207379,926.874201,0.033025,0.019371,-0.319311
1.000000,9.091000,2631.009450,1022.354835,906.394419,0.027268,0.005340,-0.310481
1.000000,9.107000,2630.878442,1012.562330,885.416862,0.020453,-0.008845,-0.307645
1.000000,9.124000,2630.644099,1007.316442,874.892506,0.015830,-0.016407,-0.304487
1.000000,9.140000,2630.529052,995.679693,853.536361,0.003760,-0.033106,-0.295313
1.000000,9.164000,2630.688802,989.262555,842.798268,0.001086,-0.038769,-0.290213
1.000000,9.180000,2631.435126,967.378417,809.862705,0.000677,-0.057563,-0.264286
1.000000,9.194000,2632.208446,951.604192,787.913101,0.002760,-0.076101,-0.243911
1.000000,9.209000,2632.580334,942.968980,776.564308,0.001719,-0.083232,-0.233487
1.000000,9.224000,2633.409971,924.851933,754.430154,0.006710,-0.098949,-0.212552
1.000000,9.243000,2633.757387,915.011003,743.009788,0.005152,-0.115228,-0.203756
1.000000,9.260000,2635.150674,894.500659,720.212458,0.003542,-0.125950,-0.184771
1.000000,9.275000,2636.569287,872.864431,697.539062,0.002155,-0.137690,-0.162617
1.000000,9.296000,2637.456517,862.033635,686.242791,-0.001507,-0.145325,-0.153970
1.000000,9.311000,2638.653522,839.644721,663.754045,-0.006637,-0.168022,-0.136239
1.000000,9.329000,2639.707354,816.811925,642.030207,-0.012931,-0.186880,-0.122424
1.000000,9.344000,2640.056643,805.109041,631.239930,-0.016333,-0.189973,-0.115810
1.000000,9.358000,2641.243969,781.629076,610.228879,-0.019620,-0.208972,-0.100391
1.000000,9.375000,2641.270164,769.440600,600.126232,-0.024270,-0.208926,-0.091473
1.000000,9.391000,2641.664518,745.868402,580.845472,-0.031189,-0.222237,-0.079755
1.000000,9.407000,2641.359815,722.692711,562.004025,-0.033083,-0.236024,-0.069696
1.000000,9.423000,2640.966109,710.828196,552.911952,-0.040892,-0.230337,-0.062170
1.000000,9.438000,2639.863258,687.921464,535.691824,-0.045309,-0.242006,-0.047382
1.000000,9.451000,2639.271536,676.698455,527.211148,-0.052712,-0.242300,-0.038235
1.000000,9.465000,2638.024430,654.845865,510.659697,-0.064006,-0.235090,-0.013951
1.000000,9.480000,2637.485841,644.257542,502.719416,-0.066287,-0.236147,-0.006713
1.000000,9.492000,2636.203711,633.825529,494.990288,-0.069984,-0.252245,-0.003040
1.000000,9.506000,2634.853467,614.674034,479.332078,-0.085462,-0.244499,0.008993
1.000000,9.523000,2634.348025,605.060727,471.315675,-0.085856,-0.241336,0.010453
1.000000,9.538000,2632.370684,588.019603,455.812331,-0.088370,-0.234854,0.017997
1.000000,9.550000,2631.475860,580.218855,447.967869,-0.093124,-0.233872,0.018889
1.000000,9.565000,2629.262740,565.909006,432.383097,-0.104060,-0.219043,0.026411
1.000000,9.581000,2627.887223,559.456074,424.806955,-0.105093,-0.222423,0.030938
1.000000,9.597000,2625.585131,547.605221,409.192148,-0.107580,-0.218052,0.036800
1.000000,9.612000,2624.511801,542.224089,401.514737,-0.109005,-0.212400,0.040768
1.000000,9.627000,2622.780089,532.756951,385.757969,-0.117320,-0.201877,0.044092
1.000000,9.642000,2622.077698,528.439063,377.994338,-0.118960,-0.195952,0.043975
1.000000,9.658000,2621.197591,521.098783,361.897415,-0.130049,-0.187679,0.038114
1.000000,9.672000,2620.454551,517.928792,354.280141,-0.130422,-0.183762,0.038335
1.000000,9.689000,2619.674688,512.476988,338.039521,-0.144318,-0.164632,0.037087
1.000000,9.704000,2619.473133,508.121715,322.059955,-0.147321,-0.145685,0.034504
1.000000,9.721000,2619.537516,506.601650,313.972141,-0.151629,-0.135122,0.034457
1.000000,9.736000,2620.037797,504.699295,297.443331,-0.155535,-0.113195,0.033270
1.000000,9.753000,2620.107295,504.044776,289.064037,-0.154296,-0.110788,0.035128
1.000000,9.770000,2620.541552,505.012456,271.902207,-0.162999,-0.099880,0.036507
1.000000,9.785000,2620.671478,508.004783,255.483700,-0.157545,-0.098779,0.031227
1.000000,9.800000,2620.998587,509.323315,247.016144,-0.160305,-0.099428,0.029934
1.000000,9.815000,2621.472694,513.556570,230.029936,-0.148411,-0.098543,0.024413
1.000000,9.828000,2621.693336,515.978412,221.886220,-0.142598,-0.101249,0.020682
1.000000,9.843000,2621.994427,518.644712,213.308151,-0.143383,-0.106408,0.016077
1.000000,9.860000,2622.720196,524.726637,198.471315,-0.119241,-0.104683,0.008592
1.000000,9.875000,2623.457559,532.075499,181.949609,-0.122526,-0.113128,0.002436
1.000000,9.892000,2623.241629,535.897814,176.383710,-0.108545,-0.103462,0.003778
1.000000,9.906000,2623.433209,544.498390,164.634561,-0.090233,-0.090310,0.007264
1.000000,9.924000,2623.764358,549.268661,158.930257,-0.088425,-0.095262,0.001792
1.000000,9.941000,2623.724471,559.037922,149.261235,-0.077796,-0.083371,0.001787
1.000000,9.958000,2623.605204,569.103756,140.762378,-0.074356,-0.070542,-0.000499
1.000000,9.973000,2623.428865,574.404758,137.066074,-0.074176,-0.059180,0.000008
1.000000,9.988000,2623.013134,584.319492,130.611533,-0.069251,-0.041189,-0.000486
1.000000,10.005000,2622.697015,594.465712,124.544785,-0.064868,-0.023508,0.000718
1.000000,10.021000,2622.248847,599.400331,121.949828,-0.063822,-0.017472,0.005264
1.000000,10.038000,2621.181824,609.330118,117.065280,-0.060276,-0.001425,0.020347
1.000000,10.052000,2620.531987,614.331740,114.465100,-0.060094,-0.000474,0.027902
1.000000,10.066000,2619.192728,623.910022,109.428914,-0.062215,-0.004816,0.042086
1.000000,10.079000,2618.512138,629.202302,106.632179,-0.055186,0.000366,0.052448
1.000000,10.094000,2617.051690,638.529051,101.399512,-0.055525,-0.004407,0.062728
1.000000,10.109000,2616.578205,642.669923,99.001483,-0.062141,-0.009892,0.066393
1.000000,10.123000,2615.986220,650.236136,94.041961,-0.071276,-0.013240,0.069693
1.000000,10.139000,2615.906303,653.587266,91.859350,-0.072668,-0.013438,0.069272
1.000000,10.154000,2616.137025,660.087901,86.349502,-0.088392,-0.011131,0.063290
1.000000,10.171000,2616.181444,662.873333,83.937549,-0.089543,-0.007361,0.061642
1.000000,10.187000,2616.870171,667.647695,79.625664,-0.091514,-0.005697,0.050501
1.000000,10.203000,2617.409471,669.537142,77.278825,-0.090761,-0.003873,0.043544
1.000000,10.216000,2618.656654,672.997176,72.316998,-0.091343,0.002134,0.032576
1.000000,10.232000,2619.382022,674.234281,70.149181,-0.087813,-0.000961,0.027350
1.000000,10.245000,2621.209391,675.414889,65.637267,-0.083930,-0.009382,0.014769
1.000000,10.261000,2622.384407,675.794415,63.458773,-0.078762,-0.021915,0.005302
1.000000,10.276000,2625.068719,675.278375,58.944888,-0.073500,-0.037257,-0.009365
1.000000,10.291000,2626.645581,674.876577,56.911115,-0.070886,-0.039852,-0.016173
1.000000,10.303000,2628.371718,674.053853,54.875984,-0.068704,-0.043645,-0.022596
1.000000,10.319000,2631.995214,671.633185,50.960929,-0.068031,-0.046204,-0.033435
1.000000,10.334000,2635.360689,668.699907,47.292879,-0.072387,-0.048902,-0.042227
1.000000,10.350000,2636.951640,667.123325,45.657945,-0.076548,-0.047264,-0.045089
1.000000,10.366000,2640.745396,663.929659,43.009203,-0.085261,-0.035099,-0.052439
1.000000,10.380000,2642.469473,662.403837,41.862475,-0.087152,-0.029221,-0.053760
1.000000,10.396000,2645.724910,659.643213,40.202264,-0.084364,-0.023536,-0.052701
1.000000,10.412000,2647.113178,658.379911,39.435912,-0.080743,-0.019813,-0.050712
1.000000,10.424000,2649.266450,656.207739,37.590481,-0.069995,-0.022392,-0.043045
1.000000,10.441000,2650.024995,655.410071,36.635902,-0.061732,-0.026635,-0.038172
1.000000,10.456000,2651.298219,654.003861,34.378705,-0.039476,-0.031103,-0.026737
1.000000,10.468000,2651.950287,653.353717,33.725594,-0.033246,-0.025635,-0.020043
1.000000,10.483000,2652.592992,652.993416,33.468958,-0.032321,-0.014048,-0.013223
1.000000,10.495000,2653.419817,652.699052,32.660211,-0.027411,0.009439,-0.004129
1.000000,10.510000,2653.478293,652.699931,32.486437,-0.026086,0.004341,-0.003499
1.000000,10.524000,2652.947469,652.918030,32.696775,-0.027983,0.001538,-0.005742
1.000000,10.540000,2652.584998,653.150806,32.689083,-0.026861,-0.000890,-0.008645
1.000000,10.553000,2652.110968,653.699005,32.629191,-0.027268,-0.001520,-0.013752
1.000000,10.568000,2652.063860,653.829216,32.537977,-0.028130,-0.001209,-0.015806
1.000000,10.581000,2652.167213,653.860639,32.536205,-0.028727,-0.000371,-0.016909
1.000000,10.594000,2652.594493,653.439354,32.476975,-0.026823,-0.001659,-0.015685
1.000000,10.607000,2652.868163,653.146845,32.366793,-0.024780,-0.002754,-0.014985
1.000000,10.621000,2653.098668,652.933137,32.363455,-0.023876,-0.001537,-0.014108
1.000000,10.635000,2653.299665,652.643433,32.396305,-0.021964,-0.000974,-0.012439
1.000000,10.649000,2653.336500,652.570124,32.398711,-0.021473,-0.001290,-0.012454
1.000000,10.664000,2653.313269,652.590022,32.402985,-0.021493,-0.001821,-0.012982
1.000000,10.676000,2653.095704,652.780488,32.386359,-0.022891,-0.002353,-0.014844
1.000000,10.691000,2653.022970,652.896886,32.396122,-0.023487,-0.002089,-0.015502
1.000000,10.704000,2653.020735,652.946395,32.399979,-0.023847,-0.002041,-0.015950
1.000000,10.716000,2653.017815,652.930905,32.397177,-0.023482,-0.002232,-0.015492
1.000000,10.730000,2653.037449,652.898213,32.401017,-0.023357,-0.002531,-0.014892
1.000000,10.744000,2653.151316,652.896490,32.400521,-0.023327,-0.001470,-0.014546
1.000000,10.758000,2653.216027,652.872266,32.397844,-0.023449,-0.000864,-0.014756
1.000000,10.772000,2653.260221,652.832869,32.398929,-0.023513,-0.000448,-0.015035
1.000000,10.787000,2653.185456,652.847627,32.326016,-0.023666,-0.000827,-0.015437
1.000000,10.801000,2653.132285,652.856635,32.331770,-0.023663,-0.001665,-0.015436
1.000000,10.814000,2653.084001,652.876872,32.430977,-0.023774,-0.001992,-0.015340
1.000000,10.828000,2653.094794,652.891459,32.424065,-0.023910,-0.001503,-0.015008
1.000000,10.842000,2653.131638,652.918323,32.384602,-0.023768,-0.001812,-0.015117
1.000000,10.854000,2653.163557,652.877322,32.369960,-0.023412,-0.000873,-0.015297
1.000000,10.868000,2653.147766,652.821122,32.411026,-0.023552,-0.000848,-0.015269
1.000000,10.880000,2653.161290,652.812419,32.409440,-0.023666,-0.001271,-0.015213
1.000000,10.894000,2653.149763,652.903103,32.332698,-0.023727,-0.001501,-0.015411
1.000000,10.909000,2653.138729,652.924557,32.322773,-0.023841,-0.001872,-0.015582
1.000000,10.923000,2653.130997,652.879802,32.351677,-0.023585,-0.002176,-0.015571
1.000000,10.939000,2653.135890,652.820786,32.435870,-0.023563,-0.000829,-0.015292
1.000000,10.952000,2653.117041,652.849285,32.402675,-0.023502,-0.000827,-0.015229
1.000000,10.965000,2653.068055,652.917880,32.334448,-0.023662,-0.001379,-0.015076
1.000000,10.982000,2653.113863,652.871789,32.353757,-0.023609,-0.001135,-0.015140
1.000000,10.996000,2653.160976,652.814148,32.377076,-0.023589,-0.001596,-0.015657
1.000000,11.012000,2653.148455,652.843916,32.357936,-0.023613,-0.001457,-0.015596
1.000000,11.026000,2653.134575,652.865598,32.316807,-0.023674,-0.000883,-0.015354
1.000000,11.040000,2653.142241,652.872543,32.350666,-0.023690,-0.000952,-0.015332
1.000000,11.052000,2653.139355,652.854975,32.372523,-0.023681,-0.000477,-0.015351
1.000000,11.067000,2653.107149,652.853370,32.344002,-0.023618,-0.001438,-0.015560
1.000000,11.082000,2653.092377,652.853525,32.329008,-0.023652,-0.001747,-0.015509
1.000000,11.098000,2653.121407,652.864815,32.388024,-0.023762,-0.001828,-0.015648
1.000000,11.114000,2653.122905,652.862287,32.386488,-0.023785,-0.001229,-0.015547
1.000000,11.126000,2653.148707,652.814235,32.324266,-0.023833,-0.001543,-0.015427
1.000000,11.141000,2653.153099,652.840898,32.327786,-0.023942,-0.001166,-0.015633
1.000000,11.157000,2653.117714,652.849956,32.410458,-0.023831,-0.000885,-0.015622
1.000000,11.169000,2653.115665,652.838230,32.366440,-0.023824,-0.001375,-0.015558
1.000000,11.185000,2653.096022,652.843900,32.324256,-0.023829,-0.000856,-0.015674
1.000000,11.200000,2653.098598,652.826951,32.337936,-0.023666,-0.001494,-0.015747
1.000000,11.215000,2653.116284,652.860574,32.355972,-0.023748,-0.001285,-0.015730
1.000000,11.229000,2653.130905,652.847539,32.339094,-0.023806,-0.000980,-0.015692
1.000000,11.241000,2653.107616,652.862486,32.325860,-0.023778,-0.000627,-0.015684
1.000000,11.265000,2653.168082,652.852812,32.359201,-0.023823,-0.001238,-0.015924
1.000000,11.282000,2653.165050,652.855323,32.349759,-0.023774,-0.000900,-0.015748
1.000000,11.300000,2653.125920,652.844267,32.306660,-0.023895,-0.000643,-0.015635
1.000000,11.314000,2653.125819,652.862867,32.306569,-0.023745,-0.000959,-0.015812
1.000000,11.327000,2653.130041,652.875163,32.337562,-0.023781,-0.000951,-0.015863
1.000000,11.341000,2653.130804,652.850520,32.352484,-0.023805,-0.001352,-0.016115
1.000000,11.355000,2653.112860,652.833220,32.315817,-0.024212,-0.000990,-0.015898
1.000000,11.369000,2653.155403,652.846975,32.322483,-0.024134,-0.000964,-0.015918
1.000000,11.383000,2653.171496,652.871667,32.316536,-0.024107,-0.001138,-0.016029
1.000000,11.397000,2653.177114,652.835070,32.341004,-0.024308,-0.000502,-0.015826
1.000000,11.410000,2653.153421,652.814816,32.342566,-0.024274,-0.000593,-0.015864
1.000000,11.423000,2653.124516,652.874462,32.348277,-0.024233,-0.000896,-0.015912
1.000000,11.440000,2653.137912,652.863037,32.364634,-0.024363,-0.000748,-0.015836
1.000000,11.454000,2653.141307,652.809779,32.319495,-0.024638,-0.000540,-0.015777
1.000000,11.469000,2653.137837,652.787525,32.310930,-0.024618,-0.000967,-0.015732
1.000000,11.484000,2653.189235,652.716503,32.364178,-0.024986,-0.000440,-0.015712
1.000000,11.500000,2653.252377,652.617716,32.321612,-0.025334,-0.000708,-0.015703
1.000000,11.516000,2653.324910,652.361873,32.232266,-0.026236,-0.001881,-0.015639
1.000000,11.531000,2653.310944,652.247023,32.185973,-0.026605,-0.002244,-0.015624
1.000000,11.545000,2653.374977,651.992898,32.192441,-0.027246,-0.002632,-0.015414
1.000000,11.559000,2653.412914,651.922288,32.169434,-0.027682,-0.002731,-0.015282
1.000000,11.575000,2653.391237,651.862472,32.105920,-0.027847,-0.002747,-0.015313
1.000000,11.591000,2653.397457,651.824271,32.122973,-0.027817,-0.002744,-0.015311
1.000000,11.607000,2653.452203,651.763187,32.147574,-0.027957,-0.003130,-0.015242
1.000000,11.623000,2653.442357,651.762935,32.153750,-0.027913,-0.002852,-0.015307
1.000000,11.636000,2653.420558,651.768834,32.089365,-0.028037,-0.003095,-0.015350
1.000000,11.653000,2653.447033,651.745107,32.114527,-0.027982,-0.003141,-0.015363
1.000000,11.668000,2653.434365,651.739410,32.129262,-0.028086,-0.002607,-0.015223
1.000000,11.682000,2653.401179,651.758241,32.123397,-0.028160,-0.002741,-0.015285
1.000000,11.698000,2653.423351,651.790346,32.118174,-0.028221,-0.002702,-0.015423
1.000000,11.714000,2653.450933,651.789808,32.141580,-0.028131,-0.002962,-0.015287
1.000000,11.730000,2653.439512,651.762056,32.141617,-0.028247,-0.002573,-0.015143
1.000000,11.744000,2653.435050,651.717714,32.098379,-0.028345,-0.002711,-0.015209
1.000000,11.759000,2653.444839,651.709161,32.133339,-0.028533,-0.002748,-0.015156
1.000000,11.772000,2653.429194,651.722677,32.121688,-0.028530,-0.002928,-0.015151
1.000000,11.789000,2653.429004,651.755581,32.132551,-0.028279,-0.003009,-0.015317
1.000000,11.802000,2653.418110,651.767546,32.118251,-0.028310,-0.002839,-0.015315
1.000000,11.817000,2653.438124,651.806212,32.136879,-0.028108,-0.003010,-0.015335
1.000000,11.835000,2653.451559,651.779687,32.170244,-0.028196,-0.002512,-0.015244
1.000000,11.849000,2653.452252,651.724742,32.128793,-0.028479,-0.002668,-0.015261
1.000000,11.864000,2653.423641,651.733884,32.103897,-0.028654,-0.002784,-0.015169
1.000000,11.883000,2653.430426,651.738658,32.127628,-0.028525,-0.002740,-0.015298
1.000000,11.901000,2653.437891,651.708143,32.136504,-0.028306,-0.002748,-0.015396
1.000000,11.918000,2653.409704,651.788721,32.115090,-0.028347,-0.002620,-0.015259
1.000000,11.935000,2653.436156,651.796867,32.131683,-0.028219,-0.002212,-0.015316
1.000000,11.950000,2653.422952,651.754701,32.141647,-0.028228,-0.002260,-0.015533
1.000000,11.965000,2653.432255,651.713773,32.134975,-0.028406,-0.002528,-0.015359
1.000000,11.981000,2653.405988,651.715294,32.094263,-0.028501,-0.002480,-0.015224
1.000000,11.995000,2653.410425,651.706347,32.096114,-0.028497,-0.002507,-0.015442
1.000000,12.011000,2653.417687,651.714511,32.134477,-0.028301,-0.002692,-0.015582
1.000000,12.025000,2653.439225,651.739118,32.170808,-0.028301,-0.002338,-0.015479
1.000000,12.040000,2653.439871,651.751875,32.143608,-0.028311,-0.002525,-0.015532
1.000000,12.055000,2653.399470,651.730875,32.079910,-0.028414,-0.002721,-0.015292
1.000000,12.071000,2653.429622,651.734058,32.134626,-0.028278,-0.002892,-0.015472
1.000000,12.085000,2653.418121,651.741101,32.138241,-0.028288,-0.002087,-0.015586
1.000000,12.101000,2653.418011,651.718460,32.114715,-0.028490,-0.002192,-0.015544
1.000000,12.114000,2653.420643,651.704478,32.120695,-0.028695,-0.002421,-0.015423
1.000000,12.131000,2653.420199,651.730483,32.103406,-0.028532,-0.002482,-0.015430
1.000000,12.148000,2653.413050,651.705520,32.119215,-0.028600,-0.002330,-0.015521
1.000000,12.162000,2653.419596,651.705134,32.119656,-0.028709,-0.002429,-0.015484
1.000000,12.179000,2653.433321,651.741288,32.104185,-0.028631,-0.002087,-0.015370
1.000000,12.194000,2653.428779,651.766001,32.128913,-0.028272,-0.002151,-0.015638
1.000000,12.209000,2653.425577,651.726979,32.131982,-0.028255,-0.002143,-0.015667
1.000000,12.222000,2653.425692,651.704913,32.117251,-0.028422,-0.002456,-0.015635
1.000000,12.238000,2653.417310,651.733267,32.099943,-0.028480,-0.002054,-0.015533
1.000000,12.252000,2653.419931,651.738934,32.099897,-0.028550,-0.002133,-0.015431
1.000000,12.268000,2653.405433,651.737684,32.135000,-0.028517,-0.002549,-0.015481
1.000000,12.283000,2653.416018,651.719887,32.124824,-0.028484,-0.002500,-0.015597
1.000000,12.297000,2653.436701,651.724744,32.109452,-0.028467,-0.002134,-0.015410
1.000000,12.313000,2653.428091,651.758335,32.103900,-0.028428,-0.002334,-0.015529
1.000000,12.329000,2653.399647,651.738556,32.124146,-0.028357,-0.002283,-0.015561
1.000000,12.344000,2653.440278,651.731337,32.149634,-0.028346,-0.002528,-0.015503
1.000000,12.360000,2653.443150,651.723519,32.130524,-0.028463,-0.002608,-0.015497
1.000000,12.372000,2653.422845,651.722629,32.104621,-0.028535,-0.002533,-0.015506
1.000000,12.389000,2653.409705,651.738126,32.125679,-0.028432,-0.001543,-0.015539
1.000000,12.412000,2653.441012,651.724728,32.124764,-0.028558,-0.002065,-0.015473
1.000000,12.431000,2653.406672,651.708614,32.081415,-0.028528,-0.002265,-0.015461
1.000000,12.450000,2653.453332,651.729007,32.141878,-0.028288,-0.002335,-0.015587
1.000000,12.466000,2653.414433,651.771856,32.144719,-0.028381,-0.002093,-0.015625
1.000000,12.482000,2653.399307,651.775581,32.125524,-0.028247,-0.002124,-0.015573
1.000000,12.501000,2653.427353,651.689531,32.104745,-0.028577,-0.002020,-0.015463
1.000000,12.518000,2653.436663,651.687722,32.128753,-0.028558,-0.002196,-0.015432
1.000000,12.535000,2653.456510,651.717952,32.123374,-0.028597,-0.002151,-0.015568
1.000000,12.551000,2653.444382,651.739780,32.128722,-0.028548,-0.001827,-0.015602
1.000000,12.568000,2653.424355,651.761282,32.138582,-0.028394,-0.002567,-0.015517
1.000000,12.580000,2653.396770,651.771196,32.119963,-0.028577,-0.002354,-0.015434
1.000000,12.596000,2653.388214,651.728378,32.109376,-0.028500,-0.002563,-0.015473
1.000000,12.610000,2653.429562,651.744956,32.119508,-0.028507,-0.002601,-0.015545
1.000000,12.628000,2653.418831,651.654513,32.104934,-0.028870,-0.001962,-0.015433
1.000000,12.644000,2653.422228,651.658344,32.072727,-0.028863,-0.002036,-0.015502
1.000000,12.659000,2653.420653,651.704601,32.086987,-0.028662,-0.002010,-0.015533
1.000000,12.680000,2653.445752,651.784533,32.135423,-0.028295,-0.002253,-0.015649
1.000000,12.701000,2653.435516,651.757631,32.118367,-0.028271,-0.002361,-0.015744
1.000000,12.717000,2653.420894,651.745579,32.101964,-0.028496,-0.002532,-0.015643
1.000000,12.733000,2653.418952,651.719661,32.109849,-0.028527,-0.002696,-0.015586
1.000000,12.750000,2653.418644,651.658426,32.070383,-0.028806,-0.002190,-0.015500
1.000000,12.764000,2653.442464,651.719317,32.100401,-0.028461,-0.001924,-0.015617
1.000000,12.780000,2653.452418,651.756885,32.123925,-0.028378,-0.001715,-0.015667
1.000000,12.796000,2653.444246,651.763375,32.134879,-0.028248,-0.002110,-0.015713
1.000000,12.811000,2653.437853,651.757975,32.120174,-0.028315,-0.002233,-0.015750
1.000000,12.829000,2653.451361,651.736289,32.094041,-0.028710,-0.002187,-0.015588
1.000000,12.842000,2653.443268,651.721346,32.078415,-0.028723,-0.001790,-0.015545
1.000000,12.858000,2653.424379,651.745658,32.114304,-0.028475,-0.001974,-0.015766
1.000000,12.876000,2653.450302,651.735165,32.120852,-0.028387,-0.002394,-0.015636
1.000000,12.895000,2653.452018,651.731050,32.107011,-0.028391,-0.002500,-0.015576
1.000000,12.913000,2653.434923,651.736118,32.093350,-0.028292,-0.002337,-0.015706
1.000000,12.928000,2653.417306,651.724957,32.074905,-0.028445,-0.001779,-0.015726
1.000000,12.941000,2653.439576,651.739478,32.114272,-0.028441,-0.001641,-0.015713
1.000000,12.956000,2653.441911,651.746198,32.113135,-0.028144,-0.002454,-0.015866
1.000000,12.973000,2653.411010,651.768312,32.092019,-0.028377,-0.002330,-0.015626
1.000000,12.987000,2653.427931,651.740962,32.100744,-0.028513,-0.002542,-0.015406
1.000000,13.000000,2653.449230,651.711270,32.106484,-0.028285,-0.002475,-0.015662
1.000000,13.016000,2653.448479,651.725416,32.103721,-0.028635,-0.002273,-0.015667
1.000000,13.031000,2653.443527,651.718942,32.074499,-0.028723,-0.002002,-0.015570
1.000000,13.045000,2653.445377,651.702699,32.090556,-0.028568,-0.002415,-0.015599
1.000000,13.059000,2653.447249,651.721777,32.123288,-0.028383,-0.002406,-0.015665
1.000000,13.073000,2653.419294,651.729550,32.090637,-0.028318,-0.002501,-0.015591
1.000000,13.089000,2653.420034,651.778616,32.102754,-0.028314,-0.002397,-0.015560
1.000000,13.102000,2653.413278,651.728782,32.084235,-0.028368,-0.002154,-0.015506
1.000000,13.115000,2653.442299,651.722938,32.120116,-0.028258,-0.002336,-0.015781
1.000000,13.132000,2653.446859,651.715342,32.111953,-0.028437,-0.002248,-0.015618
1.000000,13.145000,2653.426384,651.700896,32.082263,-0.028336,-0.002561,-0.015614
1.000000,13.161000,2653.428931,651.709228,32.057727,-0.028535,-0.002448,-0.015511
1.000000,13.175000,2653.455118,651.717877,32.104895,-0.028397,-0.002763,-0.015552
1.000000,13.192000,2653.450498,651.725781,32.093104,-0.028373,-0.002651,-0.015586
1.000000,13.206000,2653.404460,651.755471,32.077978,-0.028295,-0.002251,-0.015683
1.000000,13.221000,2653.399964,651.753364,32.094726,-0.028281,-0.002323,-0.015696
1.000000,13.234000,2653.429587,651.724073,32.103346,-0.028295,-0.002415,-0.015717
1.000000,13.250000,2653.417131,651.698766,32.099978,-0.028414,-0.002174,-0.015576
1.000000,13.265000,2653.455488,651.675841,32.080542,-0.028546,-0.002194,-0.015721
1.000000,13.281000,2653.452927,651.690949,32.092846,-0.028454,-0.002395,-0.015671
1.000000,13.293000,2653.434142,651.727733,32.090845,-0.028437,-0.002711,-0.015591
1.000000,13.308000,2653.428110,651.725014,32.094535,-0.028405,-0.003079,-0.015529
1.000000,13.322000,2653.427813,651.746521,32.080622,-0.028445,-0.002916,-0.015492
1.000000,13.338000,2653.440856,651.750658,32.098465,-0.028021,-0.002826,-0.015617
1.000000,13.351000,2653.446086,651.737438,32.114449,-0.028385,-0.002497,-0.015630
1.000000,13.366000,2653.443861,651.684060,32.046890,-0.028513,-0.002358,-0.015698
1.000000,13.382000,2653.455215,651.668492,32.071925,-0.028692,-0.002132,-0.015622
1.000000,13.396000,2653.461328,651.707596,32.080307,-0.028345,-0.002374,-0.015615
1.000000,13.412000,2653.450476,651.710888,32.077994,-0.028378,-0.002555,-0.015557
1.000000,13.426000,2653.440339,651.781287,32.116679,-0.028263,-0.002383,-0.015539
1.000000,13.443000,2653.427979,651.784419,32.102276,-0.028307,-0.002996,-0.015563
1.000000,13.468000,2653.428620,651.681019,32.060681,-0.028417,-0.002987,-0.015605
1.000000,13.483000,2653.442029,651.664410,32.059611,-0.028621,-0.002512,-0.015472
1.000000,13.499000,2653.482502,651.725625,32.112078,-0.028438,-0.002314,-0.015545
1.000000,13.514000,2653.453080,651.751263,32.106339,-0.028354,-0.002178,-0.015604
1.000000,13.529000,2653.439158,651.745252,32.108616,-0.028177,-0.002335,-0.015582
1.000000,13.542000,2653.430838,651.730051,32.108320,-0.028126,-0.002891,-0.015512
1.000000,13.556000,2653.417777,651.749858,32.067295,-0.028438,-0.002629,-0.015438
1.000000,13.572000,2653.426666,651.736202,32.072844,-0.028370,-0.002589,-0.015590
1.000000,13.586000,2653.453742,651.691706,32.088832,-0.028472,-0.002466,-0.015485
1.000000,13.599000,2653.476943,651.729866,32.107149,-0.028353,-0.002695,-0.015472
1.000000,13.613000,2653.454756,651.720152,32.067796,-0.028290,-0.003049,-0.015596
1.000000,13.625000,2653.415650,651.720226,32.058689,-0.028390,-0.002976,-0.015561
1.000000,13.639000,2653.418816,651.720856,32.078800,-0.028383,-0.002785,-0.015604
1.000000,13.653000,2653.448061,651.745122,32.097793,-0.028383,-0.002449,-0.015568
1.000000,13.667000,2653.438739,651.751344,32.086575,-0.028310,-0.002524,-0.015633
1.000000,13.682000,2653.428262,651.702578,32.057272,-0.028391,-0.002438,-0.015590
1.000000,13.696000,2653.453436,651.726918,32.061180,-0.028189,-0.002818,-0.015754
1.000000,13.711000,2653.446900,651.744727,32.085815,-0.028072,-0.003283,-0.015749
1.000000,13.724000,2653.415243,651.748952,32.090021,-0.028141,-0.002772,-0.015728
1.000000,13.741000,2653.430525,651.714487,32.092740,-0.028249,-0.002635,-0.015694
1.000000,13.755000,2653.456728,651.699267,32.080550,-0.028678,-0.002234,-0.015451
1.000000,13.771000,2653.443435,651.705551,32.077458,-0.028268,-0.002593,-0.015619
1.000000,13.785000,2653.405743,651.696782,32.090120,-0.028472,-0.002451,-0.015615
1.000000,13.801000,2653.417665,651.694639,32.066753,-0.028491,-0.002616,-0.015630
1.000000,13.816000,2653.436119,651.735876,32.087667,-0.028232,-0.002529,-0.015650
1.000000,13.832000,2653.442778,651.762400,32.091159,-0.028330,-0.002438,-0.015619
1.000000,13.848000,2653.459683,651.734114,32.108985,-0.027973,-0.002795,-0.015773
1.000000,13.864000,2653.462965,651.705727,32.102638,-0.028452,-0.002649,-0.015573
1.000000,13.879000,2653.429134,651.707760,32.063822,-0.028477,-0.002587,-0.015645
1.000000,13.892000,2653.422645,651.692999,32.065390,-0.028572,-0.002467,-0.015641
1.000000,13.908000,2653.426773,651.685878,32.053019,-0.028526,-0.002473,-0.015607
1.000000,13.923000,2653.434006,651.709929,32.073772,-0.028511,-0.002276,-0.015572
1.000000,13.935000,2653.442758,651.741435,32.113666,-0.028269,-0.002303,-0.015718
1.000000,13.951000,2653.418235,651.739433,32.076773,-0.028321,-0.002356,-0.015608
1.000000,13.964000,2653.422800,651.726306,32.078842,-0.028424,-0.002130,-0.015712
1.000000,13.983000,2653.434537,651.703829,32.077372,-0.028448,-0.002546,-0.015693
1.000000,14.000000,2653.436633,651.672065,32.059447,-0.028562,-0.002630,-0.015653
1.000000,14.012000,2653.444878,651.684973,32.061495,-0.028392,-0.002683,-0.015630
1.000000,14.029000,2653.436719,651.682536,32.059709,-0.028569,-0.001962,-0.015475
1.000000,14.041000,2653.437103,651.710087,32.080247,-0.028456,-0.001974,-0.015625
1.000000,14.057000,2653.403704,651.752121,32.080915,-0.028296,-0.002617,-0.015753
1.000000,14.071000,2653.421656,651.745153,32.090342,-0.028298,-0.002308,-0.015809
1.000000,14.084000,2653.453809,651.710492,32.069377,-0.028302,-0.002364,-0.015619
1.000000,14.099000,2653.444102,651.690930,32.065903,-0.028385,-0.002084,-0.015624
1.000000,14.113000,2653.459527,651.682937,32.066857,-0.028479,-0.002363,-0.015629
1.000000,14.128000,2653.444023,651.690881,32.079394,-0.028330,-0.002127,-0.015738
1.000000,14.142000,2653.430784,651.710672,32.076081,-0.028380,-0.002543,-0.015691
1.000000,14.155000,2653.436123,651.739493,32.102045,-0.028192,-0.003274,-0.015655
1.000000,14.167000,2653.431077,651.733749,32.082892,-0.028323,-0.003072,-0.015649
1.000000,14.180000,2653.441457,651.737331,32.076503,-0.028262,-0.002651,-0.015703
1.000000,14.192000,2653.436043,651.740391,32.061803,-0.028342,-0.002473,-0.015746
1.000000,14.207000,2653.452758,651.665619,32.081715,-0.028550,-0.002167,-0.015765
1.000000,14.219000,2653.466764,651.689482,32.070640,-0.028571,-0.002108,-0.015708
1.000000,14.233000,2653.443883,651.703301,32.042155,-0.028689,-0.002069,-0.015575
1.000000,14.245000,2653.455783,651.718905,32.087539,-0.028349,-0.002404,-0.015761
1.000000,14.259000,2653.422778,651.719650,32.100938,-0.028549,-0.002530,-0.015595
1.000000,14.273000,2653.419557,651.742677,32.104768,-0.028486,-0.002310,-0.015770
1.000000,14.287000,2653.432425,651.721071,32.089148,-0.028621,-0.002111,-0.015703
1.000000,14.302000,2653.438574,651.720293,32.064555,-0.028465,-0.002542,-0.015697
1.000000,14.317000,2653.465553,651.702905,32.071559,-0.028513,-0.002629,-0.015710
1.000000,14.332000,2653.470574,651.666699,32.065997,-0.028717,-0.002603,-0.015622
1.000000,14.345000,2653.457710,651.708050,32.074818,-0.028572,-0.002163,-0.015728
1.000000,14.360000,2653.446306,651.731818,32.089390,-0.028738,-0.001821,-0.015817
1.000000,14.374000,2653.436582,651.744384,32.086777,-0.028585,-0.001903,-0.015764
1.000000,14.390000,2653.410130,651.724040,32.073436,-0.028555,-0.002296,-0.015735
1.000000,14.405000,2653.433221,651.689775,32.058203,-0.028793,-0.002314,-0.015692
1.000000,14.419000,2653.447129,651.680145,32.054629,-0.028839,-0.002376,-0.015653
1.000000,14.432000,2653.455642,651.697307,32.061711,-0.028781,-0.002131,-0.015797
1.000000,14.447000,2653.452810,651.703388,32.053300,-0.028886,-0.002035,-0.015656
1.000000,14.461000,2653.454663,651.700541,32.064133,-0.028686,-0.002636,-0.015661
1.000000,14.475000,2653.448564,651.728731,32.085889,-0.028705,-0.002453,-0.015730
1.000000,14.490000,2653.446764,651.723748,32.081752,-0.028614,-0.002496,-0.015839
1.000000,14.508000,2653.449463,651.709526,32.058044,-0.028811,-0.001714,-0.015774
1.000000,14.522000,2653.456661,651.706390,32.091717,-0.028758,-0.001446,-0.015672
1.000000,14.538000,2653.445549,651.708199,32.078577,-0.028588,-0.002067,-0.015791
1.000000,14.552000,2653.436781,651.683900,32.037843,-0.028863,-0.002442,-0.015667
1.000000,14.566000,2653.455786,651.704947,32.066761,-0.028649,-0.002446,-0.015677
1.000000,14.581000,2653.449798,651.738613,32.078870,-0.028571,-0.002026,-0.015734
1.000000,14.594000,2653.449231,651.706091,32.067558,-0.028739,-0.001784,-0.015735
1.000000,14.609000,2653.463506,651.690776,32.070096,-0.028668,-0.002064,-0.015791
1.000000,14.623000,2653.444168,651.683837,32.070695,-0.028695,-0.002263,-0.015831
1.000000,14.636000,2653.416732,651.702338,32.059407,-0.028718,-0.002468,-0.015782
1.000000,14.648000,2653.424380,651.707126,32.075743,-0.028837,-0.002257,-0.015721
1.000000,14.662000,2653.462686,651.708867,32.100988,-0.028445,-0.002201,-0.015902
1.000000,14.676000,2653.447664,651.717541,32.093856,-0.028637,-0.001828,-0.015832
1.000000,14.690000,2653.430266,651.716400,32.090165,-0.028801,-0.001925,-0.015711
1.000000,14.703000,2653.426592,651.717776,32.084753,-0.028932,-0.002238,-0.015758
1.000000,14.719000,2653.433131,651.673777,32.067890,-0.028742,-0.002515,-0.015767
1.000000,14.733000,2653.434083,651.679681,32.072805,-0.028680,-0.002392,-0.015825
1.000000,14.747000,2653.470222,651.704722,32.096273,-0.028667,-0.001928,-0.015832
1.000000,14.761000,2653.461831,651.697404,32.097388,-0.028673,-0.001737,-0.015799
1.000000,14.776000,2653.422347,651.709872,32.103783,-0.028581,-0.002067,-0.015872
1.000000,14.790000,2653.415002,651.702920,32.097977,-0.028740,-0.002256,-0.015807
1.000000,14.803000,2653.427225,651.686501,32.096241,-0.028803,-0.002404,-0.015791
1.000000,14.817000,2653.448632,651.685666,32.084017,-0.028774,-0.002118,-0.015729
1.000000,14.832000,2653.439068,651.687640,32.087406,-0.028696,-0.001881,-0.015814
1.000000,14.845000,2653.436041,651.648614,32.062253,-0.028942,-0.001790,-0.015737
1.000000,14.864000,2653.426084,651.678774,32.053891,-0.028895,-0.002420,-0.015763
1.000000,14.882000,2653.417755,651.695800,32.079183,-0.028848,-0.002464,-0.015746
1.000000,14.900000,2653.420859,651.702071,32.088322,-0.028742,-0.002493,-0.015702
1.000000,14.918000,2653.439758,651.693940,32.082994,-0.028959,-0.001766,-0.015839
1.000000,14.937000,2653.459662,651.666291,32.100940,-0.028833,-0.002026,-0.015870
1.000000,14.954000,2653.455140,651.671622,32.077713,-0.028833,-0.002158,-0.015855
1.000000,14.971000,2653.420719,651.688760,32.056922,-0.028808,-0.002314,-0.015686
1.000000,14.985000,2653.417891,651.691547,32.073473,-0.028808,-0.002581,-0.015693
1.000000,15.001000,2653.435152,651.723067,32.090199,-0.028653,-0.002767,-0.015886
1.000000,15.018000,2653.431659,651.703264,32.082308,-0.028817,-0.002112,-0.015735
1.000000,15.035000,2653.434925,651.701534,32.084824,-0.028662,-0.002046,-0.015851
1.000000,15.053000,2653.437606,651.664417,32.062980,-0.029103,-0.002268,-0.015670
1.000000,15.070000,2653.432119,651.675990,32.072780,-0.028824,-0.002522,-0.015797
1.000000,15.084000,2653.428419,651.704434,32.080256,-0.028871,-0.001705,-0.015860
1.000000,15.099000,2653.426031,651.714048,32.074904,-0.028923,-0.001472,-0.015630
1.000000,15.115000,2653.441449,651.732995,32.084935,-0.028624,-0.002164,-0.015858
1.000000,15.135000,2653.414395,651.689504,32.066826,-0.028785,-0.002324,-0.015602
1.000000,15.151000,2653.405438,651.672696,32.059940,-0.028895,-0.002490,-0.015751
1.000000,15.164000,2653.433225,651.681221,32.067571,-0.028864,-0.002130,-0.015705
1.000000,15.180000,2653.462358,651.684260,32.077805,-0.028876,-0.001644,-0.015699
1.000000,15.195000,2653.423986,651.706579,32.071192,-0.028884,-0.001842,-0.015826
1.000000,15.211000,2653.421650,651.690656,32.067640,-0.028972,-0.002365,-0.015789
1.000000,15.225000,2653.441925,651.716147,32.081221,-0.028781,-0.002018,-0.015809
1.000000,15.240000,2653.427093,651.727036,32.076842,-0.028837,-0.001843,-0.015762
1.000000,15.255000,2653.431956,651.719788,32.072133,-0.028716,-0.001760,-0.015780
1.000000,15.269000,2653.435039,651.676543,32.060785,-0.028914,-0.001861,-0.015695
1.000000,15.283000,2653.433740,651.699291,32.064910,-0.028827,-0.002108,-0.015714
1.000000,15.299000,2653.444629,651.696111,32.085917,-0.028756,-0.002473,-0.015806
1.000000,15.314000,2653.433520,651.684462,32.070422,-0.028991,-0.002234,-0.015711
1.000000,15.330000,2653.436582,651.715268,32.079861,-0.028635,-0.001718,-0.015775
1.000000,15.343000,2653.450894,651.724317,32.080030,-0.028689,-0.002232,-0.015729
1.000000,15.358000,2653.432120,651.682843,32.044202,-0.028928,-0.002068,-0.015655
1.000000,15.373000,2653.433680,651.693689,32.064463,-0.028649,-0.002341,-0.015858
1.000000,15.388000,2653.433238,651.697162,32.083860,-0.028526,-0.002056,-0.015888
1.000000,15.402000,2653.428605,651.686338,32.067334,-0.028828,-0.001967,-0.015746
1.000000,15.417000,2653.428495,651.700070,32.062077,-0.028864,-0.002097,-0.015653
1.000000,15.433000,2653.428002,651.686118,32.041408,-0.028871,-0.002296,-0.015690
1.000000,15.449000,2653.443825,651.685060,32.106403,-0.028684,-0.002238,-0.015789
1.000000,15.464000,2653.455749,651.691081,32.076337,-0.028745,-0.002260,-0.015739
1.000000,15.480000,2653.427963,651.718265,32.050330,-0.028810,-0.001577,-0.015762
1.000000,15.495000,2653.426538,651.677086,32.086052,-0.028756,-0.002049,-0.015786
1.000000,15.510000,2653.452259,651.710552,32.097623,-0.028672,-0.002681,-0.015871
1.000000,15.533000,2653.425809,651.690550,32.039223,-0.028934,-0.001858,-0.015740
1.000000,15.547000,2653.432873,651.693211,32.044871,-0.028906,-0.001874,-0.015592
1.000000,15.562000,2653.469161,651.701227,32.094855,-0.028635,-0.002738,-0.015880
1.000000,15.578000,2653.422100,651.681326,32.074474,-0.028654,-0.001990,-0.015799
1.000000,15.592000,2653.414757,651.711725,32.047440,-0.028854,-0.001884,-0.015768
1.000000,15.609000,2653.433423,651.688243,32.065051,-0.028863,-0.002124,-0.015723
1.000000,15.621000,2653.458768,651.701221,32.081398,-0.028551,-0.002223,-0.015862
1.000000,15.635000,2653.445569,651.707679,32.080183,-0.028359,-0.002058,-0.016008
1.000000,15.649000,2653.457475,651.696840,32.070475,-0.028732,-0.002006,-0.015797
1.000000,15.663000,2653.440778,651.696844,32.063642,-0.028837,-0.002000,-0.015770
1.000000,15.680000,2653.435816,651.698755,32.083665,-0.028547,-0.002056,-0.015918
1.000000,15.696000,2653.431963,651.663233,32.049651,-0.028761,-0.002279,-0.015817
1.000000,15.711000,2653.435107,651.675877,32.060372,-0.028828,-0.002224,-0.015775
1.000000,15.725000,2653.437203,651.702297,32.061595,-0.028658,-0.002237,-0.015746
1.000000,15.741000,2653.426863,651.694831,32.071625,-0.028544,-0.002123,-0.015852
1.000000,15.755000,2653.449422,651.701673,32.068672,-0.028546,-0.002365,-0.015856
1.000000,15.769000,2653.442358,651.700676,32.057443,-0.028526,-0.002378,-0.015833
1.000000,15.784000,2653.433104,651.680160,32.037425,-0.028659,-0.002236,-0.015837
1.000000,15.800000,2653.441762,651.673633,32.060230,-0.028449,-0.002194,-0.015836
1.000000,15.816000,2653.443219,651.675985,32.052466,-0.028563,-0.002543,-0.015882
1.000000,15.832000,2653.424216,651.690985,32.014632,-0.028711,-0.002291,-0.015723
1.000000,15.848000,2653.437861,651.698685,32.059995,-0.028569,-0.002413,-0.015732
1.000000,15.861000,2653.459215,651.722973,32.089347,-0.028331,-0.002668,-0.015858
1.000000,15.873000,2653.442844,651.703210,32.053085,-0.028675,-0.002432,-0.015564
1.000000,15.889000,2653.454467,651.713429,32.050751,-0.028494,-0.002119,-0.015876
1.000000,15.908000,2653.447382,651.671846,32.047370,-0.028697,-0.002275,-0.015807
1.000000,15.920000,2653.440603,651.680614,32.068451,-0.028569,-0.002158,-0.015737
1.000000,15.936000,2653.414128,651.702813,32.042690,-0.028599,-0.002506,-0.015660
1.000000,15.951000,2653.431857,651.693825,32.050696,-0.028599,-0.002417,-0.015719
1.000000,16.002000,2653.429458,651.704314,32.050467,-0.028558,-0.002524,-0.015741
1.000000,16.018000,2653.450930,651.671249,32.036249,-0.028649,-0.002509,-0.015655
1.000000,16.033000,2653.450852,651.668381,32.059565,-0.028627,-0.002135,-0.015731
1.000000,16.048000,2653.450750,651.722609,32.092852,-0.028426,-0.001986,-0.015840
1.000000,16.063000,2653.436314,651.731264,32.076405,-0.028562,-0.001978,-0.015729
