1.000000,0.177000,1984.244545,1511.251197,226.248867,-0.003980,0.008185,-1.445749
1.000000,0.231000,1984.199231,1511.153057,226.332499,-0.004351,0.009046,-1.444824
1.000000,0.293000,1984.153357,1511.276228,226.273919,-0.005034,0.009135,-1.445106
1.000000,0.410000,1984.183430,1511.182357,226.256584,-0.005461,0.009603,-1.444645
1.000000,0.448000,1984.232741,1511.377368,226.249218,-0.003655,0.010361,-1.445092
1.000000,0.466000,1984.223023,1511.392549,226.244921,-0.003726,0.010229,-1.445321
1.000000,0.486000,1984.124774,1511.300031,226.284662,-0.004968,0.010358,-1.443695
1.000000,0.506000,1984.162977,1511.194212,226.288130,-0.005344,0.010482,-1.443018
1.000000,0.530000,1984.142264,1511.208667,226.289613,-0.005327,0.010566,-1.443060
1.000000,0.550000,1984.205943,1511.301561,226.251312,-0.005275,0.010727,-1.443251
1.000000,0.573000,1984.213040,1511.385680,226.244024,-0.004725,0.010724,-1.443685
1.000000,0.594000,1984.150750,1511.365027,226.240190,-0.004218,0.010785,-1.443536
1.000000,0.614000,1984.104369,1511.342792,226.280803,-0.003522,0.011182,-1.443395
1.000000,0.635000,1984.119700,1511.414741,226.224817,-0.001302,0.011526,-1.443671
1.000000,0.675000,1984.177007,1511.669207,226.082811,0.000946,0.012431,-1.442072
1.000000,0.705000,1984.187181,1511.778158,226.016089,0.001827,0.012802,-1.441609
1.000000,0.730000,1984.118848,1511.780867,226.017659,0.002068,0.012992,-1.441416
1.000000,0.746000,1984.149534,1511.757626,226.027136,0.002379,0.012719,-1.440963
1.000000,0.763000,1984.142434,1511.704491,226.010879,0.002107,0.012923,-1.440458
1.000000,0.783000,1984.158159,1511.696940,226.024126,0.001856,0.012960,-1.440792
1.000000,0.797000,1984.185083,1511.690790,226.062601,0.001769,0.013161,-1.440999
1.000000,0.816000,1984.181983,1511.702785,226.050971,0.001899,0.013005,-1.441130
1.000000,0.833000,1984.149890,1511.709298,225.992973,0.001851,0.012985,-1.440869
1.000000,0.850000,1984.150364,1511.775701,226.005410,0.001892,0.012964,-1.440950
1.000000,0.871000,1984.147647,1511.780570,226.011390,0.001963,0.012938,-1.441222
1.000000,0.891000,1984.157571,1511.721459,226.020157,0.001307,0.013108,-1.441153
1.000000,0.909000,1984.173142,1511.304571,226.306138,-0.003173,0.010320,-1.445811
1.000000,0.926000,1984.143101,1511.174547,226.333395,-0.003991,0.010634,-1.444967
1.000000,0.948000,1984.156604,1511.177724,226.344290,-0.004771,0.010604,-1.444220
1.000000,0.961000,1984.175687,1511.271978,226.275515,-0.004921,0.010300,-1.444379
1.000000,0.981000,1984.159482,1511.304760,226.241601,-0.004702,0.010207,-1.444285
1.000000,0.994000,1984.173076,1511.269133,226.247244,-0.004862,0.010069,-1.444228
1.000000,1.012000,1984.160750,1511.347341,226.259034,-0.003676,0.010150,-1.445538
1.000000,1.027000,1984.146933,1511.295352,226.283666,-0.003891,0.010098,-1.445244
1.000000,1.045000,1984.196888,1511.241100,226.303770,-0.004294,0.010206,-1.444439
1.000000,1.060000,1984.169319,1511.228581,226.283659,-0.004584,0.010148,-1.443901
1.000000,1.074000,1984.126742,1511.213070,226.262315,-0.004663,0.010358,-1.443512
1.000000,1.088000,1984.171005,1511.210171,226.269454,-0.005007,0.009977,-1.444082
1.000000,1.102000,1984.189384,1511.247639,226.267251,-0.004684,0.010230,-1.443697
1.000000,1.115000,1984.163617,1511.303405,226.229456,-0.004787,0.010016,-1.444016
1.000000,1.132000,1984.178196,1511.297519,226.257320,-0.004878,0.009973,-1.444248
1.000000,1.145000,1984.226330,1511.274592,226.282580,-0.005055,0.009869,-1.444171
1.000000,1.162000,1984.193455,1511.263637,226.277289,-0.004982,0.009782,-1.443984
1.000000,1.175000,1984.156360,1511.247482,226.269342,-0.005166,0.009829,-1.443843
1.000000,1.188000,1984.161563,1511.151760,226.265696,-0.005250,0.009965,-1.443416
1.000000,1.205000,1984.179591,1511.141563,226.279895,-0.005287,0.010128,-1.443397
1.000000,1.220000,1984.135946,1511.223022,226.276378,-0.004905,0.010068,-1.443688
1.000000,1.235000,1984.135620,1511.264906,226.237125,-0.004818,0.010118,-1.443848
1.000000,1.251000,1984.234267,1511.295543,226.226672,-0.004959,0.009841,-1.444183
1.000000,1.266000,1984.214566,1511.305795,226.233743,-0.005086,0.009590,-1.444624
1.000000,1.282000,1984.236740,1511.267384,226.239655,-0.005628,0.008992,-1.445491
1.000000,1.300000,1984.198732,1511.189680,226.273281,-0.005347,0.009790,-1.444280
1.000000,1.319000,1984.162523,1511.173120,226.272737,-0.005553,0.009485,-1.444359
1.000000,1.339000,1984.139605,1511.163546,226.261396,-0.005482,0.009537,-1.444372
1.000000,1.352000,1984.222688,1511.216281,226.283669,-0.005309,0.009543,-1.444686
1.000000,1.366000,1984.222514,1511.235171,226.247597,-0.005357,0.009436,-1.444971
1.000000,1.381000,1984.244540,1511.189680,226.230816,-0.005878,0.009087,-1.445546
1.000000,1.396000,1984.249363,1511.173384,226.245270,-0.005698,0.009232,-1.445064
1.000000,1.416000,1984.241509,1511.190158,226.277223,-0.005524,0.009022,-1.445450
1.000000,1.431000,1984.157257,1511.202455,226.262866,-0.005292,0.008783,-1.445709
1.000000,1.447000,1984.187055,1511.189153,226.272938,-0.005569,0.008903,-1.445461
1.000000,1.472000,1984.213161,1511.169453,226.296056,-0.005531,0.008826,-1.445358
1.000000,1.493000,1984.220577,1511.092051,226.320869,-0.005601,0.009125,-1.445135
1.000000,1.512000,1984.259165,1511.116002,226.277408,-0.005382,0.008886,-1.445131
1.000000,1.532000,1984.194227,1511.228038,226.274220,-0.004944,0.008816,-1.445242
1.000000,1.550000,1984.229843,1511.179693,226.293004,-0.005703,0.008595,-1.446221
1.000000,1.574000,1984.227844,1511.185845,226.279539,-0.005525,0.008518,-1.446168
1.000000,1.588000,1984.207477,1511.124319,226.290605,-0.005516,0.008838,-1.445498
1.000000,1.602000,1984.243182,1511.097446,226.317227,-0.005488,0.008970,-1.445158
1.000000,1.617000,1984.231224,1511.111124,226.325554,-0.005412,0.008959,-1.445207
1.000000,1.633000,1984.195139,1511.089860,226.297716,-0.005461,0.008649,-1.445469
1.000000,1.648000,1984.186730,1511.115962,226.259261,-0.005226,0.009132,-1.444906
1.000000,1.663000,1984.229948,1511.133462,226.264617,-0.005347,0.009009,-1.445232
1.000000,1.675000,1984.243338,1511.164419,226.270204,-0.005503,0.008473,-1.445888
1.000000,1.705000,1984.249201,1511.195915,226.326552,-0.005230,0.008927,-1.445594
1.000000,1.756000,1984.214479,1511.094416,226.346676,-0.005638,0.009034,-1.444885
1.000000,1.768000,1984.210985,1511.146184,226.368263,-0.005113,0.009258,-1.444171
1.000000,1.783000,1984.181428,1511.160480,226.364939,-0.005196,0.009206,-1.444462
1.000000,1.796000,1984.199570,1511.144031,226.329384,-0.005459,0.008905,-1.445062
1.000000,1.812000,1984.249362,1511.146517,226.244868,-0.005082,0.009069,-1.445069
1.000000,1.826000,1984.238232,1511.168082,226.241515,-0.005036,0.008982,-1.445354
1.000000,1.840000,1984.214958,1511.199915,226.259505,-0.004861,0.009214,-1.444916
1.000000,1.853000,1984.231826,1511.218145,226.283298,-0.005052,0.009162,-1.444994
1.000000,1.865000,1984.222446,1511.213035,226.318762,-0.005309,0.009243,-1.444888
1.000000,1.877000,1984.157762,1511.161764,226.349081,-0.005733,0.009371,-1.444405
