0.200000
0.250000
0.260000
0.260000
0.250000
0.250000
0.250000
0.250000
0.250000
0.250000
0.250000
0.260000
0.260000
0.260000
0.260000
0.260000
0.260000
0.260000
0.260000
0.260000
0.260000
0.260000
0.260000
0.260000
0.260000
0.260000
0.260000
0.260000
0.260000
0.260000
0.260000
0.260000
0.260000
0.260000
0.260000
0.260000
0.260000
0.260000
0.260000
0.260000
0.260000
0.260000
0.260000
0.260000
0.260000
0.260000
0.260000
0.260000
0.260000
0.260000
0.260000
0.260000
0.260000
0.260000
0.260000
0.260000
0.260000
0.260000
0.260000
0.220000
0.220000
0.220000
0.220000
0.260000
0.260000
0.260000
0.260000
0.270000
0.270000
0.270000
0.270000
0.260000
0.260000
0.260000
0.260000
0.260000
0.260000
0.260000
0.260000
0.260000
0.260000
0.260000
0.260000
0.260000
0.260000
0.260000
0.260000
0.260000
0.260000
0.270000
0.270000
0.270000
0.270000
0.270000
0.260000
0.260000
0.260000
0.260000
0.260000
0.270000
0.270000
0.270000
0.260000
0.260000
0.260000
0.260000
0.260000
0.260000
0.260000
0.260000
0.260000
0.260000
0.260000
0.260000
0.260000
0.260000
0.260000
0.260000
0.260000
0.260000
0.260000
0.260000
0.200000
0.200000
0.200000
0.200000
0.270000
0.270000
0.270000
0.270000
0.270000
0.260000
0.260000
0.260000
0.260000
0.260000
0.260000
0.260000
0.260000
0.260000
0.220000
0.220000
0.220000
0.220000
0.260000
0.260000
0.260000
0.260000
0.250000
0.250000
0.250000
0.250000
0.250000
0.250000
0.250000
0.250000
0.250000
0.250000
0.250000
0.250000
0.250000
0.250000
0.260000
0.260000
0.260000
0.260000
0.260000
0.250000
0.250000
0.250000
0.250000
0.250000
0.250000
0.250000
0.250000
0.250000
0.250000
0.250000
0.250000
0.250000
0.250000
0.250000
0.250000
0.250000
0.250000
0.250000
0.250000
0.250000
0.250000
0.250000
0.250000
0.250000
0.250000
0.210000
0.210000
0.210000
0.210000
0.260000
0.260000
0.260000
0.260000
0.260000
0.260000
0.250000
0.250000
0.250000
0.250000
0.250000
0.250000
0.250000
0.250000
0.250000
0.250000
0.250000
0.250000
0.250000
0.250000
0.250000
0.250000
0.250000
0.250000
0.250000
0.250000
0.250000
0.250000
0.250000
0.250000
0.250000
0.250000
0.250000
0.250000
0.250000
0.250000
0.250000
0.250000
0.250000
0.250000
0.250000
0.250000
0.250000
0.250000
0.250000
0.250000
0.250000
0.250000
0.250000
0.250000
0.250000
0.250000
0.250000
0.250000
0.250000
0.250000
0.250000
0.250000
0.250000
0.250000
0.370000
0.370000
0.370000
0.270000
0.270000
0.270000
0.270000
0.270000
0.270000
0.270000
0.270000
0.270000
0.270000
0.270000
0.270000
0.270000
0.270000
0.270000
0.320000
0.320000
0.320000
0.320000
0.320000
0.320000
0.200000
0.200000
0.200000
0.200000
0.200000
0.260000
0.260000
0.260000
0.260000
0.260000
0.260000
0.270000
0.270000
0.270000
0.270000
0.270000
0.200000
0.200000
0.200000
0.200000
0.200000
0.200000
0.270000
0.270000
0.270000
0.270000
0.250000
0.250000
0.250000
0.250000
0.250000
0.260000
0.260000
0.260000
0.260000
0.260000
0.260000
0.260000
0.260000
0.260000
0.250000
0.250000
0.250000
0.250000
0.250000
0.250000
0.250000
0.250000
0.250000
0.250000
0.270000
0.270000
0.270000
0.270000
0.270000
0.200000
0.200000
0.200000
0.200000
0.200000
0.200000
0.200000
0.200000
0.200000
0.260000
0.260000
0.260000
0.260000
0.260000
0.260000
0.260000
0.260000
0.270000
0.270000
0.270000
0.270000
0.270000
0.270000
0.270000
0.260000
0.260000
0.260000
0.260000
0.260000
0.260000
0.260000
0.260000
0.260000
0.260000
0.260000
0.260000
0.260000
0.260000
0.260000
0.260000
0.270000
0.270000
0.270000
0.270000
0.270000
0.270000
0.270000
0.270000
0.270000
0.270000
0.270000
0.260000
0.260000
0.260000
0.260000
0.260000
0.260000
0.260000
0.260000
0.260000
0.260000
0.260000
0.270000
0.270000
0.270000
0.270000
0.270000
0.260000
0.260000
0.260000
0.260000
0.260000
0.260000
0.260000
0.260000
0.260000
0.260000
0.260000
0.260000
0.260000
0.260000
0.260000
0.260000
0.370000
0.370000
0.370000
0.360000
0.360000
0.360000
0.360000
0.260000
0.260000
0.260000
0.260000
0.260000
0.260000
0.260000
0.260000
0.260000
0.310000
0.310000
0.310000
0.310000
0.310000
0.200000
0.200000
0.200000
0.200000
0.200000
0.220000
0.220000
0.220000
0.220000
0.220000
0.260000
0.260000
0.260000
0.260000
0.260000
0.270000
0.270000
0.270000
0.270000
0.270000
0.270000
0.270000
0.270000
0.270000
0.270000
0.270000
0.260000
0.260000
0.260000
0.260000
0.260000
0.260000
0.260000
0.260000
0.260000
0.260000
0.260000
0.260000
0.320000
0.320000
0.320000
0.320000
0.320000
0.260000
0.260000
0.260000
0.260000
0.260000
0.260000
0.380000
0.380000
0.380000
0.380000
0.380000
0.300000
0.300000
0.300000
0.300000
0.300000
0.260000
0.260000
0.260000
0.260000
0.260000
0.270000
0.270000
0.270000
0.270000
0.260000
0.260000
0.260000
0.260000
0.260000
0.250000
0.250000
0.250000
0.250000
0.220000
0.220000
0.220000
0.220000
0.220000
0.250000
0.250000
0.250000
0.250000
0.250000
0.250000
0.250000
0.250000
0.250000
0.250000
0.250000
0.250000
0.250000
0.260000
0.260000
0.260000
0.260000
0.250000
0.250000
0.250000
0.250000
0.250000
0.260000
0.260000
0.260000
0.250000
0.250000
0.250000
0.250000
0.260000
0.260000
0.260000
0.260000
0.260000
0.260000
0.270000
0.270000
0.270000
0.270000
0.270000
0.270000
0.270000
0.270000
0.270000
0.270000
0.270000
0.270000
0.270000
0.270000
0.270000
0.270000
0.270000
0.270000
0.270000
0.270000
0.270000
0.260000
0.260000
0.260000
0.260000
0.260000
0.260000
0.260000
0.260000
0.260000
0.260000
0.260000
0.260000
0.270000
0.270000
0.270000
0.270000
0.270000
0.220000
0.220000
0.220000
0.220000
0.220000
0.270000
0.270000
0.270000
0.270000
0.270000
0.250000
0.250000
0.250000
0.250000
0.250000
0.260000
0.260000
0.260000
0.260000
0.260000
0.260000
0.260000
0.260000
0.260000
0.260000
0.260000
0.260000
0.260000
0.260000
0.260000
0.260000
0.260000
0.250000
0.250000
0.250000
0.250000
0.250000
0.260000
0.260000
0.260000
0.260000
0.260000
0.260000
0.260000
0.260000
0.260000
0.260000
0.260000
0.260000
0.260000
0.260000
0.260000
0.260000
0.260000
0.260000
0.260000
0.260000
0.260000
0.260000
0.260000
0.260000
0.320000
0.320000
0.320000
0.320000
0.320000
0.320000
0.260000
0.260000
0.260000
0.260000
0.260000
0.260000
0.260000
0.260000
0.260000
0.260000
0.260000
0.260000
0.260000
0.260000
0.260000
0.260000
0.260000
0.250000
0.250000
0.250000
0.250000
0.250000
0.250000
0.260000
0.260000
0.260000
0.260000
0.260000
0.260000
0.260000
0.260000
0.260000
0.260000
0.260000
0.260000
0.260000
0.260000
0.260000
0.260000
0.260000
0.260000
0.260000
0.260000
0.260000
0.260000
0.260000
0.250000
0.250000
0.250000
0.250000
0.250000
0.250000
0.250000
0.250000
0.250000
0.250000
0.250000
0.250000
0.260000
0.260000
0.260000
0.260000
0.260000
0.260000
0.250000
0.250000
0.250000
0.250000
0.250000
0.260000
0.260000
0.260000
0.260000
0.260000
0.260000
0.250000
0.250000
0.250000
0.250000
0.250000
0.250000
0.360000
0.360000
0.360000
0.360000
0.360000
0.360000
0.250000
0.250000
0.250000
0.250000
0.250000
0.250000
0.250000
0.250000
0.250000
0.250000
0.250000
0.250000
0.250000
0.250000
0.250000
0.250000
0.200000
0.200000
0.200000
0.200000
0.200000
0.200000
0.250000
0.250000
0.250000
0.250000
0.250000
0.260000
0.260000
0.260000
0.260000
0.260000
0.260000
0.200000
0.200000
0.200000
0.200000
0.200000
0.250000
0.250000
0.250000
0.250000
0.250000
0.250000
0.250000
0.250000
0.250000
0.250000
0.250000
0.250000
0.250000
0.250000
0.250000
0.250000
0.250000
0.250000
0.250000
0.250000
0.250000
0.250000
0.250000
0.250000
0.250000
0.250000
0.250000
0.250000
0.250000
0.250000
0.250000
0.250000
0.250000
0.250000
0.250000
0.250000
0.250000
0.250000
0.250000
0.250000
0.250000
0.250000
0.250000
0.250000
0.250000
0.250000
0.250000
0.270000
0.270000
0.270000
0.270000
0.270000
0.270000
0.200000
0.200000
0.200000
0.200000
0.200000
0.200000
0.220000
0.220000
0.220000
0.220000
0.220000
0.280000
0.280000
0.280000
0.280000
0.280000
0.310000
0.310000
0.310000
0.310000
0.310000
0.310000
0.340000
0.340000
0.340000
0.340000
0.340000
0.340000
0.370000
0.370000
0.370000
0.370000
0.370000
0.370000
0.420000
0.420000
0.420000
0.420000
0.420000
0.420000
0.420000
0.460000
0.460000
0.460000
0.460000
0.460000
0.330000
0.330000
0.330000
0.330000
0.330000
0.330000
0.610000
0.610000
0.610000
0.610000
0.610000
0.610000
0.680000
0.680000
0.680000
0.680000
0.680000
0.680000
1.450000
1.450000
1.450000
1.450000
1.450000
1.660000
1.660000
1.660000
1.660000
1.660000
1.660000
0.910000
0.910000
0.910000
0.910000
0.910000
0.910000
0.200000
0.200000
0.200000
0.200000
0.200000
1.040000
1.040000
1.040000
1.040000
1.040000
1.040000
1.080000
1.080000
1.080000
1.080000
1.080000
1.080000
1.100000
1.100000
1.100000
1.100000
1.100000
1.100000
1.250000
1.250000
1.250000
1.250000
1.250000
1.250000
1.100000
1.100000
1.100000
1.100000
1.100000
1.220000
1.220000
1.220000
1.220000
1.220000
1.220000
1.070000
1.070000
1.070000
1.070000
1.070000
1.070000
1.050000
1.050000
1.050000
1.050000
1.050000
1.160000
1.160000
1.160000
1.160000
1.160000
1.160000
1.120000
1.120000
1.120000
1.120000
1.120000
1.060000
1.060000
1.060000
1.060000
1.060000
1.060000
1.010000
1.010000
1.010000
1.010000
1.010000
1.010000
1.010000
1.010000
1.010000
1.010000
1.010000
1.020000
1.020000
1.020000
1.020000
1.020000
1.020000
1.020000
1.020000
1.020000
1.020000
1.020000
1.020000
1.020000
1.020000
1.020000
1.020000
1.020000
1.020000
1.020000
1.020000
1.020000
1.020000
1.030000
1.030000
1.030000
1.030000
1.030000
1.030000
1.030000
1.030000
1.030000
1.030000
1.030000
1.030000
1.030000
1.040000
1.040000
1.040000
1.040000
1.040000
1.050000
1.050000
1.050000
1.050000
1.050000
1.050000
1.050000
1.050000
1.050000
1.070000
1.070000
1.070000
1.070000
1.070000
1.070000
1.070000
1.070000
1.070000
1.080000
1.080000
1.080000
1.080000
1.080000
1.080000
1.080000
1.080000
1.080000
1.080000
1.100000
1.100000
1.100000
1.100000
1.100000
1.090000
1.090000
1.090000
1.090000
1.090000
1.080000
1.080000
1.080000
1.080000
1.070000
1.070000
1.070000
1.070000
1.050000
1.050000
1.050000
1.050000
1.050000
1.040000
1.040000
1.040000
1.040000
1.040000
1.040000
1.040000
1.040000
1.040000
1.040000
1.040000
1.050000
1.050000
1.050000
1.050000
1.050000
1.050000
1.120000
1.120000
1.120000
1.120000
1.120000
1.120000
1.070000
1.070000
1.070000
1.070000
1.070000
1.040000
1.040000
1.040000
1.040000
1.040000
1.040000
1.050000
1.050000
1.050000
1.050000
1.050000
1.050000
1.050000
1.060000
1.060000
1.060000
1.060000
1.060000
1.060000
1.060000
1.060000
1.060000
1.060000
1.060000
1.060000
1.060000
1.060000
1.060000
1.060000
1.060000
1.060000
1.070000
1.070000
1.070000
1.070000
1.070000
1.080000
1.080000
1.080000
1.080000
1.080000
1.080000
1.080000
1.080000
1.080000
1.080000
1.080000
1.080000
1.090000
1.090000
1.090000
1.090000
1.090000
1.090000
1.090000
1.090000
1.090000
1.090000
1.090000
1.090000
1.090000
1.090000
1.090000
1.090000
1.090000
1.100000
1.100000
1.100000
1.100000
1.100000
1.100000
1.110000
1.110000
1.110000
1.110000
1.110000
1.110000
1.120000
1.120000
1.120000
1.120000
1.120000
1.120000
1.120000
1.120000
1.120000
1.120000
1.120000
1.280000
1.280000
1.280000
1.280000
1.280000
1.280000
1.280000
1.150000
1.150000
1.150000
1.150000
1.150000
1.150000
0.960000
0.960000
0.960000
0.960000
0.960000
0.960000
1.140000
1.140000
1.140000
1.140000
1.140000
1.140000
0.960000
0.960000
0.960000
0.960000
0.960000
1.120000
1.120000
1.120000
1.120000
1.120000
1.120000
1.120000
1.120000
1.120000
1.120000
1.120000
0.850000
0.850000
0.850000
0.850000
0.850000
0.850000
1.080000
1.080000
1.080000
1.080000
1.080000
1.080000
0.820000
0.820000
0.820000
0.820000
0.820000
0.820000
1.110000
1.110000
1.110000
1.110000
1.110000
1.110000
1.110000
1.110000
1.350000
1.350000
1.350000
1.350000
1.050000
1.050000
1.050000
1.050000
1.050000
1.050000
1.360000
1.360000
1.360000
1.360000
1.360000
1.360000
1.110000
1.110000
1.110000
1.110000
1.110000
1.110000
1.360000
1.360000
1.360000
1.360000
1.360000
1.110000
1.110000
1.110000
1.110000
1.110000
1.110000
1.330000
1.330000
1.330000
1.330000
1.330000
1.330000
1.330000
1.330000
1.330000
1.330000
1.330000
1.330000
1.310000
1.310000
1.310000
1.310000
1.310000
1.310000
1.230000
1.230000
1.230000
1.230000
1.230000
1.230000
1.110000
1.110000
1.110000
1.110000
1.110000
1.050000
1.050000
1.050000
1.050000
1.050000
1.030000
1.030000
1.030000
1.030000
1.030000
1.060000
1.060000
1.060000
1.060000
1.060000
1.220000
1.220000
1.220000
1.220000
1.220000
1.120000
1.120000
1.120000
1.120000
1.120000
1.120000
1.050000
1.050000
1.050000
1.050000
1.050000
1.050000
1.030000
1.030000
1.030000
1.030000
1.030000
1.030000
1.060000
1.060000
1.060000
1.060000
1.060000
1.060000
1.070000
1.070000
1.070000
1.070000
1.070000
1.070000
1.070000
1.070000
1.070000
1.070000
1.070000
2.200000
2.200000
2.200000
2.200000
2.200000
2.200000
2.200000
2.220000
2.220000
2.220000
2.220000
2.220000
0.780000
0.780000
0.780000
0.780000
0.780000
0.780000
0.780000
0.780000
0.780000
0.780000
0.780000
0.780000
1.100000
1.100000
1.100000
1.100000
1.100000
1.100000
0.780000
0.780000
0.780000
0.780000
0.780000
0.780000
1.090000
1.090000
1.090000
1.090000
1.090000
1.090000
1.320000
1.320000
1.320000
1.320000
1.320000
1.320000
1.310000
1.310000
1.310000
1.310000
1.310000
1.310000
1.270000
1.270000
1.270000
1.270000
1.270000
1.270000
1.290000
1.290000
1.290000
1.290000
1.290000
1.290000
1.290000
1.290000
1.290000
1.290000
1.290000
1.290000
1.290000
1.290000
1.290000
1.290000
1.290000
1.290000
1.290000
1.290000
1.290000
1.290000
1.290000
1.290000
1.280000
1.280000
1.280000
1.280000
1.280000
1.280000
1.200000
1.200000
1.200000
1.200000
1.200000
1.200000
1.080000
1.080000
1.080000
1.080000
1.080000
1.080000
1.060000
1.060000
1.060000
1.060000
1.060000
1.060000
1.060000
1.060000
1.060000
1.060000
1.060000
1.060000
1.000000
1.000000
1.000000
1.000000
1.000000
1.000000
1.330000
1.330000
1.330000
1.330000
1.330000
1.330000
1.100000
1.100000
1.100000
1.100000
1.100000
1.100000
1.350000
1.350000
1.350000
1.350000
1.350000
1.110000
1.110000
1.110000
1.110000
1.110000
1.110000
0.780000
0.780000
0.780000
0.780000
0.780000
0.780000
1.120000
1.120000
1.120000
1.120000
1.120000
1.120000
0.780000
0.780000
0.780000
0.780000
0.780000
0.780000
1.110000
1.110000
1.110000
1.110000
1.110000
1.110000
0.780000
0.780000
0.780000
0.780000
0.780000
0.780000
1.100000
1.100000
1.100000
1.100000
1.100000
0.850000
0.850000
0.850000
0.850000
0.850000
0.850000
1.310000
1.310000
1.310000
1.310000
1.310000
1.310000
1.300000
1.300000
1.300000
1.300000
1.300000
1.300000
1.300000
1.300000
1.300000
1.300000
1.300000
1.300000
1.300000
1.300000
1.300000
1.300000
2.070000
2.070000
2.070000
2.070000
2.070000
2.070000
1.680000
1.680000
1.680000
1.680000
1.680000
1.680000
1.300000
1.300000
1.300000
1.300000
1.300000
1.300000
1.290000
1.290000
1.290000
1.290000
1.290000
1.290000
1.290000
1.290000
1.290000
1.290000
1.290000
1.320000
1.320000
1.320000
1.320000
1.320000
1.320000
1.320000
1.330000
1.330000
1.330000
1.330000
1.330000
1.330000
1.040000
1.040000
1.040000
1.040000
1.040000
1.040000
0.890000
0.890000
0.890000
0.890000
0.890000
0.890000
1.360000
1.360000
1.360000
1.360000
1.360000
1.360000
0.970000
0.970000
0.970000
0.970000
0.970000
0.970000
1.360000
1.360000
1.360000
1.360000
1.360000
1.360000
1.210000
1.210000
1.210000
1.210000
1.210000
1.210000
1.060000
1.060000
1.060000
1.060000
1.060000
1.060000
1.180000
1.180000
1.180000
1.180000
1.180000
1.050000
1.050000
1.050000
1.050000
1.050000
1.360000
1.360000
1.360000
1.360000
1.360000
1.360000
1.360000
1.360000
1.360000
1.360000
1.360000
1.360000
1.180000
1.180000
1.180000
1.180000
1.180000
1.020000
1.020000
1.020000
1.020000
1.020000
1.020000
1.320000
1.320000
1.320000
1.320000
1.320000
1.160000
1.160000
1.160000
1.160000
1.160000
1.160000
1.160000
1.150000
1.150000
1.150000
1.150000
1.150000
1.150000
0.990000
0.990000
0.990000
0.990000
0.990000
0.990000
1.150000
1.150000
1.150000
1.150000
1.150000
1.150000
0.970000
0.970000
0.970000
0.970000
0.970000
1.140000
1.140000
1.140000
1.140000
1.140000
1.140000
1.040000
1.040000
1.040000
1.040000
1.040000
1.240000
1.240000
1.240000
1.240000
1.240000
1.240000
1.110000
1.110000
1.110000
1.110000
1.110000
1.110000
0.930000
0.930000
0.930000
0.930000
0.930000
0.930000
1.090000
1.090000
1.090000
1.090000
1.090000
0.930000
0.930000
0.930000
0.930000
0.930000
0.930000
1.090000
1.090000
1.090000
1.090000
1.090000
1.090000
1.090000
1.090000
1.090000
1.090000
1.090000
0.930000
0.930000
0.930000
0.930000
0.930000
0.930000
1.090000
1.090000
1.090000
1.090000
1.090000
0.940000
0.940000
0.940000
0.940000
0.940000
0.940000
1.110000
1.110000
1.110000
1.110000
1.110000
1.110000
1.270000
1.270000
1.270000
1.270000
1.270000
1.270000
1.130000
1.130000
1.130000
1.130000
1.130000
1.130000
0.980000
0.980000
0.980000
0.980000
0.980000
0.980000
1.320000
1.320000
1.320000
1.320000
1.320000
1.320000
1.200000
1.200000
1.200000
1.200000
1.200000
1.200000
1.060000
1.060000
1.060000
1.060000
1.060000
1.060000
1.070000
1.070000
1.070000
1.070000
1.070000
1.070000
1.070000
1.070000
1.070000
1.070000
1.070000
1.070000
1.070000
1.070000
1.070000
1.070000
1.070000
1.070000
1.070000
1.070000
1.070000
1.070000
1.070000
1.070000
1.310000
1.380000
1.380000
1.380000
1.380000
1.380000
1.230000
1.230000
1.230000
1.230000
1.230000
1.230000
1.800000
1.800000
1.800000
1.800000
1.800000
1.800000
1.460000
1.460000
1.460000
1.460000
1.460000
1.460000
1.300000
1.300000
1.300000
1.300000
1.300000
1.300000
1.530000
1.530000
1.530000
1.530000
1.530000
2.150000
2.150000
2.150000
2.150000
2.150000
2.150000
1.550000
1.550000
1.550000
1.550000
1.550000
1.550000
1.560000
1.560000
1.560000
1.560000
1.560000
1.560000
1.730000
1.730000
1.730000
1.730000
1.730000
1.730000
1.780000
1.780000
1.780000
1.780000
1.780000
1.780000
1.920000
1.920000
1.920000
1.920000
1.920000
1.920000
1.610000
1.610000
1.610000
1.610000
1.610000
1.610000
2.050000
2.050000
2.050000
2.050000
2.050000
2.050000
1.950000
1.950000
1.950000
1.950000
2.150000
2.150000
2.150000
2.150000
2.150000
2.150000
2.150000
2.210000
2.210000
2.210000
2.210000
2.210000
2.090000
2.090000
2.090000
2.090000
2.090000
2.090000
2.130000
2.130000
2.130000
2.130000
2.130000
2.130000
2.160000
2.160000
2.160000
2.160000
2.160000
2.180000
2.180000
2.180000
2.180000
2.180000
2.180000
2.470000
2.470000
2.470000
2.470000
2.470000
2.470000
2.510000
2.510000
2.510000
2.510000
2.510000
2.510000
2.270000
2.270000
2.270000
2.270000
2.270000
2.310000
2.310000
2.310000
2.310000
2.310000
2.310000
2.560000
2.560000
2.560000
2.560000
2.560000
2.560000
2.540000
2.540000
2.540000
2.540000
2.540000
2.360000
2.360000
2.360000
2.360000
2.360000
2.400000
2.400000
2.400000
2.400000
2.400000
2.400000
2.300000
2.300000
2.300000
2.300000
2.300000
2.300000
2.360000
2.360000
2.360000
2.360000
2.360000
2.360000
2.360000
2.360000
2.360000
2.360000
2.360000
2.360000
2.540000
2.540000
2.540000
2.540000
2.540000
2.540000
2.540000
2.540000
2.540000
2.540000
2.540000
2.320000
2.320000
2.320000
2.320000
2.320000
2.320000
2.300000
2.300000
2.300000
2.300000
2.300000
2.300000
2.240000
2.240000
2.240000
2.240000
2.240000
2.240000
2.270000
2.270000
2.270000
2.270000
2.270000
2.270000
2.480000
2.480000
2.480000
2.480000
2.480000
2.480000
2.470000
2.470000
2.470000
2.470000
2.470000
2.470000
2.260000
2.260000
2.260000
2.260000
2.260000
2.260000
2.260000
2.260000
2.260000
2.260000
2.260000
2.260000
2.490000
2.490000
2.490000
2.490000
2.490000
2.490000
2.280000
2.280000
2.280000
2.280000
2.280000
2.280000
2.280000
2.280000
2.280000
2.280000
2.280000
2.280000
2.240000
2.240000
2.240000
2.240000
2.240000
2.240000
2.240000
2.240000
2.240000
2.240000
2.240000
2.510000
2.510000
2.510000
2.510000
2.510000
2.510000
2.500000
2.500000
2.500000
2.500000
2.500000
2.280000
2.280000
2.280000
2.280000
2.280000
2.280000
2.260000
2.260000
2.260000
2.260000
2.260000
2.260000
2.500000
2.500000
2.500000
2.500000
2.500000
2.500000
2.490000
2.490000
2.490000
2.490000
2.490000
2.490000
2.280000
2.280000
2.280000
2.280000
2.280000
2.280000
2.290000
2.290000
2.290000
2.290000
2.290000
2.290000
2.240000
2.240000
2.240000
2.240000
2.240000
2.280000
2.280000
2.280000
2.280000
2.280000
2.280000
2.280000
2.280000
2.280000
2.280000
2.280000
2.280000
2.490000
2.490000
2.490000
2.490000
2.490000
2.490000
2.490000
2.480000
2.480000
2.480000
2.480000
2.480000
2.280000
2.280000
2.280000
2.280000
2.280000
2.300000
2.300000
2.300000
2.300000
2.300000
2.300000
2.270000
2.270000
2.270000
2.270000
2.270000
2.270000
2.270000
2.290000
2.290000
2.290000
2.290000
2.290000
2.290000
2.580000
2.580000
2.580000
2.580000
2.580000
2.580000
2.580000
2.580000
2.580000
2.580000
2.580000
2.300000
2.300000
2.300000
2.300000
2.300000
2.300000
2.630000
2.630000
2.630000
2.630000
2.630000
2.630000
2.640000
2.640000
2.640000
2.640000
2.640000
2.640000
2.460000
2.460000
2.460000
2.460000
2.460000
2.460000
2.470000
2.470000
2.470000
2.470000
2.470000
2.470000
2.390000
2.390000
2.390000
2.390000
2.390000
2.390000
2.390000
2.390000
2.390000
2.390000
2.390000
2.390000
2.720000
2.720000
2.720000
2.720000
2.720000
2.720000
2.740000
2.740000
2.740000
2.740000
2.740000
2.740000
2.400000
2.400000
2.400000
2.400000
2.400000
2.400000
2.400000
2.450000
2.450000
2.450000
2.450000
2.450000
2.740000
2.740000
2.740000
2.740000
2.740000
2.740000
2.740000
2.740000
2.740000
2.740000
2.740000
2.740000
2.500000
2.500000
2.500000
2.500000
2.500000
2.500000
2.470000
2.470000
2.470000
2.470000
2.470000
2.470000
2.470000
2.470000
2.470000
2.470000
2.470000
2.470000
2.490000
2.490000
2.490000
2.490000
2.490000
2.480000
2.480000
2.480000
2.480000
2.480000
2.480000
2.740000
2.740000
2.740000
2.740000
2.740000
2.740000
2.740000
2.750000
2.750000
2.750000
2.750000
2.750000
2.750000
2.510000
2.510000
2.510000
2.510000
2.510000
2.510000
2.510000
2.510000
2.510000
2.510000
2.510000
2.420000
2.420000
2.420000
2.420000
2.420000
2.420000
2.440000
2.440000
2.440000
2.440000
2.440000
2.750000
2.750000
2.750000
2.750000
2.750000
2.750000
2.750000
2.750000
2.750000
2.750000
2.750000
2.750000
2.750000
2.750000
2.750000
2.750000
2.750000
2.750000
2.750000
2.540000
2.540000
2.540000
2.540000
2.790000
2.790000
2.790000
2.790000
2.790000
2.790000
2.560000
2.560000
2.560000
2.560000
2.560000
2.560000
2.560000
2.540000
2.540000
2.540000
2.540000
2.540000
2.540000
2.440000
2.440000
2.440000
2.440000
2.440000
2.440000
2.450000
2.450000
2.450000
2.450000
2.450000
2.450000
2.830000
2.830000
2.830000
2.830000
2.830000
2.830000
2.840000
2.840000
2.840000
2.840000
2.840000
2.840000
2.560000
2.560000
2.560000
2.560000
2.560000
2.560000
2.480000
2.480000
2.480000
2.480000
2.480000
2.600000
2.600000
2.600000
2.600000
2.600000
2.600000
2.470000
2.470000
2.470000
2.470000
2.470000
2.470000
2.470000
2.470000
2.470000
2.470000
2.470000
2.470000
2.470000
2.470000
2.470000
2.470000
2.470000
2.470000
2.470000
2.470000
2.470000
2.470000
2.470000
2.470000
2.470000
2.470000
2.470000
2.470000
2.810000
2.570000
2.560000
2.560000
2.560000
2.560000
2.560000
2.450000
2.450000
2.450000
2.450000
2.450000
2.450000
2.450000
2.450000
2.450000
2.450000
2.450000
2.450000
2.560000
2.560000
2.560000
2.560000
2.560000
2.560000
2.560000
2.560000
2.560000
2.560000
2.560000
2.560000
2.450000
2.450000
2.450000
2.450000
2.450000
2.450000
2.450000
2.450000
2.450000
2.450000
2.790000
2.790000
2.790000
2.790000
2.790000
2.790000
2.790000
2.780000
2.780000
2.780000
2.780000
2.780000
2.540000
2.540000
2.540000
2.540000
2.540000
2.540000
2.550000
2.550000
2.550000
2.550000
2.550000
2.550000
2.750000
2.750000
2.750000
2.750000
2.750000
2.750000
2.520000
2.520000
2.520000
2.520000
2.520000
2.520000
2.530000
2.530000
2.530000
2.530000
2.530000
2.530000
2.390000
2.390000
2.390000
2.390000
2.390000
2.390000
2.390000
2.390000
2.390000
2.390000
2.390000
2.390000
2.390000
2.390000
2.390000
2.390000
2.390000
2.390000
2.390000
2.390000
2.680000
2.680000
2.680000
2.680000
2.500000
2.500000
2.500000
2.500000
2.500000
2.500000
2.480000
2.480000
2.480000
2.480000
2.480000
2.480000
2.690000
2.690000
2.690000
2.690000
2.690000
2.360000
2.360000
2.360000
2.360000
2.360000
2.360000
2.350000
2.350000
2.350000
2.350000
2.350000
2.640000
2.640000
2.640000
2.640000
2.640000
2.640000
2.640000
2.640000
2.640000
2.640000
2.640000
2.640000
2.390000
2.390000
2.390000
2.390000
2.390000
2.390000
2.380000
2.380000
2.380000
2.380000
2.380000
2.380000
2.290000
2.290000
2.290000
2.290000
2.290000
2.290000
2.270000
2.270000
2.270000
2.270000
2.270000
2.270000
2.590000
2.590000
2.590000
2.590000
2.590000
2.590000
2.340000
2.340000
2.340000
2.340000
2.340000
2.340000
2.260000
2.260000
2.260000
2.260000
2.260000
2.260000
2.250000
2.250000
2.250000
2.250000
2.250000
2.560000
2.560000
2.560000
2.560000
2.560000
2.560000
2.560000
2.560000
2.560000
2.560000
2.560000
2.560000
2.310000
2.310000
2.310000
2.310000
2.310000
2.310000
2.300000
2.300000
2.300000
2.300000
2.300000
2.250000
2.250000
2.250000
2.250000
2.250000
2.250000
2.300000
2.300000
2.300000
2.300000
2.300000
2.300000
2.320000
2.320000
2.320000
2.320000
2.320000
2.320000
2.260000
2.260000
2.260000
2.260000
2.260000
2.260000
2.260000
2.260000
2.260000
2.260000
2.260000
2.340000
2.340000
2.340000
2.340000
2.340000
2.320000
2.320000
2.320000
2.320000
2.320000
2.320000
2.250000
2.250000
2.250000
2.250000
2.250000
2.250000
2.240000
2.240000
2.240000
2.240000
2.240000
2.240000
2.540000
2.540000
2.540000
2.540000
2.540000
2.540000
2.520000
2.520000
2.520000
2.520000
2.520000
2.520000
2.230000
2.230000
2.230000
2.230000
2.230000
2.230000
2.520000
2.520000
2.520000
2.520000
2.520000
2.520000
2.520000
2.520000
2.520000
2.520000
2.520000
2.300000
2.300000
2.300000
2.300000
2.300000
2.300000
2.300000
2.300000
2.300000
2.300000
2.300000
2.300000
2.250000
2.250000
2.250000
2.250000
2.250000
2.250000
2.290000
2.290000
2.290000
2.290000
2.290000
2.290000
2.640000
2.640000
2.640000
2.640000
2.640000
2.640000
2.720000
2.720000
2.720000
2.720000
2.720000
2.720000
2.720000
2.720000
2.720000
2.720000
2.720000
2.720000
2.720000
2.440000
2.440000
2.440000
2.440000
2.440000
2.440000
2.920000
2.920000
2.920000
2.920000
2.920000
2.920000
2.980000
2.980000
2.980000
2.980000
2.980000
2.570000
2.570000
2.570000
2.570000
2.570000
2.570000
3.070000
3.070000
3.070000
3.070000
3.070000
3.070000
3.150000
3.150000
3.150000
3.150000
3.150000
3.150000
2.920000
2.920000
2.920000
2.920000
2.920000
2.920000
2.970000
2.970000
2.970000
2.970000
2.970000
2.970000
2.770000
2.770000
2.770000
2.770000
2.770000
2.770000
3.320000
3.320000
3.320000
3.320000
3.320000
3.320000
3.070000
3.070000
3.070000
3.070000
3.070000
3.070000
3.120000
3.120000
3.120000
3.120000
3.120000
3.120000
2.870000
2.870000
2.870000
2.870000
2.870000
2.870000
2.880000
2.880000
2.880000
2.880000
2.880000
3.520000
3.520000
3.520000
3.520000
3.520000
3.520000
3.560000
3.560000
3.560000
3.560000
3.560000
3.560000
3.370000
3.370000
3.370000
3.370000
3.370000
3.370000
3.540000
3.540000
3.540000
3.540000
3.540000
3.540000
3.630000
3.630000
3.630000
3.630000
3.630000
3.630000
3.440000
3.440000
3.440000
3.440000
3.440000
3.440000
3.430000
3.430000
3.430000
3.430000
3.430000
2.990000
2.990000
2.990000
2.990000
2.990000
2.990000
2.990000
2.990000
2.990000
2.990000
2.990000
2.990000
3.600000
3.600000
3.600000
3.600000
3.600000
3.600000
3.710000
3.710000
3.710000
3.710000
3.710000
2.970000
2.970000
2.970000
2.970000
2.970000
2.970000
2.970000
2.960000
2.960000
2.960000
2.960000
2.960000
3.740000
3.740000
3.740000
3.740000
3.740000
3.740000
3.740000
3.740000
3.740000
3.740000
3.740000
3.740000
3.490000
3.490000
3.490000
3.490000
3.490000
3.490000
3.700000
3.700000
3.700000
3.700000
3.700000
3.810000
3.810000
3.810000
3.810000
3.810000
3.810000
3.540000
3.540000
3.540000
3.540000
3.540000
3.540000
3.540000
3.570000
3.570000
3.570000
3.570000
3.570000
3.000000
3.000000
3.000000
3.000000
3.000000
3.840000
3.840000
3.840000
3.840000
3.840000
3.840000
3.600000
3.600000
3.600000
3.600000
3.600000
3.600000
3.630000
3.630000
3.630000
3.630000
3.630000
3.630000
3.080000
3.080000
3.080000
3.080000
3.080000
3.080000
3.090000
3.090000
3.090000
3.090000
3.090000
3.090000
3.940000
3.940000
3.940000
3.940000
3.940000
3.950000
3.950000
3.950000
3.950000
3.950000
3.950000
3.710000
3.710000
3.710000
3.710000
3.710000
3.710000
3.710000
3.710000
3.710000
3.710000
3.710000
3.710000
4.020000
4.020000
4.020000
4.020000
4.020000
4.020000
3.760000
3.760000
3.760000
3.760000
3.760000
3.760000
3.800000
3.800000
3.800000
3.800000
3.800000
3.800000
3.180000
3.180000
3.180000
3.180000
3.180000
3.120000
3.120000
3.120000
3.120000
3.120000
3.120000
3.910000
3.910000
3.910000
3.910000
3.910000
3.910000
3.800000
3.800000
3.800000
3.800000
3.800000
3.800000
3.170000
3.170000
3.170000
3.170000
3.170000
3.170000
3.170000
3.150000
3.150000
3.150000
3.150000
3.150000
4.090000
4.090000
4.090000
4.090000
4.090000
4.090000
3.170000
3.170000
3.170000
3.170000
3.170000
3.170000
3.210000
3.210000
3.210000
3.210000
3.210000
3.210000
3.970000
3.970000
3.970000
3.970000
3.970000
3.970000
4.210000
4.210000
4.210000
4.210000
4.210000
4.210000
4.010000
4.010000
4.010000
4.010000
4.010000
4.010000
4.060000
4.060000
4.060000
4.060000
4.060000
3.360000
3.360000
3.360000
3.360000
3.360000
3.360000
3.340000
3.340000
3.340000
3.340000
3.340000
3.340000
4.140000
4.140000
4.140000
4.140000
4.140000
4.140000
4.200000
4.200000
4.200000
4.200000
4.200000
4.200000
3.400000
3.400000
3.400000
3.400000
3.400000
3.400000
3.430000
3.430000
3.430000
3.430000
3.430000
3.430000
4.390000
4.390000
4.390000
4.390000
4.390000
4.390000
4.390000
4.390000
4.390000
4.390000
4.390000
4.390000
4.310000
4.310000
4.310000
4.310000
4.310000
4.310000
4.290000
4.290000
4.290000
4.290000
4.290000
4.290000
3.470000
3.470000
3.470000
3.470000
3.470000
3.470000
4.320000
4.320000
4.320000
4.320000
4.320000
4.320000
4.340000
4.340000
4.340000
4.340000
4.340000
4.340000
3.540000
3.540000
3.540000
3.540000
3.540000
3.540000
3.500000
3.500000
3.500000
3.500000
3.500000
3.500000
4.300000
4.300000
4.300000
4.300000
4.300000
4.300000
4.460000
4.460000
4.460000
4.460000
4.460000
4.460000
4.350000
4.350000
4.350000
4.350000
4.350000
4.350000
3.460000
3.460000
3.460000
3.460000
3.460000
3.460000
4.520000
4.520000
4.520000
4.520000
4.520000
3.550000
3.550000
3.550000
3.550000
3.550000
3.550000
3.550000
3.550000
3.550000
3.550000
3.550000
3.550000
3.550000
4.310000
4.310000
4.310000
4.310000
4.310000
4.310000
4.510000
4.510000
4.510000
4.510000
4.510000
4.510000
4.400000
4.400000
4.400000
4.400000
4.400000
4.390000
4.390000
4.390000
4.390000
4.390000
4.390000
3.570000
3.570000
3.570000
3.570000
3.570000
3.570000
3.470000
3.470000
3.470000
3.470000
3.470000
3.470000
4.400000
4.400000
4.400000
4.400000
4.400000
4.400000
4.400000
4.400000
4.400000
4.400000
4.400000
4.400000
3.470000
3.470000
3.470000
3.470000
3.470000
3.500000
3.500000
3.500000
3.500000
3.500000
3.500000
4.480000
4.480000
4.480000
4.480000
4.480000
4.480000
4.480000
4.480000
4.480000
4.480000
4.480000
4.480000
4.380000
4.380000
4.380000
4.380000
4.380000
4.380000
4.350000
4.350000
4.350000
4.350000
4.350000
4.350000
3.480000
3.480000
3.480000
3.480000
3.480000
3.480000
4.330000
4.330000
4.330000
4.330000
4.330000
4.330000
4.420000
4.420000
4.420000
4.420000
4.420000
3.550000
3.550000
3.550000
3.550000
3.550000
3.550000
3.480000
3.480000
3.480000
3.480000
3.480000
3.480000
3.480000
4.350000
4.350000
4.350000
4.350000
4.350000
4.350000
4.450000
4.450000
4.450000
4.450000
4.450000
4.450000
4.300000
4.300000
4.300000
4.300000
4.300000
4.300000
3.440000
3.440000
3.440000
3.440000
3.440000
3.440000
4.330000
4.330000
4.330000
4.330000
4.330000
4.330000
4.330000
4.330000
4.330000
4.330000
4.330000
3.450000
3.450000
3.450000
3.450000
3.450000
3.450000
4.250000
4.250000
4.250000
4.250000
4.250000
4.250000
4.400000
4.400000
4.400000
4.400000
4.400000
4.400000
4.320000
4.320000
4.320000
4.320000
4.320000
4.320000
4.330000
4.330000
4.330000
4.330000
4.330000
4.330000
3.490000
3.490000
3.490000
3.490000
3.490000
3.490000
3.450000
3.450000
3.450000
3.450000
3.450000
3.450000
4.310000
4.310000
4.310000
4.310000
4.310000
4.310000
4.350000
4.350000
4.350000
4.350000
4.350000
4.350000
3.440000
3.440000
3.440000
3.440000
3.440000
3.440000
3.440000
3.440000
3.440000
3.440000
3.440000
4.460000
4.460000
4.460000
4.460000
4.460000
4.470000
4.470000
4.470000
4.470000
4.470000
4.470000
4.470000
4.470000
4.470000
4.340000
4.340000
4.340000
4.340000
4.340000
4.340000
4.340000
4.340000
4.340000
3.490000
3.490000
3.490000
3.490000
3.490000
3.490000
3.490000
3.490000
3.490000
4.360000
4.360000
4.360000
4.360000
4.360000
4.360000
4.360000
4.360000
4.360000
4.490000
4.490000
4.490000
4.490000
4.490000
4.490000
4.490000
4.490000
4.490000
4.490000
4.450000
4.450000
4.450000
4.450000
4.390000
4.390000
4.390000
4.400000
4.400000
4.400000
4.400000
4.400000
4.400000
4.400000
4.400000
4.400000
4.400000
4.400000
3.540000
3.490000
3.490000
3.490000
3.490000
3.490000
3.490000
4.540000
4.540000
4.540000
4.540000
4.540000
4.540000
4.540000
4.540000
4.540000
4.540000
4.540000
4.540000
3.470000
3.470000
3.470000
3.470000
3.470000
3.470000
3.470000
4.410000
4.410000
4.410000
4.410000
4.410000
4.410000
4.410000
4.410000
4.410000
4.410000
4.370000
4.370000
4.370000
4.370000
4.370000
4.370000
4.370000
4.370000
4.370000
4.400000
4.400000
4.400000
4.400000
4.400000
4.400000
4.400000
4.400000
4.400000
4.400000
3.540000
3.540000
3.540000
3.540000
3.540000
3.540000
3.540000
3.540000
4.380000
4.380000
4.380000
4.380000
4.380000
4.380000
4.380000
4.380000
4.380000
4.380000
3.510000
3.510000
3.510000
3.510000
3.510000
3.510000
3.510000
3.510000
3.510000
3.490000
3.490000
3.490000
4.510000
4.510000
4.510000
4.510000
4.510000
4.510000
4.510000
4.510000
4.510000
4.510000
4.510000
4.510000
4.510000
4.510000
4.510000
4.450000
4.450000
4.360000
4.360000
4.360000
4.360000
4.360000
4.360000
4.360000
4.530000
4.530000
4.530000
4.530000
4.530000
4.530000
4.530000
4.530000
4.400000
4.400000
4.430000
4.430000
4.430000
4.430000
4.430000
4.430000
4.430000
4.430000
4.490000
4.490000
4.490000
4.490000
4.490000
4.490000
4.490000
4.490000
4.520000
4.520000
4.420000
4.420000
4.420000
4.420000
4.420000
4.420000
4.420000
4.420000
4.410000
4.410000
4.410000
4.410000
4.410000
4.410000
4.410000
4.410000
4.410000
3.490000
3.500000
3.500000
3.500000
3.500000
3.500000
3.500000
3.500000
3.500000
3.500000
4.550000
4.550000
4.550000
4.550000
4.550000
4.560000
4.560000
4.560000
4.560000
4.560000
4.560000
4.560000
4.560000
4.560000
4.560000
4.560000
4.560000
4.560000
4.440000
4.440000
4.440000
4.440000
4.440000
4.440000
4.440000
4.440000
4.550000
4.550000
4.550000
4.510000
4.510000
4.510000
4.480000
4.480000
4.480000
4.480000
4.480000
4.480000
4.480000
4.480000
4.480000
4.480000
4.480000
4.480000
4.480000
4.480000
4.480000
4.480000
4.480000
4.480000
4.480000
4.480000
4.480000
4.480000
4.480000
4.490000
4.580000
4.580000
4.580000
4.580000
4.580000
4.580000
3.540000
3.540000
3.540000
3.540000
3.540000
3.540000
3.570000
3.570000
3.570000
3.570000
3.570000
4.570000
4.570000
4.570000
4.570000
4.570000
4.570000
4.590000
4.590000
4.590000
4.590000
4.590000
4.590000
4.520000
4.520000
4.520000
4.520000
4.520000
4.520000
4.550000
4.550000
4.550000
4.550000
4.550000
3.570000
3.570000
3.570000
3.570000
3.570000
3.570000
4.560000
4.560000
4.560000
4.560000
4.560000
4.540000
4.540000
4.540000
4.540000
4.540000
4.540000
4.580000
4.580000
4.580000
4.580000
4.580000
4.580000
4.620000
4.620000
4.620000
4.620000
4.620000
4.620000
4.580000
4.580000
4.580000
4.580000
4.580000
4.580000
4.580000
4.580000
4.580000
4.580000
4.580000
3.570000
3.570000
3.570000
3.570000
3.570000
3.570000
3.570000
3.550000
3.550000
3.550000
3.550000
3.550000
3.550000
4.650000
4.650000
4.650000
4.650000
4.650000
4.650000
4.710000
4.710000
4.710000
4.710000
4.710000
4.710000
4.610000
4.610000
4.610000
4.610000
4.610000
4.560000
4.560000
4.560000
4.560000
4.560000
4.560000
4.560000
4.660000
4.660000
4.660000
4.660000
4.660000
4.660000
4.530000
4.530000
4.530000
4.530000
4.530000
4.530000
4.570000
4.570000
4.570000
4.570000
4.570000
4.570000
3.500000
3.500000
3.500000
3.500000
3.500000
3.500000
3.560000
3.560000
3.560000
3.560000
3.560000
3.560000
4.440000
4.440000
4.440000
4.440000
4.440000
4.440000
4.550000
4.550000
4.550000
4.550000
4.550000
4.550000
4.490000
4.490000
4.490000
4.490000
4.490000
4.490000
4.470000
4.470000
4.470000
4.470000
4.470000
4.470000
4.470000
4.470000
4.470000
4.470000
4.470000
4.470000
3.570000
3.570000
3.570000
3.570000
3.570000
3.570000
3.510000
3.510000
3.510000
3.510000
3.510000
3.510000
4.390000
4.390000
4.390000
4.390000
4.390000
4.390000
4.540000
4.540000
4.540000
4.540000
4.540000
4.540000
4.540000
4.540000
4.540000
4.540000
4.540000
4.540000
4.530000
4.530000
4.530000
4.530000
4.530000
3.600000
3.600000
3.600000
3.600000
3.600000
3.600000
3.600000
3.550000
3.550000
3.550000
3.550000
3.550000
3.550000
4.530000
4.530000
4.530000
4.530000
4.530000
4.530000
4.530000
4.530000
4.530000
4.530000
4.530000
4.530000
3.540000
3.540000
3.540000
3.540000
3.540000
3.540000
3.560000
3.560000
3.560000
3.560000
3.560000
4.610000
4.610000
4.610000
4.610000
4.610000
4.610000
4.630000
4.630000
4.630000
4.630000
4.630000
4.630000
4.600000
4.600000
4.600000
4.600000
4.600000
4.600000
4.560000
4.560000
4.560000
4.560000
4.560000
4.560000
3.570000
3.570000
3.570000
3.570000
3.570000
3.570000
3.600000
3.600000
3.600000
3.600000
3.600000
3.600000
3.600000
3.600000
3.600000
3.600000
3.600000
3.600000
4.610000
4.610000
4.610000
4.610000
4.610000
4.610000
4.590000
4.590000
4.590000
4.590000
4.590000
4.590000
4.520000
4.520000
4.520000
4.520000
4.520000
4.520000
4.520000
4.520000
4.520000
4.520000
4.520000
4.520000
3.550000
3.550000
3.550000
3.550000
3.550000
3.550000
3.560000
3.560000
3.560000
3.560000
3.560000
3.560000
4.620000
4.620000
4.620000
4.620000
4.620000
4.620000
4.660000
4.660000
4.660000
4.660000
4.660000
4.660000
3.570000
3.570000
3.570000
3.570000
3.570000
3.570000
4.500000
4.500000
4.500000
4.500000
4.500000
4.500000
4.630000
4.630000
4.630000
4.630000
4.630000
4.630000
4.520000
4.520000
4.520000
4.520000
4.520000
4.520000
4.610000
4.610000
4.610000
4.610000
4.610000
4.610000
3.590000
3.590000
3.590000
3.590000
3.590000
3.590000
3.560000
3.560000
3.560000
3.560000
3.560000
4.500000
4.500000
4.500000
4.500000
4.500000
4.500000
4.500000
4.540000
4.540000
4.540000
4.540000
4.540000
4.540000
3.600000
3.600000
3.600000
3.600000
3.600000
3.600000
3.570000
3.570000
3.570000
3.570000
3.570000
4.630000
4.630000
4.630000
4.630000
4.630000
4.630000
4.590000
4.590000
4.590000
4.590000
4.590000
4.590000
4.540000
4.540000
4.540000
4.540000
4.540000
4.540000
4.540000
4.590000
4.590000
4.590000
4.590000
4.590000
3.580000
3.580000
3.580000
3.580000
3.580000
3.580000
4.470000
4.470000
4.470000
4.470000
4.470000
4.550000
4.550000
4.550000
4.550000
4.550000
4.550000
4.550000
4.590000
4.590000
4.590000
4.590000
4.590000
4.580000
4.580000
4.580000
4.580000
4.580000
4.580000
4.580000
4.510000
4.510000
4.510000
4.510000
4.510000
4.510000
4.520000
4.520000
4.520000
4.520000
4.520000
4.520000
3.540000
3.540000
3.540000
3.540000
3.540000
3.540000
3.550000
3.550000
3.550000
3.550000
3.550000
3.550000
4.610000
4.610000
4.610000
4.610000
4.610000
4.610000
4.600000
4.600000
4.600000
4.600000
4.600000
4.600000
4.530000
4.530000
4.530000
4.530000
4.530000
4.530000
4.530000
4.530000
4.530000
4.530000
4.530000
4.530000
4.620000
4.620000
4.620000
4.620000
4.620000
4.620000
4.540000
4.540000
4.540000
4.540000
4.540000
4.540000
4.600000
4.600000
4.600000
4.600000
4.600000
4.600000
3.640000
3.640000
3.640000
3.640000
3.640000
3.640000
3.580000
3.580000
3.580000
3.580000
3.580000
3.580000
4.640000
4.640000
4.640000
4.640000
4.640000
4.640000
4.740000
4.740000
4.740000
4.740000
4.740000
4.740000
4.740000
4.630000
4.630000
4.630000
4.630000
4.630000
3.590000
3.590000
3.590000
3.590000
3.590000
3.590000
4.680000
4.680000
4.680000
4.680000
4.680000
4.680000
4.680000
4.630000
4.630000
4.630000
4.630000
4.610000
4.610000
4.610000
4.610000
4.610000
4.610000
4.610000
4.520000
4.520000
4.520000
4.520000
4.520000
4.520000
4.570000
4.570000
4.570000
4.570000
4.570000
4.570000
4.440000
4.440000
4.440000
4.440000
4.440000
4.440000
4.420000
4.420000
4.420000
4.420000
4.420000
4.420000
3.510000
3.510000
3.510000
3.510000
3.510000
4.440000
4.440000
4.440000
4.440000
4.440000
4.440000
4.300000
4.300000
4.300000
4.300000
4.300000
4.300000
4.200000
4.200000
4.200000
4.200000
4.200000
4.200000
4.200000
3.370000
3.370000
3.370000
3.370000
3.370000
3.390000
3.390000
3.390000
3.390000
3.390000
3.390000
4.310000
4.310000
4.310000
4.310000
4.310000
4.310000
4.310000
4.310000
4.310000
4.310000
4.310000
4.310000
4.310000
4.200000
4.200000
4.200000
4.200000
4.200000
4.200000
4.200000
4.200000
4.200000
4.200000
4.200000
4.340000
4.340000
4.340000
4.340000
4.340000
4.340000
4.160000
4.160000
4.160000
4.160000
4.160000
4.160000
4.260000
4.260000
4.260000
4.260000
4.260000
4.260000
3.500000
3.500000
3.500000
3.500000
3.500000
3.500000
3.410000
3.410000
3.410000
3.410000
3.410000
3.410000
4.330000
4.330000
4.330000
4.330000
4.330000
4.330000
4.500000
4.500000
4.500000
4.500000
4.500000
4.390000
4.390000
4.390000
4.390000
4.390000
4.390000
3.490000
3.490000
3.490000
3.490000
3.490000
3.490000
4.400000
4.400000
4.400000
4.400000
4.400000
4.400000
4.400000
3.520000
3.520000
3.520000
3.520000
3.520000
3.520000
3.520000
3.520000
3.520000
3.520000
3.520000
4.410000
4.410000
4.410000
4.410000
4.410000
4.410000
4.550000
4.550000
4.550000
4.550000
4.550000
4.550000
4.470000
4.470000
4.470000
4.470000
4.470000
4.470000
4.490000
4.490000
4.490000
4.490000
4.490000
4.490000
3.550000
3.550000
3.550000
3.550000
3.550000
4.520000
4.520000
4.520000
4.520000
4.520000
4.520000
4.520000
4.430000
4.430000
4.430000
4.430000
4.430000
4.430000
4.440000
4.440000
4.440000
4.440000
4.440000
4.440000
3.510000
3.510000
3.510000
3.510000
3.510000
3.510000
3.460000
3.460000
3.460000
3.460000
3.460000
4.540000
4.540000
4.540000
4.540000
4.540000
4.540000
4.520000
4.520000
4.520000
4.520000
4.520000
4.520000
4.520000
4.490000
4.490000
4.490000
4.490000
4.490000
4.490000
4.430000
4.430000
4.430000
4.430000
4.430000
4.430000
4.480000
4.480000
4.480000
4.480000
4.480000
4.470000
4.470000
4.470000
4.470000
4.470000
4.470000
4.470000
4.400000
4.400000
4.400000
4.400000
4.400000
4.400000
3.440000
3.440000
3.440000
3.440000
3.440000
3.440000
3.470000
3.470000
3.470000
3.470000
3.470000
3.470000
4.380000
4.380000
4.380000
4.380000
4.380000
4.450000
4.450000
4.450000
4.450000
4.450000
4.450000
4.450000
4.290000
4.290000
4.290000
4.290000
4.290000
4.290000
3.390000
3.390000
3.390000
3.390000
3.390000
3.390000
4.460000
4.460000
4.460000
4.460000
4.460000
4.460000
4.460000
4.460000
4.460000
4.460000
4.460000
4.460000
4.360000
4.360000
4.360000
4.360000
4.360000
4.350000
4.350000
4.350000
4.350000
4.350000
4.350000
4.350000
4.430000
4.430000
4.430000
4.430000
4.430000
4.430000
4.350000
4.350000
4.350000
4.350000
4.350000
4.350000
4.260000
4.260000
4.260000
4.260000
4.260000
4.260000
3.420000
3.420000
3.420000
3.420000
3.420000
3.420000
4.420000
4.420000
4.420000
4.420000
4.420000
4.320000
4.320000
4.320000
4.320000
4.320000
4.320000
4.320000
4.320000
4.320000
4.320000
4.320000
4.320000
3.340000
3.340000
3.340000
3.340000
3.340000
3.340000
3.340000
3.340000
3.340000
3.340000
3.340000
3.340000
4.380000
4.380000
4.380000
4.380000
4.380000
4.380000
4.340000
4.340000
4.340000
4.340000
4.340000
4.340000
4.240000
4.240000
4.240000
4.240000
4.240000
4.240000
4.200000
4.200000
4.200000
4.200000
4.200000
4.200000
4.320000
4.320000
4.320000
4.320000
4.320000
4.320000
4.130000
4.130000
4.130000
4.130000
4.130000
4.120000
4.120000
4.120000
4.120000
4.120000
4.120000
4.120000
3.290000
3.290000
3.290000
3.290000
3.290000
3.290000
3.250000
3.250000
3.250000
3.250000
3.250000
4.110000
4.110000
4.110000
4.110000
4.110000
4.110000
4.260000
4.260000
4.260000
4.260000
4.260000
4.260000
4.260000
4.260000
4.260000
4.260000
4.260000
4.260000
3.250000
3.250000
3.250000
3.250000
3.250000
3.250000
4.260000
4.260000
4.260000
4.260000
4.260000
3.310000
3.310000
3.310000
3.310000
3.310000
3.310000
3.250000
3.250000
3.250000
3.250000
3.250000
3.250000
4.120000
4.120000
4.120000
4.120000
4.120000
4.120000
4.320000
4.320000
4.320000
4.320000
4.320000
4.320000
4.150000
4.150000
4.150000
4.150000
4.150000
4.150000
4.150000
4.150000
4.150000
4.150000
4.150000
4.150000
3.300000
3.300000
3.300000
3.300000
3.300000
3.330000
3.330000
3.330000
3.330000
3.330000
3.330000
3.330000
4.230000
4.230000
4.230000
4.230000
4.230000
4.220000
4.220000
4.220000
4.220000
4.220000
4.220000
3.270000
3.270000
3.270000
3.270000
3.270000
3.270000
3.290000
3.290000
3.290000
3.290000
3.290000
3.290000
4.260000
4.260000
4.260000
4.260000
4.260000
4.260000
4.240000
4.240000
4.240000
4.240000
4.240000
4.240000
4.070000
4.070000
4.070000
4.070000
4.070000
4.070000
4.040000
4.040000
4.040000
4.040000
4.040000
4.040000
4.200000
4.200000
4.200000
4.200000
4.200000
4.000000
4.000000
4.000000
4.000000
4.000000
4.000000
4.000000
4.000000
4.000000
4.000000
4.000000
4.000000
3.220000
3.220000
3.220000
3.220000
3.220000
3.220000
3.200000
3.200000
3.200000
3.200000
3.200000
3.200000
3.970000
3.970000
3.970000
3.970000
3.970000
3.970000
4.100000
4.100000
4.100000
4.100000
4.100000
4.100000
3.890000
3.890000
3.890000
3.890000
3.890000
3.890000
3.170000
3.170000
3.170000
3.170000
3.170000
3.170000
3.940000
3.940000
3.940000
3.940000
3.940000
3.940000
3.170000
3.170000
3.170000
3.170000
3.170000
3.170000
3.200000
3.200000
3.200000
3.200000
3.200000
3.200000
3.900000
3.900000
3.900000
3.900000
3.900000
3.900000
4.000000
4.000000
4.000000
4.000000
4.000000
3.810000
3.810000
3.810000
3.810000
3.810000
3.810000
3.810000
3.790000
3.790000
3.790000
3.790000
3.790000
3.790000
3.140000
3.140000
3.140000
3.140000
3.140000
3.140000
3.090000
3.090000
3.090000
3.090000
3.090000
3.090000
3.750000
3.750000
3.750000
3.750000
3.750000
3.750000
3.750000
3.750000
3.750000
3.750000
3.750000
3.100000
3.100000
3.100000
3.100000
3.100000
3.100000
3.100000
3.120000
3.120000
3.120000
3.120000
3.120000
3.120000
3.920000
3.920000
3.920000
3.920000
3.920000
3.890000
3.890000
3.890000
3.890000
3.890000
3.890000
3.640000
3.640000
3.640000
3.640000
3.640000
3.640000
3.630000
3.630000
3.630000
3.630000
3.630000
3.630000
3.860000
3.860000
3.860000
3.860000
3.860000
3.860000
3.590000
3.590000
3.590000
3.590000
3.590000
3.590000
3.600000
3.600000
3.600000
3.600000
3.600000
3.600000
3.030000
3.030000
3.030000
3.030000
3.030000
3.030000
3.030000
3.030000
3.030000
3.030000
3.030000
3.030000
3.660000
3.660000
3.660000
3.660000
3.660000
3.660000
3.830000
3.830000
3.830000
3.830000
3.830000
3.830000
3.570000
3.570000
3.570000
3.570000
3.570000
3.570000
3.030000
3.030000
3.030000
3.030000
3.030000
3.590000
3.590000
3.590000
3.590000
3.590000
3.590000
3.040000
3.040000
3.040000
3.040000
3.040000
3.040000
3.040000
3.010000
3.010000
3.010000
3.010000
3.010000
3.010000
3.650000
3.650000
3.650000
3.650000
3.650000
3.650000
3.830000
3.830000
3.830000
3.830000
3.830000
3.830000
3.540000
3.540000
3.540000
3.540000
3.540000
3.540000
3.580000
3.580000
3.580000
3.580000
3.580000
3.580000
2.990000
2.990000
2.990000
2.990000
2.990000
2.990000
2.960000
2.960000
2.960000
2.960000
2.960000
2.960000
3.510000
3.510000
3.510000
3.510000
3.510000
3.510000
3.510000
3.510000
3.510000
3.510000
3.510000
2.940000
2.940000
2.940000
2.940000
2.940000
2.940000
2.950000
2.950000
2.950000
2.950000
2.950000
2.950000
3.690000
3.690000
3.690000
3.690000
3.690000
3.690000
3.690000
3.690000
3.690000
3.690000
3.690000
3.690000
3.360000
3.360000
3.360000
3.360000
3.360000
3.360000
3.330000
3.330000
3.330000
3.330000
3.330000
3.330000
2.870000
2.870000
2.870000
2.870000
2.870000
2.870000
2.870000
3.250000
3.250000
3.250000
3.250000
3.250000
3.270000
3.270000
3.270000
3.270000
3.270000
3.270000
2.830000
2.830000
2.830000
2.830000
2.830000
2.830000
2.830000
2.800000
2.800000
2.800000
2.800000
2.800000
3.290000
3.290000
3.290000
3.290000
3.290000
3.290000
3.390000
3.390000
3.390000
3.390000
3.390000
3.390000
2.770000
2.770000
2.770000
2.770000
2.770000
2.770000
2.740000
2.740000
2.740000
2.740000
2.740000
2.740000
3.280000
3.280000
3.280000
3.280000
3.280000
2.700000
2.700000
2.700000
2.700000
2.700000
2.680000
2.680000
2.680000
2.680000
2.680000
2.680000
2.680000
3.060000
3.060000
3.060000
3.060000
3.060000
3.140000
3.140000
3.140000
3.140000
3.140000
3.140000
3.140000
2.820000
2.820000
2.820000
2.820000
2.820000
2.820000
2.750000
2.750000
2.750000
2.750000
2.750000
2.750000
2.750000
2.570000
2.570000
2.570000
2.570000
2.570000
2.520000
2.520000
2.520000
2.520000
2.520000
2.520000
2.790000
2.790000
2.790000
2.790000
2.790000
2.790000
2.590000
2.590000
2.590000
2.590000
2.590000
2.590000
2.450000
2.450000
2.450000
2.450000
2.450000
2.450000
2.410000
2.410000
2.410000
2.410000
2.410000
2.410000
2.730000
2.730000
2.730000
2.730000
2.730000
2.730000
2.660000
2.660000
2.660000
2.660000
2.660000
2.390000
2.390000
2.390000
2.390000
2.390000
2.390000
2.390000
2.330000
2.330000
2.330000
2.330000
2.330000
2.330000
2.240000
2.240000
2.240000
2.240000
2.240000
2.270000
2.270000
2.270000
2.270000
2.270000
2.270000
2.210000
2.210000
2.210000
2.210000
2.210000
2.210000
2.420000
2.420000
2.420000
2.420000
2.420000
2.420000
2.350000
2.350000
2.350000
2.350000
2.350000
2.350000
2.070000
2.070000
2.070000
2.070000
2.070000
2.070000
2.010000
2.010000
2.010000
2.010000
2.010000
2.010000
1.970000
1.970000
1.970000
1.970000
1.970000
1.910000
1.910000
1.910000
1.910000
1.910000
1.910000
2.030000
2.030000
2.030000
2.030000
2.030000
2.030000
1.840000
1.840000
1.840000
1.840000
1.840000
1.840000
1.900000
1.900000
1.900000
1.900000
1.900000
1.900000
1.940000
1.940000
1.940000
1.940000
1.940000
1.940000
1.550000
1.550000
1.550000
1.550000
2.010000
2.010000
2.010000
2.010000
2.010000
2.010000
1.450000
1.450000
1.450000
1.450000
1.450000
1.450000
1.210000
1.210000
1.210000
1.210000
1.210000
1.210000
1.210000
1.340000
1.340000
1.340000
1.340000
1.340000
1.640000
1.640000
1.640000
1.640000
1.640000
1.640000
1.640000
1.320000
1.320000
1.320000
1.320000
1.320000
1.470000
1.470000
1.470000
1.470000
1.470000
1.470000
1.220000
1.220000
1.220000
1.220000
1.220000
1.220000
1.350000
1.350000
1.350000
1.350000
1.350000
1.020000
1.020000
1.020000
1.020000
1.020000
1.020000
1.020000
1.290000
1.290000
1.290000
1.290000
1.290000
1.080000
1.080000
1.080000
1.080000
1.080000
1.080000
1.080000
1.050000
1.050000
1.050000
1.050000
1.050000
1.050000
1.030000
1.030000
1.030000
1.030000
1.030000
1.030000
0.970000
0.970000
0.970000
0.970000
0.970000
0.940000
0.940000
0.940000
0.940000
0.940000
0.940000
0.920000
0.920000
0.920000
0.920000
0.920000
0.920000
0.920000
0.900000
0.900000
0.900000
0.900000
0.900000
0.900000
0.880000
0.880000
0.880000
0.880000
0.880000
0.880000
0.880000
0.880000
0.880000
0.880000
0.880000
0.880000
0.870000
0.460000
0.460000
0.460000
0.460000
0.460000
0.460000
0.460000
0.460000
0.460000
0.460000
0.460000
0.460000
0.460000
0.460000
0.460000
0.460000
0.460000
0.460000
0.460000
0.460000
0.460000
0.460000
0.780000
0.200000
0.200000
0.200000
0.200000
0.200000
0.200000
0.200000
0.200000
0.200000
0.200000
0.200000
0.200000
0.200000
0.200000
0.200000
0.200000
0.200000
0.200000
0.200000
0.340000
0.340000
0.340000
0.340000
0.340000
0.720000
0.720000
0.720000
0.720000
0.720000
0.720000
0.720000
0.630000
0.630000
0.630000
0.630000
0.630000
0.630000
0.630000
0.630000
0.630000
0.630000
0.630000
0.630000
0.630000
0.580000
0.580000
0.580000
0.580000
0.560000
0.560000
0.560000
0.560000
0.560000
0.560000
0.650000
0.650000
0.650000
0.650000
0.650000
0.650000
0.650000
0.650000
0.650000
0.650000
0.650000
0.650000
0.650000
0.650000
0.650000
0.490000
0.490000
0.490000
0.460000
0.460000
0.460000
0.460000
0.460000
0.460000
0.460000
0.440000
0.440000
0.440000
0.440000
0.440000
0.440000
0.440000
0.440000
0.440000
0.440000
0.440000
0.410000
0.200000
0.200000
0.200000
0.200000
0.200000
0.370000
0.370000
0.370000
0.370000
0.370000
0.370000
0.350000
0.350000
0.350000
0.350000
0.350000
0.350000
0.350000
0.350000
0.350000
0.350000
0.350000
0.350000
0.350000
0.320000
0.320000
0.320000
0.320000
0.320000
0.300000
0.300000
0.300000
0.300000
0.300000
0.300000
0.300000
0.300000
0.300000
0.300000
0.300000
0.300000
0.300000
0.300000
0.300000
0.300000
0.300000
0.300000
0.300000
0.300000
0.280000
0.280000
0.280000
0.280000
0.280000
0.280000
0.280000
0.280000
0.280000
0.280000
0.280000
0.280000
0.280000
0.280000
0.280000
0.280000
0.280000
0.280000
0.280000
0.280000
0.280000
0.360000
0.360000
0.360000
0.360000
0.360000
0.360000
0.370000
0.370000
0.370000
0.370000
0.370000
0.370000
0.370000
0.370000
0.370000
0.370000
0.370000
0.370000
0.370000
0.370000
0.370000
0.370000
0.370000
0.280000
0.290000
0.290000
0.290000
0.290000
0.290000
0.200000
0.200000
0.200000
0.200000
0.200000
0.200000
0.200000
0.200000
0.200000
0.200000
0.200000
0.200000
0.200000
0.200000
0.200000
0.200000
0.200000
0.200000
0.200000
0.280000
0.280000
0.280000
0.280000
0.280000
0.280000
0.280000
0.280000
0.280000
0.280000
0.280000
0.280000
0.280000
0.280000
0.280000
0.280000
0.280000
0.280000
0.280000
0.280000
0.280000
0.280000
0.280000
0.280000
0.280000
0.280000
0.280000
0.280000
0.280000
0.280000
0.290000
0.290000
0.290000
0.290000
0.290000
0.290000
0.290000
0.290000
0.290000
0.290000
0.290000
0.290000
0.290000
0.290000
0.290000
0.290000
0.290000
0.290000
0.290000
0.290000
0.290000
0.290000
0.280000
0.200000
0.280000
0.280000
0.280000
0.280000
0.280000
0.280000
0.280000
0.280000
0.280000
0.280000
0.280000
0.280000
0.280000
0.280000
0.280000
0.280000
0.280000
0.280000
0.280000
0.280000
0.280000
0.280000
0.280000
0.280000
0.280000
0.280000
0.200000
0.280000
0.280000
0.280000
0.280000
0.280000
0.280000
0.280000
0.280000
0.280000
0.280000
0.280000
0.280000
0.280000
0.280000
0.280000
0.280000
0.280000
0.280000
0.280000
0.280000
0.280000
0.280000
0.280000
0.280000
0.280000
0.280000
0.280000
0.280000
0.280000
0.280000
0.280000
0.280000
0.280000
0.270000
0.270000
0.270000
0.270000
0.270000
0.270000
0.270000
0.270000
0.270000
0.270000
0.270000
0.270000
0.280000
0.280000
0.280000
0.280000
0.280000
0.280000
0.280000
0.280000
0.280000
0.280000
0.280000
0.280000
0.270000
0.270000
0.270000
0.270000
0.270000
0.270000
0.280000
0.280000
0.280000
0.280000
0.280000
0.280000
0.280000
0.280000
0.280000
0.280000
0.280000
0.280000
0.280000
0.280000
0.280000
0.280000
0.280000
0.280000
0.380000
0.380000
0.380000
0.380000
0.380000
0.380000
0.290000
0.290000
0.290000
0.290000
0.290000
0.280000
0.280000
0.280000
0.280000
0.280000
0.280000
0.280000
0.280000
0.280000
0.280000
0.280000
0.280000
0.280000
0.280000
0.280000
0.280000
0.280000
0.280000
0.280000
0.280000
0.280000
0.280000
0.280000
0.280000
0.280000
0.280000
0.280000
0.280000
0.280000
0.280000
0.280000
0.280000
0.280000
0.280000
0.280000
0.280000
0.280000
0.280000
0.280000
0.280000
0.280000
0.280000
0.280000
0.280000
0.280000
0.280000
0.290000
0.290000
0.290000
0.290000
0.290000
0.290000
0.370000
0.370000
0.370000
0.370000
0.370000
0.370000
0.310000
0.310000
0.310000
0.310000
0.310000
0.310000
0.280000
0.280000
0.280000
0.280000
0.280000
0.280000
0.280000
0.280000
0.280000
0.280000
0.280000
0.280000
0.280000
0.280000
0.280000
0.280000
0.280000
0.280000
0.280000
0.200000
0.200000
0.200000
0.200000
0.200000
0.250000
0.250000
0.250000
0.250000
0.250000
0.250000
0.290000
0.290000
0.290000
0.290000
0.290000
0.290000
0.290000
0.290000
0.290000
0.290000
0.290000
0.290000
0.290000
0.290000
0.290000
0.290000
0.290000
0.290000
0.280000
0.280000
0.280000
0.280000
0.280000
0.280000
0.280000
0.280000
0.280000
0.280000
0.280000
0.280000
0.280000
0.280000
0.280000
0.280000
0.280000
0.280000
0.280000
0.280000
0.280000
0.280000
0.280000
0.280000
0.280000
0.280000
0.280000
0.280000
0.280000
0.280000
0.290000
0.290000
0.290000
0.290000
0.290000
0.290000
0.280000
0.280000
0.280000
0.280000
0.280000
0.280000
0.280000
0.280000
0.280000
0.280000
0.280000
0.280000
0.280000
0.280000
0.280000
0.280000
0.280000
0.280000
0.280000
0.280000
0.280000
0.280000
0.280000
0.250000
0.250000
0.250000
0.250000
0.250000
0.250000
0.250000
0.280000
0.280000
0.280000
0.280000
0.280000
0.280000
0.280000
0.280000
0.280000
0.280000
0.280000
0.280000
0.280000
0.280000
0.280000
0.280000
0.290000
0.290000
0.290000
0.290000
0.290000
0.290000
0.280000
0.280000
0.280000
0.280000
0.280000
0.280000
0.280000
0.280000
0.280000
0.280000
0.280000
0.280000
0.280000
0.280000
0.280000
0.280000
0.280000
0.280000
0.280000
0.280000
0.280000
0.280000
0.280000
0.280000
0.280000
0.280000
0.280000
0.280000
0.280000
0.280000
0.280000
0.280000
0.280000
0.280000
0.280000
0.280000
0.280000
0.280000
0.280000
0.280000
0.290000
0.290000
0.290000
0.290000
0.290000
0.280000
0.280000
0.280000
0.280000
0.280000
0.280000
0.280000
0.280000
0.280000
0.280000
0.280000
0.280000
0.280000
0.280000
0.280000
0.280000
0.280000
0.300000
0.300000
0.300000
0.300000
0.300000
0.300000
0.280000
0.280000
0.280000
0.280000
0.280000
0.280000
0.280000
0.280000
0.280000
0.280000
0.280000
0.280000
0.280000
0.280000
0.280000
0.280000
0.200000
0.200000
0.200000
0.200000
0.200000
0.200000
0.250000
0.250000
0.250000
0.250000
0.250000
0.290000
0.290000
0.290000
0.290000
0.290000
0.290000
0.280000
0.280000
0.280000
0.280000
0.280000
0.280000
0.280000
0.280000
0.280000
0.280000
0.280000
0.280000
0.340000
0.340000
0.340000
0.340000
0.340000
0.390000
0.390000
0.390000
0.390000
0.390000
0.390000
0.280000
0.280000
0.280000
0.280000
0.280000
0.280000
0.280000
0.280000
0.280000
0.280000
0.280000
0.280000
0.280000
0.280000
0.280000
0.280000
0.280000
0.280000
0.280000
0.280000
0.280000
0.280000
0.280000
0.280000
0.280000
0.280000
0.280000
0.280000
0.280000
0.290000
0.290000
0.290000
0.290000
0.290000
0.280000
0.280000
0.280000
0.280000
0.280000
0.280000
0.200000
0.200000
0.200000
0.200000
0.200000
0.200000
0.270000
0.270000
0.270000
0.270000
0.270000
0.280000
0.280000
0.280000
0.280000
0.280000
0.280000
0.280000
0.280000
0.280000
0.280000
0.280000
0.270000
0.270000
0.270000
0.270000
0.270000
0.270000
0.280000
0.280000
0.280000
0.280000
0.280000
0.280000
0.290000
0.290000
0.290000
0.290000
0.290000
0.290000
0.280000
0.280000
0.280000
0.280000
0.280000
0.280000
0.280000
0.280000
0.280000
0.280000
0.280000
0.280000
0.290000
0.290000
0.290000
0.290000
0.290000
0.290000
