1581968922.000000,0.000000,0.000000,4.046974,-1.287960,-0.401687,113.844764,0.001600,-0.003829,-0.000460,0.000250,-0.000663,-0.001464
1581968923.000000,0.000000,0.000000,4.036949,-1.286357,-0.400445,113.853891,0.002729,-0.004445,-0.003130,0.000353,-0.000924,-0.000148
1581968923.000000,0.000000,0.000000,4.033752,-1.285328,-0.397817,113.857510,0.003829,-0.003918,-0.003420,0.000296,0.001640,-0.000205
1581968923.000000,0.000000,0.000000,4.031012,-1.284218,-0.395939,113.859560,0.003376,-0.004099,-0.004349,-0.000636,0.000349,-0.000791
1581968923.000000,0.000000,0.000000,4.031012,-1.284218,-0.395939,113.859560,0.003376,-0.004099,-0.004349,-0.000636,0.000349,-0.000791
1581968923.000000,0.000000,0.000000,4.026921,-1.282333,-0.394874,113.864834,0.002783,-0.004022,-0.005335,0.000123,0.000360,0.000444
1581968923.000000,0.000000,0.000000,4.025945,-1.281566,-0.395152,113.867692,0.002675,-0.004078,-0.005562,-0.000459,-0.000177,0.000396
1581968923.000000,0.000000,0.000000,4.025945,-1.281566,-0.395152,113.867692,0.002675,-0.004078,-0.005562,-0.000459,-0.000177,0.000396
1581968923.000000,0.000000,0.000000,4.023662,-1.281444,-0.396090,113.869720,0.002429,-0.004571,-0.006092,0.000332,-0.000497,-0.000121
1581968923.000000,0.000000,0.000000,4.022573,-1.282038,-0.397313,113.870007,0.002961,-0.004553,-0.005889,0.000562,-0.000869,0.000294
1581968923.000000,0.000000,0.000000,4.021222,-1.281938,-0.397469,113.871336,0.002705,-0.004899,-0.006666,0.000328,0.000109,0.000508
1581968923.000000,0.000000,0.000000,4.021222,-1.281938,-0.397469,113.871336,0.002705,-0.004899,-0.006666,0.000328,0.000109,0.000508
1581968923.000000,0.000000,0.000000,4.017935,-1.282321,-0.395960,113.872302,0.002456,-0.004666,-0.007370,0.000648,0.000611,0.000295
1581968923.000000,0.000000,0.000000,4.016168,-1.282567,-0.396444,113.872594,0.002116,-0.004425,-0.008071,0.000251,0.000125,-0.000665
1581968923.000000,0.000000,0.000000,4.016168,-1.282567,-0.396444,113.872594,0.002116,-0.004425,-0.008071,0.000251,0.000125,-0.000665
1581968924.000000,0.000000,0.000000,4.013328,-1.281918,-0.396317,113.873177,0.002264,-0.003686,-0.008502,-0.000113,-0.000207,-0.000858
1581968924.000000,0.000000,0.000000,4.012351,-1.282047,-0.396809,113.873660,0.002031,-0.003823,-0.009075,-0.000253,-0.000325,0.000005
1581968924.000000,0.000000,0.000000,4.011473,-1.279962,-0.396812,113.875325,0.002202,-0.004212,-0.009272,0.000303,-0.000661,0.001334
1581968924.000000,0.000000,0.000000,4.010556,-1.280230,-0.396766,113.875231,0.001950,-0.004020,-0.009322,0.000500,0.000201,-0.000616
1581968924.000000,0.000000,0.000000,4.009743,-1.278566,-0.396404,113.874353,0.001666,-0.003785,-0.009611,0.001236,0.000305,-0.000664
1581968924.000000,0.000000,0.000000,4.008828,-1.279205,-0.395503,113.875013,0.001349,-0.003599,-0.010037,-0.000946,0.000251,-0.000081
1581968924.000000,0.000000,0.000000,4.008402,-1.279921,-0.395959,113.876730,0.001451,-0.003918,-0.010039,0.000278,-0.000389,0.000560
1581968924.000000,0.000000,0.000000,4.008279,-1.279946,-0.395881,113.876630,0.001223,-0.004319,-0.010558,-0.000097,0.000009,-0.000884
1581968924.000000,0.000000,0.000000,4.008279,-1.279946,-0.395881,113.876630,0.001223,-0.004319,-0.010558,-0.000097,0.000009,-0.000884
1581968924.000000,0.000000,0.000000,4.007646,-1.281430,-0.395211,113.876265,0.001406,-0.003801,-0.010607,-0.000230,0.000041,-0.000586
1581968924.000000,0.000000,0.000000,4.007042,-1.282007,-0.394450,113.877472,0.001464,-0.004079,-0.010079,0.000016,-0.000017,0.000234
1581968924.000000,0.000000,0.000000,4.006577,-1.282380,-0.395290,113.878544,0.001170,-0.004459,-0.010485,-0.000054,-0.001287,0.000547
1581968924.000000,0.000000,0.000000,4.006051,-1.281913,-0.396049,113.879918,0.001047,-0.004345,-0.010250,0.000674,0.000569,0.000440
1581968924.000000,0.000000,0.000000,4.005479,-1.282254,-0.396288,113.881871,0.000835,-0.004392,-0.010804,-0.000703,0.000135,0.000161
1581968924.000000,0.000000,0.000000,4.004862,-1.282292,-0.396252,113.883442,0.000904,-0.004122,-0.011099,-0.000352,0.000399,0.000205
1581968924.000000,0.000000,0.000000,4.004002,-1.281186,-0.396865,113.885309,0.001171,-0.004433,-0.011365,0.000782,-0.000427,0.000524
1581968924.000000,0.000000,0.000000,4.002869,-1.280912,-0.397336,113.886297,0.001401,-0.004481,-0.011939,0.000066,-0.000462,-0.000442
1581968924.000000,0.000000,0.000000,4.001996,-1.281160,-0.397838,113.887870,0.000894,-0.004334,-0.012683,-0.000012,-0.000429,0.001188
1581968924.000000,0.000000,0.000000,4.001193,-1.279699,-0.399132,113.888714,0.000714,-0.004600,-0.012231,0.000499,-0.000635,-0.000320
1581968924.000000,0.000000,0.000000,4.000409,-1.280393,-0.398524,113.891787,0.000152,-0.004737,-0.012541,0.000520,0.000144,0.000791
1581968924.000000,0.000000,0.000000,4.000409,-1.280393,-0.398524,113.891787,0.000152,-0.004737,-0.012541,0.000520,0.000144,0.000791
1581968924.000000,0.000000,0.000000,3.999381,-1.278361,-0.400053,113.892673,0.000054,-0.004319,-0.012311,0.000779,0.000108,-0.000877
1581968924.000000,0.000000,0.000000,3.999381,-1.278361,-0.400053,113.892673,0.000054,-0.004319,-0.012311,0.000779,0.000108,-0.000877
1581968924.000000,0.000000,0.000000,3.998180,-1.278020,-0.400340,113.895436,0.000572,-0.004514,-0.012539,0.000270,-0.000680,0.000413
1581968924.000000,0.000000,0.000000,3.997083,-1.278420,-0.400666,113.895954,0.000896,-0.004369,-0.012948,-0.000617,-0.000006,0.000077
1581968924.000000,0.000000,0.000000,3.995887,-1.278300,-0.399049,113.896599,0.000480,-0.004476,-0.013310,0.001350,-0.000306,0.000748
1581968924.000000,0.000000,0.000000,3.994558,-1.277651,-0.399836,113.897212,0.000106,-0.004487,-0.013611,0.000045,-0.000821,-0.000618
1581968924.000000,0.000000,0.000000,3.993166,-1.278422,-0.399826,113.896819,0.000005,-0.004659,-0.013128,-0.000579,0.000502,-0.000329
1581968924.000000,0.000000,0.000000,3.991709,-1.276835,-0.399154,113.896710,-0.000064,-0.004521,-0.013942,0.000920,-0.000393,0.000176
1581968924.000000,0.000000,0.000000,3.991709,-1.276835,-0.399154,113.896710,-0.000064,-0.004521,-0.013942,0.000920,-0.000393,0.000176
1581968924.000000,0.000000,0.000000,3.990581,-1.276314,-0.399216,113.895920,0.000040,-0.004539,-0.014012,-0.000029,0.000696,0.000259
1581968925.000000,0.000000,0.000000,3.987534,-1.275125,-0.399328,113.897337,-0.000101,-0.004655,-0.014634,0.001264,-0.000283,0.000107
1581968925.000000,0.000000,0.000000,3.986175,-1.274601,-0.399948,113.896618,0.000025,-0.004597,-0.014298,0.000749,-0.000444,-0.000220
1581968925.000000,0.000000,0.000000,3.985119,-1.274205,-0.400305,113.896806,-0.000119,-0.004555,-0.014633,0.000985,-0.000297,0.000491
1581968925.000000,0.000000,0.000000,3.984196,-1.274270,-0.400564,113.897535,0.000082,-0.004682,-0.014285,0.000563,-0.000174,0.000318
1581968925.000000,0.000000,0.000000,3.983325,-1.275189,-0.399367,113.896664,-0.000306,-0.005100,-0.014491,0.000546,0.000164,-0.000103
1581968925.000000,0.000000,0.000000,3.981921,-1.275064,-0.399011,113.895530,-0.000599,-0.005143,-0.014941,-0.000201,-0.000010,0.000202
1581968925.000000,0.000000,0.000000,3.981921,-1.275064,-0.399011,113.895530,-0.000599,-0.005143,-0.014941,-0.000201,-0.000010,0.000202
1581968925.000000,0.000000,0.000000,3.980492,-1.275476,-0.399211,113.895173,-0.000851,-0.005004,-0.014829,-0.000097,-0.000209,-0.000938
1581968925.000000,0.000000,0.000000,3.979205,-1.275416,-0.398951,113.894629,-0.001095,-0.005315,-0.015262,0.000519,0.000379,-0.001263
1581968925.000000,0.000000,0.000000,3.977863,-1.274437,-0.398364,113.894395,-0.001043,-0.004972,-0.015623,0.000776,0.000444,-0.000399
1581968925.000000,0.000000,0.000000,3.976357,-1.272504,-0.398510,113.893976,-0.001039,-0.005269,-0.016098,0.001156,0.000187,-0.000295
1581968925.000000,0.000000,0.000000,3.974995,-1.272504,-0.398073,113.894544,-0.000895,-0.005166,-0.016482,-0.000341,-0.000247,0.001113
1581968925.000000,0.000000,0.000000,3.974995,-1.272504,-0.398073,113.894544,-0.000895,-0.005166,-0.016482,-0.000341,-0.000247,0.001113
1581968925.000000,0.000000,0.000000,3.973374,-1.271953,-0.397779,113.895724,-0.000543,-0.004944,-0.016690,0.000168,-0.000618,-0.000148
1581968925.000000,0.000000,0.000000,3.972089,-1.272434,-0.396757,113.895790,-0.000428,-0.004969,-0.016862,-0.000209,0.000673,-0.000470
1581968925.000000,0.000000,0.000000,3.971144,-1.271729,-0.396039,113.897811,-0.000919,-0.005098,-0.016828,0.000155,0.001003,-0.000073
1581968925.000000,0.000000,0.000000,3.971131,-1.270777,-0.395514,113.897986,-0.000985,-0.004959,-0.016435,0.000814,0.000440,0.000138
1581968925.000000,0.000000,0.000000,3.970796,-1.270825,-0.394681,113.898312,-0.001084,-0.005298,-0.015959,0.000116,-0.000556,-0.000017
1581968925.000000,0.000000,0.000000,3.970434,-1.270507,-0.394640,113.899461,-0.001203,-0.005373,-0.016066,-0.000351,0.000352,-0.000080
1581968925.000000,0.000000,0.000000,3.970434,-1.270507,-0.394640,113.899461,-0.001203,-0.005373,-0.016066,-0.000351,0.000352,-0.000080
1581968925.000000,0.000000,0.000000,3.969929,-1.270219,-0.394393,113.898906,-0.001123,-0.005344,-0.016261,-0.000164,0.000367,-0.000234
1581968925.000000,0.000000,0.000000,3.969062,-1.269978,-0.394257,113.898619,-0.000928,-0.005560,-0.016179,-0.000156,0.000241,-0.000271
1581968925.000000,0.000000,0.000000,3.967327,-1.269524,-0.394427,113.897579,-0.000930,-0.005733,-0.016302,0.000004,-0.000899,0.000332
1581968925.000000,0.000000,0.000000,3.965967,-1.269331,-0.394853,113.897124,-0.001401,-0.005415,-0.016881,0.000424,-0.000226,-0.000787
1581968925.000000,0.000000,0.000000,3.964756,-1.271276,-0.395261,113.897650,-0.001435,-0.005308,-0.017066,-0.001760,-0.000867,0.000246
1581968925.000000,0.000000,0.000000,3.963920,-1.270969,-0.396423,113.897914,-0.001438,-0.005654,-0.016969,0.000027,-0.000004,0.000551
1581968925.000000,0.000000,0.000000,3.962949,-1.270441,-0.396392,113.898847,-0.001327,-0.005303,-0.017070,0.000801,0.000339,0.000589
1581968925.000000,0.000000,0.000000,3.961611,-1.269988,-0.396466,113.897789,-0.001174,-0.004877,-0.017149,0.000405,-0.000131,-0.000644
1581968925.000000,0.000000,0.000000,3.959885,-1.269295,-0.396771,113.899920,-0.000968,-0.004916,-0.017271,0.000082,-0.000560,0.001102
1581968925.000000,0.000000,0.000000,3.958014,-1.267825,-0.396509,113.900049,-0.001097,-0.005199,-0.017334,0.000682,0.000075,-0.000205
1581968925.000000,0.000000,0.000000,3.955706,-1.267525,-0.396709,113.900113,-0.001218,-0.005275,-0.017920,-0.000124,0.000077,-0.000630
1581968925.000000,0.000000,0.000000,3.953499,-1.267988,-0.397121,113.901057,-0.001138,-0.004935,-0.018510,-0.000054,0.000057,0.000912
1581968925.000000,0.000000,0.000000,3.950975,-1.266733,-0.396938,113.903231,-0.000981,-0.005178,-0.018893,0.000533,0.000715,0.000702
1581968925.000000,0.000000,0.000000,3.950975,-1.266733,-0.396938,113.903231,-0.000981,-0.005178,-0.018893,0.000533,0.000715,0.000702
1581968926.000000,0.000000,0.000000,3.949119,-1.267722,-0.395549,113.904424,-0.000726,-0.005110,-0.018939,-0.000631,0.000640,0.000735
1581968926.000000,0.000000,0.000000,3.947027,-1.267145,-0.394789,113.906165,-0.000413,-0.004908,-0.019261,-0.000629,-0.000052,-0.000256
1581968926.000000,0.000000,0.000000,3.945129,-1.266599,-0.394549,113.906469,-0.000387,-0.004856,-0.019554,0.000679,0.000534,-0.000571
1581968926.000000,0.000000,0.000000,3.943403,-1.265238,-0.393418,113.907762,-0.001065,-0.005051,-0.019935,0.000989,0.000725,-0.000387
1581968926.000000,0.000000,0.000000,3.941296,-1.265136,-0.392171,113.908620,-0.001371,-0.005187,-0.019999,0.000092,0.001173,0.001042
1581968926.000000,0.000000,0.000000,3.939937,-1.263820,-0.393011,113.909467,-0.001584,-0.005120,-0.020699,0.000721,-0.001009,-0.000814
1581968926.000000,0.000000,0.000000,3.938563,-1.263623,-0.393176,113.910208,-0.001235,-0.005571,-0.020886,0.000329,-0.000146,-0.000039
1581968926.000000,0.000000,0.000000,3.936876,-1.263091,-0.393803,113.911088,-0.001258,-0.005593,-0.021313,0.000406,-0.000072,0.000070
1581968926.000000,0.000000,0.000000,3.935117,-1.262008,-0.394061,113.912812,-0.001306,-0.005699,-0.021868,0.000511,-0.000395,0.000398
1581968926.000000,0.000000,0.000000,3.933357,-1.261932,-0.394621,113.913072,-0.000821,-0.005900,-0.021853,0.000579,-0.000081,-0.000568
1581968926.000000,0.000000,0.000000,3.931835,-1.261370,-0.392976,113.914934,-0.001084,-0.005953,-0.022050,-0.000245,0.000753,0.000043
1581968926.000000,0.000000,0.000000,3.930286,-1.261225,-0.393446,113.915794,-0.000807,-0.005913,-0.022501,0.000198,-0.000420,0.000491
1581968926.000000,0.000000,0.000000,3.930286,-1.261225,-0.393446,113.915794,-0.000807,-0.005913,-0.022501,0.000198,-0.000420,0.000491
1581968926.000000,0.000000,0.000000,3.927971,-1.261259,-0.393657,113.916364,-0.001069,-0.005866,-0.022808,0.000290,-0.000912,0.000088
1581968926.000000,0.000000,0.000000,3.925878,-1.261160,-0.393759,113.917128,-0.000558,-0.005824,-0.022852,0.000118,0.000081,-0.000037
1581968926.000000,0.000000,0.000000,3.923006,-1.260081,-0.395229,113.918608,-0.000306,-0.005896,-0.023216,0.000333,-0.000881,0.000557
1581968926.000000,0.000000,0.000000,3.920619,-1.260236,-0.394729,113.918974,-0.000475,-0.005931,-0.023676,-0.000165,0.000729,0.000202
1581968926.000000,0.000000,0.000000,3.918491,-1.260079,-0.393794,113.919421,-0.000629,-0.005793,-0.024091,0.000362,0.000647,-0.000148
1581968926.000000,0.000000,0.000000,3.916605,-1.259001,-0.394107,113.919328,-0.000556,-0.005830,-0.024089,0.001063,-0.000436,-0.000672
1581968926.000000,0.000000,0.000000,3.916605,-1.259001,-0.394107,113.919328,-0.000556,-0.005830,-0.024089,0.001063,-0.000436,-0.000672
1581968926.000000,0.000000,0.000000,3.912595,-1.258500,-0.394039,113.920299,-0.000409,-0.005863,-0.024494,0.000389,-0.000342,0.000330
1581968926.000000,0.000000,0.000000,3.910103,-1.257443,-0.394211,113.920333,-0.000093,-0.005837,-0.025130,0.000054,-0.000674,-0.000204
1581968926.000000,0.000000,0.000000,3.908255,-1.257793,-0.394112,113.921319,0.000339,-0.006125,-0.025996,-0.000618,0.000141,0.001297
1581968926.000000,0.000000,0.000000,3.908255,-1.257793,-0.394112,113.921319,0.000339,-0.006125,-0.025996,-0.000618,0.000141,0.001297
1581968926.000000,0.000000,0.000000,3.906348,-1.257958,-0.394508,113.920850,0.000230,-0.006191,-0.026734,0.000771,0.000183,0.000011
1581968926.000000,0.000000,0.000000,3.904354,-1.257525,-0.394794,113.920822,0.000514,-0.006189,-0.027134,0.000690,-0.000496,0.000110
1581968926.000000,0.000000,0.000000,3.902482,-1.257306,-0.394539,113.921986,0.000263,-0.006291,-0.027629,0.000341,0.000204,0.000245
1581968926.000000,0.000000,0.000000,3.900199,-1.257475,-0.394354,113.921175,0.000565,-0.006310,-0.027841,-0.000210,-0.000131,-0.000737
1581968926.000000,0.000000,0.000000,3.897527,-1.258534,-0.392839,113.921873,0.000929,-0.006736,-0.028465,-0.000008,0.001492,0.000569
1581968926.000000,0.000000,0.000000,3.894603,-1.259384,-0.391988,113.921676,0.000947,-0.007046,-0.029349,-0.000174,0.000572,-0.000212
1581968926.000000,0.000000,0.000000,3.894603,-1.259384,-0.391988,113.921676,0.000947,-0.007046,-0.029349,-0.000174,0.000572,-0.000212
1581968926.000000,0.000000,0.000000,3.891343,-1.258868,-0.391382,113.921001,0.000939,-0.006700,-0.029894,0.000084,0.001437,-0.000334
1581968926.000000,0.000000,0.000000,3.888884,-1.259381,-0.391628,113.920397,0.001157,-0.006714,-0.030234,-0.000634,-0.000628,-0.000114
1581968927.000000,0.000000,0.000000,3.886070,-1.260146,-0.391680,113.920373,0.001187,-0.006980,-0.031202,-0.000339,0.000341,0.000213
1581968927.000000,0.000000,0.000000,3.883123,-1.260356,-0.391563,113.918650,0.001772,-0.007175,-0.031658,0.000374,-0.000596,-0.000521
1581968927.000000,0.000000,0.000000,3.880233,-1.259467,-0.391693,113.919070,0.001899,-0.006798,-0.032500,0.001009,-0.000382,0.001886
1581968927.000000,0.000000,0.000000,3.877708,-1.259219,-0.391058,113.916257,0.002291,-0.006899,-0.032520,0.000458,0.000407,-0.000100
1581968927.000000,0.000000,0.000000,3.877708,-1.259219,-0.391058,113.916257,0.002291,-0.006899,-0.032520,0.000458,0.000407,-0.000100
1581968927.000000,0.000000,0.000000,3.871711,-1.257655,-0.390461,113.911464,0.001829,-0.007945,-0.034051,0.001240,0.000916,0.000647
1581968927.000000,0.000000,0.000000,3.868970,-1.257460,-0.389265,113.909673,0.001746,-0.007330,-0.034634,-0.000364,0.001054,-0.000361
1581968927.000000,0.000000,0.000000,3.866352,-1.260481,-0.388233,113.909110,0.002288,-0.007145,-0.035454,-0.001253,0.000642,0.001074
1581968927.000000,0.000000,0.000000,3.866352,-1.260481,-0.388233,113.909110,0.002288,-0.007145,-0.035454,-0.001253,0.000642,0.001074
1581968927.000000,0.000000,0.000000,3.861543,-1.260635,-0.387565,113.905571,0.002828,-0.008161,-0.036378,0.000681,0.000991,-0.000288
1581968927.000000,0.000000,0.000000,3.858629,-1.259042,-0.386577,113.902928,0.002685,-0.007737,-0.037221,0.001463,-0.000143,-0.000729
1581968927.000000,0.000000,0.000000,3.856436,-1.259848,-0.386451,113.901906,0.002972,-0.007620,-0.037271,-0.000823,-0.000153,-0.000304
1581968927.000000,0.000000,0.000000,3.854628,-1.261078,-0.386393,113.899737,0.003173,-0.008165,-0.037759,-0.001139,0.000112,-0.000283
1581968927.000000,0.000000,0.000000,3.853194,-1.259877,-0.386068,113.897622,0.003606,-0.008624,-0.037953,0.000867,-0.000369,-0.000374
1581968927.000000,0.000000,0.000000,3.852378,-1.259244,-0.384935,113.898027,0.003635,-0.008271,-0.037588,0.000389,0.001541,0.000540
1581968927.000000,0.000000,0.000000,3.851376,-1.259165,-0.385308,113.895362,0.003753,-0.007538,-0.037524,-0.001001,0.000206,-0.001975
1581968927.000000,0.000000,0.000000,3.850348,-1.260763,-0.383762,113.895759,0.004086,-0.008093,-0.037108,-0.001252,0.000388,0.000292
1581968927.000000,0.000000,0.000000,3.849628,-1.260427,-0.383052,113.895135,0.004093,-0.008967,-0.036909,0.000360,0.000563,-0.000455
1581968927.000000,0.000000,0.000000,3.849007,-1.260191,-0.383041,113.895753,0.003921,-0.008400,-0.037095,0.000218,-0.000587,0.000128
1581968927.000000,0.000000,0.000000,3.848587,-1.260617,-0.383044,113.894620,0.004185,-0.008417,-0.036493,-0.000784,0.000255,-0.000515
1581968927.000000,0.000000,0.000000,3.848163,-1.261832,-0.383433,113.895042,0.004065,-0.008665,-0.036763,0.000579,-0.000475,0.000095
1581968927.000000,0.000000,0.000000,3.847643,-1.262555,-0.383296,113.894247,0.004861,-0.008900,-0.036664,-0.000804,-0.000147,-0.001071
1581968927.000000,0.000000,0.000000,3.847643,-1.262555,-0.383296,113.894247,0.004861,-0.008900,-0.036664,-0.000804,-0.000147,-0.001071
1581968927.000000,0.000000,0.000000,3.846267,-1.262420,-0.382018,113.895975,0.004883,-0.009263,-0.036707,-0.000217,0.000847,-0.001074
1581968927.000000,0.000000,0.000000,3.843861,-1.262873,-0.382175,113.896255,0.005095,-0.009184,-0.037168,-0.000889,0.000271,0.000014
1581968927.000000,0.000000,0.000000,3.842365,-1.264063,-0.382137,113.895573,0.005196,-0.009485,-0.036885,-0.000748,0.000372,-0.000841
1581968927.000000,0.000000,0.000000,3.842365,-1.264063,-0.382137,113.895573,0.005196,-0.009485,-0.036885,-0.000748,0.000372,-0.000841
1581968927.000000,0.000000,0.000000,3.842365,-1.264063,-0.382137,113.895573,0.005196,-0.009485,-0.036885,-0.000748,0.000372,-0.000841
1581968927.000000,0.000000,0.000000,3.838565,-1.264869,-0.382292,113.897189,0.005648,-0.009162,-0.037753,-0.001052,-0.000242,-0.000458
1581968927.000000,0.000000,0.000000,3.837106,-1.266772,-0.382214,113.898737,0.005704,-0.009458,-0.037911,-0.000859,0.000202,-0.000075
1581968928.000000,0.000000,0.000000,3.834565,-1.265922,-0.383640,113.899407,0.005424,-0.009986,-0.037738,-0.000213,-0.000188,-0.001095
1581968928.000000,0.000000,0.000000,3.833183,-1.266337,-0.383246,113.899274,0.005657,-0.009570,-0.038365,-0.000570,0.000831,-0.000675
1581968928.000000,0.000000,0.000000,3.831731,-1.267744,-0.382713,113.899316,0.005690,-0.009679,-0.038064,-0.000454,0.000145,0.000224
1581968928.000000,0.000000,0.000000,3.830131,-1.268090,-0.382847,113.899552,0.005472,-0.010013,-0.038981,0.000739,-0.000018,-0.001163
1581968928.000000,0.000000,0.000000,3.828613,-1.265398,-0.382537,113.900811,0.005781,-0.009840,-0.039031,0.001230,-0.000025,0.000569
1581968928.000000,0.000000,0.000000,3.826740,-1.264527,-0.381712,113.900917,0.005722,-0.009489,-0.039126,0.000783,0.000530,-0.000453
1581968928.000000,0.000000,0.000000,3.824996,-1.265741,-0.380368,113.902066,0.005460,-0.009672,-0.039627,-0.000931,0.001025,0.000630
1581968928.000000,0.000000,0.000000,3.823130,-1.265556,-0.380339,113.903008,0.005886,-0.010263,-0.039731,0.000338,0.000248,0.000598
1581968928.000000,0.000000,0.000000,3.818326,-1.265417,-0.381379,113.903661,0.006138,-0.009612,-0.040432,-0.000555,-0.001196,0.000504
1581968928.000000,0.000000,0.000000,3.816415,-1.266003,-0.381609,113.904255,0.006081,-0.009717,-0.041245,-0.000600,-0.000367,0.000587
1581968928.000000,0.000000,0.000000,3.814836,-1.266040,-0.381311,113.905414,0.006449,-0.010053,-0.041154,-0.000089,0.000178,0.000327
1581968928.000000,0.000000,0.000000,3.813644,-1.264969,-0.379844,113.904818,0.006216,-0.010292,-0.041349,0.000141,0.000972,0.000218
1581968928.000000,0.000000,0.000000,3.812251,-1.264456,-0.380810,113.904701,0.006108,-0.009806,-0.041228,0.000884,-0.000689,0.000661
1581968928.000000,0.000000,0.000000,3.810617,-1.265305,-0.379054,113.902869,0.005837,-0.009775,-0.041454,-0.000204,0.000331,-0.000594
1581968928.000000,0.000000,0.000000,3.809105,-1.265283,-0.380213,113.903490,0.005798,-0.009819,-0.041518,0.000252,0.000318,0.001442
1581968928.000000,0.000000,0.000000,3.807824,-1.265484,-0.379870,113.902965,0.005737,-0.009854,-0.041710,-0.000180,0.000815,0.000204
1581968928.000000,0.000000,0.000000,3.807087,-1.265767,-0.379826,113.901185,0.005733,-0.010126,-0.041908,0.000383,0.000044,0.000271
1581968928.000000,0.000000,0.000000,3.806134,-1.266019,-0.378534,113.899739,0.005494,-0.009788,-0.042504,0.000023,0.000381,0.000642
1581968928.000000,0.000000,0.000000,3.806134,-1.266019,-0.378534,113.899739,0.005494,-0.009788,-0.042504,0.000023,0.000381,0.000642
1581968928.000000,0.000000,0.000000,3.804862,-1.266140,-0.378643,113.899784,0.005261,-0.010451,-0.042218,0.000285,-0.000209,0.000950
1581968928.000000,0.000000,0.000000,3.804349,-1.265675,-0.378743,113.898595,0.005161,-0.010208,-0.042812,-0.000757,0.000808,0.000302
1581968928.000000,0.000000,0.000000,3.804092,-1.266253,-0.379370,113.898267,0.005216,-0.010172,-0.042507,-0.000265,-0.000229,0.000071
1581968928.000000,0.000000,0.000000,3.803965,-1.265707,-0.379606,113.897323,0.005077,-0.010335,-0.042895,0.000047,-0.000390,0.000327
1581968928.000000,0.000000,0.000000,3.803711,-1.266688,-0.380006,113.897003,0.005207,-0.010524,-0.042589,0.000080,-0.001028,0.000187
1581968928.000000,0.000000,0.000000,3.803663,-1.266546,-0.379374,113.896753,0.005072,-0.010734,-0.042328,0.000228,0.000871,0.000170
1581968928.000000,0.000000,0.000000,3.803475,-1.267740,-0.379399,113.896371,0.005268,-0.010924,-0.041861,-0.000295,0.000675,0.000476
1581968928.000000,0.000000,0.000000,3.803777,-1.268246,-0.380103,113.895512,0.005185,-0.010839,-0.041125,-0.000143,-0.000786,0.000223
1581968929.000000,0.000000,0.000000,3.805202,-1.269503,-0.378683,113.892997,0.005329,-0.011506,-0.040190,-0.000285,0.001244,-0.001346
1581968929.000000,0.000000,0.000000,3.806144,-1.269895,-0.378552,113.892161,0.005808,-0.011421,-0.039206,-0.000401,0.000411,-0.000409
1581968929.000000,0.000000,0.000000,3.807662,-1.270115,-0.378233,113.892865,0.005661,-0.011389,-0.038389,0.000012,0.000158,0.000313
1581968929.000000,0.000000,0.000000,3.810321,-1.271316,-0.376254,113.892687,0.005411,-0.011991,-0.037181,-0.000166,0.000961,-0.000808
1581968929.000000,0.000000,0.000000,3.812346,-1.272576,-0.375656,113.890554,0.005573,-0.012148,-0.036120,0.000342,0.000049,0.000116
1581968929.000000,0.000000,0.000000,3.813415,-1.271914,-0.375591,113.891458,0.005554,-0.011975,-0.035508,0.001169,0.000056,0.000509
1581968929.000000,0.000000,0.000000,3.815139,-1.273989,-0.375562,113.889896,0.005942,-0.011907,-0.034743,-0.000844,0.000021,-0.001370
1581968929.000000,0.000000,0.000000,3.815139,-1.273989,-0.375562,113.889896,0.005942,-0.011907,-0.034743,-0.000844,0.000021,-0.001370
1581968929.000000,0.000000,0.000000,3.816700,-1.273429,-0.375777,113.889467,0.005662,-0.011987,-0.033987,0.000699,0.000333,0.000225
1581968929.000000,0.000000,0.000000,3.817863,-1.272860,-0.375166,113.889947,0.005386,-0.011501,-0.033532,0.000800,0.000538,0.000144
1581968929.000000,0.000000,0.000000,3.819028,-1.274252,-0.375393,113.891222,0.005743,-0.011175,-0.032320,-0.000020,-0.000556,0.000073
1581968929.000000,0.000000,0.000000,3.819911,-1.275176,-0.374920,113.891626,0.005756,-0.011459,-0.032118,-0.000679,0.000343,0.000104
1581968929.000000,0.000000,0.000000,3.820312,-1.275154,-0.375012,113.891431,0.006407,-0.011598,-0.031839,0.000292,0.000816,0.000050
1581968929.000000,0.000000,0.000000,3.820309,-1.274226,-0.376389,113.893368,0.006258,-0.011300,-0.031784,0.000344,-0.000404,0.000339
1581968929.000000,0.000000,0.000000,3.820209,-1.275480,-0.376334,113.893726,0.006812,-0.011540,-0.031052,0.000238,-0.000136,-0.000207
1581968929.000000,0.000000,0.000000,3.820592,-1.275779,-0.376987,113.893870,0.006431,-0.011797,-0.030672,0.000450,-0.000100,0.000543
1581968929.000000,0.000000,0.000000,3.820740,-1.275872,-0.377073,113.894635,0.006129,-0.011621,-0.030479,-0.000007,-0.000027,0.000166
1581968929.000000,0.000000,0.000000,3.820745,-1.275819,-0.377412,113.896935,0.006172,-0.011263,-0.030390,0.000747,-0.000291,0.000927
1581968929.000000,0.000000,0.000000,3.820977,-1.276942,-0.377937,113.898383,0.006160,-0.011279,-0.030169,-0.000174,0.000580,0.000342
1581968929.000000,0.000000,0.000000,3.821145,-1.277583,-0.377368,113.899217,0.006232,-0.011553,-0.029875,-0.000838,0.000232,0.000251
1581968929.000000,0.000000,0.000000,3.821691,-1.277206,-0.377805,113.900779,0.005972,-0.011619,-0.029935,-0.000513,-0.000062,-0.000713
1581968929.000000,0.000000,0.000000,3.822875,-1.278819,-0.378122,113.900624,0.006275,-0.011460,-0.029346,-0.000927,-0.000325,-0.000679
1581968929.000000,0.000000,0.000000,3.823676,-1.278011,-0.379175,113.900887,0.006095,-0.011588,-0.028870,0.000509,-0.000092,0.000011
1581968929.000000,0.000000,0.000000,3.825091,-1.278302,-0.379709,113.900535,0.006242,-0.011315,-0.028206,0.000246,-0.000454,-0.000803
1581968929.000000,0.000000,0.000000,3.826439,-1.278702,-0.380373,113.901193,0.006400,-0.011566,-0.027202,-0.000600,-0.000625,-0.000174
1581968929.000000,0.000000,0.000000,3.827745,-1.278521,-0.379857,113.902978,0.006380,-0.010891,-0.027205,0.000018,-0.000200,0.000931
1581968929.000000,0.000000,0.000000,3.829163,-1.279732,-0.379939,113.904017,0.006280,-0.011205,-0.026745,-0.000498,0.000043,0.000877
1581968929.000000,0.000000,0.000000,3.831649,-1.280911,-0.379210,113.903171,0.006363,-0.011463,-0.025914,-0.000801,0.000761,-0.001050
1581968930.000000,0.000000,0.000000,3.833755,-1.281764,-0.378765,113.903661,0.006433,-0.011241,-0.025388,-0.000225,-0.000383,-0.000543
1581968930.000000,0.000000,0.000000,3.833755,-1.281764,-0.378765,113.903661,0.006433,-0.011241,-0.025388,-0.000225,-0.000383,-0.000543
1581968930.000000,0.000000,0.000000,3.835627,-1.282820,-0.379120,113.904375,0.006208,-0.010923,-0.024612,-0.000387,0.000213,-0.000892
1581968930.000000,0.000000,0.000000,3.839912,-1.283693,-0.379127,113.906648,0.005989,-0.011109,-0.023424,-0.000025,-0.000364,0.000595
1581968930.000000,0.000000,0.000000,3.839912,-1.283693,-0.379127,113.906648,0.005989,-0.011109,-0.023424,-0.000025,-0.000364,0.000595
1581968930.000000,0.000000,0.000000,3.842850,-1.283098,-0.380255,113.907995,0.006166,-0.011041,-0.022594,0.000801,-0.000509,-0.000678
1581968930.000000,0.000000,0.000000,3.845346,-1.283597,-0.381038,113.909835,0.005698,-0.010817,-0.022182,0.000248,-0.000533,0.000940
1581968930.000000,0.000000,0.000000,3.848150,-1.285684,-0.380694,113.909430,0.005944,-0.010884,-0.021074,-0.001086,0.000173,-0.000176
1581968930.000000,0.000000,0.000000,3.850902,-1.286902,-0.381309,113.910699,0.005581,-0.010906,-0.020724,-0.000425,-0.000597,0.000925
1581968930.000000,0.000000,0.000000,3.853533,-1.287195,-0.381934,113.910600,0.005628,-0.010481,-0.020467,0.000527,0.000223,-0.000620
1581968930.000000,0.000000,0.000000,3.856338,-1.287750,-0.382218,113.912258,0.005640,-0.010710,-0.019582,-0.000531,-0.000625,0.001565
1581968930.000000,0.000000,0.000000,3.859296,-1.287257,-0.381781,113.914458,0.005675,-0.010324,-0.019155,0.000720,0.000891,0.000137
1581968930.000000,0.000000,0.000000,3.863077,-1.287308,-0.381909,113.915138,0.005906,-0.010055,-0.018409,-0.000020,-0.000010,0.000158
1581968930.000000,0.000000,0.000000,3.866167,-1.288202,-0.381555,113.916149,0.005976,-0.010063,-0.017469,0.000425,0.000251,-0.000135
1581968930.000000,0.000000,0.000000,3.869783,-1.288497,-0.381045,113.917943,0.005991,-0.009492,-0.016862,0.000266,-0.000450,-0.000047
1581968930.000000,0.000000,0.000000,3.873616,-1.289123,-0.381102,113.918093,0.006149,-0.009413,-0.015476,-0.000129,-0.000262,0.000362
1581968930.000000,0.000000,0.000000,3.877475,-1.289580,-0.382185,113.919212,0.005799,-0.009484,-0.014735,-0.000446,0.000338,-0.000451
1581968930.000000,0.000000,0.000000,3.881328,-1.290098,-0.382441,113.919233,0.006121,-0.009013,-0.013150,-0.000201,-0.000027,0.000729
1581968930.000000,0.000000,0.000000,3.886030,-1.290370,-0.382356,113.920109,0.006089,-0.009343,-0.011891,0.000317,0.000181,0.000099
1581968930.000000,0.000000,0.000000,3.888820,-1.290595,-0.381894,113.920906,0.005998,-0.009208,-0.011597,0.000280,0.000925,0.001275
1581968930.000000,0.000000,0.000000,3.893305,-1.290291,-0.381743,113.924029,0.006054,-0.008717,-0.010367,0.000097,-0.000345,-0.000258
1581968930.000000,0.000000,0.000000,3.896578,-1.291124,-0.381634,113.922665,0.006042,-0.008338,-0.009731,-0.000534,0.000388,-0.001538
1581968930.000000,0.000000,0.000000,3.899689,-1.292246,-0.382239,113.923287,0.005982,-0.008264,-0.009180,-0.000666,-0.000241,-0.001000
1581968930.000000,0.000000,0.000000,3.902793,-1.291153,-0.383289,113.924579,0.005878,-0.008630,-0.007914,0.000414,0.000204,0.000898
1581968930.000000,0.000000,0.000000,3.905273,-1.291511,-0.384355,113.926448,0.005637,-0.008163,-0.007765,-0.000053,-0.000660,0.000760
1581968930.000000,0.000000,0.000000,3.907462,-1.291827,-0.385460,113.927176,0.005934,-0.007843,-0.006922,-0.000256,-0.000283,-0.000047
1581968930.000000,0.000000,0.000000,3.910119,-1.293447,-0.385106,113.929530,0.006081,-0.008242,-0.006335,-0.000598,0.000565,-0.000011
1581968930.000000,0.000000,0.000000,3.912358,-1.293296,-0.384734,113.929448,0.005818,-0.008272,-0.005668,0.000345,0.000081,-0.000573
1581968930.000000,0.000000,0.000000,3.916492,-1.292125,-0.386289,113.929748,0.006016,-0.007367,-0.004621,0.000832,0.000334,-0.000010
1581968930.000000,0.000000,0.000000,3.916492,-1.292125,-0.386289,113.929748,0.006016,-0.007367,-0.004621,0.000832,0.000334,-0.000010
1581968931.000000,0.000000,0.000000,3.919887,-1.293423,-0.385205,113.931425,0.006248,-0.008001,-0.003322,0.000052,0.001203,0.000765
1581968931.000000,0.000000,0.000000,3.921732,-1.293461,-0.384815,113.932903,0.006324,-0.008039,-0.003053,0.000044,0.000480,-0.000408
1581968931.000000,0.000000,0.000000,3.924178,-1.293500,-0.386502,113.933868,0.006246,-0.006908,-0.002326,-0.000639,-0.000340,0.000249
1581968931.000000,0.000000,0.000000,3.925490,-1.294643,-0.386776,113.935476,0.006157,-0.006908,-0.002121,-0.000055,-0.000198,0.000402
1581968931.000000,0.000000,0.000000,3.927349,-1.295516,-0.386294,113.936938,0.006650,-0.007212,-0.001401,-0.000499,0.000266,0.001018
1581968931.000000,0.000000,0.000000,3.929350,-1.295996,-0.386810,113.938485,0.006366,-0.007009,-0.001678,0.000225,0.000591,-0.000835
1581968931.000000,0.000000,0.000000,3.931442,-1.296996,-0.386493,113.940792,0.006564,-0.005403,-0.001062,-0.001121,0.000140,0.000338
1581968931.000000,0.000000,0.000000,3.933502,-1.298334,-0.386650,113.941671,0.007041,-0.005332,-0.000645,-0.001381,0.000168,-0.000055
1581968931.000000,0.000000,0.000000,3.937839,-1.300644,-0.386083,113.944037,0.006761,-0.006030,-0.000384,-0.000004,0.000354,-0.001055
1581968931.000000,0.000000,0.000000,3.939761,-1.298884,-0.386620,113.943998,0.006656,-0.005084,-0.000218,0.000654,-0.000515,0.001122
1581968931.000000,0.000000,0.000000,3.941517,-1.299875,-0.386119,113.945007,0.006758,-0.004087,0.000014,-0.000692,0.000661,0.000817
1581968931.000000,0.000000,0.000000,3.943043,-1.302651,-0.386205,113.943529,0.007252,-0.004979,0.000278,-0.000370,0.000158,-0.000370
1581968931.000000,0.000000,0.000000,3.944308,-1.302466,-0.386768,113.944478,0.007197,-0.005210,0.000662,0.000731,-0.000160,0.001328
1581968931.000000,0.000000,0.000000,3.945625,-1.299848,-0.387173,113.945068,0.006996,-0.004526,0.000421,0.001686,0.000039,0.000069
1581968931.000000,0.000000,0.000000,3.946950,-1.301078,-0.386653,113.946296,0.007207,-0.003846,0.001078,-0.000815,0.000215,0.001126
1581968931.000000,0.000000,0.000000,3.948270,-1.303402,-0.387079,113.945081,0.007091,-0.003868,0.001532,-0.000158,0.000052,-0.000420
1581968931.000000,0.000000,0.000000,3.949923,-1.303720,-0.386716,113.946204,0.007158,-0.003942,0.001878,-0.000170,0.000485,0.001389
1581968931.000000,0.000000,0.000000,3.951517,-1.301904,-0.386797,113.944689,0.007002,-0.003461,0.002103,0.001545,0.000452,-0.000828
1581968931.000000,0.000000,0.000000,3.953799,-1.301503,-0.386895,113.943842,0.006887,-0.002867,0.002558,-0.000147,-0.000358,-0.000415
1581968931.000000,0.000000,0.000000,3.955848,-1.302609,-0.387089,113.944879,0.006761,-0.002366,0.003283,-0.001385,0.000506,0.001006
1581968931.000000,0.000000,0.000000,3.955848,-1.302609,-0.387089,113.944879,0.006761,-0.002366,0.003283,-0.001385,0.000506,0.001006
1581968931.000000,0.000000,0.000000,3.957996,-1.303833,-0.386679,113.945005,0.006639,-0.002573,0.003556,0.000632,0.000392,0.000295
1581968931.000000,0.000000,0.000000,3.960060,-1.303397,-0.385924,113.943568,0.006560,-0.002041,0.003740,0.000185,0.000810,-0.000714
1581968931.000000,0.000000,0.000000,3.961964,-1.304131,-0.386460,113.943034,0.006741,-0.001367,0.004282,-0.000927,-0.000616,0.000275
1581968931.000000,0.000000,0.000000,3.963702,-1.304403,-0.387544,113.941870,0.006417,-0.000936,0.004588,-0.000467,0.000097,-0.000627
1581968931.000000,0.000000,0.000000,3.967113,-1.305294,-0.385980,113.941557,0.006532,-0.000945,0.005357,-0.000230,0.000008,0.000938
1581968931.000000,0.000000,0.000000,3.968801,-1.304419,-0.385764,113.940684,0.006332,-0.000728,0.005679,0.000618,0.000356,0.000153
1581968931.000000,0.000000,0.000000,3.969843,-1.303758,-0.386336,113.939494,0.006113,-0.000161,0.005675,0.000612,0.000440,-0.000801
1581968932.000000,0.000000,0.000000,3.970839,-1.305216,-0.385034,113.937708,0.005917,0.000227,0.005618,-0.000807,0.000682,-0.000155
1581968932.000000,0.000000,0.000000,3.972007,-1.306275,-0.384271,113.934405,0.006069,0.000217,0.005863,0.000245,-0.000346,-0.000892
1581968932.000000,0.000000,0.000000,3.972997,-1.307123,-0.383859,113.934032,0.006048,0.000184,0.006048,-0.000367,0.000338,0.000862
1581968932.000000,0.000000,0.000000,3.974898,-1.309194,-0.385432,113.928817,0.005762,0.000017,0.006216,-0.000843,-0.000214,-0.000318
1581968932.000000,0.000000,0.000000,3.974898,-1.309194,-0.385432,113.928817,0.005762,0.000017,0.006216,-0.000843,-0.000214,-0.000318
1581968932.000000,0.000000,0.000000,3.975793,-1.310625,-0.385435,113.927518,0.006265,-0.000109,0.006563,-0.000356,0.000570,-0.000726
1581968932.000000,0.000000,0.000000,3.976815,-1.310092,-0.386241,113.927439,0.006167,-0.000297,0.006684,0.000656,-0.001032,0.000573
1581968932.000000,0.000000,0.000000,3.977635,-1.310133,-0.385971,113.926256,0.005745,-0.000047,0.006836,-0.000560,0.000669,-0.000234
1581968932.000000,0.000000,0.000000,3.977957,-1.310183,-0.386143,113.926520,0.005770,0.000377,0.006727,0.000238,-0.000069,0.000802
1581968932.000000,0.000000,0.000000,3.978347,-1.311205,-0.386158,113.925298,0.005780,-0.000170,0.006620,-0.000416,0.000072,0.000627
1581968932.000000,0.000000,0.000000,3.978860,-1.310628,-0.386425,113.924884,0.005610,-0.000001,0.006605,0.000212,-0.000265,-0.000206
1581968932.000000,0.000000,0.000000,3.979738,-1.310511,-0.386296,113.925176,0.005320,0.000438,0.007169,0.000089,-0.000197,0.001487
1581968932.000000,0.000000,0.000000,3.979738,-1.310511,-0.386296,113.925176,0.005320,0.000438,0.007169,0.000089,-0.000197,0.001487
1581968932.000000,0.000000,0.000000,3.980167,-1.311531,-0.385123,113.922300,0.005315,0.000560,0.007141,-0.000942,0.000765,-0.000230
1581968932.000000,0.000000,0.000000,3.980172,-1.311991,-0.386758,113.921669,0.005412,0.000419,0.006806,-0.000710,-0.001191,0.000021
1581968932.000000,0.000000,0.000000,3.979982,-1.311218,-0.387526,113.920506,0.004964,0.000873,0.006356,0.000438,-0.000695,-0.000514
1581968932.000000,0.000000,0.000000,3.979372,-1.310921,-0.387055,113.919819,0.004954,0.001023,0.005544,0.000191,0.000121,0.000923
1581968932.000000,0.000000,0.000000,3.979218,-1.310923,-0.386894,113.918549,0.004804,0.001014,0.005542,0.000084,0.000243,-0.000086
1581968932.000000,0.000000,0.000000,3.979218,-1.310923,-0.386894,113.918549,0.004804,0.001014,0.005542,0.000084,0.000243,-0.000086
1581968932.000000,0.000000,0.000000,3.979377,-1.310860,-0.386229,113.917924,0.004763,0.000887,0.005934,0.000530,0.000321,-0.000027
1581968932.000000,0.000000,0.000000,3.979754,-1.310955,-0.386251,113.916448,0.004500,0.000989,0.005681,0.000300,-0.000042,-0.000638
1581968932.000000,0.000000,0.000000,3.979904,-1.311294,-0.386352,113.916724,0.004453,0.000936,0.005657,-0.000575,0.000024,-0.000382
1581968932.000000,0.000000,0.000000,3.979753,-1.311424,-0.386361,113.917001,0.004609,0.001138,0.005194,0.000009,0.000347,0.000288
1581968932.000000,0.000000,0.000000,3.979398,-1.311956,-0.385736,113.917289,0.004726,0.001542,0.005255,0.000311,0.000002,0.000199
1581968932.000000,0.000000,0.000000,3.978594,-1.313371,-0.385715,113.917916,0.004611,0.001567,0.004718,-0.000620,0.000060,-0.000813
1581968932.000000,0.000000,0.000000,3.978594,-1.313371,-0.385715,113.917916,0.004611,0.001567,0.004718,-0.000620,0.000060,-0.000813
1581968932.000000,0.000000,0.000000,3.977486,-1.313285,-0.385602,113.918793,0.004165,0.001731,0.004791,0.000035,-0.000084,0.000724
1581968932.000000,0.000000,0.000000,3.976689,-1.312686,-0.386112,113.920656,0.004441,0.001404,0.004521,0.000812,-0.000275,0.000361
1581968932.000000,0.000000,0.000000,3.975810,-1.311034,-0.385802,113.920954,0.004291,0.002283,0.004035,0.001205,-0.000047,0.000769
1581968932.000000,0.000000,0.000000,3.975026,-1.311150,-0.386473,113.922666,0.004672,0.003522,0.003922,-0.000466,-0.000497,0.001225
1581968932.000000,0.000000,0.000000,3.973876,-1.313573,-0.385922,113.922234,0.005143,0.002832,0.003248,-0.001509,-0.000022,-0.000892
1581968932.000000,0.000000,0.000000,3.972554,-1.312268,-0.386636,113.926794,0.004776,0.001667,0.002888,0.001304,-0.000120,0.000849
1581968932.000000,0.000000,0.000000,3.971116,-1.311399,-0.386511,113.925855,0.004277,0.001915,0.002430,0.000937,-0.000223,-0.001531
1581968932.000000,0.000000,0.000000,3.971116,-1.311399,-0.386511,113.925855,0.004277,0.001915,0.002430,0.000937,-0.000223,-0.001531
1581968933.000000,0.000000,0.000000,3.969850,-1.310620,-0.386999,113.926296,0.003547,0.002943,0.001854,0.000381,-0.000452,0.001131
1581968933.000000,0.000000,0.000000,3.968211,-1.312302,-0.385821,113.925686,0.004109,0.003859,0.001167,-0.000461,0.000221,-0.000413
1581968933.000000,0.000000,0.000000,3.966914,-1.313852,-0.385518,113.926572,0.004836,0.003887,0.001128,-0.001169,0.000236,0.001037
1581968933.000000,0.000000,0.000000,3.966171,-1.314850,-0.385679,113.927214,0.004625,0.003252,0.001341,-0.000222,0.000257,-0.001836
1581968933.000000,0.000000,0.000000,3.965253,-1.313749,-0.385170,113.927778,0.004557,0.002918,0.000999,0.000840,-0.000064,-0.000060
1581968933.000000,0.000000,0.000000,3.964541,-1.312390,-0.384370,113.928564,0.004148,0.003911,0.001246,-0.000094,0.000370,-0.000893
1581968933.000000,0.000000,0.000000,3.964541,-1.312390,-0.384370,113.928564,0.004148,0.003911,0.001246,-0.000094,0.000370,-0.000893
1581968933.000000,0.000000,0.000000,3.964200,-1.313419,-0.384182,113.928893,0.004025,0.004096,0.001353,-0.000774,0.000182,0.000609
1581968933.000000,0.000000,0.000000,3.964200,-1.313419,-0.384182,113.928893,0.004025,0.004096,0.001353,-0.000774,0.000182,0.000609
1581968933.000000,0.000000,0.000000,3.964200,-1.313419,-0.384182,113.928893,0.004025,0.004096,0.001353,-0.000774,0.000182,0.000609
1581968933.000000,0.000000,0.000000,3.963527,-1.315192,-0.385048,113.928331,0.004276,0.003766,0.001543,0.000893,0.000065,0.000455
1581968933.000000,0.000000,0.000000,3.963997,-1.315287,-0.385445,113.929087,0.004218,0.004214,0.002017,-0.000696,0.000187,-0.000285
1581968933.000000,0.000000,0.000000,3.963997,-1.315287,-0.385445,113.929087,0.004218,0.004214,0.002017,-0.000696,0.000187,-0.000285
1581968933.000000,0.000000,0.000000,3.964189,-1.315914,-0.385856,113.929226,0.003939,0.003758,0.001437,-0.000894,-0.000511,-0.000343
1581968933.000000,0.000000,0.000000,3.964543,-1.317370,-0.385391,113.930767,0.003778,0.003232,0.002256,0.000084,0.000593,0.000352
1581968933.000000,0.000000,0.000000,3.965149,-1.315410,-0.385940,113.930719,0.003815,0.003149,0.002369,0.000963,-0.000060,-0.000222
1581968933.000000,0.000000,0.000000,3.966007,-1.315201,-0.386194,113.932800,0.003806,0.004477,0.002907,0.000133,0.000051,0.001408
1581968933.000000,0.000000,0.000000,3.967052,-1.318571,-0.385498,113.933751,0.003893,0.002962,0.002953,0.000433,-0.000706,0.001786
1581968933.000000,0.000000,0.000000,3.967052,-1.318571,-0.385498,113.933751,0.003893,0.002962,0.002953,0.000433,-0.000706,0.001786
