90.300003,1.100000,-0.500000,0.000066,-0.000481,0.000878
90.300003,1.100000,-0.500000,0.000126,-0.000790,0.001173
90.300003,1.100000,-0.500000,0.000140,-0.000867,0.001272
90.300003,1.100000,-0.500000,0.000156,-0.000912,0.001309
90.300003,1.100000,-0.500000,0.000172,-0.000955,0.001339
90.300003,1.100000,-0.500000,0.000232,-0.001118,0.001400
90.300003,1.100000,-0.500000,0.000232,-0.001118,0.001400
90.300003,1.100000,-0.500000,0.000265,-0.001192,0.001429
90.300003,1.100000,-0.500000,0.000265,-0.001192,0.001429
90.300003,1.100000,-0.500000,0.000294,-0.001257,0.001444
90.300003,1.100000,-0.500000,0.000318,-0.001328,0.001461
90.300003,1.100000,-0.500000,0.000318,-0.001328,0.001461
90.300003,1.100000,-0.500000,0.000345,-0.001407,0.001491
90.300003,1.100000,-0.500000,0.000377,-0.001484,0.001535
90.300003,1.100000,-0.500000,0.000377,-0.001484,0.001535
90.300003,1.100000,-0.500000,0.000410,-0.001553,0.001579
90.300003,1.100000,-0.500000,0.000448,-0.001620,0.001627
90.300003,1.100000,-0.500000,0.000448,-0.001620,0.001627
90.300003,1.100000,-0.500000,0.000503,-0.001703,0.001684
90.300003,1.100000,-0.500000,0.000542,-0.001765,0.001729
90.300003,1.100000,-0.500000,0.000542,-0.001765,0.001729
90.300003,1.100000,-0.500000,0.000574,-0.001827,0.001775
90.300003,1.100000,-0.500000,0.000603,-0.001887,0.001814
90.300003,1.100000,-0.500000,0.000603,-0.001887,0.001814
90.300003,1.100000,-0.500000,0.000631,-0.001945,0.001847
90.199997,1.100000,-0.500000,0.000662,-0.002001,0.001874
90.300003,1.100000,-0.500000,0.000662,-0.002001,0.001874
90.300003,1.100000,-0.500000,0.000698,-0.002065,0.001913
90.300003,1.100000,-0.500000,0.000698,-0.002065,0.001913
90.199997,1.100000,-0.500000,0.000743,-0.002139,0.001943
90.300003,1.100000,-0.500000,0.000743,-0.002139,0.001943
90.199997,1.100000,-0.500000,0.000771,-0.002164,0.001943
90.300003,1.100000,-0.500000,0.000771,-0.002164,0.001943
90.300003,1.100000,-0.500000,0.000798,-0.002175,0.001928
90.199997,1.100000,-0.500000,0.000831,-0.002184,0.001902
90.199997,1.100000,-0.500000,0.000831,-0.002184,0.001902
90.300003,1.100000,-0.500000,0.000859,-0.002196,0.001867
90.300003,1.100000,-0.500000,0.000880,-0.002206,0.001840
90.199997,1.100000,-0.500000,0.000880,-0.002206,0.001840
90.300003,1.100000,-0.500000,0.000899,-0.002212,0.001815
90.300003,1.100000,-0.500000,0.000915,-0.002217,0.001790
90.300003,1.100000,-0.500000,0.000915,-0.002217,0.001790
90.300003,1.100000,-0.500000,0.000922,-0.002214,0.001763
90.300003,1.100000,-0.500000,0.000920,-0.002196,0.001729
90.300003,1.100000,-0.500000,0.000920,-0.002196,0.001729
90.300003,1.100000,-0.500000,0.000920,-0.002196,0.001729
90.300003,1.100000,-0.500000,0.000915,-0.002182,0.001703
90.300003,1.100000,-0.500000,0.000892,-0.002168,0.001665
90.300003,1.100000,-0.500000,0.000871,-0.002157,0.001642
90.300003,1.100000,-0.500000,0.000841,-0.002137,0.001621
90.300003,1.100000,-0.500000,0.000841,-0.002137,0.001621
90.300003,1.100000,-0.500000,0.000808,-0.002118,0.001597
90.300003,1.100000,-0.500000,0.000767,-0.002099,0.001577
90.300003,1.100000,-0.500000,0.000767,-0.002099,0.001577
90.300003,1.100000,-0.500000,0.000729,-0.002083,0.001560
90.300003,1.100000,-0.500000,0.000729,-0.002083,0.001560
90.300003,1.100000,-0.500000,0.000676,-0.002065,0.001545
90.300003,1.100000,-0.500000,0.000676,-0.002065,0.001545
90.300003,1.100000,-0.500000,0.000640,-0.002061,0.001533
90.300003,1.100000,-0.500000,0.000640,-0.002061,0.001533
90.300003,1.100000,-0.500000,0.000598,-0.002066,0.001521
90.300003,1.100000,-0.500000,0.000598,-0.002066,0.001521
90.300003,1.100000,-0.500000,0.000557,-0.002076,0.001509
90.300003,1.100000,-0.500000,0.000557,-0.002076,0.001509
90.300003,1.100000,-0.500000,0.000519,-0.002081,0.001490
90.300003,1.100000,-0.500000,0.000519,-0.002081,0.001490
90.300003,1.100000,-0.500000,0.000483,-0.002077,0.001461
90.300003,1.100000,-0.500000,0.000483,-0.002077,0.001461
90.300003,1.100000,-0.500000,0.000452,-0.002079,0.001426
90.300003,1.100000,-0.500000,0.000452,-0.002079,0.001426
90.300003,1.100000,-0.500000,0.000424,-0.002077,0.001388
90.300003,1.100000,-0.500000,0.000424,-0.002077,0.001388
90.300003,1.100000,-0.500000,0.000391,-0.002081,0.001343
90.300003,1.100000,-0.500000,0.000361,-0.002084,0.001308
90.300003,1.100000,-0.500000,0.000361,-0.002084,0.001308
90.300003,1.100000,-0.500000,0.000334,-0.002088,0.001274
90.300003,1.100000,-0.500000,0.000303,-0.002084,0.001236
90.300003,1.100000,-0.500000,0.000303,-0.002084,0.001236
90.300003,1.100000,-0.500000,0.000273,-0.002083,0.001189
90.300003,1.100000,-0.500000,0.000235,-0.002073,0.001124
90.300003,1.100000,-0.500000,0.000210,-0.002075,0.001068
90.300003,1.100000,-0.500000,0.000176,-0.002073,0.001017
90.300003,1.100000,-0.500000,0.000141,-0.002073,0.000962
90.300003,1.100000,-0.500000,0.000141,-0.002073,0.000962
90.300003,1.100000,-0.500000,0.000101,-0.002078,0.000912
90.300003,1.100000,-0.500000,0.000101,-0.002078,0.000912
90.300003,1.100000,-0.500000,0.000061,-0.002093,0.000866
90.300003,1.100000,-0.500000,0.000021,-0.002107,0.000819
90.300003,1.100000,-0.500000,0.000021,-0.002107,0.000819
90.300003,1.100000,-0.500000,-0.000021,-0.002121,0.000754
90.300003,1.100000,-0.500000,-0.000021,-0.002121,0.000754
90.300003,1.100000,-0.500000,-0.000045,-0.002133,0.000705
90.300003,1.100000,-0.500000,-0.000045,-0.002133,0.000705
90.300003,1.100000,-0.500000,-0.000075,-0.002137,0.000644
90.300003,1.100000,-0.500000,-0.000075,-0.002137,0.000644
90.300003,1.100000,-0.500000,-0.000097,-0.002143,0.000572
90.300003,1.100000,-0.500000,-0.000116,-0.002142,0.000491
90.300003,1.100000,-0.500000,-0.000116,-0.002142,0.000491
90.300003,1.100000,-0.500000,-0.000125,-0.002142,0.000408
90.300003,1.100000,-0.500000,-0.000125,-0.002142,0.000408
90.300003,1.100000,-0.500000,-0.000141,-0.002136,0.000330
90.300003,1.100000,-0.500000,-0.000141,-0.002136,0.000330
90.300003,1.100000,-0.500000,-0.000168,-0.002128,0.000233
90.300003,1.100000,-0.500000,-0.000168,-0.002128,0.000233
90.300003,1.100000,-0.500000,-0.000193,-0.002111,0.000168
90.300003,1.100000,-0.500000,-0.000193,-0.002111,0.000168
90.300003,1.100000,-0.500000,-0.000211,-0.002092,0.000112
90.300003,1.100000,-0.500000,-0.000211,-0.002092,0.000112
90.300003,1.100000,-0.500000,-0.000231,-0.002047,0.000056
90.300003,1.100000,-0.500000,-0.000231,-0.002047,0.000056
90.300003,1.100000,-0.500000,-0.000238,-0.002018,0.000015
90.300003,1.100000,-0.500000,-0.000238,-0.002018,0.000015
90.300003,1.100000,-0.500000,-0.000238,-0.001988,-0.000022
90.300003,1.100000,-0.500000,-0.000238,-0.001988,-0.000022
90.300003,1.100000,-0.500000,-0.000232,-0.001952,-0.000060
90.300003,1.100000,-0.500000,-0.000232,-0.001952,-0.000060
90.300003,1.100000,-0.500000,-0.000224,-0.001917,-0.000097
90.300003,1.100000,-0.500000,-0.000217,-0.001883,-0.000136
90.300003,1.100000,-0.500000,-0.000217,-0.001883,-0.000136
90.300003,1.100000,-0.500000,-0.000192,-0.001846,-0.000186
90.300003,1.100000,-0.500000,-0.000166,-0.001823,-0.000211
90.300003,1.100000,-0.500000,-0.000166,-0.001823,-0.000211
90.300003,1.100000,-0.500000,-0.000117,-0.001780,-0.000248
90.300003,1.100000,-0.500000,-0.000071,-0.001740,-0.000267
90.300003,1.100000,-0.500000,-0.000071,-0.001740,-0.000267
90.300003,1.100000,-0.500000,-0.000015,-0.001698,-0.000292
90.300003,1.100000,-0.500000,0.000038,-0.001652,-0.000312
90.300003,1.100000,-0.500000,0.000038,-0.001652,-0.000312
90.300003,1.100000,-0.500000,0.000162,-0.001527,-0.000357
90.300003,1.100000,-0.500000,0.000162,-0.001527,-0.000357
90.300003,1.100000,-0.500000,0.000225,-0.001475,-0.000380
90.300003,1.100000,-0.500000,0.000285,-0.001429,-0.000405
90.300003,1.100000,-0.500000,0.000285,-0.001429,-0.000405
90.300003,1.100000,-0.500000,0.000341,-0.001378,-0.000427
90.300003,1.100000,-0.500000,0.000397,-0.001328,-0.000445
90.300003,1.100000,-0.500000,0.000397,-0.001328,-0.000445
90.300003,1.100000,-0.500000,0.000445,-0.001283,-0.000465
90.300003,1.100000,-0.500000,0.000445,-0.001283,-0.000465
90.300003,1.100000,-0.500000,0.000488,-0.001244,-0.000491
90.300003,1.100000,-0.500000,0.000549,-0.001195,-0.000527
90.300003,1.100000,-0.500000,0.000549,-0.001195,-0.000527
90.300003,1.100000,-0.500000,0.000597,-0.001156,-0.000546
90.300003,1.100000,-0.500000,0.000597,-0.001156,-0.000546
90.300003,1.100000,-0.500000,0.000646,-0.001118,-0.000555
90.300003,1.100000,-0.500000,0.000646,-0.001118,-0.000555
90.300003,1.100000,-0.500000,0.000691,-0.001081,-0.000577
90.300003,1.100000,-0.500000,0.000691,-0.001081,-0.000577
90.300003,1.100000,-0.500000,0.000742,-0.001049,-0.000592
90.300003,1.100000,-0.500000,0.000793,-0.001018,-0.000597
90.300003,1.100000,-0.500000,0.000793,-0.001018,-0.000597
90.300003,1.100000,-0.500000,0.000849,-0.000991,-0.000605
90.300003,1.100000,-0.500000,0.000903,-0.000960,-0.000620
90.300003,1.100000,-0.500000,0.000903,-0.000960,-0.000620
90.300003,1.100000,-0.500000,0.000940,-0.000937,-0.000619
90.300003,1.100000,-0.500000,0.000976,-0.000916,-0.000613
90.300003,1.100000,-0.500000,0.001006,-0.000900,-0.000603
90.300003,1.100000,-0.500000,0.001034,-0.000886,-0.000599
90.300003,1.100000,-0.500000,0.001034,-0.000886,-0.000599
90.300003,1.100000,-0.500000,0.001073,-0.000872,-0.000586
90.300003,1.100000,-0.500000,0.001073,-0.000872,-0.000586
90.300003,1.100000,-0.500000,0.001103,-0.000868,-0.000557
90.300003,1.100000,-0.500000,0.001133,-0.000869,-0.000527
90.300003,1.100000,-0.500000,0.001161,-0.000871,-0.000501
90.300003,1.100000,-0.500000,0.001161,-0.000871,-0.000501
90.300003,1.100000,-0.500000,0.001187,-0.000872,-0.000473
90.300003,1.100000,-0.500000,0.001187,-0.000872,-0.000473
90.300003,1.100000,-0.500000,0.001220,-0.000873,-0.000442
90.300003,1.100000,-0.500000,0.001220,-0.000873,-0.000442
90.300003,1.100000,-0.500000,0.001246,-0.000867,-0.000404
90.300003,1.100000,-0.500000,0.001246,-0.000867,-0.000404
90.300003,1.100000,-0.500000,0.001267,-0.000871,-0.000378
90.300003,1.100000,-0.500000,0.001286,-0.000869,-0.000362
90.300003,1.100000,-0.500000,0.001306,-0.000866,-0.000341
90.300003,1.100000,-0.500000,0.001306,-0.000866,-0.000341
90.300003,1.100000,-0.500000,0.001325,-0.000849,-0.000311
90.300003,1.100000,-0.500000,0.001325,-0.000849,-0.000311
90.300003,1.100000,-0.500000,0.001332,-0.000834,-0.000283
90.300003,1.100000,-0.500000,0.001332,-0.000834,-0.000283
90.300003,1.100000,-0.500000,0.001335,-0.000816,-0.000251
90.300003,1.100000,-0.500000,0.001335,-0.000816,-0.000251
90.300003,1.100000,-0.500000,0.001335,-0.000816,-0.000251
90.300003,1.100000,-0.500000,0.001335,-0.000816,-0.000251
90.300003,1.100000,-0.500000,0.001347,-0.000771,-0.000180
90.300003,1.100000,-0.500000,0.001347,-0.000771,-0.000180
90.300003,1.100000,-0.500000,0.001347,-0.000771,-0.000180
90.300003,1.100000,-0.500000,0.001346,-0.000745,-0.000144
90.300003,1.100000,-0.500000,0.001346,-0.000745,-0.000144
90.300003,1.100000,-0.500000,0.001347,-0.000723,-0.000114
90.300003,1.100000,-0.500000,0.001347,-0.000723,-0.000114
90.300003,1.100000,-0.500000,0.001338,-0.000691,-0.000093
90.300003,1.100000,-0.500000,0.001338,-0.000691,-0.000093
90.300003,1.100000,-0.500000,0.001331,-0.000668,-0.000098
90.300003,1.100000,-0.500000,0.001331,-0.000668,-0.000098
90.300003,1.100000,-0.500000,0.001324,-0.000652,-0.000108
90.300003,1.100000,-0.500000,0.001319,-0.000642,-0.000112
90.300003,1.100000,-0.500000,0.001319,-0.000642,-0.000112
90.300003,1.100000,-0.500000,0.001305,-0.000630,-0.000121
90.300003,1.100000,-0.500000,0.001305,-0.000630,-0.000121
90.300003,1.100000,-0.500000,0.001294,-0.000626,-0.000126
90.300003,1.100000,-0.500000,0.001294,-0.000626,-0.000126
90.300003,1.100000,-0.500000,0.001262,-0.000616,-0.000125
90.300003,1.100000,-0.500000,0.001234,-0.000602,-0.000152
90.300003,1.100000,-0.500000,0.001234,-0.000602,-0.000152
90.300003,1.100000,-0.500000,0.001199,-0.000577,-0.000194
90.300003,1.100000,-0.500000,0.001199,-0.000577,-0.000194
90.300003,1.100000,-0.500000,0.001166,-0.000553,-0.000241
90.300003,1.100000,-0.500000,0.001133,-0.000529,-0.000296
90.300003,1.100000,-0.500000,0.001133,-0.000529,-0.000296
90.300003,1.100000,-0.500000,0.001108,-0.000497,-0.000352
90.300003,1.100000,-0.500000,0.001108,-0.000497,-0.000352
90.300003,1.100000,-0.500000,0.001085,-0.000458,-0.000417
90.300003,1.100000,-0.500000,0.001085,-0.000458,-0.000417
90.300003,1.100000,-0.500000,0.001076,-0.000428,-0.000471
90.300003,1.100000,-0.500000,0.001059,-0.000401,-0.000531
90.300003,1.100000,-0.500000,0.001059,-0.000401,-0.000531
90.300003,1.100000,-0.500000,0.001040,-0.000374,-0.000583
90.300003,1.100000,-0.500000,0.001040,-0.000374,-0.000583
90.300003,1.100000,-0.500000,0.001025,-0.000348,-0.000627
90.300003,1.100000,-0.500000,0.001025,-0.000348,-0.000627
90.300003,1.100000,-0.500000,0.001020,-0.000326,-0.000675
90.300003,1.100000,-0.500000,0.001020,-0.000326,-0.000675
90.300003,1.100000,-0.500000,0.001025,-0.000312,-0.000724
90.300003,1.100000,-0.500000,0.001025,-0.000312,-0.000724
90.300003,1.100000,-0.500000,0.001032,-0.000291,-0.000766
90.300003,1.100000,-0.500000,0.001045,-0.000265,-0.000818
90.300003,1.100000,-0.500000,0.001045,-0.000240,-0.000855
90.300003,1.100000,-0.500000,0.001050,-0.000222,-0.000895
90.300003,1.100000,-0.500000,0.001050,-0.000222,-0.000895
90.300003,1.100000,-0.500000,0.001057,-0.000206,-0.000937
90.300003,1.100000,-0.500000,0.001064,-0.000194,-0.000985
90.300003,1.100000,-0.500000,0.001064,-0.000194,-0.000985
90.300003,1.100000,-0.500000,0.001067,-0.000180,-0.001045
90.300003,1.100000,-0.500000,0.001072,-0.000170,-0.001091
90.300003,1.100000,-0.500000,0.001075,-0.000156,-0.001133
90.300003,1.100000,-0.500000,0.001075,-0.000156,-0.001133
90.300003,1.100000,-0.500000,0.001081,-0.000138,-0.001175
90.300003,1.100000,-0.500000,0.001081,-0.000138,-0.001175
90.300003,1.100000,-0.500000,0.001090,-0.000117,-0.001211
90.300003,1.100000,-0.500000,0.001098,-0.000095,-0.001242
90.300003,1.100000,-0.500000,0.001098,-0.000095,-0.001242
90.300003,1.100000,-0.500000,0.001110,-0.000078,-0.001282
90.300003,1.100000,-0.500000,0.001110,-0.000078,-0.001282
90.300003,1.100000,-0.500000,0.001132,-0.000056,-0.001318
90.300003,1.100000,-0.500000,0.001132,-0.000056,-0.001318
90.300003,1.100000,-0.500000,0.001157,-0.000042,-0.001347
90.300003,1.100000,-0.500000,0.001157,-0.000042,-0.001347
90.300003,1.100000,-0.500000,0.001188,-0.000032,-0.001377
90.300003,1.100000,-0.500000,0.001188,-0.000032,-0.001377
90.300003,1.100000,-0.500000,0.001214,-0.000024,-0.001393
90.300003,1.100000,-0.500000,0.001214,-0.000024,-0.001393
90.300003,1.100000,-0.500000,0.001234,-0.000018,-0.001391
90.300003,1.100000,-0.500000,0.001262,-0.000012,-0.001392
90.300003,1.100000,-0.500000,0.001262,-0.000012,-0.001392
90.300003,1.100000,-0.500000,0.001284,-0.000007,-0.001384
90.300003,1.100000,-0.500000,0.001304,-0.000010,-0.001380
90.300003,1.100000,-0.500000,0.001312,-0.000019,-0.001382
90.300003,1.100000,-0.500000,0.001314,-0.000028,-0.001384
90.300003,1.100000,-0.500000,0.001314,-0.000028,-0.001384
90.300003,1.100000,-0.500000,0.001309,-0.000043,-0.001397
90.300003,1.100000,-0.500000,0.001300,-0.000059,-0.001409
90.300003,1.100000,-0.500000,0.001300,-0.000059,-0.001409
90.300003,1.100000,-0.500000,0.001291,-0.000088,-0.001416
90.300003,1.100000,-0.500000,0.001291,-0.000088,-0.001416
90.300003,1.100000,-0.500000,0.001283,-0.000115,-0.001419
90.300003,1.100000,-0.500000,0.001277,-0.000135,-0.001432
90.300003,1.100000,-0.500000,0.001277,-0.000135,-0.001432
90.300003,1.100000,-0.500000,0.001272,-0.000156,-0.001445
90.300003,1.100000,-0.500000,0.001272,-0.000156,-0.001445
90.300003,1.100000,-0.500000,0.001269,-0.000176,-0.001449
90.300003,1.100000,-0.500000,0.001269,-0.000176,-0.001449
90.300003,1.100000,-0.500000,0.001264,-0.000198,-0.001437
90.300003,1.100000,-0.500000,0.001269,-0.000215,-0.001432
90.300003,1.100000,-0.500000,0.001269,-0.000215,-0.001432
90.300003,1.100000,-0.500000,0.001271,-0.000234,-0.001419
90.300003,1.100000,-0.500000,0.001276,-0.000255,-0.001405
90.300003,1.100000,-0.500000,0.001276,-0.000255,-0.001405
90.300003,1.100000,-0.500000,0.001269,-0.000274,-0.001391
90.300003,1.100000,-0.500000,0.001253,-0.000293,-0.001378
90.300003,1.100000,-0.500000,0.001253,-0.000293,-0.001378
90.300003,1.100000,-0.500000,0.001234,-0.000304,-0.001348
90.300003,1.100000,-0.500000,0.001212,-0.000311,-0.001334
90.300003,1.100000,-0.500000,0.001190,-0.000317,-0.001320
90.300003,1.100000,-0.500000,0.001165,-0.000320,-0.001294
90.300003,1.100000,-0.500000,0.001134,-0.000318,-0.001254
90.300003,1.100000,-0.500000,0.001098,-0.000314,-0.001205
90.300003,1.100000,-0.500000,0.001061,-0.000311,-0.001158
90.300003,1.100000,-0.500000,0.001061,-0.000311,-0.001158
90.300003,1.100000,-0.500000,0.001020,-0.000314,-0.001087
90.300003,1.100000,-0.500000,0.000985,-0.000312,-0.001014
90.300003,1.100000,-0.500000,0.000985,-0.000312,-0.001014
90.300003,1.100000,-0.500000,0.000949,-0.000314,-0.000934
90.300003,1.100000,-0.500000,0.000919,-0.000322,-0.000852
90.300003,1.100000,-0.500000,0.000898,-0.000325,-0.000760
90.300003,1.100000,-0.500000,0.000898,-0.000325,-0.000760
90.300003,1.100000,-0.500000,0.000876,-0.000326,-0.000645
90.300003,1.100000,-0.500000,0.000871,-0.000335,-0.000547
90.300003,1.100000,-0.500000,0.000871,-0.000335,-0.000547
90.300003,1.100000,-0.500000,0.000873,-0.000353,-0.000448
90.300003,1.100000,-0.500000,0.000873,-0.000353,-0.000448
90.300003,1.100000,-0.500000,0.000877,-0.000372,-0.000364
90.300003,1.100000,-0.500000,0.000873,-0.000411,-0.000251
90.300003,1.100000,-0.500000,0.000873,-0.000411,-0.000251
90.300003,1.100000,-0.500000,0.000879,-0.000449,-0.000157
90.300003,1.100000,-0.500000,0.000897,-0.000482,-0.000069
90.300003,1.100000,-0.500000,0.000897,-0.000482,-0.000069
90.300003,1.100000,-0.500000,0.000910,-0.000520,0.000012
90.300003,1.100000,-0.500000,0.000920,-0.000570,0.000091
90.300003,1.100000,-0.500000,0.000920,-0.000570,0.000091
90.300003,1.100000,-0.500000,0.000926,-0.000625,0.000172
90.300003,1.100000,-0.500000,0.000932,-0.000688,0.000240
90.300003,1.100000,-0.500000,0.000941,-0.000766,0.000316
90.300003,1.100000,-0.500000,0.000952,-0.000828,0.000371
90.300003,1.100000,-0.500000,0.000961,-0.000895,0.000429
90.300003,1.100000,-0.500000,0.000961,-0.000895,0.000429
90.300003,1.100000,-0.500000,0.000961,-0.000895,0.000429
90.300003,1.100000,-0.500000,0.000960,-0.001030,0.000534
90.300003,1.100000,-0.500000,0.000952,-0.001098,0.000580
90.300003,1.100000,-0.500000,0.000943,-0.001166,0.000630
90.300003,1.100000,-0.500000,0.000932,-0.001256,0.000679
90.300003,1.100000,-0.500000,0.000926,-0.001331,0.000711
90.300003,1.100000,-0.500000,0.000926,-0.001331,0.000711
90.300003,1.100000,-0.500000,0.000924,-0.001403,0.000732
90.300003,1.100000,-0.500000,0.000922,-0.001470,0.000750
90.300003,1.100000,-0.500000,0.000921,-0.001532,0.000760
90.300003,1.100000,-0.500000,0.000921,-0.001532,0.000760
90.300003,1.100000,-0.500000,0.000910,-0.001610,0.000760
90.300003,1.100000,-0.500000,0.000902,-0.001656,0.000758
90.300003,1.100000,-0.500000,0.000902,-0.001656,0.000758
90.300003,1.100000,-0.500000,0.000865,-0.001723,0.000748
90.300003,1.100000,-0.500000,0.000830,-0.001781,0.000731
90.300003,1.100000,-0.500000,0.000794,-0.001838,0.000697
90.300003,1.100000,-0.500000,0.000757,-0.001900,0.000654
90.300003,1.100000,-0.500000,0.000709,-0.001960,0.000603
90.300003,1.100000,-0.500000,0.000709,-0.001960,0.000603
90.300003,1.100000,-0.500000,0.000647,-0.002051,0.000534
90.300003,1.100000,-0.500000,0.000592,-0.002119,0.000475
90.300003,1.100000,-0.500000,0.000592,-0.002119,0.000475
90.300003,1.100000,-0.500000,0.000535,-0.002184,0.000412
90.300003,1.100000,-0.500000,0.000535,-0.002184,0.000412
90.300003,1.100000,-0.500000,0.000484,-0.002251,0.000361
90.300003,1.100000,-0.500000,0.000445,-0.002318,0.000308
90.300003,1.100000,-0.500000,0.000445,-0.002318,0.000308
90.300003,1.100000,-0.500000,0.000411,-0.002376,0.000270
90.300003,1.100000,-0.500000,0.000382,-0.002441,0.000229
90.300003,1.100000,-0.500000,0.000382,-0.002441,0.000229
90.300003,1.100000,-0.500000,0.000356,-0.002486,0.000200
90.300003,1.100000,-0.500000,0.000356,-0.002486,0.000200
90.300003,1.100000,-0.500000,0.000318,-0.002543,0.000124
90.300003,1.100000,-0.500000,0.000318,-0.002543,0.000124
90.300003,1.100000,-0.500000,0.000311,-0.002554,0.000085
90.300003,1.100000,-0.500000,0.000307,-0.002550,0.000038
90.300003,1.100000,-0.500000,0.000306,-0.002537,-0.000011
90.300003,1.100000,-0.500000,0.000306,-0.002537,-0.000011
90.300003,1.100000,-0.500000,0.000309,-0.002519,-0.000063
90.300003,1.100000,-0.500000,0.000318,-0.002496,-0.000123
90.300003,1.100000,-0.500000,0.000328,-0.002467,-0.000176
90.300003,1.100000,-0.500000,0.000328,-0.002467,-0.000176
90.300003,1.100000,-0.500000,0.000328,-0.002467,-0.000176
90.300003,1.100000,-0.500000,0.000342,-0.002409,-0.000273
90.300003,1.100000,-0.500000,0.000350,-0.002376,-0.000313
90.300003,1.100000,-0.500000,0.000368,-0.002344,-0.000353
90.300003,1.100000,-0.500000,0.000368,-0.002344,-0.000353
90.300003,1.100000,-0.500000,0.000388,-0.002314,-0.000389
90.300003,1.100000,-0.500000,0.000415,-0.002279,-0.000433
90.300003,1.100000,-0.500000,0.000415,-0.002279,-0.000433
90.300003,1.100000,-0.500000,0.000435,-0.002239,-0.000487
90.300003,1.100000,-0.500000,0.000461,-0.002184,-0.000547
90.300003,1.100000,-0.500000,0.000482,-0.002133,-0.000594
90.300003,1.100000,-0.500000,0.000482,-0.002133,-0.000594
90.199997,1.100000,-0.500000,0.000482,-0.002133,-0.000594
90.199997,1.100000,-0.500000,0.000523,-0.002041,-0.000669
90.300003,1.100000,-0.500000,0.000523,-0.002041,-0.000669
90.300003,1.100000,-0.500000,0.000541,-0.001993,-0.000706
90.300003,1.100000,-0.500000,0.000548,-0.001943,-0.000749
90.300003,1.100000,-0.500000,0.000548,-0.001943,-0.000749
90.300003,1.100000,-0.500000,0.000547,-0.001879,-0.000806
90.300003,1.100000,-0.500000,0.000547,-0.001879,-0.000806
90.300003,1.100000,-0.500000,0.000547,-0.001879,-0.000806
90.300003,1.100000,-0.500000,0.000534,-0.001759,-0.000892
90.300003,1.100000,-0.500000,0.000534,-0.001759,-0.000892
90.300003,1.100000,-0.500000,0.000520,-0.001687,-0.000933
90.300003,1.100000,-0.500000,0.000508,-0.001613,-0.000981
90.300003,1.100000,-0.500000,0.000508,-0.001613,-0.000981
90.300003,1.100000,-0.500000,0.000494,-0.001535,-0.001029
90.300003,1.100000,-0.500000,0.000494,-0.001535,-0.001029
90.300003,1.100000,-0.500000,0.000480,-0.001453,-0.001070
90.300003,1.100000,-0.500000,0.000480,-0.001453,-0.001070
90.300003,1.100000,-0.500000,0.000457,-0.001361,-0.001105
90.300003,1.100000,-0.500000,0.000420,-0.001234,-0.001142
90.300003,1.100000,-0.500000,0.000394,-0.001127,-0.001168
90.300003,1.100000,-0.500000,0.000394,-0.001127,-0.001168
90.300003,1.100000,-0.500000,0.000363,-0.001015,-0.001190
90.300003,1.100000,-0.500000,0.000343,-0.000905,-0.001206
90.300003,1.100000,-0.500000,0.000343,-0.000905,-0.001206
90.300003,1.100000,-0.500000,0.000331,-0.000793,-0.001216
90.300003,1.100000,-0.500000,0.000324,-0.000653,-0.001218
90.300003,1.100000,-0.500000,0.000324,-0.000653,-0.001218
90.300003,1.100000,-0.500000,0.000316,-0.000542,-0.001214
90.300003,1.100000,-0.500000,0.000306,-0.000440,-0.001202
90.300003,1.100000,-0.500000,0.000306,-0.000440,-0.001202
90.300003,1.100000,-0.500000,0.000297,-0.000337,-0.001190
90.300003,1.100000,-0.500000,0.000289,-0.000229,-0.001174
90.199997,1.100000,-0.500000,0.000289,-0.000229,-0.001174
90.300003,1.100000,-0.500000,0.000280,-0.000115,-0.001160
90.300003,1.100000,-0.500000,0.000266,-0.000001,-0.001135
90.199997,1.100000,-0.500000,0.000247,0.000138,-0.001106
90.300003,1.100000,-0.500000,0.000247,0.000138,-0.001106
90.300003,1.100000,-0.500000,0.000238,0.000249,-0.001077
90.199997,1.100000,-0.500000,0.000226,0.000357,-0.001042
90.199997,1.100000,-0.500000,0.000226,0.000357,-0.001042
90.300003,1.100000,-0.500000,0.000207,0.000464,-0.001013
90.300003,1.100000,-0.500000,0.000185,0.000564,-0.000995
90.300003,1.100000,-0.500000,0.000185,0.000564,-0.000995
90.300003,1.100000,-0.500000,0.000160,0.000664,-0.000985
90.300003,1.100000,-0.500000,0.000119,0.000774,-0.000971
90.300003,1.100000,-0.500000,0.000085,0.000860,-0.000962
90.300003,1.100000,-0.500000,0.000085,0.000860,-0.000962
90.300003,1.100000,-0.500000,0.000047,0.000941,-0.000949
90.300003,1.100000,-0.500000,0.000047,0.000941,-0.000949
90.300003,1.100000,-0.500000,0.000006,0.001022,-0.000938
90.300003,1.100000,-0.500000,-0.000048,0.001125,-0.000922
90.300003,1.100000,-0.500000,-0.000048,0.001125,-0.000922
90.300003,1.100000,-0.500000,-0.000090,0.001204,-0.000903
90.300003,1.100000,-0.500000,-0.000090,0.001204,-0.000903
90.300003,1.100000,-0.500000,-0.000133,0.001277,-0.000899
90.300003,1.100000,-0.500000,-0.000133,0.001277,-0.000899
90.300003,1.100000,-0.500000,-0.000174,0.001345,-0.000903
90.300003,1.100000,-0.500000,-0.000215,0.001409,-0.000918
90.300003,1.100000,-0.500000,-0.000215,0.001409,-0.000918
90.300003,1.100000,-0.500000,-0.000256,0.001473,-0.000947
90.300003,1.100000,-0.500000,-0.000297,0.001559,-0.000987
90.300003,1.100000,-0.500000,-0.000297,0.001559,-0.000987
90.300003,1.100000,-0.500000,-0.000326,0.001626,-0.001018
90.300003,1.100000,-0.500000,-0.000326,0.001626,-0.001018
90.300003,1.100000,-0.500000,-0.000352,0.001695,-0.001042
90.300003,1.100000,-0.500000,-0.000352,0.001695,-0.001042
90.300003,1.100000,-0.500000,-0.000379,0.001757,-0.001053
90.300003,1.100000,-0.500000,-0.000400,0.001810,-0.001064
90.300003,1.100000,-0.500000,-0.000400,0.001810,-0.001064
90.300003,1.100000,-0.500000,-0.000415,0.001859,-0.001076
90.199997,1.100000,-0.500000,-0.000425,0.001903,-0.001102
90.300003,1.100000,-0.500000,-0.000425,0.001903,-0.001102
90.300003,1.100000,-0.500000,-0.000435,0.001947,-0.001135
90.300003,1.100000,-0.500000,-0.000435,0.001947,-0.001135
90.199997,1.100000,-0.500000,-0.000453,0.001990,-0.001186
90.300003,1.100000,-0.500000,-0.000453,0.001990,-0.001186
90.300003,1.100000,-0.500000,-0.000467,0.002020,-0.001235
90.199997,1.100000,-0.500000,-0.000479,0.002039,-0.001290
90.300003,1.100000,-0.500000,-0.000479,0.002039,-0.001290
90.300003,1.100000,-0.500000,-0.000494,0.002057,-0.001333
90.300003,1.100000,-0.500000,-0.000509,0.002069,-0.001359
90.300003,1.100000,-0.500000,-0.000509,0.002069,-0.001359
90.300003,1.100000,-0.500000,-0.000527,0.002085,-0.001379
90.199997,1.100000,-0.500000,-0.000527,0.002085,-0.001379
90.300003,1.100000,-0.500000,-0.000531,0.002091,-0.001391
90.300003,1.100000,-0.500000,-0.000535,0.002091,-0.001411
90.300003,1.100000,-0.500000,-0.000532,0.002087,-0.001435
90.199997,1.100000,-0.500000,-0.000532,0.002087,-0.001435
90.300003,1.100000,-0.500000,-0.000530,0.002093,-0.001458
90.300003,1.100000,-0.500000,-0.000518,0.002096,-0.001469
90.300003,1.100000,-0.500000,-0.000518,0.002096,-0.001469
90.300003,1.100000,-0.500000,-0.000498,0.002090,-0.001472
90.300003,1.100000,-0.500000,-0.000473,0.002074,-0.001481
90.300003,1.100000,-0.500000,-0.000473,0.002074,-0.001481
90.300003,1.100000,-0.500000,-0.000453,0.002060,-0.001484
90.300003,1.100000,-0.500000,-0.000453,0.002060,-0.001484
90.300003,1.100000,-0.500000,-0.000453,0.002060,-0.001484
90.300003,1.100000,-0.500000,-0.000453,0.002060,-0.001484
90.300003,1.100000,-0.500000,-0.000453,0.002060,-0.001484
90.300003,1.100000,-0.500000,-0.000453,0.002060,-0.001484
90.300003,1.100000,-0.500000,-0.000453,0.002060,-0.001484
90.300003,1.100000,-0.500000,-0.000453,0.002060,-0.001484
90.300003,1.100000,-0.500000,-0.000453,0.002060,-0.001484
90.300003,1.100000,-0.500000,-0.000453,0.002060,-0.001484
90.300003,1.100000,-0.500000,-0.000453,0.002060,-0.001484
90.300003,1.100000,-0.500000,-0.000453,0.002060,-0.001484
90.300003,1.100000,-0.500000,-0.000453,0.002060,-0.001484
90.300003,1.100000,-0.500000,-0.000453,0.002060,-0.001484
90.300003,1.100000,-0.500000,-0.000453,0.002060,-0.001484
90.300003,1.100000,-0.500000,-0.000453,0.002060,-0.001484
90.300003,1.100000,-0.500000,-0.000453,0.002060,-0.001484
90.300003,1.100000,-0.500000,-0.000453,0.002060,-0.001484
90.300003,1.100000,-0.500000,-0.000453,0.002060,-0.001484
90.300003,1.100000,-0.500000,-0.000453,0.002060,-0.001484
90.300003,1.100000,-0.500000,-0.000378,0.001825,-0.001226
90.300003,1.100000,-0.500000,-0.000378,0.001784,-0.001200
90.300003,1.100000,-0.500000,-0.000380,0.001742,-0.001166
90.300003,1.100000,-0.500000,-0.000380,0.001742,-0.001166
90.300003,1.100000,-0.500000,-0.000390,0.001656,-0.001078
90.300003,1.100000,-0.500000,-0.000391,0.001603,-0.001024
90.300003,1.100000,-0.500000,-0.000391,0.001557,-0.000977
90.300003,1.100000,-0.500000,-0.000391,0.001557,-0.000977
90.300003,1.100000,-0.500000,-0.000389,0.001455,-0.000897
90.300003,1.100000,-0.500000,-0.000389,0.001455,-0.000897
90.300003,1.100000,-0.500000,-0.000380,0.001400,-0.000861
90.300003,1.100000,-0.500000,-0.000368,0.001351,-0.000824
90.300003,1.100000,-0.500000,-0.000343,0.001298,-0.000780
90.300003,1.100000,-0.500000,-0.000321,0.001261,-0.000751
90.300003,1.100000,-0.500000,-0.000321,0.001261,-0.000751
90.300003,1.100000,-0.500000,-0.000297,0.001217,-0.000724
90.300003,1.100000,-0.500000,-0.000277,0.001173,-0.000712
90.300003,1.100000,-0.500000,-0.000257,0.001124,-0.000704
90.300003,1.100000,-0.500000,-0.000221,0.001075,-0.000696
90.300003,1.100000,-0.500000,-0.000221,0.001075,-0.000696
90.300003,1.100000,-0.500000,-0.000190,0.001029,-0.000701
90.300003,1.100000,-0.500000,-0.000152,0.000970,-0.000720
90.300003,1.100000,-0.500000,-0.000118,0.000922,-0.000744
90.300003,1.100000,-0.500000,-0.000118,0.000922,-0.000744
90.300003,1.100000,-0.500000,-0.000077,0.000868,-0.000769
90.300003,1.100000,-0.500000,-0.000034,0.000815,-0.000795
90.300003,1.100000,-0.500000,0.000011,0.000758,-0.000826
90.300003,1.100000,-0.500000,0.000055,0.000687,-0.000864
90.300003,1.100000,-0.500000,0.000082,0.000638,-0.000895
90.300003,1.100000,-0.500000,0.000113,0.000587,-0.000914
90.300003,1.100000,-0.500000,0.000143,0.000530,-0.000913
90.300003,1.100000,-0.500000,0.000143,0.000530,-0.000913
90.300003,1.100000,-0.500000,0.000178,0.000466,-0.000906
90.300003,1.100000,-0.500000,0.000226,0.000409,-0.000897
90.300003,1.100000,-0.500000,0.000278,0.000353,-0.000880
90.300003,1.100000,-0.500000,0.000278,0.000353,-0.000880
90.300003,1.100000,-0.500000,0.000325,0.000312,-0.000867
90.300003,1.100000,-0.500000,0.000372,0.000270,-0.000842
90.300003,1.100000,-0.500000,0.000429,0.000217,-0.000798
90.300003,1.100000,-0.500000,0.000473,0.000178,-0.000747
90.300003,1.100000,-0.500000,0.000521,0.000143,-0.000700
90.300003,1.100000,-0.500000,0.000560,0.000112,-0.000650
90.300003,1.100000,-0.500000,0.000592,0.000089,-0.000599
90.300003,1.100000,-0.500000,0.000621,0.000073,-0.000540
90.300003,1.100000,-0.500000,0.000654,0.000058,-0.000469
90.300003,1.100000,-0.500000,0.000688,0.000044,-0.000400
90.300003,1.100000,-0.500000,0.000731,0.000021,-0.000314
90.300003,1.100000,-0.500000,0.000762,-0.000006,-0.000248
90.300003,1.100000,-0.500000,0.000786,-0.000036,-0.000183
90.300003,1.100000,-0.500000,0.000826,-0.000089,-0.000036
90.300003,1.100000,-0.500000,0.000845,-0.000112,0.000031
90.300003,1.100000,-0.500000,0.000872,-0.000134,0.000101
90.300003,1.100000,-0.500000,0.000872,-0.000134,0.000101
90.300003,1.100000,-0.500000,0.000896,-0.000152,0.000148
90.300003,1.100000,-0.500000,0.000923,-0.000170,0.000207
90.300003,1.100000,-0.500000,0.000947,-0.000190,0.000273
90.300003,1.100000,-0.500000,0.000972,-0.000209,0.000337
90.300003,1.100000,-0.500000,0.000994,-0.000231,0.000399
90.300003,1.100000,-0.500000,0.001016,-0.000252,0.000464
90.300003,1.100000,-0.500000,0.001044,-0.000266,0.000534
90.300003,1.100000,-0.500000,0.001084,-0.000278,0.000627
90.300003,1.100000,-0.500000,0.001118,-0.000286,0.000699
90.300003,1.100000,-0.500000,0.001158,-0.000288,0.000777
90.300003,1.100000,-0.500000,0.001204,-0.000288,0.000844
90.300003,1.100000,-0.500000,0.001247,-0.000286,0.000914
90.300003,1.100000,-0.500000,0.001295,-0.000277,0.000986
90.300003,1.100000,-0.500000,0.001358,-0.000270,0.001087
90.300003,1.100000,-0.500000,0.001407,-0.000262,0.001161
90.300003,1.100000,-0.500000,0.001449,-0.000257,0.001236
90.300003,1.100000,-0.500000,0.001487,-0.000255,0.001312
90.300003,1.100000,-0.500000,0.001524,-0.000253,0.001386
90.300003,1.100000,-0.500000,0.001556,-0.000246,0.001470
90.300003,1.100000,-0.500000,0.001594,-0.000223,0.001586
90.300003,1.100000,-0.500000,0.001594,-0.000223,0.001586
90.300003,1.100000,-0.500000,0.001607,-0.000206,0.001637
90.300003,1.100000,-0.500000,0.001617,-0.000178,0.001684
90.300003,1.100000,-0.500000,0.001617,-0.000178,0.001684
90.300003,1.100000,-0.500000,0.001628,-0.000143,0.001733
90.300003,1.100000,-0.500000,0.001642,-0.000099,0.001782
90.300003,1.100000,-0.500000,0.001653,-0.000072,0.001815
90.300003,1.100000,-0.500000,0.001653,-0.000072,0.001815
90.300003,1.100000,-0.500000,0.001665,-0.000053,0.001843
90.300003,1.100000,-0.500000,0.001676,-0.000026,0.001863
90.300003,1.100000,-0.500000,0.001676,-0.000026,0.001863
90.300003,1.100000,-0.500000,0.001690,0.000006,0.001873
90.300003,1.100000,-0.500000,0.001697,0.000054,0.001874
90.300003,1.100000,-0.500000,0.001703,0.000099,0.001871
90.300003,1.100000,-0.500000,0.001703,0.000099,0.001871
90.300003,1.100000,-0.500000,0.001708,0.000139,0.001857
90.300003,1.100000,-0.500000,0.001711,0.000171,0.001829
90.300003,1.100000,-0.500000,0.001710,0.000211,0.001790
90.300003,1.100000,-0.500000,0.001710,0.000211,0.001790
90.300003,1.100000,-0.500000,0.001707,0.000246,0.001761
90.300003,1.100000,-0.500000,0.001705,0.000283,0.001727
90.300003,1.100000,-0.500000,0.001705,0.000283,0.001727
90.300003,1.100000,-0.500000,0.001677,0.000334,0.001673
90.300003,1.100000,-0.500000,0.001662,0.000377,0.001625
90.300003,1.100000,-0.500000,0.001662,0.000377,0.001625
90.300003,1.100000,-0.500000,0.001642,0.000426,0.001581
90.300003,1.100000,-0.500000,0.001616,0.000473,0.001540
90.300003,1.100000,-0.500000,0.001590,0.000522,0.001509
90.300003,1.100000,-0.500000,0.001590,0.000522,0.001509
90.300003,1.100000,-0.500000,0.001563,0.000573,0.001459
90.300003,1.100000,-0.500000,0.001530,0.000621,0.001412
90.300003,1.100000,-0.500000,0.001530,0.000621,0.001412
90.300003,1.100000,-0.500000,0.001493,0.000669,0.001352
90.300003,1.100000,-0.500000,0.001493,0.000669,0.001352
90.300003,1.100000,-0.500000,0.001451,0.000722,0.001291
90.300003,1.100000,-0.500000,0.001451,0.000722,0.001291
90.300003,1.100000,-0.500000,0.001405,0.000775,0.001223
90.300003,1.100000,-0.500000,0.001405,0.000775,0.001223
90.300003,1.100000,-0.500000,0.001353,0.000826,0.001158
90.300003,1.100000,-0.500000,0.001295,0.000878,0.001094
90.300003,1.100000,-0.500000,0.001295,0.000878,0.001094
90.300003,1.100000,-0.500000,0.001220,0.000945,0.001019
90.300003,1.100000,-0.500000,0.001220,0.000945,0.001019
90.300003,1.100000,-0.500000,0.001159,0.000994,0.000961
90.300003,1.100000,-0.500000,0.001159,0.000994,0.000961
90.300003,1.100000,-0.500000,0.001099,0.001034,0.000889
90.300003,1.100000,-0.500000,0.001045,0.001068,0.000829
90.300003,1.100000,-0.500000,0.001045,0.001068,0.000829
90.300003,1.100000,-0.500000,0.000985,0.001094,0.000790
90.300003,1.100000,-0.500000,0.000930,0.001120,0.000759
90.300003,1.100000,-0.500000,0.000930,0.001120,0.000759
90.300003,1.100000,-0.500000,0.000881,0.001134,0.000712
90.300003,1.100000,-0.500000,0.000818,0.001134,0.000664
90.300003,1.100000,-0.500000,0.000771,0.001127,0.000624
90.300003,1.100000,-0.500000,0.000734,0.001114,0.000586
90.300003,1.100000,-0.500000,0.000702,0.001097,0.000544
90.300003,1.100000,-0.500000,0.000702,0.001097,0.000544
90.300003,1.100000,-0.500000,0.000676,0.001079,0.000500
90.300003,1.100000,-0.500000,0.000649,0.001047,0.000450
90.300003,1.100000,-0.500000,0.000625,0.001023,0.000415
90.300003,1.100000,-0.500000,0.000625,0.001023,0.000415
90.300003,1.100000,-0.500000,0.000603,0.000989,0.000384
90.300003,1.100000,-0.500000,0.000603,0.000989,0.000384
90.300003,1.100000,-0.500000,0.000563,0.000940,0.000337
90.300003,1.100000,-0.500000,0.000533,0.000891,0.000294
90.300003,1.100000,-0.500000,0.000533,0.000891,0.000294
90.300003,1.100000,-0.500000,0.000501,0.000839,0.000245
90.300003,1.100000,-0.500000,0.000501,0.000839,0.000245
90.300003,1.100000,-0.500000,0.000476,0.000781,0.000196
90.300003,1.100000,-0.500000,0.000476,0.000781,0.000196
90.300003,1.100000,-0.500000,0.000443,0.000721,0.000152
90.300003,1.100000,-0.500000,0.000415,0.000653,0.000104
90.300003,1.100000,-0.500000,0.000415,0.000653,0.000104
90.300003,1.100000,-0.500000,0.000391,0.000582,0.000054
90.300003,1.100000,-0.500000,0.000391,0.000582,0.000054
90.300003,1.100000,-0.500000,0.000363,0.000516,0.000008
90.300003,1.100000,-0.500000,0.000330,0.000432,-0.000055
90.300003,1.100000,-0.500000,0.000330,0.000432,-0.000055
90.300003,1.100000,-0.500000,0.000301,0.000360,-0.000112
90.300003,1.100000,-0.500000,0.000278,0.000286,-0.000164
90.300003,1.100000,-0.500000,0.000278,0.000286,-0.000164
90.300003,1.100000,-0.500000,0.000253,0.000216,-0.000213
90.300003,1.100000,-0.500000,0.000228,0.000141,-0.000268
90.300003,1.100000,-0.500000,0.000202,0.000066,-0.000332
90.300003,1.100000,-0.500000,0.000202,0.000066,-0.000332
90.300003,1.100000,-0.500000,0.000181,-0.000007,-0.000399
90.300003,1.100000,-0.500000,0.000148,-0.000099,-0.000484
90.300003,1.100000,-0.500000,0.000148,-0.000099,-0.000484
90.300003,1.100000,-0.500000,0.000116,-0.000170,-0.000542
90.300003,1.100000,-0.500000,0.000116,-0.000170,-0.000542
90.300003,1.100000,-0.500000,0.000083,-0.000240,-0.000595
90.300003,1.100000,-0.500000,0.000083,-0.000240,-0.000595
90.300003,1.100000,-0.500000,0.000043,-0.000315,-0.000648
90.300003,1.100000,-0.500000,-0.000004,-0.000398,-0.000707
90.300003,1.100000,-0.500000,-0.000004,-0.000398,-0.000707
90.300003,1.100000,-0.500000,-0.000053,-0.000487,-0.000770
90.300003,1.100000,-0.500000,-0.000114,-0.000600,-0.000852
90.300003,1.100000,-0.500000,-0.000114,-0.000600,-0.000852
90.300003,1.100000,-0.500000,-0.000164,-0.000689,-0.000899
90.300003,1.100000,-0.500000,-0.000164,-0.000689,-0.000899
90.300003,1.100000,-0.500000,-0.000212,-0.000779,-0.000941
90.300003,1.100000,-0.500000,-0.000267,-0.000865,-0.000984
90.300003,1.100000,-0.500000,-0.000267,-0.000865,-0.000984
90.300003,1.100000,-0.500000,-0.000316,-0.000955,-0.001028
90.300003,1.100000,-0.500000,-0.000367,-0.001046,-0.001065
90.300003,1.100000,-0.500000,-0.000367,-0.001046,-0.001065
90.300003,1.100000,-0.500000,-0.000423,-0.001169,-0.001110
90.300003,1.100000,-0.500000,-0.000467,-0.001267,-0.001139
90.300003,1.100000,-0.500000,-0.000467,-0.001267,-0.001139
90.300003,1.100000,-0.500000,-0.000508,-0.001369,-0.001169
90.300003,1.100000,-0.500000,-0.000508,-0.001369,-0.001169
90.300003,1.100000,-0.500000,-0.000541,-0.001468,-0.001200
90.300003,1.100000,-0.500000,-0.000568,-0.001567,-0.001229
90.300003,1.100000,-0.500000,-0.000568,-0.001567,-0.001229
90.300003,1.100000,-0.500000,-0.000597,-0.001663,-0.001248
90.300003,1.100000,-0.500000,-0.000620,-0.001777,-0.001268
90.300003,1.100000,-0.500000,-0.000620,-0.001777,-0.001268
90.300003,1.100000,-0.500000,-0.000631,-0.001869,-0.001273
90.300003,1.100000,-0.500000,-0.000631,-0.001869,-0.001273
90.300003,1.100000,-0.500000,-0.000627,-0.002051,-0.001261
90.300003,1.100000,-0.500000,-0.000627,-0.002051,-0.001261
90.300003,1.100000,-0.500000,-0.000628,-0.002135,-0.001250
90.300003,1.100000,-0.500000,-0.000626,-0.002213,-0.001238
90.300003,1.100000,-0.500000,-0.000626,-0.002213,-0.001238
90.300003,1.100000,-0.500000,-0.000621,-0.002288,-0.001233
90.300003,1.100000,-0.500000,-0.000607,-0.002373,-0.001223
90.300003,1.100000,-0.500000,-0.000595,-0.002430,-0.001205
90.300003,1.100000,-0.500000,-0.000595,-0.002430,-0.001205
90.199997,1.100000,-0.500000,-0.000576,-0.002481,-0.001183
90.300003,1.100000,-0.500000,-0.000556,-0.002527,-0.001157
90.199997,1.100000,-0.500000,-0.000556,-0.002527,-0.001157
90.199997,1.100000,-0.500000,-0.000539,-0.002557,-0.001128
90.199997,1.100000,-0.500000,-0.000525,-0.002585,-0.001092
90.199997,1.100000,-0.500000,-0.000525,-0.002585,-0.001092
90.199997,1.100000,-0.500000,-0.000512,-0.002605,-0.001052
90.199997,1.100000,-0.500000,-0.000490,-0.002606,-0.001003
90.199997,1.100000,-0.500000,-0.000490,-0.002606,-0.001003
90.199997,1.100000,-0.500000,-0.000466,-0.002599,-0.000962
90.199997,1.100000,-0.500000,-0.000435,-0.002586,-0.000917
90.199997,1.100000,-0.500000,-0.000435,-0.002586,-0.000917
90.199997,1.100000,-0.500000,-0.000408,-0.002564,-0.000874
90.199997,1.100000,-0.500000,-0.000378,-0.002544,-0.000831
90.199997,1.100000,-0.500000,-0.000378,-0.002544,-0.000831
90.199997,1.100000,-0.500000,-0.000347,-0.002521,-0.000796
90.199997,1.100000,-0.500000,-0.000313,-0.002493,-0.000758
90.199997,1.100000,-0.500000,-0.000313,-0.002493,-0.000758
90.199997,1.100000,-0.500000,-0.000294,-0.002469,-0.000742
90.199997,1.100000,-0.500000,-0.000283,-0.002443,-0.000730
90.199997,1.100000,-0.500000,-0.000276,-0.002412,-0.000707
90.199997,1.100000,-0.500000,-0.000276,-0.002412,-0.000707
90.199997,1.100000,-0.500000,-0.000270,-0.002385,-0.000690
90.199997,1.100000,-0.500000,-0.000267,-0.002332,-0.000655
90.199997,1.100000,-0.500000,-0.000267,-0.002332,-0.000655
90.199997,1.100000,-0.500000,-0.000266,-0.002300,-0.000624
90.199997,1.100000,-0.500000,-0.000271,-0.002263,-0.000587
90.199997,1.100000,-0.500000,-0.000271,-0.002263,-0.000587
90.199997,1.100000,-0.500000,-0.000280,-0.002225,-0.000548
90.199997,1.100000,-0.500000,-0.000296,-0.002183,-0.000512
90.199997,1.100000,-0.500000,-0.000296,-0.002183,-0.000512
90.199997,1.100000,-0.500000,-0.000324,-0.002130,-0.000472
90.199997,1.100000,-0.500000,-0.000353,-0.002086,-0.000443
90.199997,1.100000,-0.500000,-0.000353,-0.002086,-0.000443
90.199997,1.100000,-0.500000,-0.000394,-0.002052,-0.000408
90.199997,1.100000,-0.500000,-0.000434,-0.002015,-0.000380
90.199997,1.100000,-0.500000,-0.000434,-0.002015,-0.000380
90.199997,1.100000,-0.500000,-0.000472,-0.001973,-0.000359
90.199997,1.100000,-0.500000,-0.000513,-0.001924,-0.000338
90.199997,1.100000,-0.500000,-0.000513,-0.001924,-0.000338
90.199997,1.100000,-0.500000,-0.000565,-0.001855,-0.000315
90.199997,1.100000,-0.500000,-0.000608,-0.001795,-0.000296
90.199997,1.100000,-0.500000,-0.000650,-0.001734,-0.000284
90.199997,1.100000,-0.500000,-0.000650,-0.001734,-0.000284
90.199997,1.100000,-0.500000,-0.000695,-0.001679,-0.000276
90.199997,1.100000,-0.500000,-0.000728,-0.001627,-0.000271
90.199997,1.100000,-0.500000,-0.000728,-0.001627,-0.000271
90.199997,1.100000,-0.500000,-0.000759,-0.001573,-0.000268
90.199997,1.100000,-0.500000,-0.000787,-0.001514,-0.000267
90.199997,1.100000,-0.500000,-0.000787,-0.001514,-0.000267
90.199997,1.100000,-0.500000,-0.000811,-0.001438,-0.000275
90.199997,1.100000,-0.500000,-0.000827,-0.001379,-0.000279
90.199997,1.100000,-0.500000,-0.000827,-0.001379,-0.000279
90.199997,1.100000,-0.500000,-0.000840,-0.001317,-0.000279
90.199997,1.100000,-0.500000,-0.000840,-0.001317,-0.000279
90.199997,1.100000,-0.500000,-0.000843,-0.001246,-0.000277
90.199997,1.100000,-0.500000,-0.000841,-0.001166,-0.000286
90.199997,1.100000,-0.500000,-0.000841,-0.001166,-0.000286
90.199997,1.100000,-0.500000,-0.000845,-0.001078,-0.000294
90.199997,1.100000,-0.500000,-0.000845,-0.001078,-0.000294
90.199997,1.100000,-0.500000,-0.000841,-0.000987,-0.000302
90.199997,1.100000,-0.500000,-0.000841,-0.000987,-0.000302
90.199997,1.100000,-0.500000,-0.000832,-0.000897,-0.000307
90.199997,1.100000,-0.500000,-0.000832,-0.000897,-0.000307
90.199997,1.100000,-0.500000,-0.000810,-0.000785,-0.000326
90.199997,1.100000,-0.500000,-0.000810,-0.000785,-0.000326
90.300003,1.100000,-0.500000,-0.000791,-0.000690,-0.000347
90.300003,1.100000,-0.500000,-0.000791,-0.000690,-0.000347
90.199997,1.100000,-0.500000,-0.000772,-0.000601,-0.000365
90.300003,1.100000,-0.500000,-0.000757,-0.000514,-0.000375
90.300003,1.100000,-0.500000,-0.000757,-0.000514,-0.000375
90.199997,1.100000,-0.500000,-0.000744,-0.000409,-0.000394
90.199997,1.100000,-0.500000,-0.000744,-0.000409,-0.000394
90.199997,1.100000,-0.500000,-0.000733,-0.000334,-0.000417
90.300003,1.100000,-0.500000,-0.000733,-0.000334,-0.000417
90.300003,1.100000,-0.500000,-0.000723,-0.000260,-0.000453
90.199997,1.100000,-0.500000,-0.000723,-0.000260,-0.000453
90.300003,1.100000,-0.500000,-0.000714,-0.000190,-0.000495
90.300003,1.100000,-0.500000,-0.000714,-0.000190,-0.000495
90.300003,1.100000,-0.500000,-0.000702,-0.000126,-0.000545
90.199997,1.100000,-0.500000,-0.000702,-0.000126,-0.000545
90.300003,1.100000,-0.500000,-0.000693,-0.000068,-0.000596
90.300003,1.100000,-0.500000,-0.000693,-0.000068,-0.000596
90.300003,1.100000,-0.500000,-0.000683,-0.000016,-0.000652
90.199997,1.100000,-0.500000,-0.000683,-0.000016,-0.000652
90.300003,1.100000,-0.500000,-0.000666,0.000045,-0.000713
90.300003,1.100000,-0.500000,-0.000666,0.000045,-0.000713
90.300003,1.100000,-0.500000,-0.000650,0.000090,-0.000760
90.199997,1.100000,-0.500000,-0.000625,0.000127,-0.000806
90.199997,1.100000,-0.500000,-0.000625,0.000127,-0.000806
90.300003,1.100000,-0.500000,-0.000625,0.000127,-0.000806
90.300003,1.100000,-0.500000,-0.000596,0.000162,-0.000853
90.300003,1.100000,-0.500000,-0.000561,0.000189,-0.000917
90.300003,1.100000,-0.500000,-0.000561,0.000189,-0.000917
90.300003,1.100000,-0.500000,-0.000546,0.000205,-0.000963
90.300003,1.100000,-0.500000,-0.000546,0.000205,-0.000963
90.199997,1.100000,-0.500000,-0.000529,0.000215,-0.001013
90.199997,1.100000,-0.500000,-0.000529,0.000215,-0.001013
90.300003,1.100000,-0.500000,-0.000517,0.000225,-0.001050
90.300003,1.100000,-0.500000,-0.000517,0.000225,-0.001050
90.300003,1.100000,-0.500000,-0.000502,0.000226,-0.001080
90.199997,1.100000,-0.500000,-0.000488,0.000222,-0.001106
90.300003,1.100000,-0.500000,-0.000488,0.000222,-0.001106
90.300003,1.100000,-0.500000,-0.000473,0.000206,-0.001147
90.199997,1.100000,-0.500000,-0.000473,0.000206,-0.001147
90.300003,1.100000,-0.500000,-0.000450,0.000180,-0.001206
90.300003,1.100000,-0.500000,-0.000450,0.000180,-0.001206
90.199997,1.100000,-0.500000,-0.000437,0.000151,-0.001245
90.199997,1.100000,-0.500000,-0.000437,0.000151,-0.001245
90.199997,1.100000,-0.500000,-0.000429,0.000122,-0.001283
90.300003,1.100000,-0.500000,-0.000429,0.000122,-0.001283
90.300003,1.100000,-0.500000,-0.000420,0.000092,-0.001321
90.199997,1.100000,-0.500000,-0.000420,0.000092,-0.001321
90.300003,1.100000,-0.500000,-0.000409,0.000065,-0.001366
90.300003,1.100000,-0.500000,-0.000409,0.000065,-0.001366
90.300003,1.100000,-0.500000,-0.000400,0.000042,-0.001410
90.300003,1.100000,-0.500000,-0.000400,0.000042,-0.001410
90.300003,1.100000,-0.500000,-0.000391,0.000014,-0.001472
90.300003,1.100000,-0.500000,-0.000380,-0.000007,-0.001525
90.199997,1.100000,-0.500000,-0.000365,-0.000027,-0.001581
90.199997,1.100000,-0.500000,-0.000365,-0.000027,-0.001581
90.300003,1.100000,-0.500000,-0.000358,-0.000041,-0.001636
90.300003,1.100000,-0.500000,-0.000358,-0.000041,-0.001636
90.300003,1.100000,-0.500000,-0.000347,-0.000059,-0.001693
90.300003,1.100000,-0.500000,-0.000347,-0.000059,-0.001693
90.300003,1.100000,-0.500000,-0.000343,-0.000074,-0.001736
90.300003,1.100000,-0.500000,-0.000343,-0.000074,-0.001736
90.300003,1.100000,-0.500000,-0.000334,-0.000093,-0.001792
90.199997,1.100000,-0.500000,-0.000334,-0.000093,-0.001792
90.300003,1.100000,-0.500000,-0.000329,-0.000102,-0.001837
90.300003,1.100000,-0.500000,-0.000329,-0.000102,-0.001837
90.199997,1.100000,-0.500000,-0.000327,-0.000118,-0.001862
90.199997,1.100000,-0.500000,-0.000327,-0.000118,-0.001862
90.300003,1.100000,-0.500000,-0.000331,-0.000139,-0.001873
90.300003,1.100000,-0.500000,-0.000331,-0.000139,-0.001873
90.199997,1.100000,-0.500000,-0.000336,-0.000154,-0.001882
90.199997,1.100000,-0.500000,-0.000336,-0.000154,-0.001882
90.199997,1.100000,-0.500000,-0.000348,-0.000164,-0.001889
90.300003,1.100000,-0.500000,-0.000376,-0.000170,-0.001897
90.199997,1.100000,-0.500000,-0.000376,-0.000170,-0.001897
90.199997,1.100000,-0.500000,-0.000376,-0.000170,-0.001897
90.300003,1.100000,-0.500000,-0.000399,-0.000170,-0.001908
90.300003,1.100000,-0.500000,-0.000426,-0.000163,-0.001913
90.300003,1.100000,-0.500000,-0.000426,-0.000163,-0.001913
90.199997,1.100000,-0.500000,-0.000453,-0.000150,-0.001914
90.300003,1.100000,-0.500000,-0.000453,-0.000150,-0.001914
90.300003,1.100000,-0.500000,-0.000453,-0.000150,-0.001914
90.300003,1.100000,-0.500000,-0.000476,-0.000138,-0.001910
90.300003,1.100000,-0.500000,-0.000498,-0.000122,-0.001883
90.300003,1.100000,-0.500000,-0.000498,-0.000122,-0.001883
90.300003,1.100000,-0.500000,-0.000516,-0.000111,-0.001871
90.300003,1.100000,-0.500000,-0.000516,-0.000111,-0.001871
90.199997,1.100000,-0.500000,-0.000527,-0.000110,-0.001863
90.300003,1.100000,-0.500000,-0.000527,-0.000110,-0.001863
90.300003,1.100000,-0.500000,-0.000537,-0.000105,-0.001853
90.300003,1.100000,-0.500000,-0.000537,-0.000105,-0.001853
90.199997,1.100000,-0.500000,-0.000539,-0.000102,-0.001842
90.199997,1.100000,-0.500000,-0.000539,-0.000102,-0.001842
90.300003,1.100000,-0.500000,-0.000537,-0.000098,-0.001832
90.300003,1.100000,-0.500000,-0.000537,-0.000098,-0.001832
90.199997,1.100000,-0.500000,-0.000525,-0.000108,-0.001820
90.199997,1.100000,-0.500000,-0.000526,-0.000122,-0.001795
90.199997,1.100000,-0.500000,-0.000526,-0.000122,-0.001795
90.300003,1.100000,-0.500000,-0.000536,-0.000136,-0.001772
90.300003,1.100000,-0.500000,-0.000536,-0.000136,-0.001772
90.199997,1.100000,-0.500000,-0.000536,-0.000136,-0.001772
90.300003,1.100000,-0.500000,-0.000547,-0.000148,-0.001741
90.300003,1.100000,-0.500000,-0.000559,-0.000159,-0.001713
90.199997,1.100000,-0.500000,-0.000559,-0.000159,-0.001713
90.300003,1.100000,-0.500000,-0.000577,-0.000173,-0.001683
90.300003,1.100000,-0.500000,-0.000596,-0.000196,-0.001657
90.300003,1.100000,-0.500000,-0.000596,-0.000196,-0.001657
90.199997,1.100000,-0.500000,-0.000605,-0.000210,-0.001648
90.300003,1.100000,-0.500000,-0.000660,-0.000212,-0.001598
90.300003,1.100000,-0.500000,-0.000667,-0.000218,-0.001570
90.300003,1.100000,-0.500000,-0.000667,-0.000218,-0.001570
90.300003,1.100000,-0.500000,-0.000681,-0.000232,-0.001544
90.300003,1.100000,-0.500000,-0.000691,-0.000247,-0.001505
90.300003,1.100000,-0.500000,-0.000691,-0.000247,-0.001505
90.300003,1.100000,-0.500000,-0.000697,-0.000259,-0.001459
90.300003,1.100000,-0.500000,-0.000697,-0.000259,-0.001459
90.300003,1.100000,-0.500000,-0.000704,-0.000273,-0.001407
90.300003,1.100000,-0.500000,-0.000704,-0.000273,-0.001407
90.300003,1.100000,-0.500000,-0.000722,-0.000286,-0.001346
90.300003,1.100000,-0.500000,-0.000722,-0.000286,-0.001346
90.300003,1.100000,-0.500000,-0.000747,-0.000297,-0.001283
90.300003,1.100000,-0.500000,-0.000747,-0.000297,-0.001283
90.300003,1.100000,-0.500000,-0.000770,-0.000309,-0.001213
90.300003,1.100000,-0.500000,-0.000770,-0.000309,-0.001213
90.300003,1.100000,-0.500000,-0.000804,-0.000328,-0.001120
90.300003,1.100000,-0.500000,-0.000804,-0.000328,-0.001120
90.300003,1.100000,-0.500000,-0.000831,-0.000344,-0.001041
90.300003,1.100000,-0.500000,-0.000831,-0.000344,-0.001041
90.300003,1.100000,-0.500000,-0.000853,-0.000357,-0.000965
90.300003,1.100000,-0.500000,-0.000853,-0.000357,-0.000965
90.300003,1.100000,-0.500000,-0.000874,-0.000369,-0.000896
90.300003,1.100000,-0.500000,-0.000874,-0.000369,-0.000896
90.300003,1.100000,-0.500000,-0.000891,-0.000375,-0.000830
90.300003,1.100000,-0.500000,-0.000910,-0.000388,-0.000770
90.300003,1.100000,-0.500000,-0.000910,-0.000388,-0.000770
90.300003,1.100000,-0.500000,-0.000931,-0.000405,-0.000701
90.300003,1.100000,-0.500000,-0.000931,-0.000405,-0.000701
90.300003,1.100000,-0.500000,-0.000965,-0.000419,-0.000639
90.300003,1.100000,-0.500000,-0.000965,-0.000419,-0.000639
90.300003,1.100000,-0.500000,-0.001004,-0.000443,-0.000568
90.300003,1.100000,-0.500000,-0.001004,-0.000443,-0.000568
90.300003,1.100000,-0.500000,-0.001040,-0.000474,-0.000504
90.300003,1.100000,-0.500000,-0.001040,-0.000474,-0.000504
90.300003,1.100000,-0.500000,-0.001075,-0.000503,-0.000440
90.300003,1.100000,-0.500000,-0.001075,-0.000503,-0.000440
90.300003,1.100000,-0.500000,-0.001109,-0.000534,-0.000375
90.300003,1.100000,-0.500000,-0.001109,-0.000534,-0.000375
90.300003,1.100000,-0.500000,-0.001143,-0.000568,-0.000313
90.300003,1.100000,-0.500000,-0.001143,-0.000568,-0.000313
90.300003,1.100000,-0.500000,-0.001182,-0.000601,-0.000256
90.300003,1.100000,-0.500000,-0.001182,-0.000601,-0.000256
90.300003,1.100000,-0.500000,-0.001226,-0.000638,-0.000196
90.300003,1.100000,-0.500000,-0.001226,-0.000638,-0.000196
90.300003,1.100000,-0.500000,-0.001266,-0.000660,-0.000159
90.300003,1.100000,-0.500000,-0.001299,-0.000685,-0.000136
90.300003,1.100000,-0.500000,-0.001299,-0.000685,-0.000136
90.300003,1.100000,-0.500000,-0.001331,-0.000710,-0.000115
90.300003,1.100000,-0.500000,-0.001331,-0.000710,-0.000115
90.300003,1.100000,-0.500000,-0.001353,-0.000736,-0.000083
90.300003,1.100000,-0.500000,-0.001353,-0.000736,-0.000083
90.300003,1.100000,-0.500000,-0.001374,-0.000770,-0.000048
90.300003,1.100000,-0.500000,-0.001374,-0.000770,-0.000048
90.300003,1.100000,-0.500000,-0.001383,-0.000813,-0.000009
90.300003,1.100000,-0.500000,-0.001383,-0.000813,-0.000009
90.300003,1.100000,-0.500000,-0.001374,-0.000845,0.000019
90.300003,1.100000,-0.500000,-0.001374,-0.000845,0.000019
90.300003,1.100000,-0.500000,-0.001357,-0.000863,0.000051
90.300003,1.100000,-0.500000,-0.001357,-0.000863,0.000051
90.300003,1.100000,-0.500000,-0.001333,-0.000885,0.000089
90.300003,1.100000,-0.500000,-0.001333,-0.000885,0.000089
90.300003,1.100000,-0.500000,-0.001333,-0.000885,0.000089
90.300003,1.100000,-0.500000,-0.001297,-0.000912,0.000125
90.300003,1.100000,-0.500000,-0.001259,-0.000932,0.000154
90.300003,1.100000,-0.500000,-0.001221,-0.000946,0.000188
90.300003,1.100000,-0.500000,-0.001221,-0.000946,0.000188
90.300003,1.100000,-0.500000,-0.001183,-0.000955,0.000224
90.300003,1.100000,-0.500000,-0.001183,-0.000955,0.000224
90.300003,1.100000,-0.500000,-0.001140,-0.000969,0.000259
90.300003,1.100000,-0.500000,-0.001086,-0.000984,0.000304
90.199997,1.100000,-0.500000,-0.001040,-0.001001,0.000342
90.300003,1.100000,-0.500000,-0.001040,-0.001001,0.000342
90.300003,1.100000,-0.500000,-0.000992,-0.001018,0.000380
90.300003,1.100000,-0.500000,-0.000992,-0.001018,0.000380
90.300003,1.100000,-0.500000,-0.000945,-0.001033,0.000411
90.300003,1.100000,-0.500000,-0.000945,-0.001033,0.000411
90.300003,1.100000,-0.500000,-0.000901,-0.001047,0.000445
90.300003,1.100000,-0.500000,-0.000901,-0.001047,0.000445
90.199997,1.100000,-0.500000,-0.000843,-0.001057,0.000482
90.300003,1.100000,-0.500000,-0.000784,-0.001063,0.000511
90.300003,1.100000,-0.500000,-0.000784,-0.001063,0.000511
90.300003,1.100000,-0.500000,-0.000703,-0.001072,0.000550
90.300003,1.100000,-0.500000,-0.000703,-0.001072,0.000550
90.300003,1.100000,-0.500000,-0.000638,-0.001065,0.000578
90.300003,1.100000,-0.500000,-0.000638,-0.001065,0.000578
90.300003,1.100000,-0.500000,-0.000565,-0.001072,0.000605
90.199997,1.100000,-0.500000,-0.000565,-0.001072,0.000605
90.300003,1.100000,-0.500000,-0.000519,-0.001079,0.000622
90.300003,1.100000,-0.500000,-0.000519,-0.001079,0.000622
90.300003,1.100000,-0.500000,-0.000471,-0.001087,0.000637
90.199997,1.100000,-0.500000,-0.000426,-0.001092,0.000648
90.300003,1.100000,-0.500000,-0.000426,-0.001092,0.000648
90.300003,1.100000,-0.500000,-0.000388,-0.001104,0.000653
90.199997,1.100000,-0.500000,-0.000388,-0.001104,0.000653
90.300003,1.100000,-0.500000,-0.000350,-0.001125,0.000656
90.300003,1.100000,-0.500000,-0.000350,-0.001125,0.000656
90.199997,1.100000,-0.500000,-0.000311,-0.001147,0.000661
90.199997,1.100000,-0.500000,-0.000257,-0.001179,0.000665
90.300003,1.100000,-0.500000,-0.000231,-0.001192,0.000667
90.199997,1.100000,-0.500000,-0.000231,-0.001192,0.000667
90.199997,1.100000,-0.500000,-0.000179,-0.001215,0.000664
90.300003,1.100000,-0.500000,-0.000145,-0.001224,0.000662
90.199997,1.100000,-0.500000,-0.000145,-0.001224,0.000662
90.199997,1.100000,-0.500000,-0.000107,-0.001232,0.000653
90.199997,1.100000,-0.500000,-0.000107,-0.001232,0.000653
90.300003,1.100000,-0.500000,-0.000078,-0.001242,0.000638
90.199997,1.100000,-0.500000,-0.000078,-0.001242,0.000638
90.199997,1.100000,-0.500000,-0.000043,-0.001246,0.000607
90.199997,1.100000,-0.500000,-0.000043,-0.001246,0.000607
90.199997,1.100000,-0.500000,-0.000023,-0.001244,0.000579
90.199997,1.100000,-0.500000,-0.000023,-0.001244,0.000579
90.199997,1.100000,-0.500000,-0.000002,-0.001245,0.000552
90.199997,1.100000,-0.500000,0.000015,-0.001246,0.000523
90.199997,1.100000,-0.500000,0.000015,-0.001246,0.000523
90.199997,1.100000,-0.500000,0.000027,-0.001251,0.000490
90.199997,1.100000,-0.500000,0.000027,-0.001251,0.000490
90.199997,1.100000,-0.500000,0.000027,-0.001260,0.000445
90.199997,1.100000,-0.500000,0.000027,-0.001260,0.000445
90.300003,1.100000,-0.500000,0.000014,-0.001270,0.000407
90.199997,1.100000,-0.500000,0.000014,-0.001270,0.000407
90.199997,1.100000,-0.500000,-0.000001,-0.001283,0.000372
90.199997,1.100000,-0.500000,-0.000001,-0.001283,0.000372
90.300003,1.100000,-0.500000,-0.000021,-0.001300,0.000327
90.199997,1.100000,-0.500000,-0.000021,-0.001300,0.000327
90.199997,1.100000,-0.500000,-0.000036,-0.001322,0.000288
90.300003,1.100000,-0.500000,-0.000036,-0.001322,0.000288
90.300003,1.100000,-0.500000,-0.000059,-0.001351,0.000262
90.199997,1.100000,-0.500000,-0.000059,-0.001351,0.000262
90.199997,1.100000,-0.500000,-0.000076,-0.001388,0.000238
90.199997,1.100000,-0.500000,-0.000076,-0.001388,0.000238
90.300003,1.100000,-0.500000,-0.000103,-0.001426,0.000214
90.300003,1.100000,-0.500000,-0.000125,-0.001473,0.000195
90.199997,1.100000,-0.500000,-0.000125,-0.001473,0.000195
90.300003,1.100000,-0.500000,-0.000154,-0.001521,0.000182
90.300003,1.100000,-0.500000,-0.000154,-0.001521,0.000182
90.199997,1.100000,-0.500000,-0.000182,-0.001583,0.000180
90.199997,1.100000,-0.500000,-0.000182,-0.001583,0.000180
90.300003,1.100000,-0.500000,-0.000211,-0.001638,0.000193
90.300003,1.100000,-0.500000,-0.000211,-0.001638,0.000193
90.199997,1.100000,-0.500000,-0.000237,-0.001687,0.000209
90.300003,1.100000,-0.500000,-0.000268,-0.001730,0.000235
90.300003,1.100000,-0.500000,-0.000268,-0.001730,0.000235
90.300003,1.100000,-0.500000,-0.000301,-0.001767,0.000259
90.300003,1.100000,-0.500000,-0.000301,-0.001767,0.000259
90.300003,1.100000,-0.500000,-0.000340,-0.001796,0.000278
90.300003,1.100000,-0.500000,-0.000385,-0.001827,0.000293
90.300003,1.100000,-0.500000,-0.000385,-0.001827,0.000293
90.300003,1.100000,-0.500000,-0.000416,-0.001858,0.000303
90.300003,1.100000,-0.500000,-0.000416,-0.001858,0.000303
90.300003,1.100000,-0.500000,-0.000448,-0.001884,0.000321
90.300003,1.100000,-0.500000,-0.000448,-0.001884,0.000321
90.300003,1.100000,-0.500000,-0.000485,-0.001908,0.000336
90.300003,1.100000,-0.500000,-0.000521,-0.001918,0.000346
90.300003,1.100000,-0.500000,-0.000521,-0.001918,0.000346
90.300003,1.100000,-0.500000,-0.000545,-0.001935,0.000353
90.300003,1.100000,-0.500000,-0.000545,-0.001935,0.000353
90.300003,1.100000,-0.500000,-0.000572,-0.001943,0.000347
90.300003,1.100000,-0.500000,-0.000592,-0.001948,0.000329
90.300003,1.100000,-0.500000,-0.000592,-0.001948,0.000329
90.300003,1.100000,-0.500000,-0.000621,-0.001939,0.000309
90.300003,1.100000,-0.500000,-0.000647,-0.001930,0.000286
90.300003,1.100000,-0.500000,-0.000647,-0.001930,0.000286
90.300003,1.100000,-0.500000,-0.000679,-0.001915,0.000266
90.300003,1.100000,-0.500000,-0.000679,-0.001915,0.000266
90.300003,1.100000,-0.500000,-0.000722,-0.001895,0.000241
90.300003,1.100000,-0.500000,-0.000768,-0.001882,0.000201
90.300003,1.100000,-0.500000,-0.000768,-0.001882,0.000201
90.300003,1.100000,-0.500000,-0.000768,-0.001882,0.000201
90.300003,1.100000,-0.500000,-0.000814,-0.001864,0.000161
90.300003,1.100000,-0.500000,-0.000863,-0.001842,0.000130
90.300003,1.100000,-0.500000,-0.000863,-0.001842,0.000130
90.300003,1.100000,-0.500000,-0.000913,-0.001810,0.000095
90.300003,1.100000,-0.500000,-0.000976,-0.001765,0.000037
90.300003,1.100000,-0.500000,-0.000976,-0.001765,0.000037
90.300003,1.100000,-0.500000,-0.001028,-0.001734,-0.000014
90.300003,1.100000,-0.500000,-0.001028,-0.001734,-0.000014
90.199997,1.100000,-0.500000,-0.001067,-0.001703,-0.000056
90.300003,1.100000,-0.500000,-0.001099,-0.001670,-0.000095
90.300003,1.100000,-0.500000,-0.001099,-0.001670,-0.000095
90.199997,1.100000,-0.500000,-0.001135,-0.001646,-0.000127
90.199997,1.100000,-0.500000,-0.001135,-0.001646,-0.000127
90.300003,1.100000,-0.500000,-0.001170,-0.001620,-0.000155
90.199997,1.100000,-0.500000,-0.001210,-0.001592,-0.000201
90.199997,1.100000,-0.500000,-0.001210,-0.001592,-0.000201
90.199997,1.100000,-0.500000,-0.001243,-0.001572,-0.000249
90.199997,1.100000,-0.500000,-0.001270,-0.001546,-0.000287
90.199997,1.100000,-0.500000,-0.001270,-0.001546,-0.000287
90.300003,1.100000,-0.500000,-0.001293,-0.001506,-0.000316
90.199997,1.100000,-0.500000,-0.001313,-0.001464,-0.000356
90.300003,1.100000,-0.500000,-0.001313,-0.001464,-0.000356
90.199997,1.100000,-0.500000,-0.001327,-0.001422,-0.000408
90.199997,1.100000,-0.500000,-0.001327,-0.001422,-0.000408
90.300003,1.100000,-0.500000,-0.001344,-0.001378,-0.000456
90.199997,1.100000,-0.500000,-0.001354,-0.001318,-0.000517
90.199997,1.100000,-0.500000,-0.001354,-0.001318,-0.000517
90.199997,1.100000,-0.500000,-0.001366,-0.001267,-0.000560
90.300003,1.100000,-0.500000,-0.001366,-0.001267,-0.000560
90.199997,1.100000,-0.500000,-0.001374,-0.001213,-0.000597
90.199997,1.100000,-0.500000,-0.001375,-0.001155,-0.000624
90.199997,1.100000,-0.500000,-0.001368,-0.001095,-0.000659
90.199997,1.100000,-0.500000,-0.001368,-0.001095,-0.000659
90.199997,1.100000,-0.500000,-0.001354,-0.001026,-0.000701
90.300003,1.100000,-0.500000,-0.001354,-0.001026,-0.000701
90.199997,1.100000,-0.500000,-0.001333,-0.000965,-0.000746
90.199997,1.100000,-0.500000,-0.001333,-0.000965,-0.000746
90.300003,1.100000,-0.500000,-0.001305,-0.000885,-0.000819
90.199997,1.100000,-0.500000,-0.001278,-0.000818,-0.000884
90.199997,1.100000,-0.500000,-0.001278,-0.000818,-0.000884
90.199997,1.100000,-0.500000,-0.001246,-0.000753,-0.000949
90.300003,1.100000,-0.500000,-0.001213,-0.000690,-0.001007
90.199997,1.100000,-0.500000,-0.001213,-0.000690,-0.001007
90.199997,1.100000,-0.500000,-0.001176,-0.000624,-0.001062
90.300003,1.100000,-0.500000,-0.001176,-0.000624,-0.001062
90.300003,1.100000,-0.500000,-0.001141,-0.000553,-0.001112
90.199997,1.100000,-0.500000,-0.001091,-0.000461,-0.001184
90.199997,1.100000,-0.500000,-0.001091,-0.000461,-0.001184
90.300003,1.100000,-0.500000,-0.001053,-0.000377,-0.001245
90.199997,1.100000,-0.500000,-0.001006,-0.000291,-0.001300
90.300003,1.100000,-0.500000,-0.000963,-0.000205,-0.001356
90.199997,1.100000,-0.500000,-0.000963,-0.000205,-0.001356
90.199997,1.100000,-0.500000,-0.000921,-0.000118,-0.001420
90.199997,1.100000,-0.500000,-0.000867,-0.000010,-0.001491
90.300003,1.100000,-0.500000,-0.000867,-0.000010,-0.001491
90.199997,1.100000,-0.500000,-0.000867,-0.000010,-0.001491
90.199997,1.100000,-0.500000,-0.000867,-0.000010,-0.001491
90.300003,1.100000,-0.500000,-0.000771,0.000147,-0.001599
90.300003,1.100000,-0.500000,-0.000717,0.000218,-0.001647
90.300003,1.100000,-0.500000,-0.000717,0.000218,-0.001647
90.300003,1.100000,-0.500000,-0.000662,0.000287,-0.001681
90.300003,1.100000,-0.500000,-0.000662,0.000287,-0.001681
90.300003,1.100000,-0.500000,-0.000612,0.000356,-0.001714
90.300003,1.100000,-0.500000,-0.000542,0.000429,-0.001765
90.300003,1.100000,-0.500000,-0.000542,0.000429,-0.001765
90.300003,1.100000,-0.500000,-0.000485,0.000483,-0.001804
90.300003,1.100000,-0.500000,-0.000485,0.000483,-0.001804
90.300003,1.100000,-0.500000,-0.000433,0.000540,-0.001842
90.300003,1.100000,-0.500000,-0.000369,0.000610,-0.001881
90.300003,1.100000,-0.500000,-0.000369,0.000610,-0.001881
90.300003,1.100000,-0.500000,-0.000320,0.000658,-0.001914
90.300003,1.100000,-0.500000,-0.000320,0.000658,-0.001914
90.300003,1.100000,-0.500000,-0.000269,0.000697,-0.001937
90.300003,1.100000,-0.500000,-0.000224,0.000735,-0.001961
90.300003,1.100000,-0.500000,-0.000224,0.000735,-0.001961
90.199997,1.100000,-0.500000,-0.000175,0.000767,-0.001980
90.300003,1.100000,-0.500000,-0.000175,0.000767,-0.001980
90.300003,1.100000,-0.500000,-0.000136,0.000801,-0.001996
90.300003,1.100000,-0.500000,-0.000100,0.000829,-0.002008
90.199997,1.100000,-0.500000,-0.000100,0.000829,-0.002008
90.300003,1.100000,-0.500000,-0.000070,0.000850,-0.002022
90.300003,1.100000,-0.500000,-0.000070,0.000850,-0.002022
90.199997,1.100000,-0.500000,-0.000034,0.000869,-0.002026
90.300003,1.100000,-0.500000,-0.000034,0.000869,-0.002026
90.300003,1.100000,-0.500000,-0.000017,0.000885,-0.002012
90.300003,1.100000,-0.500000,-0.000017,0.000885,-0.002012
90.300003,1.100000,-0.500000,0.000002,0.000892,-0.001992
90.300003,1.100000,-0.500000,0.000002,0.000892,-0.001992
90.300003,1.100000,-0.500000,0.000007,0.000895,-0.001962
90.300003,1.100000,-0.500000,0.000007,0.000895,-0.001962
90.300003,1.100000,-0.500000,0.000008,0.000893,-0.001930
90.300003,1.100000,-0.500000,0.000001,0.000887,-0.001899
90.300003,1.100000,-0.500000,0.000001,0.000887,-0.001899
90.300003,1.100000,-0.500000,-0.000004,0.000881,-0.001867
90.300003,1.100000,-0.500000,-0.000004,0.000881,-0.001867
90.300003,1.100000,-0.500000,-0.000006,0.000869,-0.001822
90.300003,1.100000,-0.500000,-0.000006,0.000869,-0.001822
90.300003,1.100000,-0.500000,-0.000013,0.000854,-0.001761
90.300003,1.100000,-0.500000,-0.000013,0.000854,-0.001761
90.300003,1.100000,-0.500000,-0.000014,0.000844,-0.001711
90.300003,1.100000,-0.500000,-0.000014,0.000844,-0.001711
90.300003,1.100000,-0.500000,-0.000016,0.000828,-0.001663
90.300003,1.100000,-0.500000,-0.000016,0.000828,-0.001663
90.199997,1.100000,-0.500000,-0.000021,0.000809,-0.001621
90.300003,1.100000,-0.500000,-0.000021,0.000809,-0.001621
90.300003,1.100000,-0.500000,-0.000028,0.000796,-0.001586
90.199997,1.100000,-0.500000,-0.000028,0.000796,-0.001586
90.199997,1.100000,-0.500000,-0.000024,0.000783,-0.001562
90.199997,1.100000,-0.500000,-0.000024,0.000783,-0.001562
90.300003,1.100000,-0.500000,-0.000026,0.000758,-0.001531
90.199997,1.100000,-0.500000,-0.000026,0.000758,-0.001531
90.199997,1.100000,-0.500000,-0.000030,0.000731,-0.001505
90.300003,1.100000,-0.500000,-0.000030,0.000731,-0.001505
90.300003,1.100000,-0.500000,-0.000043,0.000704,-0.001478
90.199997,1.100000,-0.500000,-0.000056,0.000675,-0.001455
90.199997,1.100000,-0.500000,-0.000056,0.000675,-0.001455
90.300003,1.100000,-0.500000,-0.000066,0.000649,-0.001425
90.199997,1.100000,-0.500000,-0.000066,0.000649,-0.001425
90.199997,1.100000,-0.500000,-0.000070,0.000627,-0.001403
90.199997,1.100000,-0.500000,-0.000070,0.000627,-0.001403
90.199997,1.100000,-0.500000,-0.000066,0.000606,-0.001378
90.300003,1.100000,-0.500000,-0.000066,0.000606,-0.001378
90.199997,1.100000,-0.500000,-0.000060,0.000590,-0.001360
90.199997,1.100000,-0.500000,-0.000055,0.000577,-0.001339
90.300003,1.100000,-0.500000,-0.000055,0.000577,-0.001339
90.300003,1.100000,-0.500000,-0.000053,0.000564,-0.001310
90.300003,1.100000,-0.500000,-0.000053,0.000564,-0.001310
90.199997,1.100000,-0.500000,-0.000053,0.000553,-0.001297
90.199997,1.100000,-0.500000,-0.000053,0.000553,-0.001297
90.199997,1.100000,-0.500000,-0.000052,0.000543,-0.001298
90.199997,1.100000,-0.500000,-0.000052,0.000543,-0.001298
90.199997,1.100000,-0.500000,-0.000052,0.000543,-0.001298
90.199997,1.100000,-0.500000,-0.000044,0.000531,-0.001294
90.199997,1.100000,-0.500000,-0.000037,0.000523,-0.001292
90.300003,1.100000,-0.500000,-0.000037,0.000523,-0.001292
90.199997,1.100000,-0.500000,-0.000018,0.000506,-0.001283
90.199997,1.100000,-0.500000,-0.000018,0.000506,-0.001283
90.199997,1.100000,-0.500000,0.000004,0.000487,-0.001268
90.199997,1.100000,-0.500000,0.000004,0.000487,-0.001268
90.199997,1.100000,-0.500000,0.000021,0.000469,-0.001259
90.199997,1.100000,-0.500000,0.000021,0.000469,-0.001259
90.199997,1.100000,-0.500000,0.000033,0.000448,-0.001246
90.199997,1.100000,-0.500000,0.000049,0.000421,-0.001238
90.199997,1.100000,-0.500000,0.000049,0.000421,-0.001238
90.199997,1.100000,-0.500000,0.000061,0.000383,-0.001227
90.199997,1.100000,-0.500000,0.000061,0.000383,-0.001227
90.199997,1.100000,-0.500000,0.000071,0.000339,-0.001214
90.199997,1.100000,-0.500000,0.000071,0.000339,-0.001214
90.199997,1.100000,-0.500000,0.000075,0.000292,-0.001210
90.199997,1.100000,-0.500000,0.000075,0.000292,-0.001210
90.199997,1.100000,-0.500000,0.000080,0.000221,-0.001194
90.199997,1.100000,-0.500000,0.000080,0.000221,-0.001194
90.199997,1.100000,-0.500000,0.000091,0.000154,-0.001176
90.199997,1.100000,-0.500000,0.000091,0.000154,-0.001176
90.300003,1.100000,-0.500000,0.000110,0.000090,-0.001152
90.199997,1.100000,-0.500000,0.000110,0.000090,-0.001152
90.199997,1.100000,-0.500000,0.000135,0.000022,-0.001112
90.300003,1.100000,-0.500000,0.000135,0.000022,-0.001112
90.199997,1.100000,-0.500000,0.000158,-0.000050,-0.001061
90.199997,1.100000,-0.500000,0.000158,-0.000050,-0.001061
90.199997,1.100000,-0.500000,0.000190,-0.000123,-0.001012
90.199997,1.100000,-0.500000,0.000228,-0.000191,-0.000972
90.199997,1.100000,-0.500000,0.000228,-0.000191,-0.000972
90.199997,1.100000,-0.500000,0.000228,-0.000191,-0.000972
90.199997,1.100000,-0.500000,0.000277,-0.000254,-0.000930
90.300003,1.100000,-0.500000,0.000277,-0.000254,-0.000930
90.199997,1.100000,-0.500000,0.000343,-0.000329,-0.000865
90.199997,1.100000,-0.500000,0.000343,-0.000329,-0.000865
90.199997,1.100000,-0.500000,0.000395,-0.000396,-0.000805
90.199997,1.100000,-0.500000,0.000395,-0.000396,-0.000805
90.199997,1.100000,-0.500000,0.000441,-0.000462,-0.000736
90.199997,1.100000,-0.500000,0.000490,-0.000540,-0.000655
90.199997,1.100000,-0.500000,0.000490,-0.000540,-0.000655
90.300003,1.100000,-0.500000,0.000530,-0.000596,-0.000586
90.300003,1.100000,-0.500000,0.000530,-0.000596,-0.000586
90.199997,1.100000,-0.500000,0.000566,-0.000653,-0.000521
90.199997,1.100000,-0.500000,0.000566,-0.000653,-0.000521
90.199997,1.100000,-0.500000,0.000600,-0.000711,-0.000453
90.300003,1.100000,-0.500000,0.000600,-0.000711,-0.000453
90.199997,1.100000,-0.500000,0.000644,-0.000760,-0.000389
90.199997,1.100000,-0.500000,0.000644,-0.000760,-0.000389
90.300003,1.100000,-0.500000,0.000707,-0.000822,-0.000298
90.300003,1.100000,-0.500000,0.000756,-0.000868,-0.000231
90.199997,1.100000,-0.500000,0.000756,-0.000868,-0.000231
90.199997,1.100000,-0.500000,0.000800,-0.000910,-0.000163
90.199997,1.100000,-0.500000,0.000800,-0.000910,-0.000163
90.300003,1.100000,-0.500000,0.000840,-0.000956,-0.000097
90.300003,1.100000,-0.500000,0.000840,-0.000956,-0.000097
90.199997,1.100000,-0.500000,0.000879,-0.001003,-0.000024
90.300003,1.100000,-0.500000,0.000879,-0.001003,-0.000024
90.300003,1.100000,-0.500000,0.000910,-0.001050,0.000048
90.199997,1.100000,-0.500000,0.000910,-0.001050,0.000048
90.199997,1.100000,-0.500000,0.000943,-0.001109,0.000128
90.199997,1.100000,-0.500000,0.000943,-0.001109,0.000128
90.199997,1.100000,-0.500000,0.000963,-0.001150,0.000193
90.199997,1.100000,-0.500000,0.000963,-0.001150,0.000193
90.300003,1.100000,-0.500000,0.000981,-0.001185,0.000252
90.199997,1.100000,-0.500000,0.000981,-0.001185,0.000252
90.300003,1.100000,-0.500000,0.001001,-0.001219,0.000306
90.300003,1.100000,-0.500000,0.001001,-0.001219,0.000306
90.300003,1.100000,-0.500000,0.001021,-0.001253,0.000359
90.199997,1.100000,-0.500000,0.001021,-0.001253,0.000359
90.199997,1.100000,-0.500000,0.001029,-0.001288,0.000412
90.300003,1.100000,-0.500000,0.001034,-0.001333,0.000470
90.300003,1.100000,-0.500000,0.001034,-0.001333,0.000470
90.300003,1.100000,-0.500000,0.001035,-0.001366,0.000503
90.300003,1.100000,-0.500000,0.001026,-0.001401,0.000545
90.300003,1.100000,-0.500000,0.001026,-0.001401,0.000545
90.300003,1.100000,-0.500000,0.001012,-0.001443,0.000590
90.300003,1.100000,-0.500000,0.001012,-0.001443,0.000590
90.300003,1.100000,-0.500000,0.000990,-0.001466,0.000611
90.300003,1.100000,-0.500000,0.000990,-0.001466,0.000611
90.300003,1.100000,-0.500000,0.000962,-0.001489,0.000634
90.300003,1.100000,-0.500000,0.000962,-0.001489,0.000634
90.300003,1.100000,-0.500000,0.000930,-0.001512,0.000647
90.300003,1.100000,-0.500000,0.000930,-0.001512,0.000647
90.300003,1.100000,-0.500000,0.000907,-0.001541,0.000651
90.300003,1.100000,-0.500000,0.000907,-0.001541,0.000651
90.300003,1.100000,-0.500000,0.000881,-0.001565,0.000649
90.300003,1.100000,-0.500000,0.000881,-0.001565,0.000649
90.300003,1.100000,-0.500000,0.000850,-0.001588,0.000622
90.300003,1.100000,-0.500000,0.000850,-0.001588,0.000622
90.300003,1.100000,-0.500000,0.000821,-0.001596,0.000582
90.300003,1.100000,-0.500000,0.000781,-0.001601,0.000527
90.300003,1.100000,-0.500000,0.000781,-0.001601,0.000527
90.300003,1.100000,-0.500000,0.000781,-0.001601,0.000527
90.300003,1.100000,-0.500000,0.000734,-0.001602,0.000474
90.300003,1.100000,-0.500000,0.000685,-0.001603,0.000413
90.300003,1.100000,-0.500000,0.000685,-0.001603,0.000413
90.300003,1.100000,-0.500000,0.000635,-0.001611,0.000346
90.300003,1.100000,-0.500000,0.000635,-0.001611,0.000346
90.300003,1.100000,-0.500000,0.000596,-0.001616,0.000296
90.300003,1.100000,-0.500000,0.000596,-0.001616,0.000296
90.300003,1.100000,-0.500000,0.000553,-0.001627,0.000242
90.300003,1.100000,-0.500000,0.000553,-0.001627,0.000242
90.300003,1.100000,-0.500000,0.000504,-0.001635,0.000185
90.300003,1.100000,-0.500000,0.000504,-0.001635,0.000185
90.300003,1.100000,-0.500000,0.000458,-0.001637,0.000128
90.300003,1.100000,-0.500000,0.000458,-0.001637,0.000128
90.300003,1.100000,-0.500000,0.000413,-0.001640,0.000069
90.300003,1.100000,-0.500000,0.000413,-0.001640,0.000069
90.199997,1.100000,-0.500000,0.000379,-0.001644,0.000002
90.300003,1.100000,-0.500000,0.000343,-0.001642,-0.000067
90.300003,1.100000,-0.500000,0.000343,-0.001642,-0.000067
