99.800003,0.400000,-0.500000,0.687417,-0.606603,-0.000903
99.800003,0.400000,-0.500000,0.690742,-0.606374,0.000239
99.800003,0.400000,-0.500000,0.691487,-0.606363,0.000294
99.800003,0.400000,-0.500000,0.691873,-0.606319,0.000241
99.800003,0.400000,-0.500000,0.692167,-0.606275,0.000134
99.800003,0.400000,-0.500000,0.692720,-0.606203,-0.000128
99.800003,0.400000,-0.500000,0.692851,-0.606201,-0.000199
99.800003,0.400000,-0.500000,0.692983,-0.606204,-0.000271
99.800003,0.400000,-0.500000,0.693108,-0.606206,-0.000346
99.800003,0.400000,-0.500000,0.693226,-0.606201,-0.000434
99.800003,0.400000,-0.500000,0.693382,-0.606197,-0.000554
99.800003,0.400000,-0.500000,0.693509,-0.606188,-0.000654
99.800003,0.400000,-0.500000,0.693636,-0.606175,-0.000762
99.800003,0.400000,-0.500000,0.693875,-0.606158,-0.000956
99.800003,0.400000,-0.500000,0.693875,-0.606158,-0.000956
99.800003,0.400000,-0.500000,0.693989,-0.606155,-0.001057
99.800003,0.400000,-0.500000,0.694098,-0.606154,-0.001157
99.800003,0.400000,-0.500000,0.694226,-0.606163,-0.001281
99.800003,0.400000,-0.500000,0.694324,-0.606182,-0.001378
99.800003,0.400000,-0.500000,0.694415,-0.606214,-0.001480
99.800003,0.400000,-0.500000,0.694489,-0.606255,-0.001582
99.800003,0.400000,-0.500000,0.694556,-0.606309,-0.001672
99.800003,0.400000,-0.500000,0.694617,-0.606369,-0.001757
99.800003,0.400000,-0.500000,0.694676,-0.606450,-0.001863
99.800003,0.400000,-0.500000,0.694713,-0.606524,-0.001951
99.800003,0.400000,-0.500000,0.694743,-0.606600,-0.002029
99.800003,0.400000,-0.500000,0.694764,-0.606683,-0.002094
99.800003,0.400000,-0.500000,0.694793,-0.606843,-0.002228
99.800003,0.400000,-0.500000,0.694806,-0.606938,-0.002307
99.800003,0.400000,-0.500000,0.694812,-0.607016,-0.002372
99.800003,0.400000,-0.500000,0.694811,-0.607096,-0.002435
99.800003,0.400000,-0.500000,0.694813,-0.607174,-0.002496
99.800003,0.400000,-0.500000,0.694815,-0.607245,-0.002554
99.800003,0.400000,-0.500000,0.694824,-0.607319,-0.002621
99.800003,0.400000,-0.500000,0.694826,-0.607414,-0.002695
99.800003,0.400000,-0.500000,0.694834,-0.607480,-0.002758
99.800003,0.400000,-0.500000,0.694864,-0.607590,-0.002881
99.800003,0.400000,-0.500000,0.694894,-0.607694,-0.002959
99.800003,0.400000,-0.500000,0.694911,-0.607781,-0.003024
99.800003,0.400000,-0.500000,0.694911,-0.607781,-0.003024
99.800003,0.400000,-0.500000,0.694926,-0.607824,-0.003074
99.800003,0.400000,-0.500000,0.694927,-0.607841,-0.003087
99.800003,0.400000,-0.500000,0.694933,-0.607852,-0.003091
99.800003,0.400000,-0.500000,0.694938,-0.607866,-0.003089
99.800003,0.400000,-0.500000,0.694938,-0.607866,-0.003089
99.800003,0.400000,-0.500000,0.694944,-0.607913,-0.003036
99.800003,0.400000,-0.500000,0.694947,-0.607936,-0.002997
99.800003,0.400000,-0.500000,0.694946,-0.607963,-0.002948
99.800003,0.400000,-0.500000,0.694940,-0.607994,-0.002889
99.800003,0.400000,-0.500000,0.694910,-0.608084,-0.002781
99.800003,0.400000,-0.500000,0.694880,-0.608126,-0.002725
99.800003,0.400000,-0.500000,0.694880,-0.608126,-0.002725
99.800003,0.400000,-0.500000,0.694835,-0.608181,-0.002650
99.800003,0.400000,-0.500000,0.694797,-0.608220,-0.002584
99.800003,0.400000,-0.500000,0.694763,-0.608258,-0.002519
99.800003,0.400000,-0.500000,0.694722,-0.608299,-0.002462
99.800003,0.400000,-0.500000,0.694672,-0.608340,-0.002403
99.800003,0.400000,-0.500000,0.694612,-0.608372,-0.002339
99.800003,0.400000,-0.500000,0.694612,-0.608372,-0.002339
99.800003,0.400000,-0.500000,0.694532,-0.608406,-0.002258
99.800003,0.400000,-0.500000,0.694462,-0.608436,-0.002193
99.800003,0.400000,-0.500000,0.694388,-0.608470,-0.002122
99.800003,0.400000,-0.500000,0.694317,-0.608505,-0.002051
99.800003,0.400000,-0.500000,0.694241,-0.608542,-0.001979
99.800003,0.400000,-0.500000,0.694160,-0.608570,-0.001915
99.900002,0.400000,-0.500000,0.693801,-0.608682,-0.001760
99.900002,0.400000,-0.500000,0.693679,-0.608720,-0.001724
99.800003,0.400000,-0.500000,0.693267,-0.608828,-0.001592
99.800003,0.400000,-0.500000,0.693143,-0.608862,-0.001560
99.800003,0.400000,-0.500000,0.693027,-0.608900,-0.001532
99.800003,0.400000,-0.500000,0.692890,-0.608955,-0.001523
99.800003,0.400000,-0.500000,0.692788,-0.608987,-0.001533
99.800003,0.400000,-0.500000,0.692599,-0.609043,-0.001578
99.800003,0.400000,-0.500000,0.692512,-0.609074,-0.001624
99.800003,0.400000,-0.500000,0.692304,-0.609118,-0.001710
99.800003,0.400000,-0.500000,0.692142,-0.609143,-0.001792
99.800003,0.400000,-0.500000,0.692077,-0.609147,-0.001838
99.800003,0.400000,-0.500000,0.692013,-0.609147,-0.001885
99.800003,0.400000,-0.500000,0.691923,-0.609147,-0.001926
99.800003,0.400000,-0.500000,0.691849,-0.609155,-0.001953
99.800003,0.400000,-0.500000,0.691849,-0.609155,-0.001953
99.800003,0.400000,-0.500000,0.691769,-0.609164,-0.001977
99.800003,0.400000,-0.600000,0.691681,-0.609166,-0.001994
99.800003,0.400000,-0.600000,0.691585,-0.609162,-0.002001
99.800003,0.400000,-0.600000,0.691492,-0.609161,-0.002011
99.800003,0.400000,-0.600000,0.691368,-0.609163,-0.002012
99.800003,0.400000,-0.600000,0.691368,-0.609163,-0.002012
99.800003,0.400000,-0.600000,0.691181,-0.609161,-0.002021
99.800003,0.400000,-0.600000,0.690892,-0.609146,-0.002048
99.800003,0.400000,-0.600000,0.690892,-0.609146,-0.002048
99.800003,0.400000,-0.600000,0.690892,-0.609146,-0.002048
99.800003,0.400000,-0.600000,0.690892,-0.609146,-0.002048
99.800003,0.400000,-0.600000,0.690892,-0.609146,-0.002048
99.800003,0.400000,-0.600000,0.690597,-0.609106,-0.002071
99.800003,0.400000,-0.600000,0.690597,-0.609106,-0.002071
99.800003,0.400000,-0.600000,0.690597,-0.609106,-0.002071
99.800003,0.400000,-0.600000,0.690597,-0.609106,-0.002071
99.800003,0.400000,-0.600000,0.690597,-0.609106,-0.002071
99.800003,0.400000,-0.600000,0.690597,-0.609106,-0.002071
99.900002,0.400000,-0.600000,0.690029,-0.608811,-0.002172
99.800003,0.400000,-0.600000,0.689923,-0.608757,-0.002189
99.800003,0.400000,-0.600000,0.689923,-0.608757,-0.002189
99.800003,0.400000,-0.600000,0.689923,-0.608757,-0.002189
99.800003,0.400000,-0.600000,0.689923,-0.608757,-0.002189
99.800003,0.400000,-0.600000,0.689923,-0.608757,-0.002189
99.900002,0.400000,-0.600000,0.689690,-0.608633,-0.002201
99.900002,0.400000,-0.600000,0.689690,-0.608633,-0.002201
99.900002,0.400000,-0.600000,0.689690,-0.608633,-0.002201
99.900002,0.400000,-0.600000,0.689690,-0.608633,-0.002201
99.900002,0.400000,-0.600000,0.689690,-0.608633,-0.002201
99.900002,0.400000,-0.600000,0.689690,-0.608633,-0.002201
99.900002,0.400000,-0.600000,0.689690,-0.608633,-0.002201
99.900002,0.400000,-0.600000,0.689690,-0.608633,-0.002201
99.900002,0.400000,-0.600000,0.689690,-0.608633,-0.002201
99.900002,0.400000,-0.600000,0.689690,-0.608633,-0.002201
99.900002,0.400000,-0.600000,0.689690,-0.608633,-0.002201
99.900002,0.400000,-0.600000,0.689690,-0.608633,-0.002201
99.900002,0.400000,-0.600000,0.689690,-0.608633,-0.002201
99.900002,0.400000,-0.600000,0.688992,-0.608160,-0.002141
99.900002,0.400000,-0.600000,0.688992,-0.608160,-0.002141
99.900002,0.400000,-0.600000,0.688992,-0.608160,-0.002141
99.900002,0.400000,-0.600000,0.688539,-0.607700,-0.002246
99.900002,0.400000,-0.600000,0.688424,-0.607418,-0.002309
99.900002,0.400000,-0.600000,0.688411,-0.607320,-0.002305
99.900002,0.400000,-0.600000,0.688411,-0.607320,-0.002305
99.900002,0.400000,-0.600000,0.688411,-0.607320,-0.002305
99.900002,0.400000,-0.600000,0.688411,-0.607320,-0.002305
99.900002,0.400000,-0.600000,0.688382,-0.606959,-0.002275
99.900002,0.400000,-0.600000,0.688391,-0.606742,-0.002230
99.900002,0.400000,-0.600000,0.688391,-0.606742,-0.002230
99.900002,0.400000,-0.500000,0.688405,-0.606550,-0.002176
99.900002,0.400000,-0.500000,0.688414,-0.606328,-0.002102
99.900002,0.400000,-0.500000,0.688414,-0.606328,-0.002102
99.900002,0.400000,-0.500000,0.688414,-0.606328,-0.002102
99.900002,0.400000,-0.500000,0.688414,-0.606328,-0.002102
99.900002,0.400000,-0.500000,0.688414,-0.606328,-0.002102
99.900002,0.400000,-0.500000,0.688426,-0.606088,-0.002013
99.900002,0.400000,-0.500000,0.688426,-0.606088,-0.002013
99.900002,0.400000,-0.500000,0.688426,-0.606088,-0.002013
99.900002,0.400000,-0.500000,0.688426,-0.606088,-0.002013
99.900002,0.400000,-0.500000,0.688426,-0.606088,-0.002013
99.900002,0.400000,-0.600000,0.688275,-0.605752,-0.001779
99.900002,0.400000,-0.600000,0.688275,-0.605752,-0.001779
99.900002,0.400000,-0.600000,0.688275,-0.605752,-0.001779
99.900002,0.400000,-0.600000,0.688275,-0.605752,-0.001779
99.900002,0.400000,-0.600000,0.687967,-0.605654,-0.001648
99.900002,0.400000,-0.600000,0.687967,-0.605654,-0.001648
99.900002,0.400000,-0.600000,0.687967,-0.605654,-0.001648
99.900002,0.400000,-0.600000,0.687702,-0.605699,-0.001579
99.900002,0.400000,-0.600000,0.687615,-0.605737,-0.001560
99.900002,0.400000,-0.600000,0.687615,-0.605737,-0.001560
99.900002,0.400000,-0.600000,0.687615,-0.605737,-0.001560
99.900002,0.400000,-0.600000,0.687615,-0.605737,-0.001560
99.900002,0.400000,-0.600000,0.687395,-0.605966,-0.001568
99.900002,0.400000,-0.600000,0.687395,-0.605966,-0.001568
99.900002,0.400000,-0.600000,0.687395,-0.605966,-0.001568
99.900002,0.400000,-0.600000,0.687395,-0.605966,-0.001568
99.900002,0.400000,-0.600000,0.687395,-0.605966,-0.001568
99.900002,0.400000,-0.500000,0.687248,-0.606226,-0.001663
99.900002,0.400000,-0.500000,0.687236,-0.606265,-0.001686
99.900002,0.400000,-0.500000,0.687236,-0.606265,-0.001686
99.900002,0.400000,-0.500000,0.687236,-0.606265,-0.001686
99.900002,0.400000,-0.500000,0.687236,-0.606265,-0.001686
99.900002,0.400000,-0.600000,0.687362,-0.606412,-0.001845
99.900002,0.400000,-0.600000,0.687362,-0.606412,-0.001845
99.900002,0.400000,-0.600000,0.687362,-0.606412,-0.001845
99.900002,0.400000,-0.600000,0.687362,-0.606412,-0.001845
99.900002,0.400000,-0.600000,0.687362,-0.606412,-0.001845
99.900002,0.400000,-0.500000,0.687648,-0.606412,-0.002120
99.900002,0.400000,-0.500000,0.687729,-0.606390,-0.002200
99.900002,0.400000,-0.500000,0.687729,-0.606390,-0.002200
99.900002,0.400000,-0.500000,0.687729,-0.606390,-0.002200
99.900002,0.400000,-0.500000,0.687729,-0.606390,-0.002200
99.900002,0.400000,-0.500000,0.687729,-0.606390,-0.002200
99.900002,0.400000,-0.500000,0.688110,-0.606261,-0.002555
99.900002,0.400000,-0.500000,0.688110,-0.606261,-0.002555
99.900002,0.400000,-0.500000,0.688110,-0.606261,-0.002555
99.900002,0.400000,-0.500000,0.688110,-0.606261,-0.002555
99.900002,0.400000,-0.500000,0.688110,-0.606261,-0.002555
99.900002,0.400000,-0.500000,0.688110,-0.606261,-0.002555
99.900002,0.400000,-0.500000,0.688640,-0.606170,-0.003005
99.900002,0.400000,-0.500000,0.688807,-0.606142,-0.003142
99.900002,0.400000,-0.500000,0.688926,-0.606108,-0.003256
99.900002,0.400000,-0.500000,0.688926,-0.606108,-0.003256
99.900002,0.400000,-0.500000,0.688926,-0.606108,-0.003256
99.900002,0.400000,-0.500000,0.688926,-0.606108,-0.003256
99.900002,0.400000,-0.500000,0.688926,-0.606108,-0.003256
99.900002,0.400000,-0.500000,0.689479,-0.605956,-0.003741
99.900002,0.400000,-0.500000,0.689479,-0.605956,-0.003741
99.900002,0.400000,-0.500000,0.689479,-0.605956,-0.003741
99.900002,0.400000,-0.500000,0.689479,-0.605956,-0.003741
99.900002,0.400000,-0.500000,0.689479,-0.605956,-0.003741
99.900002,0.400000,-0.500000,0.689479,-0.605956,-0.003741
99.900002,0.400000,-0.500000,0.689479,-0.605956,-0.003741
99.900002,0.400000,-0.500000,0.690223,-0.605749,-0.004150
99.900002,0.400000,-0.500000,0.690223,-0.605749,-0.004150
99.900002,0.400000,-0.500000,0.690223,-0.605749,-0.004150
99.900002,0.400000,-0.500000,0.690223,-0.605749,-0.004150
99.900002,0.400000,-0.500000,0.690223,-0.605749,-0.004150
99.900002,0.400000,-0.500000,0.690755,-0.605650,-0.004325
99.900002,0.400000,-0.500000,0.690898,-0.605630,-0.004361
99.900002,0.400000,-0.500000,0.690898,-0.605630,-0.004361
99.900002,0.400000,-0.500000,0.690898,-0.605630,-0.004361
99.900002,0.400000,-0.500000,0.690898,-0.605630,-0.004361
99.900002,0.400000,-0.500000,0.690898,-0.605630,-0.004361
99.900002,0.400000,-0.500000,0.691433,-0.605657,-0.004481
99.900002,0.400000,-0.500000,0.691433,-0.605657,-0.004481
99.900002,0.400000,-0.500000,0.691433,-0.605657,-0.004481
99.900002,0.400000,-0.500000,0.691433,-0.605657,-0.004481
99.900002,0.400000,-0.500000,0.691433,-0.605657,-0.004481
99.900002,0.400000,-0.500000,0.691433,-0.605657,-0.004481
99.900002,0.400000,-0.500000,0.691433,-0.605657,-0.004481
99.900002,0.400000,-0.500000,0.691433,-0.605657,-0.004481
99.900002,0.400000,-0.500000,0.691433,-0.605657,-0.004481
99.900002,0.400000,-0.500000,0.691433,-0.605657,-0.004481
99.900002,0.400000,-0.500000,0.692389,-0.606101,-0.004334
99.900002,0.400000,-0.500000,0.692389,-0.606101,-0.004334
99.900002,0.400000,-0.500000,0.692525,-0.606187,-0.004282
99.900002,0.400000,-0.500000,0.692702,-0.606293,-0.004205
99.900002,0.400000,-0.500000,0.692840,-0.606373,-0.004134
99.900002,0.400000,-0.500000,0.692976,-0.606455,-0.004058
99.900002,0.400000,-0.500000,0.693115,-0.606543,-0.003986
99.900002,0.400000,-0.500000,0.693115,-0.606543,-0.003986
99.900002,0.400000,-0.500000,0.693115,-0.606543,-0.003986
99.900002,0.400000,-0.500000,0.693368,-0.606720,-0.003862
99.900002,0.400000,-0.500000,0.693490,-0.606801,-0.003798
99.900002,0.400000,-0.500000,0.693490,-0.606801,-0.003798
99.900002,0.400000,-0.500000,0.693490,-0.606801,-0.003798
99.900002,0.400000,-0.500000,0.693708,-0.606979,-0.003657
99.900002,0.400000,-0.500000,0.693708,-0.606979,-0.003657
99.900002,0.400000,-0.500000,0.693863,-0.607139,-0.003527
99.900002,0.400000,-0.500000,0.693932,-0.607221,-0.003446
99.900002,0.400000,-0.500000,0.693997,-0.607307,-0.003374
99.900002,0.400000,-0.500000,0.694084,-0.607404,-0.003297
99.900002,0.400000,-0.500000,0.694155,-0.607478,-0.003238
99.900002,0.400000,-0.500000,0.694155,-0.607478,-0.003238
99.900002,0.400000,-0.500000,0.694221,-0.607547,-0.003173
99.900002,0.400000,-0.500000,0.694286,-0.607607,-0.003107
99.900002,0.400000,-0.500000,0.694286,-0.607607,-0.003107
99.900002,0.400000,-0.500000,0.694399,-0.607702,-0.002968
99.900002,0.400000,-0.500000,0.694399,-0.607702,-0.002968
99.900002,0.400000,-0.500000,0.694476,-0.607746,-0.002870
99.900002,0.400000,-0.500000,0.694539,-0.607776,-0.002793
99.900002,0.400000,-0.500000,0.694603,-0.607802,-0.002726
99.900002,0.400000,-0.500000,0.694665,-0.607816,-0.002659
99.900002,0.400000,-0.500000,0.694665,-0.607816,-0.002659
99.900002,0.400000,-0.500000,0.694726,-0.607828,-0.002587
99.900002,0.400000,-0.500000,0.694779,-0.607836,-0.002528
99.900002,0.400000,-0.500000,0.694832,-0.607842,-0.002478
99.900002,0.400000,-0.500000,0.694906,-0.607847,-0.002416
99.900002,0.400000,-0.500000,0.695019,-0.607816,-0.002318
99.900002,0.400000,-0.500000,0.695071,-0.607781,-0.002260
99.900002,0.400000,-0.500000,0.695116,-0.607734,-0.002205
99.900002,0.400000,-0.500000,0.695192,-0.607609,-0.002088
99.900002,0.400000,-0.500000,0.695240,-0.607509,-0.002008
99.900002,0.400000,-0.500000,0.695321,-0.607331,-0.001881
99.900002,0.400000,-0.500000,0.695321,-0.607331,-0.001881
99.900002,0.400000,-0.500000,0.695376,-0.607161,-0.001745
99.900002,0.400000,-0.500000,0.695394,-0.607091,-0.001678
99.900002,0.400000,-0.500000,0.695408,-0.607024,-0.001606
99.900002,0.400000,-0.500000,0.695420,-0.606913,-0.001477
99.900002,0.400000,-0.500000,0.695435,-0.606855,-0.001406
99.900002,0.400000,-0.500000,0.695445,-0.606810,-0.001339
99.900002,0.400000,-0.500000,0.695457,-0.606762,-0.001268
99.900002,0.400000,-0.500000,0.695457,-0.606713,-0.001205
99.900002,0.400000,-0.500000,0.695449,-0.606663,-0.001152
99.900002,0.400000,-0.500000,0.695408,-0.606551,-0.001051
99.900002,0.400000,-0.500000,0.695362,-0.606479,-0.000999
99.900002,0.400000,-0.500000,0.695314,-0.606430,-0.000954
99.900002,0.400000,-0.500000,0.695260,-0.606386,-0.000904
99.900002,0.400000,-0.500000,0.695194,-0.606340,-0.000859
99.900002,0.400000,-0.500000,0.695107,-0.606299,-0.000820
99.900002,0.400000,-0.500000,0.695003,-0.606276,-0.000793
99.900002,0.400000,-0.500000,0.694852,-0.606252,-0.000760
99.900002,0.400000,-0.500000,0.694721,-0.606237,-0.000735
99.900002,0.400000,-0.500000,0.694581,-0.606236,-0.000707
99.900002,0.400000,-0.500000,0.694437,-0.606247,-0.000685
99.900002,0.400000,-0.500000,0.694437,-0.606247,-0.000685
99.900002,0.400000,-0.500000,0.694437,-0.606247,-0.000685
99.900002,0.400000,-0.500000,0.693969,-0.606342,-0.000677
99.900002,0.400000,-0.500000,0.693814,-0.606385,-0.000696
99.900002,0.400000,-0.500000,0.693623,-0.606444,-0.000723
99.900002,0.400000,-0.500000,0.693468,-0.606505,-0.000733
99.900002,0.400000,-0.500000,0.693313,-0.606573,-0.000739
99.900002,0.400000,-0.500000,0.693153,-0.606650,-0.000740
99.900002,0.400000,-0.500000,0.692948,-0.606743,-0.000752
99.900002,0.400000,-0.500000,0.692948,-0.606743,-0.000752
99.900002,0.400000,-0.500000,0.692779,-0.606816,-0.000764
99.900002,0.400000,-0.500000,0.692620,-0.606891,-0.000770
99.900002,0.400000,-0.500000,0.692461,-0.606968,-0.000769
99.900002,0.400000,-0.500000,0.692302,-0.607043,-0.000760
99.900002,0.400000,-0.500000,0.692100,-0.607142,-0.000753
99.900002,0.400000,-0.500000,0.692100,-0.607142,-0.000753
99.900002,0.400000,-0.500000,0.691933,-0.607216,-0.000748
99.900002,0.400000,-0.500000,0.691764,-0.607284,-0.000748
99.900002,0.400000,-0.500000,0.691592,-0.607353,-0.000746
99.900002,0.400000,-0.500000,0.691429,-0.607418,-0.000742
99.900002,0.400000,-0.500000,0.691429,-0.607418,-0.000742
99.900002,0.400000,-0.500000,0.691278,-0.607476,-0.000741
99.900002,0.400000,-0.500000,0.691100,-0.607545,-0.000727
99.900002,0.400000,-0.500000,0.690965,-0.607598,-0.000710
99.900002,0.400000,-0.500000,0.690840,-0.607655,-0.000701
99.900002,0.400000,-0.500000,0.690719,-0.607711,-0.000699
99.900002,0.400000,-0.500000,0.690614,-0.607767,-0.000700
99.900002,0.400000,-0.500000,0.690511,-0.607823,-0.000701
99.900002,0.400000,-0.500000,0.690391,-0.607890,-0.000717
99.900002,0.400000,-0.500000,0.690239,-0.608017,-0.000766
99.900002,0.400000,-0.500000,0.690239,-0.608017,-0.000766
99.900002,0.400000,-0.500000,0.690175,-0.608079,-0.000799
99.900002,0.400000,-0.500000,0.690066,-0.608177,-0.000884
99.900002,0.400000,-0.500000,0.690066,-0.608177,-0.000884
99.900002,0.400000,-0.500000,0.690020,-0.608224,-0.000922
99.900002,0.400000,-0.500000,0.689976,-0.608280,-0.000954
99.900002,0.400000,-0.500000,0.689942,-0.608315,-0.000974
99.900002,0.400000,-0.500000,0.689909,-0.608338,-0.001005
99.900002,0.400000,-0.500000,0.689876,-0.608357,-0.001042
99.900002,0.400000,-0.500000,0.689840,-0.608372,-0.001077
99.900002,0.400000,-0.500000,0.689810,-0.608396,-0.001110
99.900002,0.400000,-0.500000,0.689810,-0.608396,-0.001110
99.900002,0.400000,-0.500000,0.689760,-0.608459,-0.001216
99.900002,0.400000,-0.500000,0.689760,-0.608459,-0.001216
99.900002,0.400000,-0.500000,0.689731,-0.608484,-0.001263
99.900002,0.400000,-0.500000,0.689701,-0.608507,-0.001315
99.900002,0.400000,-0.500000,0.689669,-0.608531,-0.001383
99.900002,0.400000,-0.500000,0.689667,-0.608534,-0.001426
99.900002,0.400000,-0.500000,0.689676,-0.608539,-0.001470
99.900002,0.400000,-0.500000,0.689728,-0.608552,-0.001601
99.900002,0.400000,-0.500000,0.689782,-0.608562,-0.001771
99.900002,0.400000,-0.500000,0.689820,-0.608566,-0.001955
99.900002,0.400000,-0.500000,0.689836,-0.608567,-0.002081
99.900002,0.400000,-0.500000,0.689820,-0.608586,-0.002254
99.900002,0.400000,-0.500000,0.689805,-0.608603,-0.002489
99.900002,0.400000,-0.500000,0.689792,-0.608628,-0.002635
99.900002,0.400000,-0.500000,0.689667,-0.608726,-0.002939
99.900002,0.400000,-0.500000,0.689559,-0.608799,-0.003077
99.900002,0.400000,-0.500000,0.689440,-0.608850,-0.003177
99.900002,0.400000,-0.500000,0.689440,-0.608850,-0.003177
99.900002,0.400000,-0.500000,0.689211,-0.608857,-0.003340
99.900002,0.400000,-0.500000,0.689111,-0.608809,-0.003457
99.900002,0.400000,-0.500000,0.689043,-0.608734,-0.003527
99.900002,0.400000,-0.500000,0.689013,-0.608718,-0.003576
99.900002,0.400000,-0.500000,0.689023,-0.608680,-0.003672
99.900002,0.400000,-0.500000,0.689048,-0.608666,-0.003688
99.900002,0.400000,-0.500000,0.689083,-0.608648,-0.003730
99.900002,0.400000,-0.500000,0.689152,-0.608636,-0.003824
99.900002,0.400000,-0.500000,0.689295,-0.608654,-0.003937
99.900002,0.400000,-0.500000,0.689452,-0.608653,-0.004033
99.900002,0.400000,-0.500000,0.689608,-0.608617,-0.004106
99.900002,0.400000,-0.500000,0.689753,-0.608550,-0.004151
99.900002,0.400000,-0.500000,0.689883,-0.608428,-0.004142
99.900002,0.400000,-0.500000,0.689907,-0.608311,-0.004094
99.900002,0.400000,-0.500000,0.689903,-0.608208,-0.004032
99.900002,0.400000,-0.500000,0.689874,-0.608080,-0.003975
99.900002,0.400000,-0.500000,0.689822,-0.607968,-0.003949
99.900002,0.400000,-0.500000,0.689789,-0.607872,-0.003950
99.900002,0.400000,-0.500000,0.689744,-0.607802,-0.003992
99.900002,0.400000,-0.500000,0.689694,-0.607761,-0.004026
99.900002,0.400000,-0.500000,0.689668,-0.607748,-0.004043
99.900002,0.400000,-0.500000,0.689636,-0.607737,-0.004053
99.900002,0.400000,-0.500000,0.689493,-0.607665,-0.004073
99.900002,0.400000,-0.500000,0.689352,-0.607613,-0.004082
99.900002,0.400000,-0.500000,0.689352,-0.607613,-0.004082
99.900002,0.400000,-0.500000,0.689172,-0.607538,-0.004073
99.900002,0.400000,-0.500000,0.689172,-0.607538,-0.004073
99.800003,0.400000,-0.500000,0.689078,-0.607493,-0.004064
99.800003,0.400000,-0.500000,0.688972,-0.607450,-0.004054
99.800003,0.400000,-0.500000,0.688860,-0.607406,-0.004048
99.800003,0.400000,-0.500000,0.688741,-0.607356,-0.004039
99.800003,0.400000,-0.500000,0.688607,-0.607292,-0.004019
99.900002,0.400000,-0.500000,0.688504,-0.607238,-0.003999
99.800003,0.400000,-0.500000,0.688405,-0.607190,-0.003978
99.800003,0.400000,-0.500000,0.688405,-0.607190,-0.003978
99.800003,0.400000,-0.500000,0.688309,-0.607145,-0.003953
99.800003,0.400000,-0.500000,0.688222,-0.607096,-0.003915
99.800003,0.400000,-0.500000,0.688143,-0.607049,-0.003870
99.800003,0.400000,-0.500000,0.688143,-0.607049,-0.003870
99.800003,0.400000,-0.500000,0.688051,-0.606995,-0.003819
99.800003,0.400000,-0.500000,0.687982,-0.606948,-0.003784
99.800003,0.400000,-0.500000,0.687930,-0.606905,-0.003750
99.800003,0.400000,-0.500000,0.687930,-0.606905,-0.003750
99.800003,0.400000,-0.500000,0.687867,-0.606819,-0.003651
99.800003,0.400000,-0.500000,0.687852,-0.606780,-0.003595
99.900002,0.400000,-0.500000,0.687852,-0.606780,-0.003595
99.900002,0.400000,-0.500000,0.687852,-0.606747,-0.003537
99.900002,0.400000,-0.500000,0.687870,-0.606702,-0.003456
99.900002,0.400000,-0.500000,0.687895,-0.606667,-0.003389
99.900002,0.400000,-0.500000,0.687924,-0.606627,-0.003312
99.900002,0.400000,-0.500000,0.687969,-0.606580,-0.003227
99.900002,0.400000,-0.500000,0.688074,-0.606482,-0.003073
99.900002,0.400000,-0.500000,0.688140,-0.606410,-0.002980
99.800003,0.400000,-0.500000,0.688186,-0.606348,-0.002912
99.800003,0.400000,-0.500000,0.688236,-0.606283,-0.002866
99.800003,0.400000,-0.500000,0.688283,-0.606214,-0.002826
99.800003,0.400000,-0.500000,0.688321,-0.606145,-0.002785
99.800003,0.400000,-0.500000,0.688362,-0.606071,-0.002742
99.800003,0.400000,-0.500000,0.688362,-0.606071,-0.002742
99.800003,0.400000,-0.500000,0.688406,-0.605980,-0.002689
99.800003,0.400000,-0.500000,0.688443,-0.605912,-0.002659
99.800003,0.400000,-0.500000,0.688488,-0.605849,-0.002635
99.800003,0.400000,-0.500000,0.688542,-0.605790,-0.002609
99.800003,0.400000,-0.500000,0.688542,-0.605790,-0.002609
99.800003,0.400000,-0.500000,0.688608,-0.605732,-0.002579
99.800003,0.400000,-0.500000,0.688683,-0.605679,-0.002551
99.800003,0.400000,-0.500000,0.688763,-0.605628,-0.002529
99.800003,0.400000,-0.500000,0.688838,-0.605580,-0.002508
99.800003,0.400000,-0.500000,0.688937,-0.605524,-0.002479
99.800003,0.400000,-0.500000,0.688937,-0.605524,-0.002479
99.800003,0.400000,-0.500000,0.689020,-0.605481,-0.002462
99.800003,0.400000,-0.500000,0.689099,-0.605449,-0.002449
99.800003,0.400000,-0.500000,0.689182,-0.605422,-0.002438
99.800003,0.400000,-0.500000,0.689271,-0.605399,-0.002435
99.800003,0.400000,-0.500000,0.689271,-0.605399,-0.002435
99.800003,0.400000,-0.500000,0.689382,-0.605370,-0.002437
99.900002,0.400000,-0.500000,0.689470,-0.605345,-0.002439
99.800003,0.400000,-0.500000,0.689560,-0.605314,-0.002449
99.800003,0.400000,-0.500000,0.689653,-0.605284,-0.002465
99.800003,0.400000,-0.500000,0.689770,-0.605247,-0.002483
99.800003,0.400000,-0.500000,0.689770,-0.605247,-0.002483
99.800003,0.400000,-0.500000,0.689865,-0.605208,-0.002500
99.800003,0.400000,-0.500000,0.689967,-0.605162,-0.002513
99.800003,0.400000,-0.500000,0.690075,-0.605124,-0.002519
99.800003,0.400000,-0.500000,0.690075,-0.605124,-0.002519
99.800003,0.400000,-0.500000,0.690187,-0.605089,-0.002534
99.800003,0.400000,-0.500000,0.690303,-0.605061,-0.002552
99.800003,0.400000,-0.500000,0.690423,-0.605042,-0.002578
99.800003,0.400000,-0.500000,0.690423,-0.605042,-0.002578
99.900002,0.400000,-0.500000,0.690570,-0.605030,-0.002622
99.900002,0.400000,-0.500000,0.690687,-0.605031,-0.002666
99.900002,0.400000,-0.500000,0.690807,-0.605040,-0.002713
99.900002,0.400000,-0.500000,0.690924,-0.605051,-0.002769
99.900002,0.400000,-0.500000,0.690924,-0.605051,-0.002769
99.900002,0.400000,-0.500000,0.691037,-0.605065,-0.002829
99.900002,0.400000,-0.500000,0.691140,-0.605075,-0.002895
99.900002,0.400000,-0.500000,0.691140,-0.605075,-0.002895
99.900002,0.400000,-0.500000,0.691261,-0.605085,-0.002972
99.900002,0.400000,-0.500000,0.691343,-0.605101,-0.003038
99.900002,0.400000,-0.500000,0.691419,-0.605124,-0.003087
99.900002,0.400000,-0.500000,0.691419,-0.605124,-0.003087
99.900002,0.400000,-0.500000,0.691489,-0.605154,-0.003128
99.900002,0.400000,-0.500000,0.691547,-0.605189,-0.003169
99.900002,0.400000,-0.500000,0.691591,-0.605238,-0.003207
99.900002,0.400000,-0.500000,0.691591,-0.605238,-0.003207
99.900002,0.400000,-0.500000,0.691627,-0.605296,-0.003245
99.900002,0.400000,-0.500000,0.691667,-0.605373,-0.003297
99.900002,0.400000,-0.500000,0.691693,-0.605445,-0.003340
99.900002,0.400000,-0.500000,0.691693,-0.605445,-0.003340
99.900002,0.400000,-0.500000,0.691714,-0.605528,-0.003378
99.900002,0.400000,-0.500000,0.691733,-0.605618,-0.003418
99.900002,0.400000,-0.500000,0.691733,-0.605618,-0.003418
99.800003,0.400000,-0.500000,0.691750,-0.605709,-0.003461
99.900002,0.400000,-0.500000,0.691763,-0.605801,-0.003497
99.800003,0.400000,-0.500000,0.691776,-0.605924,-0.003541
99.800003,0.400000,-0.500000,0.691783,-0.606033,-0.003588
99.800003,0.400000,-0.500000,0.691783,-0.606033,-0.003588
99.800003,0.400000,-0.500000,0.691800,-0.606154,-0.003641
99.800003,0.400000,-0.500000,0.691817,-0.606282,-0.003696
99.800003,0.400000,-0.500000,0.691836,-0.606450,-0.003764
99.800003,0.400000,-0.500000,0.691847,-0.606595,-0.003821
99.800003,0.400000,-0.500000,0.691847,-0.606595,-0.003821
99.800003,0.400000,-0.500000,0.691857,-0.606748,-0.003888
99.800003,0.400000,-0.500000,0.691874,-0.606907,-0.003956
99.800003,0.400000,-0.500000,0.691898,-0.607077,-0.004031
99.800003,0.400000,-0.500000,0.691898,-0.607077,-0.004031
99.800003,0.400000,-0.500000,0.691924,-0.607251,-0.004102
99.800003,0.400000,-0.500000,0.691953,-0.607455,-0.004194
99.800003,0.400000,-0.500000,0.691953,-0.607455,-0.004194
99.800003,0.400000,-0.500000,0.691970,-0.607623,-0.004274
99.800003,0.400000,-0.500000,0.691983,-0.607794,-0.004353
99.800003,0.400000,-0.500000,0.691993,-0.607968,-0.004430
99.800003,0.400000,-0.500000,0.691993,-0.607968,-0.004430
99.800003,0.400000,-0.500000,0.692007,-0.608144,-0.004498
99.800003,0.400000,-0.500000,0.692023,-0.608323,-0.004563
99.800003,0.400000,-0.500000,0.692023,-0.608323,-0.004563
99.800003,0.400000,-0.500000,0.692023,-0.608323,-0.004563
99.800003,0.400000,-0.500000,0.692058,-0.608730,-0.004689
99.800003,0.400000,-0.500000,0.692072,-0.608889,-0.004737
99.800003,0.400000,-0.500000,0.692072,-0.608889,-0.004737
99.800003,0.400000,-0.500000,0.692076,-0.609032,-0.004768
99.800003,0.400000,-0.500000,0.692077,-0.609170,-0.004793
99.800003,0.400000,-0.500000,0.692077,-0.609170,-0.004793
99.800003,0.400000,-0.500000,0.692078,-0.609305,-0.004814
99.800003,0.400000,-0.500000,0.692062,-0.609460,-0.004833
99.800003,0.400000,-0.500000,0.692044,-0.609582,-0.004840
99.800003,0.400000,-0.500000,0.692044,-0.609582,-0.004840
99.800003,0.400000,-0.500000,0.692023,-0.609705,-0.004838
99.800003,0.400000,-0.500000,0.691992,-0.609819,-0.004840
99.800003,0.400000,-0.500000,0.691956,-0.609930,-0.004842
99.800003,0.400000,-0.500000,0.691956,-0.609930,-0.004842
99.800003,0.400000,-0.500000,0.691926,-0.610038,-0.004844
99.800003,0.400000,-0.500000,0.691900,-0.610142,-0.004851
99.800003,0.400000,-0.500000,0.691873,-0.610264,-0.004861
99.800003,0.400000,-0.500000,0.691856,-0.610347,-0.004871
99.800003,0.400000,-0.500000,0.691856,-0.610347,-0.004871
99.800003,0.400000,-0.500000,0.691838,-0.610420,-0.004870
99.800003,0.400000,-0.500000,0.691801,-0.610484,-0.004867
99.800003,0.400000,-0.500000,0.691770,-0.610521,-0.004862
99.800003,0.400000,-0.500000,0.691770,-0.610521,-0.004862
99.800003,0.400000,-0.500000,0.691720,-0.610571,-0.004857
99.800003,0.400000,-0.500000,0.691720,-0.610571,-0.004857
99.800003,0.400000,-0.500000,0.691647,-0.610630,-0.004890
99.800003,0.400000,-0.500000,0.691647,-0.610630,-0.004890
99.800003,0.400000,-0.500000,0.691566,-0.610677,-0.004938
99.800003,0.400000,-0.500000,0.691532,-0.610701,-0.004973
99.800003,0.400000,-0.500000,0.691507,-0.610717,-0.005009
99.800003,0.400000,-0.500000,0.691492,-0.610739,-0.005037
99.800003,0.400000,-0.500000,0.691485,-0.610774,-0.005065
99.800003,0.400000,-0.500000,0.691485,-0.610774,-0.005065
99.800003,0.400000,-0.500000,0.691481,-0.610801,-0.005106
99.800003,0.400000,-0.500000,0.691479,-0.610830,-0.005155
99.800003,0.400000,-0.500000,0.691479,-0.610830,-0.005155
99.800003,0.400000,-0.500000,0.691479,-0.610830,-0.005155
99.800003,0.400000,-0.500000,0.691479,-0.610830,-0.005155
99.800003,0.400000,-0.500000,0.691484,-0.610929,-0.005307
99.800003,0.400000,-0.500000,0.691484,-0.610929,-0.005307
99.800003,0.400000,-0.500000,0.691472,-0.610983,-0.005398
99.800003,0.400000,-0.500000,0.691465,-0.610997,-0.005453
99.800003,0.400000,-0.500000,0.691453,-0.611006,-0.005512
99.800003,0.400000,-0.500000,0.691438,-0.611010,-0.005584
99.800003,0.400000,-0.500000,0.691416,-0.611010,-0.005633
99.800003,0.400000,-0.500000,0.691416,-0.611010,-0.005633
99.800003,0.400000,-0.500000,0.691390,-0.611002,-0.005667
99.800003,0.400000,-0.500000,0.691366,-0.610990,-0.005698
99.800003,0.400000,-0.500000,0.691344,-0.610965,-0.005724
99.800003,0.400000,-0.500000,0.691318,-0.610930,-0.005734
99.800003,0.400000,-0.500000,0.691318,-0.610930,-0.005734
99.800003,0.400000,-0.500000,0.691261,-0.610804,-0.005715
99.800003,0.400000,-0.500000,0.691261,-0.610804,-0.005715
99.800003,0.400000,-0.500000,0.691206,-0.610661,-0.005663
99.800003,0.400000,-0.500000,0.691206,-0.610661,-0.005663
99.800003,0.400000,-0.500000,0.691138,-0.610515,-0.005590
99.800003,0.400000,-0.500000,0.691101,-0.610449,-0.005533
99.800003,0.400000,-0.500000,0.691049,-0.610376,-0.005455
99.800003,0.400000,-0.500000,0.690996,-0.610321,-0.005396
99.800003,0.400000,-0.500000,0.690883,-0.610211,-0.005253
99.800003,0.400000,-0.500000,0.690827,-0.610154,-0.005166
99.800003,0.400000,-0.500000,0.690758,-0.610106,-0.005074
99.800003,0.400000,-0.500000,0.690679,-0.610047,-0.004985
99.800003,0.400000,-0.500000,0.690576,-0.609978,-0.004870
99.800003,0.400000,-0.500000,0.690493,-0.609926,-0.004778
99.800003,0.400000,-0.500000,0.690493,-0.609926,-0.004778
99.800003,0.400000,-0.500000,0.690334,-0.609807,-0.004598
99.800003,0.400000,-0.500000,0.690334,-0.609807,-0.004598
99.800003,0.400000,-0.500000,0.690188,-0.609681,-0.004414
99.800003,0.400000,-0.500000,0.690188,-0.609681,-0.004414
99.800003,0.400000,-0.500000,0.690057,-0.609533,-0.004194
99.800003,0.400000,-0.500000,0.690010,-0.609468,-0.004099
99.800003,0.400000,-0.500000,0.689964,-0.609385,-0.003980
99.800003,0.400000,-0.500000,0.689926,-0.609324,-0.003890
99.800003,0.400000,-0.500000,0.689893,-0.609269,-0.003812
99.800003,0.400000,-0.500000,0.689866,-0.609220,-0.003739
99.800003,0.400000,-0.500000,0.689866,-0.609220,-0.003739
99.800003,0.400000,-0.500000,0.689838,-0.609179,-0.003661
99.800003,0.400000,-0.500000,0.689816,-0.609141,-0.003581
99.800003,0.400000,-0.500000,0.689798,-0.609103,-0.003493
99.800003,0.400000,-0.500000,0.689782,-0.609060,-0.003403
99.800003,0.400000,-0.500000,0.689765,-0.609008,-0.003290
99.800003,0.400000,-0.500000,0.689765,-0.609008,-0.003290
99.800003,0.400000,-0.500000,0.689759,-0.608964,-0.003212
99.800003,0.400000,-0.500000,0.689766,-0.608915,-0.003129
99.800003,0.400000,-0.500000,0.689782,-0.608860,-0.003045
99.800003,0.400000,-0.500000,0.689803,-0.608806,-0.002965
99.800003,0.400000,-0.500000,0.689830,-0.608741,-0.002895
99.800003,0.400000,-0.500000,0.689830,-0.608741,-0.002895
99.800003,0.400000,-0.500000,0.689869,-0.608651,-0.002816
99.800003,0.400000,-0.500000,0.689912,-0.608575,-0.002751
99.800003,0.400000,-0.500000,0.689967,-0.608502,-0.002683
99.800003,0.400000,-0.500000,0.690029,-0.608429,-0.002612
99.800003,0.400000,-0.500000,0.690096,-0.608354,-0.002524
99.800003,0.400000,-0.500000,0.690096,-0.608354,-0.002524
99.800003,0.400000,-0.500000,0.690183,-0.608249,-0.002408
99.800003,0.400000,-0.500000,0.690249,-0.608171,-0.002312
99.800003,0.400000,-0.500000,0.690314,-0.608099,-0.002221
99.800003,0.400000,-0.500000,0.690387,-0.608028,-0.002144
99.800003,0.400000,-0.500000,0.690387,-0.608028,-0.002144
99.800003,0.400000,-0.500000,0.690462,-0.607955,-0.002066
99.800003,0.400000,-0.500000,0.690533,-0.607888,-0.001989
99.800003,0.400000,-0.500000,0.690605,-0.607828,-0.001900
99.800003,0.400000,-0.500000,0.690605,-0.607828,-0.001900
99.800003,0.400000,-0.500000,0.690693,-0.607753,-0.001771
99.800003,0.400000,-0.500000,0.690768,-0.607691,-0.001671
99.800003,0.400000,-0.500000,0.690768,-0.607691,-0.001671
99.800003,0.400000,-0.500000,0.690768,-0.607691,-0.001671
99.800003,0.400000,-0.500000,0.690768,-0.607691,-0.001671
99.800003,0.400000,-0.500000,0.691021,-0.607489,-0.001409
99.800003,0.400000,-0.500000,0.691113,-0.607432,-0.001333
99.800003,0.400000,-0.500000,0.691113,-0.607432,-0.001333
99.800003,0.400000,-0.500000,0.691191,-0.607378,-0.001275
99.800003,0.400000,-0.500000,0.691267,-0.607334,-0.001228
99.800003,0.400000,-0.500000,0.691267,-0.607334,-0.001228
99.800003,0.400000,-0.500000,0.691359,-0.607290,-0.001190
99.800003,0.400000,-0.500000,0.691420,-0.607263,-0.001162
99.800003,0.400000,-0.500000,0.691468,-0.607247,-0.001136
99.800003,0.400000,-0.500000,0.691468,-0.607247,-0.001136
99.800003,0.400000,-0.500000,0.691513,-0.607240,-0.001103
99.800003,0.400000,-0.500000,0.691557,-0.607236,-0.001073
99.800003,0.400000,-0.500000,0.691557,-0.607236,-0.001073
99.800003,0.400000,-0.500000,0.691597,-0.607252,-0.001045
99.800003,0.400000,-0.500000,0.691649,-0.607289,-0.001017
99.800003,0.400000,-0.500000,0.691688,-0.607324,-0.000997
99.800003,0.400000,-0.500000,0.691688,-0.607324,-0.000997
99.800003,0.400000,-0.500000,0.691725,-0.607370,-0.000987
99.800003,0.400000,-0.500000,0.691764,-0.607422,-0.000976
99.800003,0.400000,-0.500000,0.691816,-0.607492,-0.000973
99.800003,0.400000,-0.500000,0.691816,-0.607492,-0.000973
99.800003,0.400000,-0.500000,0.691848,-0.607545,-0.000972
99.800003,0.400000,-0.500000,0.691877,-0.607596,-0.000983
99.800003,0.400000,-0.500000,0.691877,-0.607596,-0.000983
99.800003,0.400000,-0.500000,0.691901,-0.607646,-0.001005
99.800003,0.400000,-0.500000,0.691933,-0.607702,-0.001036
99.800003,0.400000,-0.500000,0.691989,-0.607782,-0.001057
99.800003,0.400000,-0.500000,0.691989,-0.607782,-0.001057
99.800003,0.400000,-0.500000,0.692044,-0.607852,-0.001074
99.800003,0.400000,-0.500000,0.692106,-0.607921,-0.001093
99.800003,0.400000,-0.500000,0.692168,-0.608002,-0.001104
99.800003,0.400000,-0.500000,0.692168,-0.608002,-0.001104
99.800003,0.400000,-0.500000,0.692238,-0.608088,-0.001101
99.800003,0.400000,-0.500000,0.692322,-0.608182,-0.001098
99.800003,0.400000,-0.500000,0.692418,-0.608276,-0.001099
99.800003,0.400000,-0.500000,0.692418,-0.608276,-0.001099
99.800003,0.400000,-0.500000,0.692551,-0.608394,-0.001122
99.800003,0.400000,-0.500000,0.692665,-0.608494,-0.001145
99.800003,0.400000,-0.500000,0.692665,-0.608494,-0.001145
99.800003,0.400000,-0.500000,0.692792,-0.608594,-0.001174
99.800003,0.400000,-0.500000,0.692929,-0.608689,-0.001191
99.800003,0.400000,-0.500000,0.693064,-0.608774,-0.001193
99.800003,0.400000,-0.500000,0.693064,-0.608774,-0.001193
99.800003,0.400000,-0.500000,0.693197,-0.608853,-0.001199
99.800003,0.400000,-0.500000,0.693197,-0.608853,-0.001199
99.800003,0.400000,-0.500000,0.693197,-0.608853,-0.001199
99.800003,0.400000,-0.500000,0.693497,-0.609013,-0.001194
99.800003,0.400000,-0.500000,0.693626,-0.609080,-0.001176
99.800003,0.400000,-0.500000,0.693753,-0.609145,-0.001164
99.800003,0.400000,-0.500000,0.693753,-0.609145,-0.001164
99.800003,0.400000,-0.500000,0.693874,-0.609201,-0.001155
99.800003,0.400000,-0.500000,0.693874,-0.609201,-0.001155
99.800003,0.400000,-0.500000,0.693990,-0.609248,-0.001153
99.800003,0.400000,-0.500000,0.694104,-0.609293,-0.001149
99.800003,0.400000,-0.500000,0.694240,-0.609341,-0.001153
99.800003,0.400000,-0.500000,0.694240,-0.609341,-0.001153
99.800003,0.400000,-0.500000,0.694345,-0.609376,-0.001158
99.800003,0.400000,-0.500000,0.694442,-0.609402,-0.001157
99.800003,0.400000,-0.500000,0.694442,-0.609402,-0.001157
99.800003,0.400000,-0.500000,0.694539,-0.609417,-0.001154
99.800003,0.400000,-0.500000,0.694627,-0.609417,-0.001144
99.800003,0.400000,-0.500000,0.694704,-0.609412,-0.001123
99.800003,0.400000,-0.500000,0.694704,-0.609412,-0.001123
99.800003,0.400000,-0.500000,0.694802,-0.609391,-0.001083
99.800003,0.400000,-0.500000,0.694855,-0.609370,-0.001058
99.800003,0.400000,-0.500000,0.694931,-0.609325,-0.001005
99.800003,0.400000,-0.500000,0.694931,-0.609325,-0.001005
99.800003,0.400000,-0.500000,0.694983,-0.609291,-0.000954
99.800003,0.400000,-0.500000,0.695026,-0.609257,-0.000908
99.800003,0.400000,-0.500000,0.695064,-0.609225,-0.000874
99.800003,0.400000,-0.500000,0.695100,-0.609186,-0.000829
99.800003,0.400000,-0.500000,0.695100,-0.609186,-0.000829
99.800003,0.400000,-0.500000,0.695118,-0.609158,-0.000796
99.800003,0.400000,-0.500000,0.695121,-0.609136,-0.000779
99.800003,0.400000,-0.500000,0.695109,-0.609109,-0.000746
99.800003,0.400000,-0.500000,0.695088,-0.609082,-0.000698
99.800003,0.400000,-0.500000,0.695088,-0.609082,-0.000698
99.900002,0.400000,-0.500000,0.695069,-0.609062,-0.000658
99.900002,0.400000,-0.500000,0.695046,-0.609047,-0.000620
99.900002,0.400000,-0.500000,0.695029,-0.609039,-0.000587
99.800003,0.400000,-0.500000,0.695018,-0.609039,-0.000562
99.800003,0.400000,-0.500000,0.695006,-0.609046,-0.000535
99.900002,0.400000,-0.500000,0.694989,-0.609056,-0.000514
99.900002,0.400000,-0.500000,0.694989,-0.609056,-0.000514
99.900002,0.400000,-0.500000,0.694969,-0.609077,-0.000510
99.900002,0.400000,-0.500000,0.694950,-0.609099,-0.000518
99.900002,0.400000,-0.500000,0.694916,-0.609130,-0.000535
99.900002,0.400000,-0.500000,0.694916,-0.609130,-0.000535
99.900002,0.400000,-0.500000,0.694875,-0.609167,-0.000554
99.900002,0.400000,-0.500000,0.694875,-0.609167,-0.000554
99.900002,0.400000,-0.500000,0.694835,-0.609213,-0.000583
99.900002,0.400000,-0.500000,0.694783,-0.609283,-0.000614
99.900002,0.400000,-0.500000,0.694750,-0.609338,-0.000641
99.900002,0.400000,-0.500000,0.694750,-0.609338,-0.000641
99.900002,0.400000,-0.500000,0.694730,-0.609388,-0.000671
99.900002,0.400000,-0.500000,0.694708,-0.609431,-0.000705
99.900002,0.400000,-0.500000,0.694695,-0.609465,-0.000742
99.900002,0.400000,-0.500000,0.694689,-0.609499,-0.000781
99.900002,0.400000,-0.500000,0.694689,-0.609499,-0.000781
99.900002,0.400000,-0.500000,0.694689,-0.609520,-0.000829
99.900002,0.400000,-0.500000,0.694689,-0.609520,-0.000829
99.900002,0.400000,-0.500000,0.694708,-0.609537,-0.000946
99.900002,0.400000,-0.500000,0.694708,-0.609537,-0.000946
99.900002,0.400000,-0.500000,0.694722,-0.609530,-0.001005
99.900002,0.400000,-0.500000,0.694738,-0.609525,-0.001060
99.900002,0.400000,-0.500000,0.694748,-0.609522,-0.001113
99.900002,0.400000,-0.500000,0.694757,-0.609518,-0.001161
99.900002,0.400000,-0.500000,0.694757,-0.609518,-0.001161
99.900002,0.400000,-0.500000,0.694769,-0.609511,-0.001212
99.900002,0.400000,-0.500000,0.694777,-0.609506,-0.001259
99.900002,0.400000,-0.500000,0.694778,-0.609496,-0.001323
99.900002,0.400000,-0.500000,0.694774,-0.609487,-0.001378
99.900002,0.400000,-0.500000,0.694758,-0.609477,-0.001433
99.900002,0.400000,-0.500000,0.694734,-0.609469,-0.001487
99.900002,0.400000,-0.500000,0.694734,-0.609469,-0.001487
99.900002,0.400000,-0.500000,0.694713,-0.609463,-0.001537
99.900002,0.400000,-0.500000,0.694678,-0.609459,-0.001600
99.900002,0.400000,-0.500000,0.694657,-0.609459,-0.001638
99.900002,0.400000,-0.500000,0.694622,-0.609468,-0.001694
99.900002,0.400000,-0.500000,0.694594,-0.609477,-0.001729
99.900002,0.400000,-0.500000,0.694571,-0.609494,-0.001746
99.900002,0.400000,-0.500000,0.694571,-0.609494,-0.001746
99.900002,0.400000,-0.500000,0.694547,-0.609515,-0.001745
99.900002,0.400000,-0.500000,0.694518,-0.609528,-0.001740
99.900002,0.400000,-0.500000,0.694492,-0.609536,-0.001722
99.900002,0.400000,-0.500000,0.694492,-0.609536,-0.001722
99.900002,0.400000,-0.500000,0.694465,-0.609541,-0.001690
99.900002,0.400000,-0.500000,0.694424,-0.609547,-0.001654
99.900002,0.400000,-0.500000,0.694360,-0.609562,-0.001627
99.900002,0.400000,-0.500000,0.694360,-0.609562,-0.001627
99.900002,0.400000,-0.500000,0.694307,-0.609583,-0.001608
99.900002,0.400000,-0.500000,0.694245,-0.609605,-0.001589
99.900002,0.400000,-0.500000,0.694245,-0.609605,-0.001589
99.900002,0.400000,-0.500000,0.694166,-0.609630,-0.001571
99.900002,0.400000,-0.500000,0.694081,-0.609661,-0.001553
99.900002,0.400000,-0.500000,0.693994,-0.609697,-0.001528
99.900002,0.400000,-0.500000,0.693994,-0.609697,-0.001528
99.900002,0.400000,-0.500000,0.693873,-0.609752,-0.001499
99.900002,0.400000,-0.500000,0.693765,-0.609809,-0.001478
99.900002,0.400000,-0.500000,0.693656,-0.609868,-0.001464
99.900002,0.400000,-0.500000,0.693656,-0.609868,-0.001464
99.900002,0.400000,-0.500000,0.693535,-0.609928,-0.001452
99.900002,0.400000,-0.500000,0.693402,-0.609984,-0.001443
99.900002,0.400000,-0.500000,0.693261,-0.610040,-0.001437
99.900002,0.400000,-0.500000,0.693261,-0.610040,-0.001437
99.900002,0.400000,-0.500000,0.693116,-0.610099,-0.001445
99.900002,0.400000,-0.500000,0.693116,-0.610099,-0.001445
99.900002,0.400000,-0.600000,0.692938,-0.610174,-0.001452
99.900002,0.400000,-0.600000,0.692795,-0.610240,-0.001456
99.900002,0.400000,-0.600000,0.692652,-0.610315,-0.001460
99.900002,0.400000,-0.600000,0.692502,-0.610393,-0.001456
99.900002,0.400000,-0.600000,0.692502,-0.610393,-0.001456
99.900002,0.400000,-0.600000,0.692353,-0.610465,-0.001446
99.900002,0.400000,-0.600000,0.692203,-0.610546,-0.001430
99.900002,0.400000,-0.600000,0.692057,-0.610629,-0.001414
99.900002,0.400000,-0.600000,0.692057,-0.610629,-0.001414
99.900002,0.400000,-0.600000,0.691884,-0.610731,-0.001382
99.900002,0.400000,-0.600000,0.691748,-0.610809,-0.001369
99.900002,0.400000,-0.600000,0.691612,-0.610879,-0.001364
99.900002,0.400000,-0.500000,0.691478,-0.610945,-0.001364
99.900002,0.400000,-0.500000,0.691478,-0.610945,-0.001364
99.900002,0.400000,-0.600000,0.691345,-0.611009,-0.001361
99.900002,0.400000,-0.500000,0.691209,-0.611070,-0.001361
99.900002,0.400000,-0.500000,0.691209,-0.611070,-0.001361
99.900002,0.400000,-0.500000,0.691054,-0.611138,-0.001369
99.900002,0.400000,-0.500000,0.690920,-0.611196,-0.001388
99.900002,0.400000,-0.500000,0.690792,-0.611251,-0.001399
99.900002,0.400000,-0.500000,0.690792,-0.611251,-0.001399
99.900002,0.400000,-0.500000,0.690662,-0.611307,-0.001404
99.900002,0.400000,-0.500000,0.690525,-0.611361,-0.001394
99.900002,0.400000,-0.500000,0.690358,-0.611428,-0.001367
99.900002,0.400000,-0.500000,0.690358,-0.611428,-0.001367
99.900002,0.400000,-0.500000,0.690224,-0.611476,-0.001356
99.900002,0.400000,-0.500000,0.690101,-0.611531,-0.001352
99.900002,0.400000,-0.500000,0.689979,-0.611589,-0.001355
99.900002,0.400000,-0.500000,0.689979,-0.611589,-0.001355
99.900002,0.400000,-0.500000,0.689867,-0.611652,-0.001361
99.900002,0.400000,-0.500000,0.689758,-0.611732,-0.001364
99.900002,0.400000,-0.500000,0.689628,-0.611849,-0.001374
99.900002,0.400000,-0.500000,0.689628,-0.611849,-0.001374
99.900002,0.400000,-0.500000,0.689523,-0.611951,-0.001378
99.900002,0.400000,-0.500000,0.689424,-0.612050,-0.001384
99.900002,0.400000,-0.500000,0.689331,-0.612141,-0.001399
99.900002,0.400000,-0.500000,0.689331,-0.612141,-0.001399
99.900002,0.400000,-0.500000,0.689226,-0.612224,-0.001418
99.900002,0.400000,-0.500000,0.689226,-0.612224,-0.001418
99.900002,0.400000,-0.500000,0.689226,-0.612224,-0.001418
99.900002,0.400000,-0.500000,0.689029,-0.612337,-0.001487
99.900002,0.400000,-0.500000,0.688968,-0.612362,-0.001509
99.900002,0.400000,-0.500000,0.688968,-0.612362,-0.001509
99.900002,0.400000,-0.500000,0.688923,-0.612370,-0.001515
99.900002,0.400000,-0.500000,0.688880,-0.612360,-0.001510
99.900002,0.400000,-0.500000,0.688847,-0.612332,-0.001497
99.900002,0.400000,-0.500000,0.688847,-0.612332,-0.001497
99.900002,0.400000,-0.500000,0.688847,-0.612332,-0.001497
99.900002,0.400000,-0.500000,0.688847,-0.612332,-0.001497
99.900002,0.400000,-0.500000,0.688847,-0.612332,-0.001497
99.900002,0.400000,-0.500000,0.688847,-0.612332,-0.001497
99.900002,0.400000,-0.500000,0.688847,-0.612332,-0.001497
99.900002,0.400000,-0.500000,0.688847,-0.612332,-0.001497
99.900002,0.400000,-0.500000,0.688847,-0.612332,-0.001497
99.900002,0.400000,-0.500000,0.688847,-0.612332,-0.001497
99.900002,0.400000,-0.500000,0.688847,-0.612332,-0.001497
99.900002,0.400000,-0.500000,0.688847,-0.612332,-0.001497
99.900002,0.400000,-0.500000,0.688847,-0.612332,-0.001497
99.900002,0.400000,-0.500000,0.688847,-0.612332,-0.001497
99.900002,0.400000,-0.500000,0.688847,-0.612332,-0.001497
99.900002,0.400000,-0.500000,0.688847,-0.612332,-0.001497
99.900002,0.400000,-0.500000,0.688847,-0.612332,-0.001497
99.900002,0.400000,-0.500000,0.688847,-0.612332,-0.001497
99.900002,0.400000,-0.500000,0.688847,-0.612332,-0.001497
99.900002,0.400000,-0.500000,0.688847,-0.612332,-0.001497
99.900002,0.400000,-0.500000,0.688847,-0.612332,-0.001497
99.900002,0.400000,-0.500000,0.688767,-0.611745,-0.001312
99.900002,0.400000,-0.500000,0.688928,-0.611189,-0.001251
99.900002,0.400000,-0.500000,0.689316,-0.610435,-0.001339
99.900002,0.400000,-0.500000,0.689413,-0.610285,-0.001359
99.900002,0.400000,-0.500000,0.689518,-0.610135,-0.001370
99.900002,0.400000,-0.500000,0.689518,-0.610135,-0.001370
99.900002,0.400000,-0.500000,0.689518,-0.610135,-0.001370
99.900002,0.400000,-0.500000,0.689788,-0.609835,-0.001407
99.900002,0.400000,-0.500000,0.689788,-0.609835,-0.001407
99.900002,0.400000,-0.500000,0.689918,-0.609699,-0.001430
99.900002,0.400000,-0.500000,0.689918,-0.609699,-0.001430
99.900002,0.400000,-0.500000,0.689918,-0.609699,-0.001430
99.900002,0.400000,-0.500000,0.689918,-0.609699,-0.001430
99.900002,0.400000,-0.500000,0.689918,-0.609699,-0.001430
99.900002,0.400000,-0.500000,0.690337,-0.609303,-0.001515
99.900002,0.400000,-0.500000,0.690525,-0.609165,-0.001554
99.900002,0.400000,-0.500000,0.690679,-0.609062,-0.001589
99.900002,0.400000,-0.500000,0.690679,-0.609062,-0.001589
99.900002,0.400000,-0.500000,0.690679,-0.609062,-0.001589
99.900002,0.400000,-0.500000,0.690843,-0.608964,-0.001618
99.900002,0.400000,-0.500000,0.691013,-0.608878,-0.001637
99.900002,0.400000,-0.500000,0.691367,-0.608746,-0.001683
99.900002,0.400000,-0.500000,0.691367,-0.608746,-0.001683
99.900002,0.400000,-0.500000,0.691604,-0.608691,-0.001734
99.900002,0.400000,-0.500000,0.691749,-0.608668,-0.001778
99.900002,0.400000,-0.500000,0.691995,-0.608660,-0.001875
99.900002,0.400000,-0.500000,0.691995,-0.608660,-0.001875
99.900002,0.400000,-0.500000,0.692194,-0.608677,-0.001955
99.900002,0.400000,-0.500000,0.692392,-0.608703,-0.002041
99.900002,0.400000,-0.500000,0.692589,-0.608741,-0.002126
99.900002,0.400000,-0.500000,0.692589,-0.608741,-0.002126
99.900002,0.400000,-0.500000,0.692792,-0.608788,-0.002196
99.900002,0.400000,-0.500000,0.693042,-0.608864,-0.002280
99.900002,0.400000,-0.500000,0.693246,-0.608930,-0.002336
99.900002,0.400000,-0.500000,0.693450,-0.608999,-0.002384
99.900002,0.400000,-0.500000,0.693450,-0.608999,-0.002384
99.900002,0.400000,-0.500000,0.693648,-0.609074,-0.002427
99.900002,0.400000,-0.500000,0.693832,-0.609159,-0.002460
99.900002,0.400000,-0.500000,0.693832,-0.609159,-0.002460
99.900002,0.400000,-0.500000,0.694002,-0.609246,-0.002481
99.900002,0.400000,-0.500000,0.694156,-0.609344,-0.002480
99.900002,0.400000,-0.500000,0.694291,-0.609447,-0.002464
99.900002,0.400000,-0.500000,0.694454,-0.609580,-0.002444
99.900002,0.400000,-0.500000,0.694454,-0.609580,-0.002444
99.900002,0.400000,-0.500000,0.694568,-0.609694,-0.002411
99.900002,0.400000,-0.500000,0.694679,-0.609814,-0.002371
99.900002,0.400000,-0.500000,0.694783,-0.609936,-0.002337
99.900002,0.400000,-0.500000,0.694783,-0.609936,-0.002337
99.900002,0.400000,-0.500000,0.694783,-0.609936,-0.002337
99.900002,0.400000,-0.500000,0.694957,-0.610192,-0.002253
99.900002,0.400000,-0.500000,0.694957,-0.610192,-0.002253
99.900002,0.400000,-0.500000,0.695083,-0.610486,-0.002155
99.900002,0.400000,-0.500000,0.695117,-0.610615,-0.002123
99.900002,0.400000,-0.500000,0.695117,-0.610615,-0.002123
99.900002,0.400000,-0.500000,0.695141,-0.610744,-0.002085
99.900002,0.400000,-0.500000,0.695156,-0.610868,-0.002040
99.900002,0.400000,-0.500000,0.695159,-0.610992,-0.001995
99.900002,0.400000,-0.500000,0.695159,-0.610992,-0.001995
99.900002,0.400000,-0.500000,0.695158,-0.611127,-0.001959
99.900002,0.400000,-0.500000,0.695157,-0.611227,-0.001934
99.900002,0.400000,-0.500000,0.695157,-0.611227,-0.001934
99.900002,0.400000,-0.500000,0.695154,-0.611326,-0.001913
99.900002,0.400000,-0.500000,0.695154,-0.611326,-0.001913
99.900002,0.400000,-0.500000,0.695154,-0.611326,-0.001913
99.900002,0.400000,-0.500000,0.695160,-0.611490,-0.001859
99.900002,0.400000,-0.500000,0.695168,-0.611559,-0.001821
99.900002,0.400000,-0.500000,0.695176,-0.611627,-0.001793
99.900002,0.400000,-0.500000,0.695185,-0.611689,-0.001767
99.900002,0.400000,-0.500000,0.695214,-0.611765,-0.001740
99.900002,0.400000,-0.500000,0.695214,-0.611765,-0.001740
99.900002,0.400000,-0.500000,0.695236,-0.611834,-0.001722
99.900002,0.400000,-0.500000,0.695267,-0.611901,-0.001703
99.900002,0.400000,-0.500000,0.695317,-0.611972,-0.001680
99.900002,0.400000,-0.500000,0.695317,-0.611972,-0.001680
99.900002,0.400000,-0.500000,0.695371,-0.612067,-0.001653
99.900002,0.400000,-0.500000,0.695400,-0.612131,-0.001636
99.900002,0.400000,-0.500000,0.695445,-0.612221,-0.001603
99.900002,0.400000,-0.500000,0.695489,-0.612290,-0.001580
99.900002,0.400000,-0.500000,0.695489,-0.612290,-0.001580
99.900002,0.400000,-0.500000,0.695529,-0.612360,-0.001559
99.900002,0.400000,-0.500000,0.695575,-0.612451,-0.001532
99.900002,0.400000,-0.500000,0.695608,-0.612523,-0.001508
99.900002,0.400000,-0.500000,0.695640,-0.612594,-0.001487
99.900002,0.400000,-0.500000,0.695640,-0.612594,-0.001487
99.900002,0.400000,-0.500000,0.695669,-0.612660,-0.001474
99.900002,0.400000,-0.500000,0.695696,-0.612730,-0.001455
99.900002,0.400000,-0.500000,0.695735,-0.612804,-0.001437
99.900002,0.400000,-0.500000,0.695735,-0.612804,-0.001437
99.900002,0.400000,-0.500000,0.695782,-0.612884,-0.001422
99.900002,0.400000,-0.500000,0.695849,-0.612985,-0.001403
99.900002,0.400000,-0.500000,0.695903,-0.613065,-0.001400
99.900002,0.400000,-0.500000,0.695903,-0.613065,-0.001400
99.900002,0.400000,-0.500000,0.695958,-0.613142,-0.001404
99.900002,0.400000,-0.500000,0.696012,-0.613214,-0.001413
99.900002,0.400000,-0.500000,0.696012,-0.613214,-0.001413
99.900002,0.400000,-0.500000,0.696072,-0.613303,-0.001434
99.900002,0.400000,-0.500000,0.696107,-0.613352,-0.001447
99.900002,0.400000,-0.500000,0.696172,-0.613439,-0.001479
99.900002,0.400000,-0.500000,0.696172,-0.613439,-0.001479
99.900002,0.400000,-0.500000,0.696224,-0.613503,-0.001509
99.900002,0.400000,-0.500000,0.696224,-0.613503,-0.001509
99.900002,0.400000,-0.500000,0.696224,-0.613503,-0.001509
99.900002,0.400000,-0.500000,0.696332,-0.613627,-0.001569
99.900002,0.400000,-0.500000,0.696383,-0.613688,-0.001590
99.900002,0.400000,-0.500000,0.696429,-0.613753,-0.001603
99.900002,0.400000,-0.500000,0.696484,-0.613825,-0.001620
99.900002,0.400000,-0.500000,0.696484,-0.613825,-0.001620
99.900002,0.400000,-0.500000,0.696543,-0.613917,-0.001628
99.900002,0.400000,-0.500000,0.696570,-0.613983,-0.001635
99.900002,0.400000,-0.500000,0.696570,-0.613983,-0.001635
99.900002,0.400000,-0.500000,0.696603,-0.614063,-0.001645
99.900002,0.400000,-0.500000,0.696656,-0.614162,-0.001648
99.900002,0.400000,-0.500000,0.696694,-0.614246,-0.001653
99.900002,0.400000,-0.500000,0.696694,-0.614246,-0.001653
99.900002,0.400000,-0.500000,0.696724,-0.614338,-0.001666
99.900002,0.400000,-0.500000,0.696743,-0.614429,-0.001686
99.900002,0.400000,-0.500000,0.696756,-0.614525,-0.001720
99.900002,0.400000,-0.500000,0.696756,-0.614525,-0.001720
99.900002,0.400000,-0.500000,0.696767,-0.614654,-0.001755
99.900002,0.400000,-0.500000,0.696765,-0.614762,-0.001770
99.900002,0.400000,-0.500000,0.696765,-0.614762,-0.001770
99.900002,0.400000,-0.500000,0.696757,-0.614851,-0.001774
99.900002,0.400000,-0.500000,0.696757,-0.614851,-0.001774
99.900002,0.400000,-0.500000,0.696737,-0.614930,-0.001781
99.900002,0.400000,-0.500000,0.696707,-0.614995,-0.001786
99.900002,0.400000,-0.500000,0.696667,-0.615047,-0.001795
99.900002,0.400000,-0.500000,0.696624,-0.615102,-0.001807
99.900002,0.400000,-0.500000,0.696624,-0.615102,-0.001807
99.900002,0.400000,-0.500000,0.696572,-0.615145,-0.001817
99.900002,0.400000,-0.500000,0.696490,-0.615185,-0.001835
99.900002,0.400000,-0.500000,0.696420,-0.615204,-0.001849
99.900002,0.400000,-0.500000,0.696420,-0.615204,-0.001849
99.900002,0.400000,-0.500000,0.696347,-0.615210,-0.001859
99.900002,0.400000,-0.500000,0.696270,-0.615208,-0.001875
99.900002,0.400000,-0.500000,0.696184,-0.615194,-0.001893
99.900002,0.400000,-0.500000,0.696184,-0.615194,-0.001893
99.900002,0.400000,-0.500000,0.696063,-0.615148,-0.001909
99.900002,0.400000,-0.500000,0.695984,-0.615115,-0.001917
99.900002,0.400000,-0.500000,0.695844,-0.615050,-0.001926
99.900002,0.400000,-0.500000,0.695844,-0.615050,-0.001926
99.900002,0.400000,-0.500000,0.695717,-0.614990,-0.001920
99.900002,0.400000,-0.500000,0.695582,-0.614928,-0.001913
99.900002,0.400000,-0.500000,0.695582,-0.614928,-0.001913
99.900002,0.400000,-0.500000,0.695582,-0.614928,-0.001913
99.900002,0.400000,-0.500000,0.695307,-0.614783,-0.001885
99.900002,0.400000,-0.500000,0.695307,-0.614783,-0.001885
99.900002,0.400000,-0.500000,0.695138,-0.614676,-0.001861
99.900002,0.400000,-0.500000,0.695002,-0.614582,-0.001840
99.900002,0.400000,-0.500000,0.695002,-0.614582,-0.001840
99.900002,0.400000,-0.500000,0.695002,-0.614582,-0.001840
99.900002,0.400000,-0.500000,0.695002,-0.614582,-0.001840
99.900002,0.400000,-0.500000,0.695002,-0.614582,-0.001840
99.900002,0.400000,-0.500000,0.694620,-0.614248,-0.001741
99.900002,0.400000,-0.500000,0.694497,-0.614139,-0.001693
99.900002,0.400000,-0.500000,0.694376,-0.614027,-0.001645
99.900002,0.400000,-0.500000,0.694257,-0.613911,-0.001596
99.900002,0.400000,-0.500000,0.694257,-0.613911,-0.001596
99.900002,0.400000,-0.500000,0.694114,-0.613767,-0.001536
99.900002,0.400000,-0.500000,0.694013,-0.613649,-0.001492
99.900002,0.400000,-0.500000,0.694013,-0.613649,-0.001492
99.900002,0.400000,-0.500000,0.693921,-0.613537,-0.001452
99.900002,0.400000,-0.500000,0.693828,-0.613426,-0.001418
99.900002,0.400000,-0.500000,0.693722,-0.613278,-0.001386
99.900002,0.400000,-0.500000,0.693639,-0.613169,-0.001369
99.900002,0.400000,-0.500000,0.693639,-0.613169,-0.001369
99.900002,0.400000,-0.500000,0.693568,-0.613069,-0.001351
99.900002,0.400000,-0.500000,0.693505,-0.612974,-0.001319
99.900002,0.400000,-0.500000,0.693450,-0.612880,-0.001281
99.900002,0.400000,-0.500000,0.693380,-0.612776,-0.001244
99.900002,0.400000,-0.500000,0.693380,-0.612776,-0.001244
99.900002,0.400000,-0.500000,0.693330,-0.612712,-0.001227
99.900002,0.400000,-0.500000,0.693282,-0.612653,-0.001204
99.900002,0.400000,-0.500000,0.693233,-0.612598,-0.001179
99.900002,0.400000,-0.500000,0.693233,-0.612598,-0.001179
99.900002,0.400000,-0.500000,0.693187,-0.612536,-0.001164
99.900002,0.400000,-0.500000,0.693139,-0.612469,-0.001149
99.900002,0.400000,-0.500000,0.693082,-0.612377,-0.001142
99.900002,0.400000,-0.500000,0.693037,-0.612299,-0.001130
99.900002,0.400000,-0.500000,0.693037,-0.612299,-0.001130
99.900002,0.400000,-0.500000,0.692985,-0.612222,-0.001125
99.900002,0.400000,-0.500000,0.692937,-0.612133,-0.001128
99.900002,0.400000,-0.500000,0.692902,-0.612038,-0.001124
99.900002,0.400000,-0.500000,0.692902,-0.612038,-0.001124
99.900002,0.400000,-0.500000,0.692885,-0.611937,-0.001123
99.900002,0.400000,-0.500000,0.692879,-0.611836,-0.001127
99.900002,0.400000,-0.500000,0.692865,-0.611721,-0.001147
99.900002,0.400000,-0.500000,0.692865,-0.611721,-0.001147
99.900002,0.400000,-0.500000,0.692865,-0.611721,-0.001147
99.900002,0.400000,-0.500000,0.692865,-0.611721,-0.001147
99.900002,0.400000,-0.500000,0.692865,-0.611721,-0.001147
99.900002,0.400000,-0.500000,0.692865,-0.611721,-0.001147
99.900002,0.400000,-0.500000,0.692905,-0.611352,-0.001255
99.900002,0.400000,-0.500000,0.692924,-0.611264,-0.001276
99.900002,0.400000,-0.500000,0.692955,-0.611162,-0.001297
99.900002,0.400000,-0.500000,0.692989,-0.611090,-0.001317
99.900002,0.400000,-0.500000,0.693028,-0.611023,-0.001325
99.900002,0.400000,-0.500000,0.693028,-0.611023,-0.001325
99.900002,0.400000,-0.500000,0.693069,-0.610964,-0.001321
99.900002,0.400000,-0.500000,0.693111,-0.610913,-0.001298
99.900002,0.400000,-0.500000,0.693164,-0.610865,-0.001262
99.900002,0.400000,-0.500000,0.693231,-0.610799,-0.001206
99.900002,0.400000,-0.500000,0.693289,-0.610752,-0.001157
99.900002,0.400000,-0.500000,0.693347,-0.610703,-0.001106
99.900002,0.400000,-0.500000,0.693412,-0.610656,-0.001055
99.900002,0.400000,-0.500000,0.693502,-0.610595,-0.000983
99.900002,0.400000,-0.500000,0.693578,-0.610548,-0.000934
99.900002,0.400000,-0.500000,0.693578,-0.610548,-0.000934
99.900002,0.400000,-0.500000,0.693651,-0.610505,-0.000889
99.900002,0.400000,-0.500000,0.693825,-0.610441,-0.000775
99.900002,0.400000,-0.500000,0.693913,-0.610414,-0.000716
99.900002,0.400000,-0.500000,0.693913,-0.610414,-0.000716
99.900002,0.400000,-0.500000,0.694016,-0.610397,-0.000642
99.900002,0.400000,-0.500000,0.694078,-0.610393,-0.000599
99.900002,0.400000,-0.500000,0.694172,-0.610395,-0.000526
99.900002,0.400000,-0.500000,0.694243,-0.610412,-0.000465
99.900002,0.400000,-0.500000,0.694312,-0.610437,-0.000417
99.900002,0.400000,-0.500000,0.694375,-0.610471,-0.000366
99.900002,0.400000,-0.500000,0.694443,-0.610523,-0.000311
99.900002,0.400000,-0.500000,0.694481,-0.610565,-0.000266
99.900002,0.400000,-0.500000,0.694481,-0.610565,-0.000266
99.900002,0.400000,-0.500000,0.694507,-0.610609,-0.000215
99.900002,0.400000,-0.500000,0.694532,-0.610705,-0.000098
99.900002,0.400000,-0.500000,0.694540,-0.610753,-0.000038
99.900002,0.400000,-0.500000,0.694540,-0.610753,-0.000038
99.900002,0.400000,-0.500000,0.694538,-0.610793,0.000036
99.900002,0.400000,-0.500000,0.694531,-0.610842,0.000140
99.900002,0.400000,-0.500000,0.694517,-0.610868,0.000218
99.900002,0.400000,-0.500000,0.694500,-0.610888,0.000287
99.900002,0.400000,-0.500000,0.694482,-0.610899,0.000350
99.900002,0.400000,-0.500000,0.694482,-0.610899,0.000350
99.900002,0.400000,-0.500000,0.694470,-0.610919,0.000464
99.900002,0.400000,-0.500000,0.694470,-0.610919,0.000464
99.900002,0.400000,-0.500000,0.694469,-0.610939,0.000530
99.900002,0.400000,-0.500000,0.694468,-0.610956,0.000574
99.900002,0.400000,-0.500000,0.694461,-0.610974,0.000617
99.900002,0.400000,-0.500000,0.694449,-0.610990,0.000651
99.900002,0.400000,-0.500000,0.694443,-0.610996,0.000690
99.900002,0.400000,-0.500000,0.694448,-0.610991,0.000724
99.900002,0.400000,-0.500000,0.694454,-0.610984,0.000740
99.900002,0.400000,-0.500000,0.694458,-0.610972,0.000756
99.900002,0.400000,-0.500000,0.694447,-0.610965,0.000754
99.900002,0.400000,-0.500000,0.694447,-0.610965,0.000754
99.900002,0.400000,-0.500000,0.694423,-0.610968,0.000741
99.900002,0.400000,-0.500000,0.694392,-0.610969,0.000731
99.900002,0.400000,-0.500000,0.694359,-0.610967,0.000721
99.900002,0.400000,-0.500000,0.694317,-0.610959,0.000702
99.900002,0.400000,-0.500000,0.694262,-0.610937,0.000670
99.900002,0.400000,-0.500000,0.694231,-0.610918,0.000647
99.900002,0.400000,-0.500000,0.694179,-0.610889,0.000614
99.900002,0.400000,-0.500000,0.694142,-0.610872,0.000587
99.900002,0.400000,-0.500000,0.694142,-0.610872,0.000587
99.900002,0.400000,-0.500000,0.694101,-0.610850,0.000556
99.900002,0.400000,-0.500000,0.694053,-0.610823,0.000517
99.900002,0.400000,-0.500000,0.694003,-0.610793,0.000473
99.900002,0.400000,-0.500000,0.693933,-0.610745,0.000415
99.900002,0.400000,-0.500000,0.693888,-0.610724,0.000378
99.900002,0.400000,-0.500000,0.693815,-0.610700,0.000305
99.900002,0.400000,-0.500000,0.693760,-0.610686,0.000250
99.900002,0.400000,-0.500000,0.693711,-0.610684,0.000192
99.900002,0.400000,-0.500000,0.693658,-0.610692,0.000127
99.900002,0.400000,-0.500000,0.693621,-0.610695,0.000083
99.900002,0.400000,-0.500000,0.693566,-0.610711,0.000004
99.900002,0.400000,-0.500000,0.693534,-0.610731,-0.000039
99.900002,0.400000,-0.500000,0.693499,-0.610760,-0.000103
99.900002,0.400000,-0.500000,0.693476,-0.610792,-0.000155
99.900002,0.400000,-0.500000,0.693466,-0.610829,-0.000212
99.900002,0.400000,-0.500000,0.693462,-0.610870,-0.000274
99.900002,0.400000,-0.500000,0.693464,-0.610918,-0.000339
99.900002,0.400000,-0.500000,0.693461,-0.610965,-0.000396
99.900002,0.400000,-0.500000,0.693456,-0.611013,-0.000445
99.900002,0.400000,-0.500000,0.693427,-0.611117,-0.000534
99.900002,0.400000,-0.500000,0.693416,-0.611167,-0.000563
99.900002,0.400000,-0.500000,0.693413,-0.611223,-0.000588
99.900002,0.400000,-0.500000,0.693416,-0.611276,-0.000611
99.900002,0.400000,-0.500000,0.693423,-0.611386,-0.000677
99.900002,0.400000,-0.500000,0.693431,-0.611435,-0.000694
99.900002,0.400000,-0.500000,0.693445,-0.611493,-0.000701
99.900002,0.400000,-0.500000,0.693453,-0.611554,-0.000702
99.900002,0.400000,-0.500000,0.693460,-0.611672,-0.000661
99.900002,0.400000,-0.500000,0.693451,-0.611735,-0.000624
99.900002,0.400000,-0.500000,0.693451,-0.611735,-0.000624
99.900002,0.400000,-0.500000,0.693430,-0.611816,-0.000583
99.900002,0.400000,-0.500000,0.693412,-0.611873,-0.000554
99.900002,0.400000,-0.500000,0.693401,-0.611923,-0.000521
99.900002,0.400000,-0.500000,0.693391,-0.611978,-0.000485
99.900002,0.400000,-0.500000,0.693375,-0.612025,-0.000451
99.900002,0.400000,-0.500000,0.693340,-0.612141,-0.000373
99.900002,0.400000,-0.500000,0.693308,-0.612220,-0.000312
99.900002,0.400000,-0.500000,0.693280,-0.612296,-0.000256
99.900002,0.400000,-0.500000,0.693247,-0.612378,-0.000193
99.900002,0.400000,-0.500000,0.693247,-0.612378,-0.000193
99.900002,0.400000,-0.500000,0.693202,-0.612476,-0.000110
99.900002,0.400000,-0.500000,0.693167,-0.612564,-0.000040
99.900002,0.400000,-0.500000,0.693132,-0.612657,0.000021
99.900002,0.400000,-0.500000,0.693095,-0.612746,0.000085
99.900002,0.400000,-0.500000,0.693065,-0.612833,0.000149
99.900002,0.400000,-0.500000,0.693065,-0.612833,0.000149
99.900002,0.400000,-0.500000,0.693037,-0.612919,0.000225
99.900002,0.400000,-0.500000,0.693012,-0.613017,0.000321
99.900002,0.400000,-0.500000,0.692995,-0.613096,0.000397
99.900002,0.400000,-0.500000,0.692976,-0.613182,0.000470
99.900002,0.400000,-0.500000,0.692953,-0.613266,0.000538
